[2017-12-22 14:27:51.471][debug][command:null][tid:354][com.facebook.buck.cli.Main] Starting up (build date 2017-11-17 08:34:27 +0800, rev v2017.11.16.01), args: [test, :app]
[2017-12-22 14:27:51.481][debug][command:null][tid:354][com.facebook.buck.cli.Main] System properties: {java.vendor=Oracle Corporation, sun.java.launcher=SUN_STANDARD, sun.management.compiler=HotSpot 64-Bit Tiered Compilers, jnidispatch.path=/Users/remirobert/dev/Dog-project/.buckd/tmp/buck_run.On_K6F/jna--36351663/jna6844077100917419115.tmp, os.name=Mac OS X, buck.enable_objc=true, sun.boot.class.path=/Library/Java/JavaVirtualMachines/jdk1.8.0_152.jdk/Contents/Home/jre/lib/resources.jar:/Library/Java/JavaVirtualMachines/jdk1.8.0_152.jdk/Contents/Home/jre/lib/rt.jar:/Library/Java/JavaVirtualMachines/jdk1.8.0_152.jdk/Contents/Home/jre/lib/sunrsasign.jar:/Library/Java/JavaVirtualMachines/jdk1.8.0_152.jdk/Contents/Home/jre/lib/jsse.jar:/Library/Java/JavaVirtualMachines/jdk1.8.0_152.jdk/Contents/Home/jre/lib/jce.jar:/Library/Java/JavaVirtualMachines/jdk1.8.0_152.jdk/Contents/Home/jre/lib/charsets.jar:/Library/Java/JavaVirtualMachines/jdk1.8.0_152.jdk/Contents/Home/jre/lib/jfr.jar:/Library/Java/JavaVirtualMachines/jdk1.8.0_152.jdk/Contents/Home/jre/classes, pf4j.pluginsDir=/Users/remirobert/dev/Dog-project/.buckd/resources/v2017.11.16.01/buck-modules, buck.resource_lock_path=/Users/remirobert/dev/Dog-project/.buckd/resources/v2017.11.16.01/.buck_lock, java.vm.specification.vendor=Oracle Corporation, java.runtime.version=1.8.0_152-b16, jna.loaded=true, buck.testrunner_classes=/Users/remirobert/dev/Dog-project/.buckd/resources/v2017.11.16.01/testrunner_classes, buck.logging_config_file=/Users/remirobert/dev/Dog-project/.buckd/resources/v2017.11.16.01/logging_config_file, buck.path_to_sh_binary_template=/Users/remirobert/dev/Dog-project/.buckd/resources/v2017.11.16.01/path_to_sh_binary_template, user.name=remirobert, socksProxyHost=127.0.0.1, buck.path_to_pywatchman=/Users/remirobert/dev/Dog-project/.buckd/resources/v2017.11.16.01/path_to_pywatchman, buck.report_generator_jar=/Users/remirobert/dev/Dog-project/.buckd/resources/v2017.11.16.01/report_generator_jar, buck.git_commit=v2017.11.16.01, user.language=en, sun.boot.library.path=/Library/Java/JavaVirtualMachines/jdk1.8.0_152.jdk/Contents/Home/jre/lib, java.version=1.8.0_152, user.timezone=Asia/Shanghai, buck.test_util_no_tests_dir=true, sun.arch.data.model=64, http.nonProxyHosts=127.0.0.1|localhost|*.localhost|192.168.0.0/16|*.192.168.0.0/16|10.0.0.0/8|*.10.0.0.0/8, java.endorsed.dirs=/Library/Java/JavaVirtualMachines/jdk1.8.0_152.jdk/Contents/Home/jre/lib/endorsed, sun.cpu.isalist=, sun.jnu.encoding=UTF-8, file.encoding.pkg=sun.io, file.separator=/, java.specification.name=Java Platform API Specification, buck.jacoco_agent_jar=/Users/remirobert/dev/Dog-project/.buckd/resources/v2017.11.16.01/jacoco_agent_jar, java.class.version=52.0, user.country=FR, buck.binary_hash=63c9781095d8ee3e98baa3f5efe2d99c, java.home=/Library/Java/JavaVirtualMachines/jdk1.8.0_152.jdk/Contents/Home/jre, buck.fix_script=/Users/remirobert/dev/Dog-project/.buckd/resources/v2017.11.16.01/fix_script, java.vm.info=mixed mode, os.version=10.13.2, buck.external_executor_jar=/Users/remirobert/dev/Dog-project/.buckd/resources/v2017.11.16.01/external_executor_jar, buck.version_uid=v2017.11.16.01, org.eclipse.jetty.util.log.class=org.eclipse.jetty.util.log.JavaUtilLog, path.separator=:, java.vm.version=25.152-b16, java.awt.printerjob=sun.lwawt.macosx.CPrinterJob, sun.io.unicode.encoding=UnicodeBig, awt.toolkit=sun.lwawt.macosx.LWCToolkit, buck.buck_build_type_info=/Users/remirobert/dev/Dog-project/.buckd/resources/v2017.11.16.01/buck_build_type_info, socksNonProxyHosts=127.0.0.1|localhost|*.localhost|192.168.0.0/16|*.192.168.0.0/16|10.0.0.0/8|*.10.0.0.0/8, ftp.nonProxyHosts=127.0.0.1|localhost|*.localhost|192.168.0.0/16|*.192.168.0.0/16|10.0.0.0/8|*.10.0.0.0/8, buck.dx=/Users/remirobert/dev/Dog-project/.buckd/resources/v2017.11.16.01/dx, buck.git_commit_timestamp=1510878867, user.home=/Users/remirobert, socksProxyPort=1086, java.specification.vendor=Oracle Corporation, buck.git_dirty=0, java.library.path=/Users/remirobert/dev/Dog-project/.buckd/resources/v2017.11.16.01, java.vendor.url=http://java.oracle.com/, java.vm.vendor=Oracle Corporation, gopherProxySet=false, java.runtime.name=Java(TM) SE Runtime Environment, sun.java.command=com.facebook.buck.cli.bootstrapper.ClassLoaderBootstrapper com.facebook.buck.cli.Main$DaemonBootstrap local:.buckd/sock 120000, java.class.path=/Users/remirobert/dev/Dog-project/.buckd/resources/v2017.11.16.01/bootstrapper_jar, buck.buckd_dir=/Users/remirobert/dev/Dog-project/.buckd, buck.path_to_pathlib_py=/Users/remirobert/dev/Dog-project/.buckd/resources/v2017.11.16.01/pathlib.py, buck.buckd_launch_time_nanos=128610981335429, java.vm.specification.name=Java Virtual Machine Specification, com.martiansoftware.nailgun.NGServer.outputPath=/Users/remirobert/dev/Dog-project/.buckd/tmp/buck_run.On_K6F/ngserver-out, java.vm.specification.version=1.8, sun.cpu.endian=little, buck.path_to_rawmanifest_py=/Users/remirobert/dev/Dog-project/.buckd/resources/v2017.11.16.01/rawmanifest.py, sun.os.patch.level=unknown, java.awt.headless=true, java.io.tmpdir=/Users/remirobert/dev/Dog-project/.buckd/tmp/buck_run.On_K6F, buck.android_agent_path=/Users/remirobert/dev/Dog-project/.buckd/resources/v2017.11.16.01/android_agent_path, java.vendor.url.bug=http://bugreport.sun.com/bugreport/, buck.path_to_python_dsl=, jna.platform.library.path=/usr/lib:/usr/lib, os.arch=x86_64, java.awt.graphicsenv=sun.awt.CGraphicsEnvironment, buck.path_to_pex=/Users/remirobert/dev/Dog-project/.buckd/resources/v2017.11.16.01/path_to_pex, java.ext.dirs=/Users/remirobert/Library/Java/Extensions:/Library/Java/JavaVirtualMachines/jdk1.8.0_152.jdk/Contents/Home/jre/lib/ext:/Library/Java/Extensions:/Network/Library/Java/Extensions:/System/Library/Java/Extensions:/usr/lib/java, java.util.logging.config.class=com.facebook.buck.cli.bootstrapper.LogConfig, user.dir=/Users/remirobert/dev/Dog-project, line.separator=
, java.vm.name=Java HotSpot(TM) 64-Bit Server VM, buck.path_to_typing=/Users/remirobert/dev/Dog-project/.buckd/resources/v2017.11.16.01/path_to_typing, buck.native_exopackage_fake_path=/Users/remirobert/dev/Dog-project/.buckd/resources/v2017.11.16.01/native_exopackage_fake_path, file.encoding=UTF-8, java.specification.version=1.8}
[2017-12-22 14:27:51.482][info ][command:null][tid:354][org.pf4j.DefaultPluginStatusProvider] Enabled plugins: []
[2017-12-22 14:27:51.482][info ][command:null][tid:354][org.pf4j.DefaultPluginStatusProvider] Disabled plugins: []
[2017-12-22 14:27:51.482][info ][command:null][tid:354][org.pf4j.DefaultPluginManager] PF4J version 0.0.0 in 'deployment' mode
[2017-12-22 14:27:51.482][debug][command:null][tid:354][org.pf4j.AbstractPluginManager] Lookup plugins in '/Users/remirobert/dev/Dog-project/.buckd/resources/v2017.11.16.01/buck-modules'
[2017-12-22 14:27:51.483][debug][command:null][tid:354][org.pf4j.AbstractPluginManager] Found 1 possible plugins: [/Users/remirobert/dev/Dog-project/.buckd/resources/v2017.11.16.01/buck-modules/ziprules.jar]
[2017-12-22 14:27:51.483][debug][command:null][tid:354][org.pf4j.AbstractPluginManager] Use 'org.pf4j.CompoundPluginDescriptorFinder@1aad49c7' to find plugins descriptors
[2017-12-22 14:27:51.483][debug][command:null][tid:354][org.pf4j.AbstractPluginManager] Finding plugin descriptor for plugin '/Users/remirobert/dev/Dog-project/.buckd/resources/v2017.11.16.01/buck-modules/ziprules.jar'
[2017-12-22 14:27:51.483][debug][command:null][tid:354][org.pf4j.CompoundPluginDescriptorFinder] 'org.pf4j.ManifestPluginDescriptorFinder@66c1d73' is applicable for plugin '/Users/remirobert/dev/Dog-project/.buckd/resources/v2017.11.16.01/buck-modules/ziprules.jar'
[2017-12-22 14:27:51.485][debug][command:null][tid:354][org.pf4j.AbstractPluginManager] Found descriptor PluginDescriptor [pluginId=com.facebook.buck.zip.ziprules, pluginClass=com.facebook.buck.zip.rules.ZipRulesModuleAdapterPlugin, version=0.0.1, provider=null, dependencies=[], description=, requires=*, license=null]
[2017-12-22 14:27:51.485][debug][command:null][tid:354][org.pf4j.AbstractPluginManager] Class 'com.facebook.buck.zip.rules.ZipRulesModuleAdapterPlugin' for plugin '/Users/remirobert/dev/Dog-project/.buckd/resources/v2017.11.16.01/buck-modules/ziprules.jar'
[2017-12-22 14:27:51.485][debug][command:null][tid:354][org.pf4j.AbstractPluginManager] Loading plugin '/Users/remirobert/dev/Dog-project/.buckd/resources/v2017.11.16.01/buck-modules/ziprules.jar'
[2017-12-22 14:27:51.486][debug][command:null][tid:354][org.pf4j.PluginClassLoader] Add 'file:/Users/remirobert/dev/Dog-project/.buckd/resources/v2017.11.16.01/buck-modules/ziprules.jar'
[2017-12-22 14:27:51.486][debug][command:null][tid:354][org.pf4j.AbstractPluginManager] Loaded plugin '/Users/remirobert/dev/Dog-project/.buckd/resources/v2017.11.16.01/buck-modules/ziprules.jar' with class loader 'org.pf4j.PluginClassLoader@7b09fe06'
[2017-12-22 14:27:51.486][debug][command:null][tid:354][org.pf4j.AbstractPluginManager] Creating wrapper for plugin '/Users/remirobert/dev/Dog-project/.buckd/resources/v2017.11.16.01/buck-modules/ziprules.jar'
[2017-12-22 14:27:51.487][debug][command:null][tid:354][org.pf4j.AbstractPluginManager] Created wrapper 'PluginWrapper [descriptor=PluginDescriptor [pluginId=com.facebook.buck.zip.ziprules, pluginClass=com.facebook.buck.zip.rules.ZipRulesModuleAdapterPlugin, version=0.0.1, provider=null, dependencies=[], description=, requires=*, license=null], pluginPath=/Users/remirobert/dev/Dog-project/.buckd/resources/v2017.11.16.01/buck-modules/ziprules.jar]' for plugin '/Users/remirobert/dev/Dog-project/.buckd/resources/v2017.11.16.01/buck-modules/ziprules.jar'
[2017-12-22 14:27:51.487][debug][command:null][tid:354][org.pf4j.DependencyResolver] Graph: 
   com.facebook.buck.zip.ziprules -> []
[2017-12-22 14:27:51.487][debug][command:null][tid:354][org.pf4j.DependencyResolver] Plugins order: [com.facebook.buck.zip.ziprules]
[2017-12-22 14:27:51.487][info ][command:null][tid:354][org.pf4j.AbstractPluginManager] Plugin 'com.facebook.buck.zip.ziprules@0.0.1' resolved
[2017-12-22 14:27:51.487][info ][command:null][tid:354][org.pf4j.AbstractPluginManager] Start plugin 'com.facebook.buck.zip.ziprules@0.0.1'
[2017-12-22 14:27:51.487][debug][command:null][tid:354][org.pf4j.DefaultExtensionFactory] Create instance for plugin 'com.facebook.buck.zip.rules.ZipRulesModuleAdapterPlugin'
[2017-12-22 14:27:51.490][debug][command:null][tid:354][com.facebook.buck.util.config.Configs] Loading configuration for /Users/remirobert/dev/Dog-project
[2017-12-22 14:27:51.491][debug][command:null][tid:354][com.facebook.buck.util.config.Configs] Loaded a configuration file /Users/remirobert/dev/Dog-project/.buckconfig: {apple={xctool_path=/usr/local/bin/xctool}, cache={mode=dir, dir_max_size=512MB}, cxx={cflags=-std=gnu11, cxxflags=-std=c++14 -stdlib=libc++, default_platform=iphonesimulator-x86_64, combined_preprocess_and_compile=true}, project={ide=xcode, ignore=.git, .hg, .buckd}, swift={version=4.0}}
[2017-12-22 14:27:51.492][debug][command:null][tid:354][com.facebook.buck.util.config.Configs] Adding configuration overrides RawConfig{values={}}
[2017-12-22 14:27:51.494][debug][command:null][tid:354][com.facebook.buck.util.config.Configs] Loading configuration for /Users/remirobert/dev/Dog-project
[2017-12-22 14:27:51.494][debug][command:null][tid:354][com.facebook.buck.util.config.Configs] Loaded a configuration file /Users/remirobert/dev/Dog-project/.buckconfig: {apple={xctool_path=/usr/local/bin/xctool}, cache={mode=dir, dir_max_size=512MB}, cxx={cflags=-std=gnu11, cxxflags=-std=c++14 -stdlib=libc++, default_platform=iphonesimulator-x86_64, combined_preprocess_and_compile=true}, project={ide=xcode, ignore=.git, .hg, .buckd}, swift={version=4.0}}
[2017-12-22 14:27:51.494][debug][command:null][tid:354][com.facebook.buck.util.config.Configs] Adding configuration overrides RawConfig{values={}}
[2017-12-22 14:27:51.517][debug][command:null][tid:354][com.facebook.buck.apple.AppleToolchainDiscovery] Searching for Xcode toolchains under /Applications/Xcode.app/Contents/Developer/Toolchains
[2017-12-22 14:27:51.517][debug][command:null][tid:354][com.facebook.buck.apple.AppleToolchainDiscovery] Searching for Xcode toolchains in /Applications/Xcode.app/Contents/Developer/Toolchains
[2017-12-22 14:27:51.518][debug][command:null][tid:354][com.facebook.buck.apple.AppleToolchainDiscovery] Getting identifier for for Xcode toolchain under /Applications/Xcode.app/Contents/Developer/Toolchains/XcodeDefault.xctoolchain
[2017-12-22 14:27:51.519][debug][command:null][tid:354][com.facebook.buck.apple.AppleToolchainDiscovery] Mapped SDK identifier com.apple.dt.toolchain.XcodeDefault to path /Applications/Xcode.app/Contents/Developer/Toolchains/XcodeDefault.xctoolchain
[2017-12-22 14:27:51.519][debug][command:null][tid:354][com.facebook.buck.apple.AppleSdkDiscovery] Searching for Xcode platforms under /Applications/Xcode.app/Contents/Developer/Platforms
[2017-12-22 14:27:51.519][debug][command:null][tid:354][com.facebook.buck.apple.AppleSdkDiscovery] Searching for Xcode SDKs in /Applications/Xcode.app/Contents/Developer/Platforms
[2017-12-22 14:27:51.520][debug][command:null][tid:354][com.facebook.buck.apple.AppleSdkDiscovery] Fetching SDK name for /Applications/Xcode.app/Contents/Developer/Platforms/AppleTVOS.platform/Developer/SDKs/AppleTVOS11.2.sdk
[2017-12-22 14:27:51.521][debug][command:null][tid:354][com.facebook.buck.apple.AppleSdkDiscovery] Found SDK AppleSdk{name=appletvos11.2, version=11.2, applePlatform=ApplePlatform{name=appletvos, provisioningProfileName=tvOS, architectures=[arm64], minVersionFlagPrefix=-mtvos-version-min=, appIncludesFrameworks=false}, architectures=[arm64], toolchains=[AppleToolchain{identifier=com.apple.dt.toolchain.XcodeDefault, path=/Applications/Xcode.app/Contents/Developer/Toolchains/XcodeDefault.xctoolchain}]}
[2017-12-22 14:27:51.522][debug][command:null][tid:354][com.facebook.buck.apple.AppleSdkDiscovery] Fetching SDK name for /Applications/Xcode.app/Contents/Developer/Platforms/AppleTVOS.platform/Developer/SDKs/AppleTVOS.sdk
[2017-12-22 14:27:51.522][debug][command:null][tid:354][com.facebook.buck.apple.AppleSdkDiscovery] Skipping already scanned SDK directory /Applications/Xcode.app/Contents/Developer/Platforms/AppleTVOS.platform/Developer/SDKs/AppleTVOS.sdk
[2017-12-22 14:27:51.522][debug][command:null][tid:354][com.facebook.buck.apple.AppleSdkDiscovery] Fetching SDK name for /Applications/Xcode.app/Contents/Developer/Platforms/iPhoneOS.platform/Developer/SDKs/iPhoneOS.sdk
[2017-12-22 14:27:51.523][debug][command:null][tid:354][com.facebook.buck.apple.AppleSdkDiscovery] Found SDK AppleSdk{name=iphoneos11.2, version=11.2, applePlatform=ApplePlatform{name=iphoneos, swiftName=ios, provisioningProfileName=iOS, architectures=[armv7, arm64], minVersionFlagPrefix=-mios-version-min=, stubBinaryPath=Library/Application Support/WatchKit/WK, appIncludesFrameworks=false}, architectures=[armv7, arm64], toolchains=[AppleToolchain{identifier=com.apple.dt.toolchain.XcodeDefault, path=/Applications/Xcode.app/Contents/Developer/Toolchains/XcodeDefault.xctoolchain}]}
[2017-12-22 14:27:51.523][debug][command:null][tid:354][com.facebook.buck.apple.AppleSdkDiscovery] Fetching SDK name for /Applications/Xcode.app/Contents/Developer/Platforms/iPhoneOS.platform/Developer/SDKs/iPhoneOS11.2.sdk
[2017-12-22 14:27:51.523][debug][command:null][tid:354][com.facebook.buck.apple.AppleSdkDiscovery] Skipping already scanned SDK directory /Applications/Xcode.app/Contents/Developer/Platforms/iPhoneOS.platform/Developer/SDKs/iPhoneOS.sdk
[2017-12-22 14:27:51.523][debug][command:null][tid:354][com.facebook.buck.apple.AppleSdkDiscovery] Fetching SDK name for /Applications/Xcode.app/Contents/Developer/Platforms/WatchOS.platform/Developer/SDKs/WatchOS4.2.sdk
[2017-12-22 14:27:51.524][debug][command:null][tid:354][com.facebook.buck.apple.AppleSdkDiscovery] Found SDK AppleSdk{name=watchos4.2, version=4.2, applePlatform=ApplePlatform{name=watchos, provisioningProfileName=iOS, architectures=[armv7k], minVersionFlagPrefix=-mwatchos-version-min=, stubBinaryPath=Library/Application Support/WatchKit/WK, appIncludesFrameworks=false}, architectures=[armv7k], toolchains=[AppleToolchain{identifier=com.apple.dt.toolchain.XcodeDefault, path=/Applications/Xcode.app/Contents/Developer/Toolchains/XcodeDefault.xctoolchain}]}
[2017-12-22 14:27:51.524][debug][command:null][tid:354][com.facebook.buck.apple.AppleSdkDiscovery] Fetching SDK name for /Applications/Xcode.app/Contents/Developer/Platforms/WatchOS.platform/Developer/SDKs/WatchOS.sdk
[2017-12-22 14:27:51.524][debug][command:null][tid:354][com.facebook.buck.apple.AppleSdkDiscovery] Skipping already scanned SDK directory /Applications/Xcode.app/Contents/Developer/Platforms/WatchOS.platform/Developer/SDKs/WatchOS.sdk
[2017-12-22 14:27:51.525][debug][command:null][tid:354][com.facebook.buck.apple.AppleSdkDiscovery] Fetching SDK name for /Applications/Xcode.app/Contents/Developer/Platforms/MacOSX.platform/Developer/SDKs/MacOSX10.13.sdk
[2017-12-22 14:27:51.529][debug][command:null][tid:354][com.facebook.buck.apple.AppleSdkDiscovery] Found SDK AppleSdk{name=macosx10.13, version=10.13, applePlatform=ApplePlatform{name=macosx, architectures=[i386, x86_64], minVersionFlagPrefix=-mmacosx-version-min=, appIncludesFrameworks=true}, architectures=[i386, x86_64], toolchains=[AppleToolchain{identifier=com.apple.dt.toolchain.XcodeDefault, path=/Applications/Xcode.app/Contents/Developer/Toolchains/XcodeDefault.xctoolchain}]}
[2017-12-22 14:27:51.529][debug][command:null][tid:354][com.facebook.buck.apple.AppleSdkDiscovery] Fetching SDK name for /Applications/Xcode.app/Contents/Developer/Platforms/MacOSX.platform/Developer/SDKs/MacOSX.sdk
[2017-12-22 14:27:51.529][debug][command:null][tid:354][com.facebook.buck.apple.AppleSdkDiscovery] Skipping already scanned SDK directory /Applications/Xcode.app/Contents/Developer/Platforms/MacOSX.platform/Developer/SDKs/MacOSX.sdk
[2017-12-22 14:27:51.530][debug][command:null][tid:354][com.facebook.buck.apple.AppleSdkDiscovery] Fetching SDK name for /Applications/Xcode.app/Contents/Developer/Platforms/WatchSimulator.platform/Developer/SDKs/WatchSimulator4.2.sdk
[2017-12-22 14:27:51.531][debug][command:null][tid:354][com.facebook.buck.apple.AppleSdkDiscovery] Found SDK AppleSdk{name=watchsimulator4.2, version=4.2, applePlatform=ApplePlatform{name=watchsimulator, architectures=[i386], minVersionFlagPrefix=-mwatchos-simulator-version-min=, stubBinaryPath=Library/Application Support/WatchKit/WK, appIncludesFrameworks=false}, architectures=[i386], toolchains=[AppleToolchain{identifier=com.apple.dt.toolchain.XcodeDefault, path=/Applications/Xcode.app/Contents/Developer/Toolchains/XcodeDefault.xctoolchain}]}
[2017-12-22 14:27:51.531][debug][command:null][tid:354][com.facebook.buck.apple.AppleSdkDiscovery] Fetching SDK name for /Applications/Xcode.app/Contents/Developer/Platforms/WatchSimulator.platform/Developer/SDKs/WatchSimulator.sdk
[2017-12-22 14:27:51.531][debug][command:null][tid:354][com.facebook.buck.apple.AppleSdkDiscovery] Skipping already scanned SDK directory /Applications/Xcode.app/Contents/Developer/Platforms/WatchSimulator.platform/Developer/SDKs/WatchSimulator.sdk
[2017-12-22 14:27:51.532][debug][command:null][tid:354][com.facebook.buck.apple.AppleSdkDiscovery] Fetching SDK name for /Applications/Xcode.app/Contents/Developer/Platforms/AppleTVSimulator.platform/Developer/SDKs/AppleTVSimulator.sdk
[2017-12-22 14:27:51.532][debug][command:null][tid:354][com.facebook.buck.apple.AppleSdkDiscovery] Found SDK AppleSdk{name=appletvsimulator11.2, version=11.2, applePlatform=ApplePlatform{name=appletvsimulator, swiftName=tvos, architectures=[x86_64], minVersionFlagPrefix=-mtvos-simulator-version-min=, appIncludesFrameworks=false}, architectures=[x86_64], toolchains=[AppleToolchain{identifier=com.apple.dt.toolchain.XcodeDefault, path=/Applications/Xcode.app/Contents/Developer/Toolchains/XcodeDefault.xctoolchain}]}
[2017-12-22 14:27:51.533][debug][command:null][tid:354][com.facebook.buck.apple.AppleSdkDiscovery] Fetching SDK name for /Applications/Xcode.app/Contents/Developer/Platforms/AppleTVSimulator.platform/Developer/SDKs/AppleTVSimulator11.2.sdk
[2017-12-22 14:27:51.533][debug][command:null][tid:354][com.facebook.buck.apple.AppleSdkDiscovery] Skipping already scanned SDK directory /Applications/Xcode.app/Contents/Developer/Platforms/AppleTVSimulator.platform/Developer/SDKs/AppleTVSimulator.sdk
[2017-12-22 14:27:51.533][debug][command:null][tid:354][com.facebook.buck.apple.AppleSdkDiscovery] Fetching SDK name for /Applications/Xcode.app/Contents/Developer/Platforms/iPhoneSimulator.platform/Developer/SDKs/iPhoneSimulator.sdk
[2017-12-22 14:27:51.533][debug][command:null][tid:354][com.facebook.buck.apple.AppleSdkDiscovery] Found SDK AppleSdk{name=iphonesimulator11.2, version=11.2, applePlatform=ApplePlatform{name=iphonesimulator, swiftName=ios, architectures=[i386, x86_64], minVersionFlagPrefix=-mios-simulator-version-min=, stubBinaryPath=Library/Application Support/WatchKit/WK, appIncludesFrameworks=false}, architectures=[i386, x86_64], toolchains=[AppleToolchain{identifier=com.apple.dt.toolchain.XcodeDefault, path=/Applications/Xcode.app/Contents/Developer/Toolchains/XcodeDefault.xctoolchain}]}
[2017-12-22 14:27:51.533][debug][command:null][tid:354][com.facebook.buck.apple.AppleSdkDiscovery] Fetching SDK name for /Applications/Xcode.app/Contents/Developer/Platforms/iPhoneSimulator.platform/Developer/SDKs/iPhoneSimulator11.2.sdk
[2017-12-22 14:27:51.534][debug][command:null][tid:354][com.facebook.buck.apple.AppleSdkDiscovery] Skipping already scanned SDK directory /Applications/Xcode.app/Contents/Developer/Platforms/iPhoneSimulator.platform/Developer/SDKs/iPhoneSimulator.sdk
[2017-12-22 14:27:51.534][info ][command:null][tid:354][com.facebook.buck.io.Watchman] Creating for: [/Users/remirobert/dev/Dog-project]
[2017-12-22 14:27:51.537][debug][command:null][tid:354][com.facebook.buck.io.ExecutableFinder] Executable 'watchman' mapped to 'Optional[/usr/local/bin/watchman]'
[2017-12-22 14:27:51.537][debug][command:null][tid:354][com.facebook.buck.util.ListeningProcessExecutor] Launching process with params ProcessExecutorParams{command=[/usr/local/bin/watchman, --output-encoding=bser, get-sockname]}
[2017-12-22 14:27:51.550][debug][command:null][tid:354][com.facebook.buck.util.ListeningProcessExecutor] Successfully launched process com.zaxxer.nuprocess.osx.OsxProcess@378aa723
[2017-12-22 14:27:51.550][debug][command:null][tid:354][com.facebook.buck.util.ListeningProcessExecutor] Waiting for process com.facebook.buck.util.ListeningProcessExecutor$LaunchedProcessImpl@7f43496 timeout 1000000000 NANOSECONDS
[2017-12-22 14:27:51.574][debug][command:null][tid:354][com.facebook.buck.util.ListeningProcessExecutor] Wait for process returned 0
[2017-12-22 14:27:51.574][debug][command:null][tid:354][com.facebook.buck.io.Watchman] Waited 24 ms for Watchman command get-sockname, exit code 0
[2017-12-22 14:27:51.575][debug][command:null][tid:354][com.facebook.buck.io.Watchman] stdout of command: {sockname=/usr/local/var/run/watchman/remirobert-state/sock, version=4.9.0}
[2017-12-22 14:27:51.575][info ][command:null][tid:354][com.facebook.buck.io.Watchman] Connecting to Watchman version 4.9.0 at /usr/local/var/run/watchman/remirobert-state/sock
[2017-12-22 14:27:51.576][debug][command:null][tid:354][com.facebook.buck.io.Watchman] Connected to Watchman
[2017-12-22 14:27:51.576][debug][command:null][tid:364][com.facebook.buck.io.WatchmanTransportClient] Sending query: [version, {required=[cmd-watch-project], optional=[term-dirname, cmd-watch-project, wildmatch, wildmatch_multislash, glob_generator, clock-sync-timeout]}]
[2017-12-22 14:27:51.578][debug][command:null][tid:354][com.facebook.buck.io.WatchmanTransportClient] Query [version, {required=[cmd-watch-project], optional=[term-dirname, cmd-watch-project, wildmatch, wildmatch_multislash, glob_generator, clock-sync-timeout]}] returned in 1 ms
[2017-12-22 14:27:51.578][info ][command:null][tid:354][com.facebook.buck.io.Watchman] Took 2 ms to query capabilities {term-dirname=DIRNAME, cmd-watch-project=SUPPORTS_PROJECT_WATCH, wildmatch=WILDMATCH_GLOB, wildmatch_multislash=WILDMATCH_MULTISLASH, glob_generator=GLOB_GENERATOR, clock-sync-timeout=CLOCK_SYNC_TIMEOUT}
[2017-12-22 14:27:51.578][debug][command:null][tid:354][com.facebook.buck.io.Watchman] Got capabilities response: {clock-sync-timeout=true, glob_generator=true, wildmatch_multislash=false, cmd-watch-project=true, wildmatch=true, term-dirname=true}
[2017-12-22 14:27:51.578][debug][command:null][tid:354][com.facebook.buck.io.Watchman] Got Watchman capabilities: [CLOCK_SYNC_TIMEOUT, GLOB_GENERATOR, SUPPORTS_PROJECT_WATCH, WILDMATCH_GLOB, DIRNAME]
[2017-12-22 14:27:51.578][info ][command:null][tid:354][com.facebook.buck.io.Watchman] Adding watchman root: /Users/remirobert/dev/Dog-project
[2017-12-22 14:27:51.578][debug][command:null][tid:364][com.facebook.buck.io.WatchmanTransportClient] Sending query: [watch-project, /Users/remirobert/dev/Dog-project]
[2017-12-22 14:27:51.579][debug][command:null][tid:354][com.facebook.buck.io.WatchmanTransportClient] Query [watch-project, /Users/remirobert/dev/Dog-project] returned in 0 ms
[2017-12-22 14:27:51.579][debug][command:null][tid:364][com.facebook.buck.io.WatchmanTransportClient] Sending query: [watch-project, /Users/remirobert/dev/Dog-project]
[2017-12-22 14:27:51.579][debug][command:null][tid:354][com.facebook.buck.io.WatchmanTransportClient] Query [watch-project, /Users/remirobert/dev/Dog-project] returned in 0 ms
[2017-12-22 14:27:51.579][info ][command:null][tid:354][com.facebook.buck.io.Watchman] Took 0 ms to add root /Users/remirobert/dev/Dog-project
[2017-12-22 14:27:51.579][debug][command:null][tid:364][com.facebook.buck.io.WatchmanTransportClient] Sending query: [clock, /Users/remirobert/dev/Dog-project, {sync_timeout=100}]
[2017-12-22 14:27:51.584][debug][command:null][tid:354][com.facebook.buck.io.WatchmanTransportClient] Query [clock, /Users/remirobert/dev/Dog-project, {sync_timeout=100}] returned in 4 ms
[2017-12-22 14:27:51.584][info ][command:null][tid:354][com.facebook.buck.io.Watchman] Took 4 ms to query for initial clock id Optional[c:1513586676:1188:9:471]
[2017-12-22 14:27:51.585][debug][command:null][tid:354][com.facebook.buck.cli.Main] Watchman capabilities: [CLOCK_SYNC_TIMEOUT, GLOB_GENERATOR, SUPPORTS_PROJECT_WATCH, WILDMATCH_GLOB, DIRNAME] Project watches: {/Users/remirobert/dev/Dog-project=ProjectWatch{watchRoot=/Users/remirobert/dev/Dog-project}} Glob handler config: PYTHON Query timeout ms config: Optional.empty
[2017-12-22 14:27:51.591][debug][command:2ee9229d-dd8d-4c25-b4bf-0ccd275c9aa4][tid:354][com.facebook.buck.event.listener.SuperConsoleEventBusListener] Starting render scheduler (interval 100 ms)
[2017-12-22 14:27:51.593][debug][command:2ee9229d-dd8d-4c25-b4bf-0ccd275c9aa4][tid:354][com.google.common.util.concurrent.ServiceManager] Starting PerfStatsTracking [RUNNING].
[2017-12-22 14:27:51.593][debug][command:2ee9229d-dd8d-4c25-b4bf-0ccd275c9aa4][tid:354][com.google.common.util.concurrent.ServiceManager] Started PerfStatsTracking [RUNNING] in 860.8 Î¼s.
[2017-12-22 14:27:51.594][debug][command:2ee9229d-dd8d-4c25-b4bf-0ccd275c9aa4][tid:354][com.google.common.util.concurrent.ServiceManager] Starting ProcessTracker [STARTING].
[2017-12-22 14:27:51.595][debug][command:null][tid:369][com.facebook.buck.util.perf.ProcessTracker] startUp
[2017-12-22 14:27:51.595][debug][command:2ee9229d-dd8d-4c25-b4bf-0ccd275c9aa4][tid:354][com.facebook.buck.cli.Main] InvocationInfo BuildId=[2ee9229d-dd8d-4c25-b4bf-0ccd275c9aa4] Args=[test, :app]
[2017-12-22 14:27:51.596][debug][command:2ee9229d-dd8d-4c25-b4bf-0ccd275c9aa4][tid:354][com.facebook.buck.util.environment.MacWifiSsidFinder] Getting current SSID..
[2017-12-22 14:27:51.597][debug][command:null][tid:369][com.google.common.util.concurrent.ServiceManager] Started ProcessTracker [RUNNING] in 3.213 ms.
[2017-12-22 14:27:51.597][debug][command:2ee9229d-dd8d-4c25-b4bf-0ccd275c9aa4][tid:354][com.facebook.buck.util.environment.MacWifiSsidFinder] Getting SSID from Wi-Fi interface: <CWInterface: 0x7fbf5e18a2f0> [interfaceName=en0]
[2017-12-22 14:27:51.598][debug][command:2ee9229d-dd8d-4c25-b4bf-0ccd275c9aa4][tid:354][com.facebook.buck.util.environment.MacWifiSsidFinder] Found SSID: A2975
[2017-12-22 14:27:51.619][warn ][command:2ee9229d-dd8d-4c25-b4bf-0ccd275c9aa4][tid:354][com.facebook.buck.event.listener.PublicAnnouncementManager] Failed to get public announcements. Reason: Failed to establish connection to server.
[2017-12-22 14:27:51.623][info ][command:null][tid:373][com.facebook.buck.util.versioncontrol.VersionControlStatsGenerator] Starting generation of version control stats.
[2017-12-22 14:27:51.623][debug][command:null][tid:373][com.facebook.buck.util.versioncontrol.VersionControlCmdLineInterface] Executing command: hg log -l 1 --template {node|short}
[2017-12-22 14:27:51.632][debug][command:2ee9229d-dd8d-4c25-b4bf-0ccd275c9aa4][tid:354][com.facebook.buck.parser.Parser] com.facebook.buck.event.DefaultBuckEventBus@410d993
[2017-12-22 14:27:51.634][debug][command:null][tid:364][com.facebook.buck.io.WatchmanTransportClient] Sending query: [query, /Users/remirobert/dev/Dog-project, {since=c:1513586676:1188:9:426, expression=[not, [anyof, [type, d], [dirname, .idea], [dirname, .buckd], [dirname, buck-out/cache], [dirname, .git], [dirname, .hg], [dirname, buck-out/.trash], [dirname, buck-out], [match, **/*.pbxproj, wholename, {includedotfiles=true}], [match, **/*.xcscheme, wholename, {includedotfiles=true}], [match, **/*.xcworkspacedata, wholename, {includedotfiles=true}], [match, **/*~, wholename, {includedotfiles=true}], [match, **/#*#, wholename, {includedotfiles=true}], [match, **/.#*, wholename, {includedotfiles=true}], [match, **/*.swo, wholename, {includedotfiles=true}], [match, **/*.swp, wholename, {includedotfiles=true}], [match, **/*.swpx, wholename, {includedotfiles=true}], [match, **/*.un~, wholename, {includedotfiles=true}], [match, **/.netrhwist, wholename, {includedotfiles=true}], [match, .idea, wholename, {includedotfiles=true}], [match, .iml, wholename, {includedotfiles=true}], [match, **/*.pydevproject, wholename, {includedotfiles=true}], [match, .project, wholename, {includedotfiles=true}], [match, .metadata, wholename, {includedotfiles=true}], [match, **/*.tmp, wholename, {includedotfiles=true}], [match, **/*.bak, wholename, {includedotfiles=true}], [match, **/*~.nib, wholename, {includedotfiles=true}], [match, .classpath, wholename, {includedotfiles=true}], [match, .settings, wholename, {includedotfiles=true}], [match, .loadpath, wholename, {includedotfiles=true}], [match, .externalToolBuilders, wholename, {includedotfiles=true}], [match, .cproject, wholename, {includedotfiles=true}], [match, .buildpath, wholename, {includedotfiles=true}], [match, .DS_Store, wholename, {includedotfiles=true}], [match, .AppleDouble, wholename, {includedotfiles=true}], [match, .LSOverride, wholename, {includedotfiles=true}], [match, .Spotlight-V100, wholename, {includedotfiles=true}], [match, .Trashes, wholename, {includedotfiles=true}], [match, $RECYCLE.BIN, wholename, {includedotfiles=true}], [match, .*.sublime-workspace, wholename, {includedotfiles=true}]]], empty_on_fresh_instance=true, fields=[name, exists, new]}]
[2017-12-22 14:27:51.637][warn ][command:null][tid:373][com.facebook.buck.util.versioncontrol.DelegatingVersionControlCmdLineInterface] Mercurial is the only VCS supported for VCS stats generation, however current project (which has enabled VCS stats generation in its .buckconfig) does not appear to be a Mercurial repository: 
com.facebook.buck.util.versioncontrol.VersionControlCommandFailedException: java.io.IOException: Cannot run program "hg" (in directory "/Users/remirobert/dev/Dog-project"): error=2, No such file or directory
[2017-12-22 14:27:51.638][debug][command:null][tid:373][com.facebook.buck.util.versioncontrol.DelegatingVersionControlCmdLineInterface] Using NoOpCmdLineInterface.
[2017-12-22 14:27:51.638][warn ][command:null][tid:373][com.facebook.buck.util.versioncontrol.VersionControlStatsGenerator] Skipping generation of version control stats as unsupported repository type.
[2017-12-22 14:27:51.638][debug][command:null][tid:373][com.facebook.buck.util.environment.MacNetworkConfiguration] Determine network service order and extract device names
[2017-12-22 14:27:51.660][debug][command:null][tid:373][com.facebook.buck.util.ListeningProcessExecutor] Launching process with params ProcessExecutorParams{command=[networksetup, -listnetworkserviceorder, ]}
[2017-12-22 14:27:51.662][debug][command:2ee9229d-dd8d-4c25-b4bf-0ccd275c9aa4][tid:354][com.facebook.buck.io.WatchmanTransportClient] Query [query, /Users/remirobert/dev/Dog-project, {since=c:1513586676:1188:9:426, expression=[not, [anyof, [type, d], [dirname, .idea], [dirname, .buckd], [dirname, buck-out/cache], [dirname, .git], [dirname, .hg], [dirname, buck-out/.trash], [dirname, buck-out], [match, **/*.pbxproj, wholename, {includedotfiles=true}], [match, **/*.xcscheme, wholename, {includedotfiles=true}], [match, **/*.xcworkspacedata, wholename, {includedotfiles=true}], [match, **/*~, wholename, {includedotfiles=true}], [match, **/#*#, wholename, {includedotfiles=true}], [match, **/.#*, wholename, {includedotfiles=true}], [match, **/*.swo, wholename, {includedotfiles=true}], [match, **/*.swp, wholename, {includedotfiles=true}], [match, **/*.swpx, wholename, {includedotfiles=true}], [match, **/*.un~, wholename, {includedotfiles=true}], [match, **/.netrhwist, wholename, {includedotfiles=true}], [match, .idea, wholename, {includedotfiles=true}], [match, .iml, wholename, {includedotfiles=true}], [match, **/*.pydevproject, wholename, {includedotfiles=true}], [match, .project, wholename, {includedotfiles=true}], [match, .metadata, wholename, {includedotfiles=true}], [match, **/*.tmp, wholename, {includedotfiles=true}], [match, **/*.bak, wholename, {includedotfiles=true}], [match, **/*~.nib, wholename, {includedotfiles=true}], [match, .classpath, wholename, {includedotfiles=true}], [match, .settings, wholename, {includedotfiles=true}], [match, .loadpath, wholename, {includedotfiles=true}], [match, .externalToolBuilders, wholename, {includedotfiles=true}], [match, .cproject, wholename, {includedotfiles=true}], [match, .buildpath, wholename, {includedotfiles=true}], [match, .DS_Store, wholename, {includedotfiles=true}], [match, .AppleDouble, wholename, {includedotfiles=true}], [match, .LSOverride, wholename, {includedotfiles=true}], [match, .Spotlight-V100, wholename, {includedotfiles=true}], [match, .Trashes, wholename, {includedotfiles=true}], [match, $RECYCLE.BIN, wholename, {includedotfiles=true}], [match, .*.sublime-workspace, wholename, {includedotfiles=true}]]], empty_on_fresh_instance=true, fields=[name, exists, new]}] returned in 27 ms
[2017-12-22 14:27:51.663][debug][command:2ee9229d-dd8d-4c25-b4bf-0ccd275c9aa4][tid:354][com.facebook.buck.io.WatchmanWatcher] Updating Watchman Cursor from c:1513586676:1188:9:426 to c:1513586676:1188:9:475
[2017-12-22 14:27:51.663][warn ][command:2ee9229d-dd8d-4c25-b4bf-0ccd275c9aa4][tid:354][com.facebook.buck.io.WatchmanWatcher] Posting WatchEvent: WatchmanPathEvent{cellPath=/Users/remirobert/dev/Dog-project, kind=DELETE, path=app.xcodeproj/project.xcworkspace/xcuserdata/remirobert.xcuserdatad/.dat.nosynceaee.OSi2cP}
[2017-12-22 14:27:51.665][debug][command:2ee9229d-dd8d-4c25-b4bf-0ccd275c9aa4][tid:354][com.facebook.buck.parser.DaemonicCellState] Invalidating target for path /Users/remirobert/dev/Dog-project/BUCK: //:appTests
[2017-12-22 14:27:51.665][debug][command:2ee9229d-dd8d-4c25-b4bf-0ccd275c9aa4][tid:354][com.facebook.buck.parser.DaemonicCellState] Invalidating target for path /Users/remirobert/dev/Dog-project/BUCK: //:Assets
[2017-12-22 14:27:51.665][debug][command:2ee9229d-dd8d-4c25-b4bf-0ccd275c9aa4][tid:354][com.facebook.buck.parser.DaemonicCellState] Invalidating target for path /Users/remirobert/dev/Dog-project/BUCK: //:app
[2017-12-22 14:27:51.665][debug][command:2ee9229d-dd8d-4c25-b4bf-0ccd275c9aa4][tid:354][com.facebook.buck.parser.DaemonicCellState] Invalidating target for path /Users/remirobert/dev/Dog-project/BUCK: //:appResources
[2017-12-22 14:27:51.665][debug][command:2ee9229d-dd8d-4c25-b4bf-0ccd275c9aa4][tid:354][com.facebook.buck.parser.DaemonicCellState] Invalidating target for path /Users/remirobert/dev/Dog-project/BUCK: //:appPackage
[2017-12-22 14:27:51.665][debug][command:2ee9229d-dd8d-4c25-b4bf-0ccd275c9aa4][tid:354][com.facebook.buck.parser.DaemonicCellState] Invalidating target for path /Users/remirobert/dev/Dog-project/BUCK: //:appBinary
[2017-12-22 14:27:51.666][debug][command:2ee9229d-dd8d-4c25-b4bf-0ccd275c9aa4][tid:374][com.facebook.buck.event.listener.SuperConsoleEventBusListener] Watchman notified about file deletion: WatchmanPathEvent{cellPath=/Users/remirobert/dev/Dog-project, kind=DELETE, path=app.xcodeproj/project.xcworkspace/xcuserdata/remirobert.xcuserdatad/.dat.nosynceaee.OSi2cP}
[2017-12-22 14:27:51.666][warn ][command:2ee9229d-dd8d-4c25-b4bf-0ccd275c9aa4][tid:354][com.facebook.buck.io.WatchmanWatcher] Posting WatchEvent: WatchmanPathEvent{cellPath=/Users/remirobert/dev/Dog-project, kind=MODIFY, path=app.xcodeproj/project.xcworkspace/xcuserdata/remirobert.xcuserdatad/UserInterfaceState.xcuserstate}
[2017-12-22 14:27:51.668][debug][command:null][tid:373][com.facebook.buck.util.ListeningProcessExecutor] Successfully launched process com.zaxxer.nuprocess.osx.OsxProcess@32d9b4f7
[2017-12-22 14:27:51.668][debug][command:null][tid:373][com.facebook.buck.util.ListeningProcessExecutor] Waiting for process com.facebook.buck.util.ListeningProcessExecutor$LaunchedProcessImpl@36e62674 timeout 1000 MILLISECONDS
[2017-12-22 14:27:51.669][warn ][command:2ee9229d-dd8d-4c25-b4bf-0ccd275c9aa4][tid:354][com.facebook.buck.io.WatchmanWatcher] Posting WatchEvent: WatchmanPathEvent{cellPath=/Users/remirobert/dev/Dog-project, kind=MODIFY, path=appTests/appTests.swift}
[2017-12-22 14:27:51.669][warn ][command:2ee9229d-dd8d-4c25-b4bf-0ccd275c9aa4][tid:354][com.facebook.buck.io.WatchmanWatcher] Posting WatchEvent: WatchmanPathEvent{cellPath=/Users/remirobert/dev/Dog-project, kind=DELETE, path=app.xcodeproj/project.xcworkspace/xcuserdata/remirobert.xcuserdatad/.dat.nosynceaee.tbdA2r}
[2017-12-22 14:27:51.669][debug][command:2ee9229d-dd8d-4c25-b4bf-0ccd275c9aa4][tid:374][com.facebook.buck.event.listener.SuperConsoleEventBusListener] Watchman notified about file deletion: WatchmanPathEvent{cellPath=/Users/remirobert/dev/Dog-project, kind=DELETE, path=app.xcodeproj/project.xcworkspace/xcuserdata/remirobert.xcuserdatad/.dat.nosynceaee.tbdA2r}
[2017-12-22 14:27:51.670][warn ][command:2ee9229d-dd8d-4c25-b4bf-0ccd275c9aa4][tid:354][com.facebook.buck.io.WatchmanWatcher] Posting WatchEvent: WatchmanPathEvent{cellPath=/Users/remirobert/dev/Dog-project, kind=DELETE, path=app.xcodeproj/project.xcworkspace/xcuserdata/remirobert.xcuserdatad/.dat.nosynceaee.GQ94bp}
[2017-12-22 14:27:51.670][warn ][command:2ee9229d-dd8d-4c25-b4bf-0ccd275c9aa4][tid:354][com.facebook.buck.io.WatchmanWatcher] Posting WatchEvent: WatchmanPathEvent{cellPath=/Users/remirobert/dev/Dog-project, kind=DELETE, path=app.xcodeproj/project.xcworkspace/xcuserdata/remirobert.xcuserdatad/.dat.nosynceaee.H8p3eD}
[2017-12-22 14:27:51.671][debug][command:2ee9229d-dd8d-4c25-b4bf-0ccd275c9aa4][tid:374][com.facebook.buck.event.listener.SuperConsoleEventBusListener] Watchman notified about file deletion: WatchmanPathEvent{cellPath=/Users/remirobert/dev/Dog-project, kind=DELETE, path=app.xcodeproj/project.xcworkspace/xcuserdata/remirobert.xcuserdatad/.dat.nosynceaee.GQ94bp}
[2017-12-22 14:27:51.671][warn ][command:2ee9229d-dd8d-4c25-b4bf-0ccd275c9aa4][tid:354][com.facebook.buck.io.WatchmanWatcher] Posting WatchEvent: WatchmanPathEvent{cellPath=/Users/remirobert/dev/Dog-project, kind=DELETE, path=app.xcodeproj/project.xcworkspace/xcuserdata/remirobert.xcuserdatad/.dat.nosynceaee.TYKwDU}
[2017-12-22 14:27:51.671][debug][command:2ee9229d-dd8d-4c25-b4bf-0ccd275c9aa4][tid:374][com.facebook.buck.event.listener.SuperConsoleEventBusListener] Watchman notified about file deletion: WatchmanPathEvent{cellPath=/Users/remirobert/dev/Dog-project, kind=DELETE, path=app.xcodeproj/project.xcworkspace/xcuserdata/remirobert.xcuserdatad/.dat.nosynceaee.H8p3eD}
[2017-12-22 14:27:51.671][warn ][command:2ee9229d-dd8d-4c25-b4bf-0ccd275c9aa4][tid:354][com.facebook.buck.io.WatchmanWatcher] Posting WatchEvent: WatchmanPathEvent{cellPath=/Users/remirobert/dev/Dog-project, kind=DELETE, path=app.xcodeproj/project.xcworkspace/xcuserdata/remirobert.xcuserdatad/.dat.nosynceaee.jsdQ93}
[2017-12-22 14:27:51.671][debug][command:2ee9229d-dd8d-4c25-b4bf-0ccd275c9aa4][tid:374][com.facebook.buck.event.listener.SuperConsoleEventBusListener] Watchman notified about file deletion: WatchmanPathEvent{cellPath=/Users/remirobert/dev/Dog-project, kind=DELETE, path=app.xcodeproj/project.xcworkspace/xcuserdata/remirobert.xcuserdatad/.dat.nosynceaee.TYKwDU}
[2017-12-22 14:27:51.672][debug][command:2ee9229d-dd8d-4c25-b4bf-0ccd275c9aa4][tid:374][com.facebook.buck.event.listener.SuperConsoleEventBusListener] Watchman notified about file deletion: WatchmanPathEvent{cellPath=/Users/remirobert/dev/Dog-project, kind=DELETE, path=app.xcodeproj/project.xcworkspace/xcuserdata/remirobert.xcuserdatad/.dat.nosynceaee.jsdQ93}
[2017-12-22 14:27:51.672][warn ][command:2ee9229d-dd8d-4c25-b4bf-0ccd275c9aa4][tid:354][com.facebook.buck.io.WatchmanWatcher] Posting WatchEvent: WatchmanPathEvent{cellPath=/Users/remirobert/dev/Dog-project, kind=DELETE, path=app.xcodeproj/project.xcworkspace/xcuserdata/remirobert.xcuserdatad/.dat.nosynceaee.9J3DgM}
[2017-12-22 14:27:51.674][debug][command:2ee9229d-dd8d-4c25-b4bf-0ccd275c9aa4][tid:374][com.facebook.buck.event.listener.SuperConsoleEventBusListener] Watchman notified about file deletion: WatchmanPathEvent{cellPath=/Users/remirobert/dev/Dog-project, kind=DELETE, path=app.xcodeproj/project.xcworkspace/xcuserdata/remirobert.xcuserdatad/.dat.nosynceaee.9J3DgM}
[2017-12-22 14:27:51.675][warn ][command:2ee9229d-dd8d-4c25-b4bf-0ccd275c9aa4][tid:354][com.facebook.buck.io.WatchmanWatcher] Posting WatchEvent: WatchmanPathEvent{cellPath=/Users/remirobert/dev/Dog-project, kind=DELETE, path=app.xcodeproj/project.xcworkspace/xcuserdata/remirobert.xcuserdatad/.dat.nosynceaee.3U7lh7}
[2017-12-22 14:27:51.681][debug][command:2ee9229d-dd8d-4c25-b4bf-0ccd275c9aa4][tid:374][com.facebook.buck.event.listener.SuperConsoleEventBusListener] Watchman notified about file deletion: WatchmanPathEvent{cellPath=/Users/remirobert/dev/Dog-project, kind=DELETE, path=app.xcodeproj/project.xcworkspace/xcuserdata/remirobert.xcuserdatad/.dat.nosynceaee.3U7lh7}
[2017-12-22 14:27:51.681][warn ][command:2ee9229d-dd8d-4c25-b4bf-0ccd275c9aa4][tid:354][com.facebook.buck.io.WatchmanWatcher] Posting WatchEvent: WatchmanPathEvent{cellPath=/Users/remirobert/dev/Dog-project, kind=DELETE, path=app.xcodeproj/project.xcworkspace/xcuserdata/remirobert.xcuserdatad/.dat.nosynceaee.gl5s0Y}
[2017-12-22 14:27:51.681][warn ][command:2ee9229d-dd8d-4c25-b4bf-0ccd275c9aa4][tid:354][com.facebook.buck.io.WatchmanWatcher] Posting WatchEvent: WatchmanPathEvent{cellPath=/Users/remirobert/dev/Dog-project, kind=DELETE, path=app.xcodeproj/project.xcworkspace/xcuserdata/remirobert.xcuserdatad/.dat.nosynceaee.D1pETP}
[2017-12-22 14:27:51.681][debug][command:2ee9229d-dd8d-4c25-b4bf-0ccd275c9aa4][tid:374][com.facebook.buck.event.listener.SuperConsoleEventBusListener] Watchman notified about file deletion: WatchmanPathEvent{cellPath=/Users/remirobert/dev/Dog-project, kind=DELETE, path=app.xcodeproj/project.xcworkspace/xcuserdata/remirobert.xcuserdatad/.dat.nosynceaee.gl5s0Y}
[2017-12-22 14:27:51.682][debug][command:2ee9229d-dd8d-4c25-b4bf-0ccd275c9aa4][tid:374][com.facebook.buck.event.listener.SuperConsoleEventBusListener] Watchman notified about file deletion: WatchmanPathEvent{cellPath=/Users/remirobert/dev/Dog-project, kind=DELETE, path=app.xcodeproj/project.xcworkspace/xcuserdata/remirobert.xcuserdatad/.dat.nosynceaee.D1pETP}
[2017-12-22 14:27:51.682][warn ][command:2ee9229d-dd8d-4c25-b4bf-0ccd275c9aa4][tid:354][com.facebook.buck.io.WatchmanWatcher] Posting WatchEvent: WatchmanPathEvent{cellPath=/Users/remirobert/dev/Dog-project, kind=DELETE, path=app.xcodeproj/project.xcworkspace/xcuserdata/remirobert.xcuserdatad/.dat.nosynceaee.L5TBvu}
[2017-12-22 14:27:51.683][debug][command:2ee9229d-dd8d-4c25-b4bf-0ccd275c9aa4][tid:374][com.facebook.buck.event.listener.SuperConsoleEventBusListener] Watchman notified about file deletion: WatchmanPathEvent{cellPath=/Users/remirobert/dev/Dog-project, kind=DELETE, path=app.xcodeproj/project.xcworkspace/xcuserdata/remirobert.xcuserdatad/.dat.nosynceaee.L5TBvu}
[2017-12-22 14:27:51.683][warn ][command:2ee9229d-dd8d-4c25-b4bf-0ccd275c9aa4][tid:354][com.facebook.buck.io.WatchmanWatcher] Posting WatchEvent: WatchmanPathEvent{cellPath=/Users/remirobert/dev/Dog-project, kind=MODIFY, path=app/Info.plist}
[2017-12-22 14:27:51.683][warn ][command:2ee9229d-dd8d-4c25-b4bf-0ccd275c9aa4][tid:354][com.facebook.buck.io.WatchmanWatcher] Posting WatchEvent: WatchmanPathEvent{cellPath=/Users/remirobert/dev/Dog-project, kind=DELETE, path=app.xcodeproj/project.xcworkspace/xcuserdata/remirobert.xcuserdatad/.dat.nosynceaee.3ktg6k}
[2017-12-22 14:27:51.684][debug][command:2ee9229d-dd8d-4c25-b4bf-0ccd275c9aa4][tid:374][com.facebook.buck.event.listener.SuperConsoleEventBusListener] Watchman notified about file deletion: WatchmanPathEvent{cellPath=/Users/remirobert/dev/Dog-project, kind=DELETE, path=app.xcodeproj/project.xcworkspace/xcuserdata/remirobert.xcuserdatad/.dat.nosynceaee.3ktg6k}
[2017-12-22 14:27:51.684][debug][command:2ee9229d-dd8d-4c25-b4bf-0ccd275c9aa4][tid:354][com.facebook.buck.io.WatchmanWatcher] Posted 15 Watchman events.
[2017-12-22 14:27:51.686][debug][command:2ee9229d-dd8d-4c25-b4bf-0ccd275c9aa4][tid:354][com.facebook.buck.cli.TestCommand] Running with arguments [:app]
[2017-12-22 14:27:51.687][info ][command:2ee9229d-dd8d-4c25-b4bf-0ccd275c9aa4][tid:374][com.facebook.buck.event.listener.LoggingBuildListener] Build started at 2017-12-22 14:27:51.687
[2017-12-22 14:27:51.687][debug][command:2ee9229d-dd8d-4c25-b4bf-0ccd275c9aa4][tid:354][com.facebook.buck.cli.TestCommand] Parsing graph for arguments [:app]
[2017-12-22 14:27:51.689][debug][command:2ee9229d-dd8d-4c25-b4bf-0ccd275c9aa4][tid:354][com.facebook.buck.apple.AppleCxxPlatforms] SDK AppleSdk{name=appletvos11.2, version=11.2, applePlatform=ApplePlatform{name=appletvos, provisioningProfileName=tvOS, architectures=[arm64], minVersionFlagPrefix=-mtvos-version-min=, appIncludesFrameworks=false}, architectures=[arm64], toolchains=[AppleToolchain{identifier=com.apple.dt.toolchain.XcodeDefault, path=/Applications/Xcode.app/Contents/Developer/Toolchains/XcodeDefault.xctoolchain}]} using default version 11.2
[2017-12-22 14:27:51.710][debug][command:2ee9229d-dd8d-4c25-b4bf-0ccd275c9aa4][tid:354][com.facebook.buck.apple.AppleCxxPlatforms] Xcode build version is: 9C40b
[2017-12-22 14:27:51.731][debug][command:2ee9229d-dd8d-4c25-b4bf-0ccd275c9aa4][tid:354][com.facebook.buck.apple.AppleCxxPlatforms] Apple toolchain path: /Applications/Xcode.app/Contents/Developer/Toolchains/XcodeDefault.xctoolchain
[2017-12-22 14:27:51.731][debug][command:2ee9229d-dd8d-4c25-b4bf-0ccd275c9aa4][tid:354][com.facebook.buck.apple.AppleCxxPlatforms] Headers verification platform whitelist: [^\Q/Applications/Xcode.app/Contents/Developer/Platforms/AppleTVOS.platform/Developer/Library/Frameworks\E\/.*, ^\Q/Applications/Xcode.app/Contents/Developer/Platforms/AppleTVOS.platform/Developer/SDKs/AppleTVOS.sdk\E\/.*, ^\Q/Applications/Xcode.app/Contents/Developer/Toolchains/XcodeDefault.xctoolchain\E\/.*]
[2017-12-22 14:27:51.737][debug][command:2ee9229d-dd8d-4c25-b4bf-0ccd275c9aa4][tid:354][com.facebook.buck.apple.AppleCxxPlatforms] SDK AppleSdk{name=iphoneos11.2, version=11.2, applePlatform=ApplePlatform{name=iphoneos, swiftName=ios, provisioningProfileName=iOS, architectures=[armv7, arm64], minVersionFlagPrefix=-mios-version-min=, stubBinaryPath=Library/Application Support/WatchKit/WK, appIncludesFrameworks=false}, architectures=[armv7, arm64], toolchains=[AppleToolchain{identifier=com.apple.dt.toolchain.XcodeDefault, path=/Applications/Xcode.app/Contents/Developer/Toolchains/XcodeDefault.xctoolchain}]} using default version 11.2
[2017-12-22 14:27:51.739][debug][command:2ee9229d-dd8d-4c25-b4bf-0ccd275c9aa4][tid:354][com.facebook.buck.apple.AppleCxxPlatforms] Xcode build version is: 9C40b
[2017-12-22 14:27:51.744][debug][command:2ee9229d-dd8d-4c25-b4bf-0ccd275c9aa4][tid:354][com.facebook.buck.apple.AppleCxxPlatforms] Apple toolchain path: /Applications/Xcode.app/Contents/Developer/Toolchains/XcodeDefault.xctoolchain
[2017-12-22 14:27:51.744][debug][command:2ee9229d-dd8d-4c25-b4bf-0ccd275c9aa4][tid:354][com.facebook.buck.apple.AppleCxxPlatforms] Headers verification platform whitelist: [^\Q/Applications/Xcode.app/Contents/Developer/Platforms/iPhoneOS.platform/Developer/Library/Frameworks\E\/.*, ^\Q/Applications/Xcode.app/Contents/Developer/Platforms/iPhoneOS.platform/Developer/SDKs/iPhoneOS.sdk\E\/.*, ^\Q/Applications/Xcode.app/Contents/Developer/Toolchains/XcodeDefault.xctoolchain\E\/.*]
[2017-12-22 14:27:51.750][debug][command:2ee9229d-dd8d-4c25-b4bf-0ccd275c9aa4][tid:354][com.facebook.buck.apple.AppleCxxPlatforms] Xcode build version is: 9C40b
[2017-12-22 14:27:51.756][debug][command:2ee9229d-dd8d-4c25-b4bf-0ccd275c9aa4][tid:354][com.facebook.buck.apple.AppleCxxPlatforms] Apple toolchain path: /Applications/Xcode.app/Contents/Developer/Toolchains/XcodeDefault.xctoolchain
[2017-12-22 14:27:51.756][debug][command:2ee9229d-dd8d-4c25-b4bf-0ccd275c9aa4][tid:354][com.facebook.buck.apple.AppleCxxPlatforms] Headers verification platform whitelist: [^\Q/Applications/Xcode.app/Contents/Developer/Platforms/iPhoneOS.platform/Developer/Library/Frameworks\E\/.*, ^\Q/Applications/Xcode.app/Contents/Developer/Platforms/iPhoneOS.platform/Developer/SDKs/iPhoneOS.sdk\E\/.*, ^\Q/Applications/Xcode.app/Contents/Developer/Toolchains/XcodeDefault.xctoolchain\E\/.*]
[2017-12-22 14:27:51.758][debug][command:2ee9229d-dd8d-4c25-b4bf-0ccd275c9aa4][tid:354][com.facebook.buck.apple.AppleCxxPlatforms] SDK AppleSdk{name=watchos4.2, version=4.2, applePlatform=ApplePlatform{name=watchos, provisioningProfileName=iOS, architectures=[armv7k], minVersionFlagPrefix=-mwatchos-version-min=, stubBinaryPath=Library/Application Support/WatchKit/WK, appIncludesFrameworks=false}, architectures=[armv7k], toolchains=[AppleToolchain{identifier=com.apple.dt.toolchain.XcodeDefault, path=/Applications/Xcode.app/Contents/Developer/Toolchains/XcodeDefault.xctoolchain}]} using default version 4.2
[2017-12-22 14:27:51.760][debug][command:2ee9229d-dd8d-4c25-b4bf-0ccd275c9aa4][tid:354][com.facebook.buck.apple.AppleCxxPlatforms] Xcode build version is: 9C40b
[2017-12-22 14:27:51.772][debug][command:2ee9229d-dd8d-4c25-b4bf-0ccd275c9aa4][tid:354][com.facebook.buck.apple.AppleCxxPlatforms] Apple toolchain path: /Applications/Xcode.app/Contents/Developer/Toolchains/XcodeDefault.xctoolchain
[2017-12-22 14:27:51.772][debug][command:2ee9229d-dd8d-4c25-b4bf-0ccd275c9aa4][tid:354][com.facebook.buck.apple.AppleCxxPlatforms] Headers verification platform whitelist: [^\Q/Applications/Xcode.app/Contents/Developer/Platforms/WatchOS.platform/Developer/Library/Frameworks\E\/.*, ^\Q/Applications/Xcode.app/Contents/Developer/Platforms/WatchOS.platform/Developer/SDKs/WatchOS.sdk\E\/.*, ^\Q/Applications/Xcode.app/Contents/Developer/Toolchains/XcodeDefault.xctoolchain\E\/.*]
[2017-12-22 14:27:51.773][debug][command:2ee9229d-dd8d-4c25-b4bf-0ccd275c9aa4][tid:354][com.facebook.buck.apple.AppleCxxPlatforms] SDK AppleSdk{name=macosx10.13, version=10.13, applePlatform=ApplePlatform{name=macosx, architectures=[i386, x86_64], minVersionFlagPrefix=-mmacosx-version-min=, appIncludesFrameworks=true}, architectures=[i386, x86_64], toolchains=[AppleToolchain{identifier=com.apple.dt.toolchain.XcodeDefault, path=/Applications/Xcode.app/Contents/Developer/Toolchains/XcodeDefault.xctoolchain}]} using default version 10.13
[2017-12-22 14:27:51.779][debug][command:null][tid:373][com.facebook.buck.util.ListeningProcessExecutor] Wait for process returned 0
[2017-12-22 14:27:51.779][debug][command:null][tid:373][com.facebook.buck.util.ListeningProcessExecutor] Destroying process com.facebook.buck.util.ListeningProcessExecutor$LaunchedProcessImpl@36e62674 (force true)
[2017-12-22 14:27:51.779][debug][command:null][tid:373][com.facebook.buck.util.environment.MacNetworkConfiguration] Determine active state of media for device
[2017-12-22 14:27:51.779][debug][command:null][tid:373][com.facebook.buck.util.ListeningProcessExecutor] Launching process with params ProcessExecutorParams{command=[networksetup, -getMedia, usbmodem1441]}
[2017-12-22 14:27:51.780][debug][command:2ee9229d-dd8d-4c25-b4bf-0ccd275c9aa4][tid:354][com.facebook.buck.apple.AppleCxxPlatforms] Xcode build version is: 9C40b
[2017-12-22 14:27:51.782][debug][command:null][tid:373][com.facebook.buck.util.ListeningProcessExecutor] Successfully launched process com.zaxxer.nuprocess.osx.OsxProcess@73e4becc
[2017-12-22 14:27:51.782][debug][command:null][tid:373][com.facebook.buck.util.ListeningProcessExecutor] Waiting for process com.facebook.buck.util.ListeningProcessExecutor$LaunchedProcessImpl@3d5cbbd9 timeout 1000 MILLISECONDS
[2017-12-22 14:27:51.807][warn ][command:2ee9229d-dd8d-4c25-b4bf-0ccd275c9aa4][tid:354][com.facebook.buck.apple.AppleCxxPlatforms] In /Applications/Xcode.app/Contents/Developer/Platforms/MacOSX.platform/version.plist, missing ProductBuildVersion. Build version will be unset for this platform.
[2017-12-22 14:27:51.807][debug][command:2ee9229d-dd8d-4c25-b4bf-0ccd275c9aa4][tid:354][com.facebook.buck.apple.AppleCxxPlatforms] Apple toolchain path: /Applications/Xcode.app/Contents/Developer/Toolchains/XcodeDefault.xctoolchain
[2017-12-22 14:27:51.808][debug][command:2ee9229d-dd8d-4c25-b4bf-0ccd275c9aa4][tid:354][com.facebook.buck.apple.AppleCxxPlatforms] Headers verification platform whitelist: [^\Q/Applications/Xcode.app/Contents/Developer/Platforms/MacOSX.platform/Developer/Library/Frameworks\E\/.*, ^\Q/Applications/Xcode.app/Contents/Developer/Platforms/MacOSX.platform/Developer/SDKs/MacOSX.sdk\E\/.*, ^\Q/Applications/Xcode.app/Contents/Developer/Toolchains/XcodeDefault.xctoolchain\E\/.*]
[2017-12-22 14:27:51.810][debug][command:2ee9229d-dd8d-4c25-b4bf-0ccd275c9aa4][tid:354][com.facebook.buck.apple.AppleCxxPlatforms] Xcode build version is: 9C40b
[2017-12-22 14:27:51.812][warn ][command:2ee9229d-dd8d-4c25-b4bf-0ccd275c9aa4][tid:354][com.facebook.buck.apple.AppleCxxPlatforms] In /Applications/Xcode.app/Contents/Developer/Platforms/MacOSX.platform/version.plist, missing ProductBuildVersion. Build version will be unset for this platform.
[2017-12-22 14:27:51.812][debug][command:2ee9229d-dd8d-4c25-b4bf-0ccd275c9aa4][tid:354][com.facebook.buck.apple.AppleCxxPlatforms] Apple toolchain path: /Applications/Xcode.app/Contents/Developer/Toolchains/XcodeDefault.xctoolchain
[2017-12-22 14:27:51.812][debug][command:2ee9229d-dd8d-4c25-b4bf-0ccd275c9aa4][tid:354][com.facebook.buck.apple.AppleCxxPlatforms] Headers verification platform whitelist: [^\Q/Applications/Xcode.app/Contents/Developer/Platforms/MacOSX.platform/Developer/Library/Frameworks\E\/.*, ^\Q/Applications/Xcode.app/Contents/Developer/Platforms/MacOSX.platform/Developer/SDKs/MacOSX.sdk\E\/.*, ^\Q/Applications/Xcode.app/Contents/Developer/Toolchains/XcodeDefault.xctoolchain\E\/.*]
[2017-12-22 14:27:51.813][debug][command:2ee9229d-dd8d-4c25-b4bf-0ccd275c9aa4][tid:354][com.facebook.buck.apple.AppleCxxPlatforms] SDK AppleSdk{name=watchsimulator4.2, version=4.2, applePlatform=ApplePlatform{name=watchsimulator, architectures=[i386], minVersionFlagPrefix=-mwatchos-simulator-version-min=, stubBinaryPath=Library/Application Support/WatchKit/WK, appIncludesFrameworks=false}, architectures=[i386], toolchains=[AppleToolchain{identifier=com.apple.dt.toolchain.XcodeDefault, path=/Applications/Xcode.app/Contents/Developer/Toolchains/XcodeDefault.xctoolchain}]} using default version 4.2
[2017-12-22 14:27:51.815][debug][command:2ee9229d-dd8d-4c25-b4bf-0ccd275c9aa4][tid:354][com.facebook.buck.apple.AppleCxxPlatforms] Xcode build version is: 9C40b
[2017-12-22 14:27:51.819][debug][command:2ee9229d-dd8d-4c25-b4bf-0ccd275c9aa4][tid:354][com.facebook.buck.apple.AppleCxxPlatforms] Apple toolchain path: /Applications/Xcode.app/Contents/Developer/Toolchains/XcodeDefault.xctoolchain
[2017-12-22 14:27:51.819][debug][command:2ee9229d-dd8d-4c25-b4bf-0ccd275c9aa4][tid:354][com.facebook.buck.apple.AppleCxxPlatforms] Headers verification platform whitelist: [^\Q/Applications/Xcode.app/Contents/Developer/Platforms/WatchSimulator.platform/Developer/Library/Frameworks\E\/.*, ^\Q/Applications/Xcode.app/Contents/Developer/Platforms/WatchSimulator.platform/Developer/SDKs/WatchSimulator.sdk\E\/.*, ^\Q/Applications/Xcode.app/Contents/Developer/Toolchains/XcodeDefault.xctoolchain\E\/.*]
[2017-12-22 14:27:51.820][debug][command:2ee9229d-dd8d-4c25-b4bf-0ccd275c9aa4][tid:354][com.facebook.buck.apple.AppleCxxPlatforms] SDK AppleSdk{name=appletvsimulator11.2, version=11.2, applePlatform=ApplePlatform{name=appletvsimulator, swiftName=tvos, architectures=[x86_64], minVersionFlagPrefix=-mtvos-simulator-version-min=, appIncludesFrameworks=false}, architectures=[x86_64], toolchains=[AppleToolchain{identifier=com.apple.dt.toolchain.XcodeDefault, path=/Applications/Xcode.app/Contents/Developer/Toolchains/XcodeDefault.xctoolchain}]} using default version 11.2
[2017-12-22 14:27:51.821][debug][command:2ee9229d-dd8d-4c25-b4bf-0ccd275c9aa4][tid:354][com.facebook.buck.apple.AppleCxxPlatforms] Xcode build version is: 9C40b
[2017-12-22 14:27:51.822][warn ][command:2ee9229d-dd8d-4c25-b4bf-0ccd275c9aa4][tid:354][com.facebook.buck.apple.AppleCxxPlatforms] /Applications/Xcode.app/Contents/Developer/Platforms/AppleTVSimulator.platform/version.plist does not exist. Build version will be unset for this platform.
[2017-12-22 14:27:51.823][debug][command:2ee9229d-dd8d-4c25-b4bf-0ccd275c9aa4][tid:354][com.facebook.buck.apple.AppleCxxPlatforms] Apple toolchain path: /Applications/Xcode.app/Contents/Developer/Toolchains/XcodeDefault.xctoolchain
[2017-12-22 14:27:51.828][debug][command:null][tid:373][com.facebook.buck.util.ListeningProcessExecutor] Wait for process returned 4
[2017-12-22 14:27:51.828][debug][command:null][tid:373][com.facebook.buck.util.ListeningProcessExecutor] Destroying process com.facebook.buck.util.ListeningProcessExecutor$LaunchedProcessImpl@3d5cbbd9 (force true)
[2017-12-22 14:27:51.828][debug][command:null][tid:373][com.facebook.buck.util.environment.MacNetworkConfiguration] Determine active state of media for device
[2017-12-22 14:27:51.828][debug][command:null][tid:373][com.facebook.buck.util.ListeningProcessExecutor] Launching process with params ProcessExecutorParams{command=[networksetup, -getMedia, usbmodem1431]}
[2017-12-22 14:27:51.829][debug][command:2ee9229d-dd8d-4c25-b4bf-0ccd275c9aa4][tid:354][com.facebook.buck.apple.AppleCxxPlatforms] Headers verification platform whitelist: [^\Q/Applications/Xcode.app/Contents/Developer/Platforms/AppleTVSimulator.platform/Developer/Library/Frameworks\E\/.*, ^\Q/Applications/Xcode.app/Contents/Developer/Platforms/AppleTVSimulator.platform/Developer/SDKs/AppleTVSimulator.sdk\E\/.*, ^\Q/Applications/Xcode.app/Contents/Developer/Toolchains/XcodeDefault.xctoolchain\E\/.*]
[2017-12-22 14:27:51.829][debug][command:2ee9229d-dd8d-4c25-b4bf-0ccd275c9aa4][tid:354][com.facebook.buck.apple.AppleCxxPlatforms] SDK AppleSdk{name=iphonesimulator11.2, version=11.2, applePlatform=ApplePlatform{name=iphonesimulator, swiftName=ios, architectures=[i386, x86_64], minVersionFlagPrefix=-mios-simulator-version-min=, stubBinaryPath=Library/Application Support/WatchKit/WK, appIncludesFrameworks=false}, architectures=[i386, x86_64], toolchains=[AppleToolchain{identifier=com.apple.dt.toolchain.XcodeDefault, path=/Applications/Xcode.app/Contents/Developer/Toolchains/XcodeDefault.xctoolchain}]} using default version 11.2
[2017-12-22 14:27:51.831][debug][command:2ee9229d-dd8d-4c25-b4bf-0ccd275c9aa4][tid:354][com.facebook.buck.apple.AppleCxxPlatforms] Xcode build version is: 9C40b
[2017-12-22 14:27:51.831][debug][command:null][tid:373][com.facebook.buck.util.ListeningProcessExecutor] Successfully launched process com.zaxxer.nuprocess.osx.OsxProcess@425dce89
[2017-12-22 14:27:51.832][debug][command:null][tid:373][com.facebook.buck.util.ListeningProcessExecutor] Waiting for process com.facebook.buck.util.ListeningProcessExecutor$LaunchedProcessImpl@450f9530 timeout 1000 MILLISECONDS
[2017-12-22 14:27:51.835][warn ][command:2ee9229d-dd8d-4c25-b4bf-0ccd275c9aa4][tid:354][com.facebook.buck.apple.AppleCxxPlatforms] /Applications/Xcode.app/Contents/Developer/Platforms/iPhoneSimulator.platform/version.plist does not exist. Build version will be unset for this platform.
[2017-12-22 14:27:51.835][debug][command:2ee9229d-dd8d-4c25-b4bf-0ccd275c9aa4][tid:354][com.facebook.buck.apple.AppleCxxPlatforms] Apple toolchain path: /Applications/Xcode.app/Contents/Developer/Toolchains/XcodeDefault.xctoolchain
[2017-12-22 14:27:51.836][debug][command:2ee9229d-dd8d-4c25-b4bf-0ccd275c9aa4][tid:354][com.facebook.buck.apple.AppleCxxPlatforms] Headers verification platform whitelist: [^\Q/Applications/Xcode.app/Contents/Developer/Platforms/iPhoneSimulator.platform/Developer/Library/Frameworks\E\/.*, ^\Q/Applications/Xcode.app/Contents/Developer/Platforms/iPhoneSimulator.platform/Developer/SDKs/iPhoneSimulator.sdk\E\/.*, ^\Q/Applications/Xcode.app/Contents/Developer/Toolchains/XcodeDefault.xctoolchain\E\/.*]
[2017-12-22 14:27:51.837][debug][command:2ee9229d-dd8d-4c25-b4bf-0ccd275c9aa4][tid:354][com.facebook.buck.apple.AppleCxxPlatforms] Xcode build version is: 9C40b
[2017-12-22 14:27:51.838][warn ][command:2ee9229d-dd8d-4c25-b4bf-0ccd275c9aa4][tid:354][com.facebook.buck.apple.AppleCxxPlatforms] /Applications/Xcode.app/Contents/Developer/Platforms/iPhoneSimulator.platform/version.plist does not exist. Build version will be unset for this platform.
[2017-12-22 14:27:51.838][debug][command:2ee9229d-dd8d-4c25-b4bf-0ccd275c9aa4][tid:354][com.facebook.buck.apple.AppleCxxPlatforms] Apple toolchain path: /Applications/Xcode.app/Contents/Developer/Toolchains/XcodeDefault.xctoolchain
[2017-12-22 14:27:51.838][debug][command:2ee9229d-dd8d-4c25-b4bf-0ccd275c9aa4][tid:354][com.facebook.buck.apple.AppleCxxPlatforms] Headers verification platform whitelist: [^\Q/Applications/Xcode.app/Contents/Developer/Platforms/iPhoneSimulator.platform/Developer/Library/Frameworks\E\/.*, ^\Q/Applications/Xcode.app/Contents/Developer/Platforms/iPhoneSimulator.platform/Developer/SDKs/iPhoneSimulator.sdk\E\/.*, ^\Q/Applications/Xcode.app/Contents/Developer/Toolchains/XcodeDefault.xctoolchain\E\/.*]
[2017-12-22 14:27:51.839][debug][command:2ee9229d-dd8d-4c25-b4bf-0ccd275c9aa4][tid:354][com.facebook.buck.apple.AppleCxxPlatforms] SDK AppleSdk{name=appletvos, version=11.2, applePlatform=ApplePlatform{name=appletvos, provisioningProfileName=tvOS, architectures=[arm64], minVersionFlagPrefix=-mtvos-version-min=, appIncludesFrameworks=false}, architectures=[arm64], toolchains=[AppleToolchain{identifier=com.apple.dt.toolchain.XcodeDefault, path=/Applications/Xcode.app/Contents/Developer/Toolchains/XcodeDefault.xctoolchain}]} using default version 11.2
[2017-12-22 14:27:51.840][debug][command:2ee9229d-dd8d-4c25-b4bf-0ccd275c9aa4][tid:354][com.facebook.buck.apple.AppleCxxPlatforms] Xcode build version is: 9C40b
[2017-12-22 14:27:51.843][debug][command:2ee9229d-dd8d-4c25-b4bf-0ccd275c9aa4][tid:354][com.facebook.buck.apple.AppleCxxPlatforms] Apple toolchain path: /Applications/Xcode.app/Contents/Developer/Toolchains/XcodeDefault.xctoolchain
[2017-12-22 14:27:51.843][debug][command:2ee9229d-dd8d-4c25-b4bf-0ccd275c9aa4][tid:354][com.facebook.buck.apple.AppleCxxPlatforms] Headers verification platform whitelist: [^\Q/Applications/Xcode.app/Contents/Developer/Platforms/AppleTVOS.platform/Developer/Library/Frameworks\E\/.*, ^\Q/Applications/Xcode.app/Contents/Developer/Platforms/AppleTVOS.platform/Developer/SDKs/AppleTVOS.sdk\E\/.*, ^\Q/Applications/Xcode.app/Contents/Developer/Toolchains/XcodeDefault.xctoolchain\E\/.*]
[2017-12-22 14:27:51.844][debug][command:2ee9229d-dd8d-4c25-b4bf-0ccd275c9aa4][tid:354][com.facebook.buck.apple.AppleCxxPlatforms] SDK AppleSdk{name=appletvsimulator, version=11.2, applePlatform=ApplePlatform{name=appletvsimulator, swiftName=tvos, architectures=[x86_64], minVersionFlagPrefix=-mtvos-simulator-version-min=, appIncludesFrameworks=false}, architectures=[x86_64], toolchains=[AppleToolchain{identifier=com.apple.dt.toolchain.XcodeDefault, path=/Applications/Xcode.app/Contents/Developer/Toolchains/XcodeDefault.xctoolchain}]} using default version 11.2
[2017-12-22 14:27:51.845][debug][command:2ee9229d-dd8d-4c25-b4bf-0ccd275c9aa4][tid:354][com.facebook.buck.apple.AppleCxxPlatforms] Xcode build version is: 9C40b
[2017-12-22 14:27:51.848][warn ][command:2ee9229d-dd8d-4c25-b4bf-0ccd275c9aa4][tid:354][com.facebook.buck.apple.AppleCxxPlatforms] /Applications/Xcode.app/Contents/Developer/Platforms/AppleTVSimulator.platform/version.plist does not exist. Build version will be unset for this platform.
[2017-12-22 14:27:51.848][debug][command:2ee9229d-dd8d-4c25-b4bf-0ccd275c9aa4][tid:354][com.facebook.buck.apple.AppleCxxPlatforms] Apple toolchain path: /Applications/Xcode.app/Contents/Developer/Toolchains/XcodeDefault.xctoolchain
[2017-12-22 14:27:51.848][debug][command:2ee9229d-dd8d-4c25-b4bf-0ccd275c9aa4][tid:354][com.facebook.buck.apple.AppleCxxPlatforms] Headers verification platform whitelist: [^\Q/Applications/Xcode.app/Contents/Developer/Platforms/AppleTVSimulator.platform/Developer/Library/Frameworks\E\/.*, ^\Q/Applications/Xcode.app/Contents/Developer/Platforms/AppleTVSimulator.platform/Developer/SDKs/AppleTVSimulator.sdk\E\/.*, ^\Q/Applications/Xcode.app/Contents/Developer/Toolchains/XcodeDefault.xctoolchain\E\/.*]
[2017-12-22 14:27:51.851][debug][command:2ee9229d-dd8d-4c25-b4bf-0ccd275c9aa4][tid:354][com.facebook.buck.apple.AppleCxxPlatforms] SDK AppleSdk{name=iphoneos, version=11.2, applePlatform=ApplePlatform{name=iphoneos, swiftName=ios, provisioningProfileName=iOS, architectures=[armv7, arm64], minVersionFlagPrefix=-mios-version-min=, stubBinaryPath=Library/Application Support/WatchKit/WK, appIncludesFrameworks=false}, architectures=[armv7, arm64], toolchains=[AppleToolchain{identifier=com.apple.dt.toolchain.XcodeDefault, path=/Applications/Xcode.app/Contents/Developer/Toolchains/XcodeDefault.xctoolchain}]} using default version 11.2
[2017-12-22 14:27:51.853][debug][command:2ee9229d-dd8d-4c25-b4bf-0ccd275c9aa4][tid:354][com.facebook.buck.apple.AppleCxxPlatforms] Xcode build version is: 9C40b
[2017-12-22 14:27:51.855][debug][command:2ee9229d-dd8d-4c25-b4bf-0ccd275c9aa4][tid:354][com.facebook.buck.apple.AppleCxxPlatforms] Apple toolchain path: /Applications/Xcode.app/Contents/Developer/Toolchains/XcodeDefault.xctoolchain
[2017-12-22 14:27:51.855][debug][command:2ee9229d-dd8d-4c25-b4bf-0ccd275c9aa4][tid:354][com.facebook.buck.apple.AppleCxxPlatforms] Headers verification platform whitelist: [^\Q/Applications/Xcode.app/Contents/Developer/Platforms/iPhoneOS.platform/Developer/Library/Frameworks\E\/.*, ^\Q/Applications/Xcode.app/Contents/Developer/Platforms/iPhoneOS.platform/Developer/SDKs/iPhoneOS.sdk\E\/.*, ^\Q/Applications/Xcode.app/Contents/Developer/Toolchains/XcodeDefault.xctoolchain\E\/.*]
[2017-12-22 14:27:51.857][debug][command:2ee9229d-dd8d-4c25-b4bf-0ccd275c9aa4][tid:354][com.facebook.buck.apple.AppleCxxPlatforms] Xcode build version is: 9C40b
[2017-12-22 14:27:51.858][debug][command:2ee9229d-dd8d-4c25-b4bf-0ccd275c9aa4][tid:354][com.facebook.buck.apple.AppleCxxPlatforms] Apple toolchain path: /Applications/Xcode.app/Contents/Developer/Toolchains/XcodeDefault.xctoolchain
[2017-12-22 14:27:51.859][debug][command:2ee9229d-dd8d-4c25-b4bf-0ccd275c9aa4][tid:354][com.facebook.buck.apple.AppleCxxPlatforms] Headers verification platform whitelist: [^\Q/Applications/Xcode.app/Contents/Developer/Platforms/iPhoneOS.platform/Developer/Library/Frameworks\E\/.*, ^\Q/Applications/Xcode.app/Contents/Developer/Platforms/iPhoneOS.platform/Developer/SDKs/iPhoneOS.sdk\E\/.*, ^\Q/Applications/Xcode.app/Contents/Developer/Toolchains/XcodeDefault.xctoolchain\E\/.*]
[2017-12-22 14:27:51.860][debug][command:2ee9229d-dd8d-4c25-b4bf-0ccd275c9aa4][tid:354][com.facebook.buck.apple.AppleCxxPlatforms] SDK AppleSdk{name=iphonesimulator, version=11.2, applePlatform=ApplePlatform{name=iphonesimulator, swiftName=ios, architectures=[i386, x86_64], minVersionFlagPrefix=-mios-simulator-version-min=, stubBinaryPath=Library/Application Support/WatchKit/WK, appIncludesFrameworks=false}, architectures=[i386, x86_64], toolchains=[AppleToolchain{identifier=com.apple.dt.toolchain.XcodeDefault, path=/Applications/Xcode.app/Contents/Developer/Toolchains/XcodeDefault.xctoolchain}]} using default version 11.2
[2017-12-22 14:27:51.861][debug][command:2ee9229d-dd8d-4c25-b4bf-0ccd275c9aa4][tid:354][com.facebook.buck.apple.AppleCxxPlatforms] Xcode build version is: 9C40b
[2017-12-22 14:27:51.863][warn ][command:2ee9229d-dd8d-4c25-b4bf-0ccd275c9aa4][tid:354][com.facebook.buck.apple.AppleCxxPlatforms] /Applications/Xcode.app/Contents/Developer/Platforms/iPhoneSimulator.platform/version.plist does not exist. Build version will be unset for this platform.
[2017-12-22 14:27:51.863][debug][command:2ee9229d-dd8d-4c25-b4bf-0ccd275c9aa4][tid:354][com.facebook.buck.apple.AppleCxxPlatforms] Apple toolchain path: /Applications/Xcode.app/Contents/Developer/Toolchains/XcodeDefault.xctoolchain
[2017-12-22 14:27:51.863][debug][command:2ee9229d-dd8d-4c25-b4bf-0ccd275c9aa4][tid:354][com.facebook.buck.apple.AppleCxxPlatforms] Headers verification platform whitelist: [^\Q/Applications/Xcode.app/Contents/Developer/Platforms/iPhoneSimulator.platform/Developer/Library/Frameworks\E\/.*, ^\Q/Applications/Xcode.app/Contents/Developer/Platforms/iPhoneSimulator.platform/Developer/SDKs/iPhoneSimulator.sdk\E\/.*, ^\Q/Applications/Xcode.app/Contents/Developer/Toolchains/XcodeDefault.xctoolchain\E\/.*]
[2017-12-22 14:27:51.868][debug][command:2ee9229d-dd8d-4c25-b4bf-0ccd275c9aa4][tid:354][com.facebook.buck.apple.AppleCxxPlatforms] Xcode build version is: 9C40b
[2017-12-22 14:27:51.869][warn ][command:2ee9229d-dd8d-4c25-b4bf-0ccd275c9aa4][tid:354][com.facebook.buck.apple.AppleCxxPlatforms] /Applications/Xcode.app/Contents/Developer/Platforms/iPhoneSimulator.platform/version.plist does not exist. Build version will be unset for this platform.
[2017-12-22 14:27:51.871][debug][command:2ee9229d-dd8d-4c25-b4bf-0ccd275c9aa4][tid:354][com.facebook.buck.apple.AppleCxxPlatforms] Apple toolchain path: /Applications/Xcode.app/Contents/Developer/Toolchains/XcodeDefault.xctoolchain
[2017-12-22 14:27:51.871][debug][command:2ee9229d-dd8d-4c25-b4bf-0ccd275c9aa4][tid:354][com.facebook.buck.apple.AppleCxxPlatforms] Headers verification platform whitelist: [^\Q/Applications/Xcode.app/Contents/Developer/Platforms/iPhoneSimulator.platform/Developer/Library/Frameworks\E\/.*, ^\Q/Applications/Xcode.app/Contents/Developer/Platforms/iPhoneSimulator.platform/Developer/SDKs/iPhoneSimulator.sdk\E\/.*, ^\Q/Applications/Xcode.app/Contents/Developer/Toolchains/XcodeDefault.xctoolchain\E\/.*]
[2017-12-22 14:27:51.872][debug][command:2ee9229d-dd8d-4c25-b4bf-0ccd275c9aa4][tid:354][com.facebook.buck.apple.AppleCxxPlatforms] SDK AppleSdk{name=macosx, version=10.13, applePlatform=ApplePlatform{name=macosx, architectures=[i386, x86_64], minVersionFlagPrefix=-mmacosx-version-min=, appIncludesFrameworks=true}, architectures=[i386, x86_64], toolchains=[AppleToolchain{identifier=com.apple.dt.toolchain.XcodeDefault, path=/Applications/Xcode.app/Contents/Developer/Toolchains/XcodeDefault.xctoolchain}]} using default version 10.13
[2017-12-22 14:27:51.874][debug][command:2ee9229d-dd8d-4c25-b4bf-0ccd275c9aa4][tid:354][com.facebook.buck.apple.AppleCxxPlatforms] Xcode build version is: 9C40b
[2017-12-22 14:27:51.880][debug][command:null][tid:373][com.facebook.buck.util.ListeningProcessExecutor] Wait for process returned 4
[2017-12-22 14:27:51.881][debug][command:null][tid:373][com.facebook.buck.util.ListeningProcessExecutor] Destroying process com.facebook.buck.util.ListeningProcessExecutor$LaunchedProcessImpl@450f9530 (force true)
[2017-12-22 14:27:51.881][debug][command:null][tid:373][com.facebook.buck.util.environment.MacNetworkConfiguration] Determine active state of media for device
[2017-12-22 14:27:51.881][debug][command:null][tid:373][com.facebook.buck.util.ListeningProcessExecutor] Launching process with params ProcessExecutorParams{command=[networksetup, -getMedia, usbmodem14331]}
[2017-12-22 14:27:51.882][warn ][command:2ee9229d-dd8d-4c25-b4bf-0ccd275c9aa4][tid:354][com.facebook.buck.apple.AppleCxxPlatforms] In /Applications/Xcode.app/Contents/Developer/Platforms/MacOSX.platform/version.plist, missing ProductBuildVersion. Build version will be unset for this platform.
[2017-12-22 14:27:51.882][debug][command:2ee9229d-dd8d-4c25-b4bf-0ccd275c9aa4][tid:354][com.facebook.buck.apple.AppleCxxPlatforms] Apple toolchain path: /Applications/Xcode.app/Contents/Developer/Toolchains/XcodeDefault.xctoolchain
[2017-12-22 14:27:51.883][debug][command:2ee9229d-dd8d-4c25-b4bf-0ccd275c9aa4][tid:354][com.facebook.buck.apple.AppleCxxPlatforms] Headers verification platform whitelist: [^\Q/Applications/Xcode.app/Contents/Developer/Platforms/MacOSX.platform/Developer/Library/Frameworks\E\/.*, ^\Q/Applications/Xcode.app/Contents/Developer/Platforms/MacOSX.platform/Developer/SDKs/MacOSX.sdk\E\/.*, ^\Q/Applications/Xcode.app/Contents/Developer/Toolchains/XcodeDefault.xctoolchain\E\/.*]
[2017-12-22 14:27:51.885][debug][command:2ee9229d-dd8d-4c25-b4bf-0ccd275c9aa4][tid:354][com.facebook.buck.apple.AppleCxxPlatforms] Xcode build version is: 9C40b
[2017-12-22 14:27:51.888][debug][command:null][tid:373][com.facebook.buck.util.ListeningProcessExecutor] Successfully launched process com.zaxxer.nuprocess.osx.OsxProcess@13cb4183
[2017-12-22 14:27:51.889][debug][command:null][tid:373][com.facebook.buck.util.ListeningProcessExecutor] Waiting for process com.facebook.buck.util.ListeningProcessExecutor$LaunchedProcessImpl@4b91b250 timeout 1000 MILLISECONDS
[2017-12-22 14:27:51.898][warn ][command:2ee9229d-dd8d-4c25-b4bf-0ccd275c9aa4][tid:354][com.facebook.buck.apple.AppleCxxPlatforms] In /Applications/Xcode.app/Contents/Developer/Platforms/MacOSX.platform/version.plist, missing ProductBuildVersion. Build version will be unset for this platform.
[2017-12-22 14:27:51.898][debug][command:2ee9229d-dd8d-4c25-b4bf-0ccd275c9aa4][tid:354][com.facebook.buck.apple.AppleCxxPlatforms] Apple toolchain path: /Applications/Xcode.app/Contents/Developer/Toolchains/XcodeDefault.xctoolchain
[2017-12-22 14:27:51.898][debug][command:2ee9229d-dd8d-4c25-b4bf-0ccd275c9aa4][tid:354][com.facebook.buck.apple.AppleCxxPlatforms] Headers verification platform whitelist: [^\Q/Applications/Xcode.app/Contents/Developer/Platforms/MacOSX.platform/Developer/Library/Frameworks\E\/.*, ^\Q/Applications/Xcode.app/Contents/Developer/Platforms/MacOSX.platform/Developer/SDKs/MacOSX.sdk\E\/.*, ^\Q/Applications/Xcode.app/Contents/Developer/Toolchains/XcodeDefault.xctoolchain\E\/.*]
[2017-12-22 14:27:51.899][debug][command:2ee9229d-dd8d-4c25-b4bf-0ccd275c9aa4][tid:354][com.facebook.buck.apple.AppleCxxPlatforms] SDK AppleSdk{name=watchos, version=4.2, applePlatform=ApplePlatform{name=watchos, provisioningProfileName=iOS, architectures=[armv7k], minVersionFlagPrefix=-mwatchos-version-min=, stubBinaryPath=Library/Application Support/WatchKit/WK, appIncludesFrameworks=false}, architectures=[armv7k], toolchains=[AppleToolchain{identifier=com.apple.dt.toolchain.XcodeDefault, path=/Applications/Xcode.app/Contents/Developer/Toolchains/XcodeDefault.xctoolchain}]} using default version 4.2
[2017-12-22 14:27:51.900][debug][command:2ee9229d-dd8d-4c25-b4bf-0ccd275c9aa4][tid:354][com.facebook.buck.apple.AppleCxxPlatforms] Xcode build version is: 9C40b
[2017-12-22 14:27:51.902][debug][command:2ee9229d-dd8d-4c25-b4bf-0ccd275c9aa4][tid:354][com.facebook.buck.apple.AppleCxxPlatforms] Apple toolchain path: /Applications/Xcode.app/Contents/Developer/Toolchains/XcodeDefault.xctoolchain
[2017-12-22 14:27:51.903][debug][command:2ee9229d-dd8d-4c25-b4bf-0ccd275c9aa4][tid:354][com.facebook.buck.apple.AppleCxxPlatforms] Headers verification platform whitelist: [^\Q/Applications/Xcode.app/Contents/Developer/Platforms/WatchOS.platform/Developer/Library/Frameworks\E\/.*, ^\Q/Applications/Xcode.app/Contents/Developer/Platforms/WatchOS.platform/Developer/SDKs/WatchOS.sdk\E\/.*, ^\Q/Applications/Xcode.app/Contents/Developer/Toolchains/XcodeDefault.xctoolchain\E\/.*]
[2017-12-22 14:27:51.903][debug][command:2ee9229d-dd8d-4c25-b4bf-0ccd275c9aa4][tid:354][com.facebook.buck.apple.AppleCxxPlatforms] SDK AppleSdk{name=watchsimulator, version=4.2, applePlatform=ApplePlatform{name=watchsimulator, architectures=[i386], minVersionFlagPrefix=-mwatchos-simulator-version-min=, stubBinaryPath=Library/Application Support/WatchKit/WK, appIncludesFrameworks=false}, architectures=[i386], toolchains=[AppleToolchain{identifier=com.apple.dt.toolchain.XcodeDefault, path=/Applications/Xcode.app/Contents/Developer/Toolchains/XcodeDefault.xctoolchain}]} using default version 4.2
[2017-12-22 14:27:51.906][debug][command:2ee9229d-dd8d-4c25-b4bf-0ccd275c9aa4][tid:354][com.facebook.buck.apple.AppleCxxPlatforms] Xcode build version is: 9C40b
[2017-12-22 14:27:51.908][debug][command:2ee9229d-dd8d-4c25-b4bf-0ccd275c9aa4][tid:354][com.facebook.buck.apple.AppleCxxPlatforms] Apple toolchain path: /Applications/Xcode.app/Contents/Developer/Toolchains/XcodeDefault.xctoolchain
[2017-12-22 14:27:51.908][debug][command:2ee9229d-dd8d-4c25-b4bf-0ccd275c9aa4][tid:354][com.facebook.buck.apple.AppleCxxPlatforms] Headers verification platform whitelist: [^\Q/Applications/Xcode.app/Contents/Developer/Platforms/WatchSimulator.platform/Developer/Library/Frameworks\E\/.*, ^\Q/Applications/Xcode.app/Contents/Developer/Platforms/WatchSimulator.platform/Developer/SDKs/WatchSimulator.sdk\E\/.*, ^\Q/Applications/Xcode.app/Contents/Developer/Toolchains/XcodeDefault.xctoolchain\E\/.*]
[2017-12-22 14:27:51.910][debug][command:2ee9229d-dd8d-4c25-b4bf-0ccd275c9aa4][tid:354][com.facebook.buck.io.ExecutableFinder] Executable 'clang' mapped to 'Optional[/usr/bin/clang]'
[2017-12-22 14:27:51.910][debug][command:2ee9229d-dd8d-4c25-b4bf-0ccd275c9aa4][tid:354][com.facebook.buck.io.ExecutableFinder] Executable 'clang++' mapped to 'Optional[/usr/bin/clang++]'
[2017-12-22 14:27:51.919][debug][command:2ee9229d-dd8d-4c25-b4bf-0ccd275c9aa4][tid:354][com.facebook.buck.io.ExecutableFinder] Executable 'ar' mapped to 'Optional[/usr/bin/ar]'
[2017-12-22 14:27:51.919][debug][command:2ee9229d-dd8d-4c25-b4bf-0ccd275c9aa4][tid:354][com.facebook.buck.io.ExecutableFinder] Executable 'strip' mapped to 'Optional[/usr/bin/strip]'
[2017-12-22 14:27:51.920][debug][command:2ee9229d-dd8d-4c25-b4bf-0ccd275c9aa4][tid:354][com.facebook.buck.io.ExecutableFinder] Executable 'ranlib' mapped to 'Optional[/usr/bin/ranlib]'
[2017-12-22 14:27:51.921][debug][command:2ee9229d-dd8d-4c25-b4bf-0ccd275c9aa4][tid:354][com.facebook.buck.io.ExecutableFinder] Executable 'nm' mapped to 'Optional[/usr/bin/nm]'
[2017-12-22 14:27:51.922][debug][command:2ee9229d-dd8d-4c25-b4bf-0ccd275c9aa4][tid:354][com.facebook.buck.cxx.toolchain.CxxPlatforms] Using config default C++ platform CxxPlatform{flavor=iphonesimulator-x86_64, as=com.facebook.buck.cxx.toolchain.CompilerProvider@f6676ac, asflags=[-isysroot, /Applications/Xcode.app/Contents/Developer/Platforms/iPhoneSimulator.platform/Developer/SDKs/iPhoneSimulator.sdk, -arch, x86_64, -mios-simulator-version-min=11.2, -iquote, /Users/remirobert/dev/Dog-project], aspp=com.facebook.buck.cxx.toolchain.PreprocessorProvider@3092cab5, asppflags=[], cc=com.facebook.buck.cxx.toolchain.CompilerProvider@1af635e1, cflags=[-isysroot, /Applications/Xcode.app/Contents/Developer/Platforms/iPhoneSimulator.platform/Developer/SDKs/iPhoneSimulator.sdk, -arch, x86_64, -mios-simulator-version-min=11.2, -iquote, /Users/remirobert/dev/Dog-project, -std=gnu11], cxx=com.facebook.buck.cxx.toolchain.CompilerProvider@7e92c15c, cxxflags=[-isysroot, /Applications/Xcode.app/Contents/Developer/Platforms/iPhoneSimulator.platform/Developer/SDKs/iPhoneSimulator.sdk, -arch, x86_64, -mios-simulator-version-min=11.2, -iquote, /Users/remirobert/dev/Dog-project, -std=c++14, -stdlib=libc++], cpp=com.facebook.buck.cxx.toolchain.PreprocessorProvider@427d0b34, cppflags=[], cxxpp=com.facebook.buck.cxx.toolchain.PreprocessorProvider@649ca6ac, cxxppflags=[], cudappflags=[], cudaflags=[], asmppflags=[], asmflags=[], ld=com.facebook.buck.cxx.toolchain.linker.DefaultLinkerProvider@4f6ecee3, ldflags=[-isysroot, /Applications/Xcode.app/Contents/Developer/Platforms/iPhoneSimulator.platform/Developer/SDKs/iPhoneSimulator.sdk, -arch, x86_64, -mios-simulator-version-min=11.2, -iquote, /Users/remirobert/dev/Dog-project, -Wl,-sdk_version, -Wl,11.2, -Wl,-ObjC], runtimeLdflags={}, strip=VersionedTool{path=/Applications/Xcode.app/Contents/Developer/Toolchains/XcodeDefault.xctoolchain/usr/bin/strip, extraArgs=[], name=apple-strip, version=11.2:9C40b}, stripFlags=[], ar=com.facebook.buck.cxx.toolchain.ArchiverProvider$1@271e6e73, arflags=[], ranlib=com.facebook.buck.rules.ConstantToolProvider@d90e50f, ranlibflags=[], symbolNameTool=com.facebook.buck.cxx.toolchain.LazyDelegatingSymbolNameTool@cb89bd7, sharedLibraryExtension=dylib, sharedLibraryVersionedExtensionFormat=%s.dylib, staticLibraryExtension=a, objectFileExtension=o, compilerDebugPathSanitizer=com.facebook.buck.cxx.toolchain.PrefixMapDebugPathSanitizer@35185575, assemblerDebugPathSanitizer=com.facebook.buck.cxx.toolchain.MungingDebugPathSanitizer@61a1d853, headerVerification=HeaderVerification{mode=IGNORE, whitelist=[], platformWhitelist=[^\Q/Applications/Xcode.app/Contents/Developer/Platforms/iPhoneSimulator.platform/Developer/Library/Frameworks\E\/.*, ^\Q/Applications/Xcode.app/Contents/Developer/Platforms/iPhoneSimulator.platform/Developer/SDKs/iPhoneSimulator.sdk\E\/.*, ^\Q/Applications/Xcode.app/Contents/Developer/Toolchains/XcodeDefault.xctoolchain\E\/.*], whitelistPatterns=[^\Q/Applications/Xcode.app/Contents/Developer/Platforms/iPhoneSimulator.platform/Developer/Library/Frameworks\E\/.*, ^\Q/Applications/Xcode.app/Contents/Developer/Platforms/iPhoneSimulator.platform/Developer/SDKs/iPhoneSimulator.sdk\E\/.*, ^\Q/Applications/Xcode.app/Contents/Developer/Toolchains/XcodeDefault.xctoolchain\E\/.*]}, flagMacros={SDKROOT=/Applications/Xcode.app/Contents/Developer/Platforms/iPhoneSimulator.platform/Developer/SDKs/iPhoneSimulator.sdk, PLATFORM_DIR=/Applications/Xcode.app/Contents/Developer/Platforms/iPhoneSimulator.platform, CURRENT_ARCH=x86_64, DEVELOPER_DIR=/Applications/Xcode.app/Contents/Developer}, publicHeadersSymlinksEnabled=true, privateHeadersSymlinksEnabled=true}
[2017-12-22 14:27:51.923][debug][command:2ee9229d-dd8d-4c25-b4bf-0ccd275c9aa4][tid:354][com.facebook.buck.io.ExecutableFinder] Executable 'python2' mapped to 'Optional[/usr/local/bin/python2]'
[2017-12-22 14:27:51.937][debug][command:null][tid:373][com.facebook.buck.util.ListeningProcessExecutor] Wait for process returned 4
[2017-12-22 14:27:51.937][debug][command:null][tid:373][com.facebook.buck.util.ListeningProcessExecutor] Destroying process com.facebook.buck.util.ListeningProcessExecutor$LaunchedProcessImpl@4b91b250 (force true)
[2017-12-22 14:27:51.937][debug][command:null][tid:373][com.facebook.buck.util.environment.MacNetworkConfiguration] Determine active state of media for device
[2017-12-22 14:27:51.937][debug][command:null][tid:373][com.facebook.buck.util.ListeningProcessExecutor] Launching process with params ProcessExecutorParams{command=[networksetup, -getMedia, lpss-serial1]}
[2017-12-22 14:27:51.940][debug][command:null][tid:373][com.facebook.buck.util.ListeningProcessExecutor] Successfully launched process com.zaxxer.nuprocess.osx.OsxProcess@6714042d
[2017-12-22 14:27:51.940][debug][command:null][tid:373][com.facebook.buck.util.ListeningProcessExecutor] Waiting for process com.facebook.buck.util.ListeningProcessExecutor$LaunchedProcessImpl@5e0bbbea timeout 1000 MILLISECONDS
[2017-12-22 14:27:51.981][debug][command:2ee9229d-dd8d-4c25-b4bf-0ccd275c9aa4][tid:354][com.facebook.buck.apple.ProvisioningProfileStore] Provisioning profile search path: /Users/remirobert/Library/MobileDevice/Provisioning Profiles
[2017-12-22 14:27:51.988][debug][command:null][tid:373][com.facebook.buck.util.ListeningProcessExecutor] Wait for process returned 4
[2017-12-22 14:27:51.988][debug][command:null][tid:373][com.facebook.buck.util.ListeningProcessExecutor] Destroying process com.facebook.buck.util.ListeningProcessExecutor$LaunchedProcessImpl@5e0bbbea (force true)
[2017-12-22 14:27:51.988][debug][command:null][tid:373][com.facebook.buck.util.environment.MacNetworkConfiguration] Determine active state of media for device
[2017-12-22 14:27:51.989][debug][command:null][tid:373][com.facebook.buck.util.ListeningProcessExecutor] Launching process with params ProcessExecutorParams{command=[networksetup, -getMedia, lpss-serial2]}
[2017-12-22 14:27:51.996][debug][command:null][tid:373][com.facebook.buck.util.ListeningProcessExecutor] Successfully launched process com.zaxxer.nuprocess.osx.OsxProcess@17853ef1
[2017-12-22 14:27:51.996][debug][command:2ee9229d-dd8d-4c25-b4bf-0ccd275c9aa4][tid:376][com.facebook.buck.io.ExecutableFinder] Executable 'python2' mapped to 'Optional[/usr/local/bin/python2]'
[2017-12-22 14:27:51.997][debug][command:null][tid:373][com.facebook.buck.util.ListeningProcessExecutor] Waiting for process com.facebook.buck.util.ListeningProcessExecutor$LaunchedProcessImpl@51c01d63 timeout 1000 MILLISECONDS
[2017-12-22 14:27:51.998][debug][command:2ee9229d-dd8d-4c25-b4bf-0ccd275c9aa4][tid:376][com.facebook.buck.json.BuckPythonProgram] Writing python rules stub to /Users/remirobert/dev/Dog-project/.buckd/tmp/buck_run.On_K6F/buck_python_program264144737500557311.
[2017-12-22 14:27:52.035][debug][command:2ee9229d-dd8d-4c25-b4bf-0ccd275c9aa4][tid:376][com.facebook.buck.json.BuckPythonProgram] Created temporary buck.py instance at /Users/remirobert/dev/Dog-project/.buckd/tmp/buck_run.On_K6F/buck_python_program264144737500557311.
[2017-12-22 14:27:52.037][debug][command:2ee9229d-dd8d-4c25-b4bf-0ccd275c9aa4][tid:376][com.facebook.buck.json.PythonDslProjectBuildFileParser] Starting buck.py command: [/usr/local/bin/python2, -u, /Users/remirobert/dev/Dog-project/.buckd/tmp/buck_run.On_K6F/buck_python_program264144737500557311/__main__.py, --allow_empty_globs, --watchman_glob_stat_results, --watchman_use_glob_generator, --watchman_socket_path, /usr/local/var/run/watchman/remirobert-state/sock, --project_root, /Users/remirobert/dev/Dog-project, --cell_name, , --build_file_name, BUCK, --quiet, --config, /Users/remirobert/dev/Dog-project/.buckd/tmp/buck_run.On_K6F/raw_config3728768134071677972.json, --ignore_paths, /Users/remirobert/dev/Dog-project/.buckd/tmp/buck_run.On_K6F/ignore_paths7401738249932741147.json] environment: Optional[{TERM_SESSION_ID=w0t0p0:EE64A840-2578-458D-BE97-3AC358615841, SSH_AUTH_SOCK=/private/tmp/com.apple.launchd.TBrwwWW0Rh/Listeners, NAILGUN_FILESEPARATOR=/, NAILGUN_TTY_2=1, NAILGUN_TTY_1=1, PATH=/Users/remirobert/.nvm/versions/node/v6.11.4/bin:/Users/remirobert/.cargo/bin:/usr/local/bin:/usr/bin:/bin:/usr/sbin:/sbin:/usr/local/go/bin://Users/remirobert/go/bin, GOPATH=/Users/remirobert/go, NAILGUN_TTY_0=1, LC_CTYPE=UTF-8, LOGNAME=remirobert, COLORTERM=truecolor, SHLVL=1, ITERM_SESSION_ID=w0t0p0:EE64A840-2578-458D-BE97-3AC358615841, PAGER=less, TERM_PROGRAM=iTerm.app, BUCK_CLASSPATH=/Users/remirobert/dev/Dog-project/.buckd/resources/v2017.11.16.01/buck_server, NVM_BIN=/Users/remirobert/.nvm/versions/node/v6.11.4/bin, LESS=-R, SHELL=/bin/zsh, BUCK_PYTHON_SPACE_INIT_TIME=31, COMMAND_MODE=unix2003, BUCK_TTY=1, SECURITYSESSIONID=186a8, XPC_FLAGS=0x0, BUCK_TERM_COLUMNS=238, __CF_USER_TEXT_ENCODING=0x1F5:0x0:0x0, LANG=en_US.UTF-8, ITERM_PROFILE=Default, COLORFGBG=7;0, LSCOLORS=Gxfxcxdxbxegedabagacad, OLDPWD=/Users/remirobert/dev, HOME=/Users/remirobert, TMPDIR=/var/folders/lh/n146krrx0fb8mcsklb88c5540000gn/T/, XPC_SERVICE_NAME=0, PWD=/Users/remirobert/dev/Dog-project, TERM_PROGRAM_VERSION=3.1.5, ZSH=/Users/remirobert/.oh-my-zsh, LC_ALL=en_US.UTF-8, NAILGUN_PATHSEPARATOR=:, USER=remirobert, Apple_PubSub_Socket_Render=/private/tmp/com.apple.launchd.zKe0LZA76i/Render, TERM=xterm-256color, CLASSPATH=/Users/remirobert/dev/Dog-project/.buckd/resources/v2017.11.16.01/bootstrapper_jar, NVM_DIR=/Users/remirobert/.nvm, NVM_CD_FLAGS=-q, BUCK_BUILD_ID=2ee9229d-dd8d-4c25-b4bf-0ccd275c9aa4, _=/usr/local/bin/buck}]
[2017-12-22 14:27:52.043][debug][command:2ee9229d-dd8d-4c25-b4bf-0ccd275c9aa4][tid:376][com.facebook.buck.json.PythonDslProjectBuildFileParser] Started process com.facebook.buck.util.ProcessExecutor$LaunchedProcessImpl@536cdac2 successfully
[2017-12-22 14:27:52.054][debug][command:null][tid:373][com.facebook.buck.util.ListeningProcessExecutor] Wait for process returned 4
[2017-12-22 14:27:52.054][debug][command:null][tid:373][com.facebook.buck.util.ListeningProcessExecutor] Destroying process com.facebook.buck.util.ListeningProcessExecutor$LaunchedProcessImpl@51c01d63 (force true)
[2017-12-22 14:27:52.054][debug][command:null][tid:373][com.facebook.buck.util.environment.MacNetworkConfiguration] Determine active state of media for device
[2017-12-22 14:27:52.054][debug][command:null][tid:373][com.facebook.buck.util.ListeningProcessExecutor] Launching process with params ProcessExecutorParams{command=[networksetup, -getMedia, en8]}
[2017-12-22 14:27:52.056][debug][command:null][tid:373][com.facebook.buck.util.ListeningProcessExecutor] Successfully launched process com.zaxxer.nuprocess.osx.OsxProcess@16325e1a
[2017-12-22 14:27:52.057][debug][command:null][tid:373][com.facebook.buck.util.ListeningProcessExecutor] Waiting for process com.facebook.buck.util.ListeningProcessExecutor$LaunchedProcessImpl@156563dd timeout 1000 MILLISECONDS
[2017-12-22 14:27:52.105][debug][command:null][tid:373][com.facebook.buck.util.ListeningProcessExecutor] Wait for process returned 4
[2017-12-22 14:27:52.105][debug][command:null][tid:373][com.facebook.buck.util.ListeningProcessExecutor] Destroying process com.facebook.buck.util.ListeningProcessExecutor$LaunchedProcessImpl@156563dd (force true)
[2017-12-22 14:27:52.106][debug][command:null][tid:373][com.facebook.buck.util.environment.MacNetworkConfiguration] Determine active state of media for device
[2017-12-22 14:27:52.106][debug][command:null][tid:373][com.facebook.buck.util.ListeningProcessExecutor] Launching process with params ProcessExecutorParams{command=[networksetup, -getMedia, en10]}
[2017-12-22 14:27:52.115][debug][command:null][tid:373][com.facebook.buck.util.ListeningProcessExecutor] Successfully launched process com.zaxxer.nuprocess.osx.OsxProcess@2ba9b536
[2017-12-22 14:27:52.116][debug][command:null][tid:373][com.facebook.buck.util.ListeningProcessExecutor] Waiting for process com.facebook.buck.util.ListeningProcessExecutor$LaunchedProcessImpl@7a539e25 timeout 1000 MILLISECONDS
[2017-12-22 14:27:52.172][debug][command:null][tid:373][com.facebook.buck.util.ListeningProcessExecutor] Wait for process returned 4
[2017-12-22 14:27:52.172][debug][command:null][tid:373][com.facebook.buck.util.ListeningProcessExecutor] Destroying process com.facebook.buck.util.ListeningProcessExecutor$LaunchedProcessImpl@7a539e25 (force true)
[2017-12-22 14:27:52.172][debug][command:null][tid:373][com.facebook.buck.util.environment.MacNetworkConfiguration] Determine active state of media for device
[2017-12-22 14:27:52.172][debug][command:null][tid:373][com.facebook.buck.util.ListeningProcessExecutor] Launching process with params ProcessExecutorParams{command=[networksetup, -getMedia, en9]}
[2017-12-22 14:27:52.180][debug][command:null][tid:373][com.facebook.buck.util.ListeningProcessExecutor] Successfully launched process com.zaxxer.nuprocess.osx.OsxProcess@7e15cdfb
[2017-12-22 14:27:52.181][debug][command:null][tid:373][com.facebook.buck.util.ListeningProcessExecutor] Waiting for process com.facebook.buck.util.ListeningProcessExecutor$LaunchedProcessImpl@40d0326f timeout 1000 MILLISECONDS
[2017-12-22 14:27:52.229][debug][command:null][tid:373][com.facebook.buck.util.ListeningProcessExecutor] Wait for process returned 4
[2017-12-22 14:27:52.230][debug][command:null][tid:373][com.facebook.buck.util.ListeningProcessExecutor] Destroying process com.facebook.buck.util.ListeningProcessExecutor$LaunchedProcessImpl@40d0326f (force true)
[2017-12-22 14:27:52.230][debug][command:null][tid:373][com.facebook.buck.util.environment.MacNetworkConfiguration] Determine active state of media for device
[2017-12-22 14:27:52.230][debug][command:null][tid:373][com.facebook.buck.util.ListeningProcessExecutor] Launching process with params ProcessExecutorParams{command=[networksetup, -getMedia, en0]}
[2017-12-22 14:27:52.240][debug][command:null][tid:373][com.facebook.buck.util.ListeningProcessExecutor] Successfully launched process com.zaxxer.nuprocess.osx.OsxProcess@26b62f46
[2017-12-22 14:27:52.240][debug][command:null][tid:373][com.facebook.buck.util.ListeningProcessExecutor] Waiting for process com.facebook.buck.util.ListeningProcessExecutor$LaunchedProcessImpl@40722f03 timeout 1000 MILLISECONDS
[2017-12-22 14:27:52.288][debug][command:null][tid:373][com.facebook.buck.util.ListeningProcessExecutor] Wait for process returned 0
[2017-12-22 14:27:52.288][debug][command:null][tid:373][com.facebook.buck.util.ListeningProcessExecutor] Destroying process com.facebook.buck.util.ListeningProcessExecutor$LaunchedProcessImpl@40722f03 (force true)
[2017-12-22 14:27:52.288][debug][command:null][tid:373][com.facebook.buck.util.environment.MacNetworkConfiguration] Determine WiFi SSID of device
[2017-12-22 14:27:52.288][debug][command:null][tid:373][com.facebook.buck.util.ListeningProcessExecutor] Launching process with params ProcessExecutorParams{command=[networksetup, -getairportnetwork, en0]}
[2017-12-22 14:27:52.297][debug][command:null][tid:373][com.facebook.buck.util.ListeningProcessExecutor] Successfully launched process com.zaxxer.nuprocess.osx.OsxProcess@10d858e3
[2017-12-22 14:27:52.297][debug][command:null][tid:373][com.facebook.buck.util.ListeningProcessExecutor] Waiting for process com.facebook.buck.util.ListeningProcessExecutor$LaunchedProcessImpl@51da53dd timeout 1000 MILLISECONDS
[2017-12-22 14:27:52.355][debug][command:null][tid:373][com.facebook.buck.util.ListeningProcessExecutor] Wait for process returned 0
[2017-12-22 14:27:52.355][debug][command:null][tid:373][com.facebook.buck.util.ListeningProcessExecutor] Destroying process com.facebook.buck.util.ListeningProcessExecutor$LaunchedProcessImpl@51da53dd (force true)
[2017-12-22 14:27:52.355][info ][command:null][tid:373][com.facebook.buck.util.versioncontrol.VersionControlStatsGenerator] Starting generation of version control stats.
[2017-12-22 14:27:52.355][warn ][command:null][tid:373][com.facebook.buck.util.versioncontrol.VersionControlStatsGenerator] Skipping generation of version control stats as unsupported repository type.
[2017-12-22 14:27:52.415][debug][command:2ee9229d-dd8d-4c25-b4bf-0ccd275c9aa4][tid:354][com.facebook.buck.cli.TestCommand] Got explicit build targets [//:app]
[2017-12-22 14:27:52.415][debug][command:2ee9229d-dd8d-4c25-b4bf-0ccd275c9aa4][tid:354][com.facebook.buck.cli.TestCommand] Got tests for target //:app: [//:appTests]
[2017-12-22 14:27:52.415][debug][command:null][tid:381][com.facebook.buck.json.PythonDslProjectBuildFileParser] Closing buck.py process stdin
[2017-12-22 14:27:52.415][debug][command:2ee9229d-dd8d-4c25-b4bf-0ccd275c9aa4][tid:354][com.facebook.buck.cli.TestCommand] Got related test targets [//:appTests], building new target graph...
[2017-12-22 14:27:52.418][debug][command:2ee9229d-dd8d-4c25-b4bf-0ccd275c9aa4][tid:354][com.facebook.buck.cli.TestCommand] Finished building new target graph with tests.
[2017-12-22 14:27:52.419][info ][command:2ee9229d-dd8d-4c25-b4bf-0ccd275c9aa4][tid:354][com.facebook.buck.rules.ActionGraphCache] ActionGraph cache hit.
[2017-12-22 14:27:52.419][debug][command:2ee9229d-dd8d-4c25-b4bf-0ccd275c9aa4][tid:374][com.facebook.buck.event.listener.SuperConsoleEventBusListener] Action graph cache hit
[2017-12-22 14:27:52.419][debug][command:2ee9229d-dd8d-4c25-b4bf-0ccd275c9aa4][tid:354][com.facebook.buck.rules.MetadataChecker] Checking metadata_storage for /Users/remirobert/dev/Dog-project
[2017-12-22 14:27:52.430][warn ][command:2ee9229d-dd8d-4c25-b4bf-0ccd275c9aa4][tid:379][com.facebook.buck.rules.keys.RuleKeyBuilder] Attempting to add absolute path to rule key. Only using file name: /usr/bin/codesign
[2017-12-22 14:27:52.435][warn ][command:2ee9229d-dd8d-4c25-b4bf-0ccd275c9aa4][tid:379][com.facebook.buck.rules.keys.RuleKeyBuilder] Attempting to add absolute path to rule key. Only using file name: /usr/local/bin/xctool
[2017-12-22 14:27:52.437][debug][command:2ee9229d-dd8d-4c25-b4bf-0ccd275c9aa4][tid:378][com.facebook.buck.rules.CachingBuildRuleBuilder] Cache miss for '//:appTests#apple-test-bundle,dwarf,no-include-frameworks,no-linkermap' with rulekey 'c3e421bd177c0a82ac84ec3b8f56992154961423'
[2017-12-22 14:27:52.439][debug][command:2ee9229d-dd8d-4c25-b4bf-0ccd275c9aa4][tid:380][com.facebook.buck.rules.CachingBuildRuleBuilder] Cache miss for '//:appTests#apple-test-library,iphonesimulator-x86_64,mach-o-bundle,no-linkermap' with rulekey 'f38dd9e714289b2182d583d4eac77b499383b847'
[2017-12-22 14:27:52.440][debug][command:2ee9229d-dd8d-4c25-b4bf-0ccd275c9aa4][tid:380][com.facebook.buck.rules.CachingBuildRuleBuilder] Cache miss for '//:appTests#apple-test-library,dwarf,iphonesimulator-x86_64,mach-o-bundle,swift-compile' with rulekey '421d523070929466dffc23aa60e20f56e83ce7ea'
[2017-12-22 14:27:52.440][debug][command:2ee9229d-dd8d-4c25-b4bf-0ccd275c9aa4][tid:376][com.facebook.buck.rules.CachingBuildRuleBuilder] Cache miss for '//:appTests#apple-debuggable-binary,apple-test-library,dwarf,iphonesimulator-x86_64,mach-o-bundle,no-linkermap' with rulekey 'e3ec8b60ad29a2cdb47f9b5a71924c2aad06741e'
[2017-12-22 14:27:52.442][debug][command:2ee9229d-dd8d-4c25-b4bf-0ccd275c9aa4][tid:378][com.facebook.buck.rules.CachingBuildRuleBuilder] Building locally: //:appTests#apple-test-library,dwarf,iphonesimulator-x86_64,mach-o-bundle,swift-compile
[2017-12-22 14:27:52.444][debug][command:2ee9229d-dd8d-4c25-b4bf-0ccd275c9aa4][tid:378][com.facebook.buck.swift.SwiftCompileStep] [/Applications/Xcode.app/Contents/Developer/Toolchains/XcodeDefault.xctoolchain/usr/bin/swiftc, -frontend, -sdk, /Applications/Xcode.app/Contents/Developer/Platforms/iPhoneSimulator.platform/Developer/SDKs/iPhoneSimulator.sdk, -target, x86_64-apple-ios11.2, -F, /Applications/Xcode.app/Contents/Developer/Platforms/iPhoneSimulator.platform/Developer/Library/Frameworks, -Xcc, -I, -Xcc, buck-out/gen/appBinary#iphonesimulator-x86_64,swift-compile, -I, /Users/remirobert/dev/Dog-project/buck-out/gen/appBinary#iphonesimulator-x86_64,swift-compile, -c, -enable-objc-interop, -parse-as-library, -module-name, appTests, -emit-module, -emit-module-path, buck-out/gen/appTests#apple-test-library,dwarf,iphonesimulator-x86_64,mach-o-bundle,swift-compile/appTests.swiftmodule, -emit-objc-header-path, buck-out/gen/appTests#apple-test-library,dwarf,iphonesimulator-x86_64,mach-o-bundle,swift-compile/appTests-Swift.h, -o, buck-out/gen/appTests#apple-test-library,dwarf,iphonesimulator-x86_64,mach-o-bundle,swift-compile/appTests.o, appTests/appTests.swift]
[2017-12-22 14:27:52.444][debug][command:2ee9229d-dd8d-4c25-b4bf-0ccd275c9aa4][tid:378][com.facebook.buck.util.ListeningProcessExecutor] Launching process with params ProcessExecutorParams{command=[/Applications/Xcode.app/Contents/Developer/Toolchains/XcodeDefault.xctoolchain/usr/bin/swiftc, -frontend, -sdk, /Applications/Xcode.app/Contents/Developer/Platforms/iPhoneSimulator.platform/Developer/SDKs/iPhoneSimulator.sdk, -target, x86_64-apple-ios11.2, -F, /Applications/Xcode.app/Contents/Developer/Platforms/iPhoneSimulator.platform/Developer/Library/Frameworks, -Xcc, -I, -Xcc, buck-out/gen/appBinary#iphonesimulator-x86_64,swift-compile, -I, /Users/remirobert/dev/Dog-project/buck-out/gen/appBinary#iphonesimulator-x86_64,swift-compile, -c, -enable-objc-interop, -parse-as-library, -module-name, appTests, -emit-module, -emit-module-path, buck-out/gen/appTests#apple-test-library,dwarf,iphonesimulator-x86_64,mach-o-bundle,swift-compile/appTests.swiftmodule, -emit-objc-header-path, buck-out/gen/appTests#apple-test-library,dwarf,iphonesimulator-x86_64,mach-o-bundle,swift-compile/appTests-Swift.h, -o, buck-out/gen/appTests#apple-test-library,dwarf,iphonesimulator-x86_64,mach-o-bundle,swift-compile/appTests.o, appTests/appTests.swift], directory=/Users/remirobert/dev/Dog-project, environment={}}
[2017-12-22 14:27:52.449][debug][command:2ee9229d-dd8d-4c25-b4bf-0ccd275c9aa4][tid:378][com.facebook.buck.util.ListeningProcessExecutor] Successfully launched process com.zaxxer.nuprocess.osx.OsxProcess@3e2e86b4
[2017-12-22 14:27:52.449][debug][command:2ee9229d-dd8d-4c25-b4bf-0ccd275c9aa4][tid:378][com.facebook.buck.util.ListeningProcessExecutor] Waiting for process com.facebook.buck.util.ListeningProcessExecutor$LaunchedProcessImpl@30e96f01 timeout 0 SECONDS
[2017-12-22 14:27:52.451][debug][command:2ee9229d-dd8d-4c25-b4bf-0ccd275c9aa4][tid:380][com.facebook.buck.rules.CachingBuildRuleBuilder] Cache miss for '//:appTests' with rulekey '35aa23c117c8cbdeadc24f2c0362e711ed753f2c'
[2017-12-22 14:27:52.454][debug][command:null][tid:381][com.facebook.buck.json.PythonDslProjectBuildFileParser] Waiting for process com.facebook.buck.util.ProcessExecutor$LaunchedProcessImpl@536cdac2 to exit...
[2017-12-22 14:27:52.455][debug][command:null][tid:381][com.facebook.buck.json.PythonDslProjectBuildFileParser] Process com.facebook.buck.util.ProcessExecutor$LaunchedProcessImpl@536cdac2 exited cleanly.
[2017-12-22 14:27:53.233][debug][command:2ee9229d-dd8d-4c25-b4bf-0ccd275c9aa4][tid:378][com.facebook.buck.util.ListeningProcessExecutor] Wait for process returned 1
[2017-12-22 14:27:53.234][error][command:2ee9229d-dd8d-4c25-b4bf-0ccd275c9aa4][tid:378][com.facebook.buck.swift.SwiftCompileStep] Error running /Applications/Xcode.app/Contents/Developer/Toolchains/XcodeDefault.xctoolchain/usr/bin/swiftc -frontend -sdk /Applications/Xcode.app/Contents/Developer/Platforms/iPhoneSimulator.platform/Developer/SDKs/iPhoneSimulator.sdk -target x86_64-apple-ios11.2 -F /Applications/Xcode.app/Contents/Developer/Platforms/iPhoneSimulator.platform/Developer/Library/Frameworks -Xcc -I -Xcc buck-out/gen/appBinary#iphonesimulator-x86_64,swift-compile -I /Users/remirobert/dev/Dog-project/buck-out/gen/appBinary#iphonesimulator-x86_64,swift-compile -c -enable-objc-interop -parse-as-library -module-name appTests -emit-module -emit-module-path buck-out/gen/appTests#apple-test-library,dwarf,iphonesimulator-x86_64,mach-o-bundle,swift-compile/appTests.swiftmodule -emit-objc-header-path buck-out/gen/appTests#apple-test-library,dwarf,iphonesimulator-x86_64,mach-o-bundle,swift-compile/appTests-Swift.h -o buck-out/gen/appTests#apple-test-library,dwarf,iphonesimulator-x86_64,mach-o-bundle,swift-compile/appTests.o appTests/appTests.swift: appTests/appTests.swift:10:18: error: no such module 'app'
@testable import app
                 ^

[2017-12-22 14:27:53.235][debug][command:2ee9229d-dd8d-4c25-b4bf-0ccd275c9aa4][tid:379][com.facebook.buck.rules.CachingBuildRuleBuilder] Building rule [//:appTests#apple-test-library,dwarf,iphonesimulator-x86_64,mach-o-bundle,swift-compile] failed.
com.facebook.buck.step.StepFailedException: Command failed with exit code 1.
  When running <swift compile>.
	at com.facebook.buck.step.StepFailedException.createForFailingStepWithException(StepFailedException.java:63)
	at com.facebook.buck.step.StepFailedException.createForFailingStepWithExitCode(StepFailedException.java:55)
	at com.facebook.buck.step.DefaultStepRunner.runStepForBuildTarget(DefaultStepRunner.java:54)
	at com.facebook.buck.rules.CachingBuildRuleBuilder$BuildRuleSteps.executeCommandsNowThatDepsAreBuilt(CachingBuildRuleBuilder.java:1751)
	at com.facebook.buck.rules.CachingBuildRuleBuilder$BuildRuleSteps.run(CachingBuildRuleBuilder.java:1704)
	at com.facebook.buck.util.concurrent.WeightedListeningExecutorService.lambda$submit$2(WeightedListeningExecutorService.java:104)
	at com.facebook.buck.util.concurrent.WeightedListeningExecutorService.lambda$submitWithSemaphore$0(WeightedListeningExecutorService.java:78)
	at com.google.common.util.concurrent.AbstractTransformFuture$AsyncTransformFuture.doTransform(AbstractTransformFuture.java:206)
	at com.google.common.util.concurrent.AbstractTransformFuture$AsyncTransformFuture.doTransform(AbstractTransformFuture.java:195)
	at com.google.common.util.concurrent.AbstractTransformFuture.run(AbstractTransformFuture.java:115)
	at com.google.common.util.concurrent.MoreExecutors$5$1.run(MoreExecutors.java:999)
	at java.util.concurrent.ThreadPoolExecutor.runWorker(ThreadPoolExecutor.java:1149)
	at java.util.concurrent.ThreadPoolExecutor$Worker.run(ThreadPoolExecutor.java:624)
	at java.lang.Thread.run(Thread.java:748)
Caused by: com.facebook.buck.util.HumanReadableException: Command failed with exit code 1.
	at com.facebook.buck.step.StepFailedException.createForFailingStepWithExitCode(StepFailedException.java:56)
	... 12 more

[2017-12-22 14:27:53.237][debug][command:2ee9229d-dd8d-4c25-b4bf-0ccd275c9aa4][tid:354][com.facebook.buck.util.ErrorLogger] Got an exception during the build.
com.facebook.buck.command.Build$BuildExecutionException: com.facebook.buck.util.exceptions.BuckUncheckedExecutionException: When building rule //:appTests#apple-test-library,dwarf,iphonesimulator-x86_64,mach-o-bundle,swift-compile.
	at com.facebook.buck.command.Build.waitForBuildToFinish(Build.java:317)
	at com.facebook.buck.command.Build.waitForBuildToFinishAndPrintFailuresToEventBus(Build.java:406)
	at com.facebook.buck.command.Build.executeAndPrintFailuresToEventBus(Build.java:149)
	at com.facebook.buck.cli.TestCommand.runWithoutHelp(TestCommand.java:613)
	at com.facebook.buck.cli.AbstractCommand.run(AbstractCommand.java:232)
	at com.facebook.buck.cli.AbstractContainerCommand.run(AbstractContainerCommand.java:79)
	at com.facebook.buck.cli.BuckCommand.run(BuckCommand.java:82)
	at com.facebook.buck.cli.Main.runMainWithExitCode(Main.java:1101)
	at com.facebook.buck.cli.Main.runMainThenExit(Main.java:395)
	at com.facebook.buck.cli.Main.nailMain(Main.java:1855)
	at sun.reflect.NativeMethodAccessorImpl.invoke0(Native Method)
	at sun.reflect.NativeMethodAccessorImpl.invoke(NativeMethodAccessorImpl.java:62)
	at sun.reflect.DelegatingMethodAccessorImpl.invoke(DelegatingMethodAccessorImpl.java:43)
	at java.lang.reflect.Method.invoke(Method.java:498)
	at com.martiansoftware.nailgun.NGSession.run(NGSession.java:329)
Caused by: com.facebook.buck.util.exceptions.BuckUncheckedExecutionException: When building rule //:appTests#apple-test-library,dwarf,iphonesimulator-x86_64,mach-o-bundle,swift-compile.
	at com.facebook.buck.rules.CachingBuildRuleBuilder.addBuildRuleContextToException(CachingBuildRuleBuilder.java:1053)
	at com.facebook.buck.rules.CachingBuildRuleBuilder.lambda$build$5(CachingBuildRuleBuilder.java:332)
	at com.google.common.util.concurrent.AbstractCatchingFuture$AsyncCatchingFuture.doFallback(AbstractCatchingFuture.java:172)
	at com.google.common.util.concurrent.AbstractCatchingFuture$AsyncCatchingFuture.doFallback(AbstractCatchingFuture.java:159)
	at com.google.common.util.concurrent.AbstractCatchingFuture.run(AbstractCatchingFuture.java:112)
	at com.google.common.util.concurrent.MoreExecutors$DirectExecutor.execute(MoreExecutors.java:399)
	at com.google.common.util.concurrent.AbstractFuture.executeListener(AbstractFuture.java:1016)
	at com.google.common.util.concurrent.AbstractFuture.complete(AbstractFuture.java:867)
	at com.google.common.util.concurrent.AbstractFuture.setException(AbstractFuture.java:713)
	at com.google.common.util.concurrent.AbstractTransformFuture.run(AbstractTransformFuture.java:97)
	at com.google.common.util.concurrent.MoreExecutors$5$1.run(MoreExecutors.java:999)
	at com.facebook.buck.util.concurrent.WeightedListeningExecutorService.lambda$submit$2(WeightedListeningExecutorService.java:104)
	at com.facebook.buck.util.concurrent.WeightedListeningExecutorService.lambda$submitWithSemaphore$0(WeightedListeningExecutorService.java:78)
	at com.google.common.util.concurrent.AbstractTransformFuture$AsyncTransformFuture.doTransform(AbstractTransformFuture.java:206)
	at com.google.common.util.concurrent.AbstractTransformFuture$AsyncTransformFuture.doTransform(AbstractTransformFuture.java:195)
	at com.google.common.util.concurrent.AbstractTransformFuture.run(AbstractTransformFuture.java:115)
	at com.google.common.util.concurrent.MoreExecutors$5$1.run(MoreExecutors.java:999)
	at java.util.concurrent.ThreadPoolExecutor.runWorker(ThreadPoolExecutor.java:1149)
	at java.util.concurrent.ThreadPoolExecutor$Worker.run(ThreadPoolExecutor.java:624)
	at java.lang.Thread.run(Thread.java:748)
Caused by: com.facebook.buck.step.StepFailedException: Command failed with exit code 1.
  When running <swift compile>.
	at com.facebook.buck.step.StepFailedException.createForFailingStepWithException(StepFailedException.java:63)
	at com.facebook.buck.step.StepFailedException.createForFailingStepWithExitCode(StepFailedException.java:55)
	at com.facebook.buck.step.DefaultStepRunner.runStepForBuildTarget(DefaultStepRunner.java:54)
	at com.facebook.buck.rules.CachingBuildRuleBuilder$BuildRuleSteps.executeCommandsNowThatDepsAreBuilt(CachingBuildRuleBuilder.java:1751)
	at com.facebook.buck.rules.CachingBuildRuleBuilder$BuildRuleSteps.run(CachingBuildRuleBuilder.java:1704)
	... 9 more
Caused by: com.facebook.buck.util.HumanReadableException: Command failed with exit code 1.
	at com.facebook.buck.step.StepFailedException.createForFailingStepWithExitCode(StepFailedException.java:56)
	... 12 more

[2017-12-22 14:27:53.238][warn ][command:2ee9229d-dd8d-4c25-b4bf-0ccd275c9aa4][tid:374][com.facebook.buck.event.listener.LoggingBuildListener] Build failed: Command failed with exit code 1.
    When running <swift compile>.
    When building rule //:appTests#apple-test-library,dwarf,iphonesimulator-x86_64,mach-o-bundle,swift-compile.
[2017-12-22 14:27:53.238][info ][command:2ee9229d-dd8d-4c25-b4bf-0ccd275c9aa4][tid:374][com.facebook.buck.event.listener.LoggingBuildListener] Build finished at 2017-12-22 14:27:53.238
[2017-12-22 14:27:53.239][info ][command:2ee9229d-dd8d-4c25-b4bf-0ccd275c9aa4][tid:354][com.facebook.buck.cli.Main] Awaiting termination of HTTP Write executor service. Waiting for all jobs to complete, or up to maximum of 1800 seconds...
[2017-12-22 14:27:53.239][info ][command:2ee9229d-dd8d-4c25-b4bf-0ccd275c9aa4][tid:354][com.facebook.buck.cli.Main] Awaiting termination of CounterAggregatorExecutor executor service. Waiting for all jobs to complete, or up to maximum of 20 seconds...
[2017-12-22 14:27:53.240][debug][command:2ee9229d-dd8d-4c25-b4bf-0ccd275c9aa4][tid:369][com.facebook.buck.util.perf.ProcessTracker] shutDown
[2017-12-22 14:27:53.241][debug][command:2ee9229d-dd8d-4c25-b4bf-0ccd275c9aa4][tid:368][com.google.common.util.concurrent.ServiceManager] Service PerfStatsTracking [TERMINATED] has terminated. Previous state was: STOPPING
[2017-12-22 14:27:53.242][debug][command:2ee9229d-dd8d-4c25-b4bf-0ccd275c9aa4][tid:369][com.google.common.util.concurrent.ServiceManager] Service ProcessTracker [TERMINATED] has terminated. Previous state was: STOPPING
[2017-12-22 14:27:53.243][debug][command:2ee9229d-dd8d-4c25-b4bf-0ccd275c9aa4][tid:354][com.facebook.buck.event.listener.SuperConsoleEventBusListener] Stopping render scheduler
[2017-12-22 14:27:53.244][info ][command:2ee9229d-dd8d-4c25-b4bf-0ccd275c9aa4][tid:354][com.facebook.buck.cli.Main] Awaiting termination of CPU executor service. Waiting for all jobs to complete, or up to maximum of 60 seconds...
[2017-12-22 14:27:53.244][info ][command:2ee9229d-dd8d-4c25-b4bf-0ccd275c9aa4][tid:354][com.facebook.buck.cli.Main] Awaiting termination of NETWORK executor service. Waiting for all jobs to complete, or up to maximum of 60 seconds...
[2017-12-22 14:27:53.244][info ][command:2ee9229d-dd8d-4c25-b4bf-0ccd275c9aa4][tid:354][com.facebook.buck.cli.Main] Awaiting termination of PROJECT executor service. Waiting for all jobs to complete, or up to maximum of 60 seconds...
[2017-12-22 14:27:53.244][info ][command:2ee9229d-dd8d-4c25-b4bf-0ccd275c9aa4][tid:354][com.facebook.buck.cli.Main] Awaiting termination of ScheduledExecutorService executor service. Waiting for all jobs to complete, or up to maximum of 60 seconds...
[2017-12-22 14:27:53.244][warn ][command:null][tid:358][com.martiansoftware.nailgun.NGInputStream] Nailgun client read future was interrupted
java.lang.InterruptedException
	at java.util.concurrent.FutureTask.awaitDone(FutureTask.java:404)
	at java.util.concurrent.FutureTask.get(FutureTask.java:204)
	at com.martiansoftware.nailgun.NGInputStream$1.run(NGInputStream.java:91)
	at java.util.concurrent.Executors$RunnableAdapter.call(Executors.java:511)
	at java.util.concurrent.FutureTask.run(FutureTask.java:266)
	at java.util.concurrent.ThreadPoolExecutor.runWorker(ThreadPoolExecutor.java:1149)
	at java.util.concurrent.ThreadPoolExecutor$Worker.run(ThreadPoolExecutor.java:624)
	at java.lang.Thread.run(Thread.java:748)

[2017-12-22 14:27:53.244][debug][command:null][tid:358][com.martiansoftware.nailgun.NGInputStream] Nailgun client read shutting down
[2017-12-22 14:27:53.245][info ][command:2ee9229d-dd8d-4c25-b4bf-0ccd275c9aa4][tid:354][com.facebook.buck.cli.Main] Awaiting termination of Disk IO executor service. Waiting for all jobs to complete, or up to maximum of 10 seconds...
[2017-12-22 14:27:53.245][debug][command:2ee9229d-dd8d-4c25-b4bf-0ccd275c9aa4][tid:354][com.facebook.buck.event.listener.SuperConsoleEventBusListener] Stopping render scheduler
[2017-12-22 14:27:53.246][debug][command:2ee9229d-dd8d-4c25-b4bf-0ccd275c9aa4][tid:354][com.facebook.buck.event.listener.ChromeTraceBuildListener] Writing Chrome trace to buck-out/log/2017-12-22_06h27m51s_testcommand_2ee9229d-dd8d-4c25-b4bf-0ccd275c9aa4/build.2017-12-22.14-27-51.2ee9229d-dd8d-4c25-b4bf-0ccd275c9aa4.trace
[2017-12-22 14:27:53.252][debug][command:2ee9229d-dd8d-4c25-b4bf-0ccd275c9aa4][tid:354][com.facebook.buck.io.WatchmanTransportClient] Closing Watchman transport.
[2017-12-22 14:27:53.256][debug][command:null][tid:354][com.facebook.buck.cli.Main] Done.
[2017-12-22 14:27:53.257][info ][command:null][tid:354][com.martiansoftware.nailgun.NGSession] Server cleanly exited with status 1
com.martiansoftware.nailgun.NGExitException: ExitException: status 1
	at com.martiansoftware.nailgun.NGSecurityManager.checkExit(NGSecurityManager.java:56)
	at java.lang.Runtime.exit(Runtime.java:107)
	at java.lang.System.exit(System.java:971)
	at com.facebook.buck.cli.Main.runMainThenExit(Main.java:432)
	at com.facebook.buck.cli.Main.nailMain(Main.java:1855)
	at sun.reflect.NativeMethodAccessorImpl.invoke0(Native Method)
	at sun.reflect.NativeMethodAccessorImpl.invoke(NativeMethodAccessorImpl.java:62)
	at sun.reflect.DelegatingMethodAccessorImpl.invoke(DelegatingMethodAccessorImpl.java:43)
	at java.lang.reflect.Method.invoke(Method.java:498)
	at com.martiansoftware.nailgun.NGSession.run(NGSession.java:329)

[2017-12-22 14:27:53.257][debug][command:null][tid:354][com.martiansoftware.nailgun.NGSession] Tearing down client socket
[2017-12-22 14:27:53.257][debug][command:null][tid:354][com.martiansoftware.nailgun.NGSession] Flushing client socket
[2017-12-22 14:27:53.257][debug][command:null][tid:354][com.martiansoftware.nailgun.NGSession] Error shutting down socket I/O (this is expected if the client disconnected already)
java.io.IOException: com.sun.jna.LastErrorException: [57] Socket is not connected
	at com.martiansoftware.nailgun.NGUnixDomainSocket.doShutdown(NGUnixDomainSocket.java:74)
	at com.martiansoftware.nailgun.NGUnixDomainSocket.shutdownInput(NGUnixDomainSocket.java:60)
	at com.martiansoftware.nailgun.NGSession.run(NGSession.java:375)
Caused by: com.sun.jna.LastErrorException: [57] Socket is not connected
	at com.martiansoftware.nailgun.NGUnixDomainSocketLibrary.shutdown(Native Method)
	at com.martiansoftware.nailgun.NGUnixDomainSocket.doShutdown(NGUnixDomainSocket.java:71)
	... 2 more

[2017-12-22 14:27:53.258][debug][command:null][tid:354][com.martiansoftware.nailgun.NGSession] Closing client socket
[2017-12-22 14:27:53.258][debug][command:null][tid:354][com.martiansoftware.nailgun.NGSession] Finished tearing down client socket
[2017-12-22 14:27:53.258][debug][command:null][tid:354][com.martiansoftware.nailgun.NGSession] Waiting for next client to connect
[2017-12-22 14:27:53.258][info ][command:null][tid:354][com.martiansoftware.nailgun.NGSession] NGSession shutting down
[2017-12-22 14:29:43.461][debug][command:null][tid:357][com.martiansoftware.nailgun.NGSession] Client connected
[2017-12-22 14:29:43.461][debug][command:null][tid:383][com.martiansoftware.nailgun.NGSession] Waiting for first client to connect
[2017-12-22 14:29:43.463][debug][command:null][tid:357][com.martiansoftware.nailgun.NGSession] Tearing down client socket
[2017-12-22 14:29:43.463][debug][command:null][tid:357][com.martiansoftware.nailgun.NGSession] Flushing client socket
[2017-12-22 14:29:43.463][warn ][command:null][tid:384][com.martiansoftware.nailgun.NGInputStream] Nailgun client read future was interrupted
java.lang.InterruptedException
	at java.util.concurrent.FutureTask.awaitDone(FutureTask.java:404)
	at java.util.concurrent.FutureTask.get(FutureTask.java:204)
	at com.martiansoftware.nailgun.NGInputStream$1.run(NGInputStream.java:91)
	at java.util.concurrent.Executors$RunnableAdapter.call(Executors.java:511)
	at java.util.concurrent.FutureTask.run(FutureTask.java:266)
	at java.util.concurrent.ThreadPoolExecutor.runWorker(ThreadPoolExecutor.java:1149)
	at java.util.concurrent.ThreadPoolExecutor$Worker.run(ThreadPoolExecutor.java:624)
	at java.lang.Thread.run(Thread.java:748)

[2017-12-22 14:29:43.463][debug][command:null][tid:357][com.martiansoftware.nailgun.NGSession] Error shutting down socket I/O (this is expected if the client disconnected already)
java.io.IOException: com.sun.jna.LastErrorException: [57] Socket is not connected
	at com.martiansoftware.nailgun.NGUnixDomainSocket.doShutdown(NGUnixDomainSocket.java:74)
	at com.martiansoftware.nailgun.NGUnixDomainSocket.shutdownInput(NGUnixDomainSocket.java:60)
	at com.martiansoftware.nailgun.NGSession.run(NGSession.java:375)
Caused by: com.sun.jna.LastErrorException: [57] Socket is not connected
	at com.martiansoftware.nailgun.NGUnixDomainSocketLibrary.shutdown(Native Method)
	at com.martiansoftware.nailgun.NGUnixDomainSocket.doShutdown(NGUnixDomainSocket.java:71)
	... 2 more

[2017-12-22 14:29:43.463][debug][command:null][tid:384][com.martiansoftware.nailgun.NGInputStream] Nailgun client read shutting down
[2017-12-22 14:29:43.464][debug][command:null][tid:357][com.martiansoftware.nailgun.NGSession] Closing client socket
[2017-12-22 14:29:43.464][debug][command:null][tid:357][com.martiansoftware.nailgun.NGSession] Finished tearing down client socket
[2017-12-22 14:29:43.464][debug][command:null][tid:357][com.martiansoftware.nailgun.NGSession] Waiting for next client to connect
[2017-12-22 14:29:43.464][info ][command:null][tid:357][com.martiansoftware.nailgun.NGSession] NGSession shutting down
[2017-12-22 14:29:43.470][debug][command:null][tid:383][com.martiansoftware.nailgun.NGSession] Client connected
[2017-12-22 14:29:43.471][debug][command:null][tid:386][com.martiansoftware.nailgun.NGSession] Waiting for first client to connect
[2017-12-22 14:29:43.472][debug][command:null][tid:383][com.martiansoftware.nailgun.NGSession] Tearing down client socket
[2017-12-22 14:29:43.472][debug][command:null][tid:383][com.martiansoftware.nailgun.NGSession] Flushing client socket
[2017-12-22 14:29:43.472][warn ][command:null][tid:387][com.martiansoftware.nailgun.NGInputStream] Nailgun client read future was interrupted
java.lang.InterruptedException
	at java.util.concurrent.FutureTask.awaitDone(FutureTask.java:404)
	at java.util.concurrent.FutureTask.get(FutureTask.java:204)
	at com.martiansoftware.nailgun.NGInputStream$1.run(NGInputStream.java:91)
	at java.util.concurrent.Executors$RunnableAdapter.call(Executors.java:511)
	at java.util.concurrent.FutureTask.run(FutureTask.java:266)
	at java.util.concurrent.ThreadPoolExecutor.runWorker(ThreadPoolExecutor.java:1149)
	at java.util.concurrent.ThreadPoolExecutor$Worker.run(ThreadPoolExecutor.java:624)
	at java.lang.Thread.run(Thread.java:748)

[2017-12-22 14:29:43.472][debug][command:null][tid:383][com.martiansoftware.nailgun.NGSession] Error shutting down socket I/O (this is expected if the client disconnected already)
java.io.IOException: com.sun.jna.LastErrorException: [57] Socket is not connected
	at com.martiansoftware.nailgun.NGUnixDomainSocket.doShutdown(NGUnixDomainSocket.java:74)
	at com.martiansoftware.nailgun.NGUnixDomainSocket.shutdownInput(NGUnixDomainSocket.java:60)
	at com.martiansoftware.nailgun.NGSession.run(NGSession.java:375)
Caused by: com.sun.jna.LastErrorException: [57] Socket is not connected
	at com.martiansoftware.nailgun.NGUnixDomainSocketLibrary.shutdown(Native Method)
	at com.martiansoftware.nailgun.NGUnixDomainSocket.doShutdown(NGUnixDomainSocket.java:71)
	... 2 more

[2017-12-22 14:29:43.472][debug][command:null][tid:387][com.martiansoftware.nailgun.NGInputStream] Nailgun client read shutting down
[2017-12-22 14:29:43.472][debug][command:null][tid:383][com.martiansoftware.nailgun.NGSession] Closing client socket
[2017-12-22 14:29:43.473][debug][command:null][tid:383][com.martiansoftware.nailgun.NGSession] Finished tearing down client socket
[2017-12-22 14:29:43.473][debug][command:null][tid:383][com.martiansoftware.nailgun.NGSession] Waiting for next client to connect
[2017-12-22 14:29:43.473][info ][command:null][tid:383][com.martiansoftware.nailgun.NGSession] NGSession shutting down
[2017-12-22 14:29:43.474][debug][command:null][tid:386][com.martiansoftware.nailgun.NGSession] Client connected
[2017-12-22 14:29:43.474][debug][command:null][tid:389][com.martiansoftware.nailgun.NGSession] Waiting for first client to connect
[2017-12-22 14:29:43.479][debug][command:null][tid:386][com.facebook.buck.cli.Main] Rotating log.
