[2017-12-22 15:19:29.369][debug][command:null][tid:14][com.facebook.buck.cli.Main] Starting up (build date 2017-11-17 08:34:27 +0800, rev v2017.11.16.01), args: [build, :app]
[2017-12-22 15:19:29.378][debug][command:null][tid:14][com.facebook.buck.cli.Main] System properties: {java.vendor=Oracle Corporation, sun.java.launcher=SUN_STANDARD, sun.management.compiler=HotSpot 64-Bit Tiered Compilers, jnidispatch.path=/Users/remirobert/dev/test-fail-testable-import/.buckd/tmp/buck_run.koAsAH/jna--36351663/jna6123532457671677121.tmp, os.name=Mac OS X, buck.enable_objc=true, sun.boot.class.path=/Library/Java/JavaVirtualMachines/jdk1.8.0_152.jdk/Contents/Home/jre/lib/resources.jar:/Library/Java/JavaVirtualMachines/jdk1.8.0_152.jdk/Contents/Home/jre/lib/rt.jar:/Library/Java/JavaVirtualMachines/jdk1.8.0_152.jdk/Contents/Home/jre/lib/sunrsasign.jar:/Library/Java/JavaVirtualMachines/jdk1.8.0_152.jdk/Contents/Home/jre/lib/jsse.jar:/Library/Java/JavaVirtualMachines/jdk1.8.0_152.jdk/Contents/Home/jre/lib/jce.jar:/Library/Java/JavaVirtualMachines/jdk1.8.0_152.jdk/Contents/Home/jre/lib/charsets.jar:/Library/Java/JavaVirtualMachines/jdk1.8.0_152.jdk/Contents/Home/jre/lib/jfr.jar:/Library/Java/JavaVirtualMachines/jdk1.8.0_152.jdk/Contents/Home/jre/classes, pf4j.pluginsDir=/Users/remirobert/dev/test-fail-testable-import/.buckd/resources/v2017.11.16.01/buck-modules, buck.resource_lock_path=/Users/remirobert/dev/test-fail-testable-import/.buckd/resources/v2017.11.16.01/.buck_lock, java.vm.specification.vendor=Oracle Corporation, java.runtime.version=1.8.0_152-b16, jna.loaded=true, buck.testrunner_classes=/Users/remirobert/dev/test-fail-testable-import/.buckd/resources/v2017.11.16.01/testrunner_classes, buck.logging_config_file=/Users/remirobert/dev/test-fail-testable-import/.buckd/resources/v2017.11.16.01/logging_config_file, buck.path_to_sh_binary_template=/Users/remirobert/dev/test-fail-testable-import/.buckd/resources/v2017.11.16.01/path_to_sh_binary_template, user.name=remirobert, socksProxyHost=127.0.0.1, buck.path_to_pywatchman=/Users/remirobert/dev/test-fail-testable-import/.buckd/resources/v2017.11.16.01/path_to_pywatchman, buck.report_generator_jar=/Users/remirobert/dev/test-fail-testable-import/.buckd/resources/v2017.11.16.01/report_generator_jar, buck.git_commit=v2017.11.16.01, user.language=en, sun.boot.library.path=/Library/Java/JavaVirtualMachines/jdk1.8.0_152.jdk/Contents/Home/jre/lib, java.version=1.8.0_152, user.timezone=Asia/Shanghai, buck.test_util_no_tests_dir=true, sun.arch.data.model=64, http.nonProxyHosts=127.0.0.1|localhost|*.localhost|192.168.0.0/16|*.192.168.0.0/16|10.0.0.0/8|*.10.0.0.0/8, java.endorsed.dirs=/Library/Java/JavaVirtualMachines/jdk1.8.0_152.jdk/Contents/Home/jre/lib/endorsed, sun.cpu.isalist=, sun.jnu.encoding=UTF-8, file.encoding.pkg=sun.io, file.separator=/, java.specification.name=Java Platform API Specification, buck.jacoco_agent_jar=/Users/remirobert/dev/test-fail-testable-import/.buckd/resources/v2017.11.16.01/jacoco_agent_jar, java.class.version=52.0, user.country=FR, buck.binary_hash=63c9781095d8ee3e98baa3f5efe2d99c, java.home=/Library/Java/JavaVirtualMachines/jdk1.8.0_152.jdk/Contents/Home/jre, buck.fix_script=/Users/remirobert/dev/test-fail-testable-import/.buckd/resources/v2017.11.16.01/fix_script, java.vm.info=mixed mode, os.version=10.13.2, buck.external_executor_jar=/Users/remirobert/dev/test-fail-testable-import/.buckd/resources/v2017.11.16.01/external_executor_jar, buck.version_uid=v2017.11.16.01, org.eclipse.jetty.util.log.class=org.eclipse.jetty.util.log.JavaUtilLog, path.separator=:, java.vm.version=25.152-b16, java.awt.printerjob=sun.lwawt.macosx.CPrinterJob, sun.io.unicode.encoding=UnicodeBig, awt.toolkit=sun.lwawt.macosx.LWCToolkit, buck.buck_build_type_info=/Users/remirobert/dev/test-fail-testable-import/.buckd/resources/v2017.11.16.01/buck_build_type_info, socksNonProxyHosts=127.0.0.1|localhost|*.localhost|192.168.0.0/16|*.192.168.0.0/16|10.0.0.0/8|*.10.0.0.0/8, ftp.nonProxyHosts=127.0.0.1|localhost|*.localhost|192.168.0.0/16|*.192.168.0.0/16|10.0.0.0/8|*.10.0.0.0/8, buck.dx=/Users/remirobert/dev/test-fail-testable-import/.buckd/resources/v2017.11.16.01/dx, buck.git_commit_timestamp=1510878867, user.home=/Users/remirobert, socksProxyPort=1086, java.specification.vendor=Oracle Corporation, buck.git_dirty=0, java.library.path=/Users/remirobert/dev/test-fail-testable-import/.buckd/resources/v2017.11.16.01, java.vendor.url=http://java.oracle.com/, java.vm.vendor=Oracle Corporation, gopherProxySet=false, java.runtime.name=Java(TM) SE Runtime Environment, sun.java.command=com.facebook.buck.cli.bootstrapper.ClassLoaderBootstrapper com.facebook.buck.cli.Main$DaemonBootstrap local:.buckd/sock 120000, java.class.path=/Users/remirobert/dev/test-fail-testable-import/.buckd/resources/v2017.11.16.01/bootstrapper_jar, buck.buckd_dir=/Users/remirobert/dev/test-fail-testable-import/.buckd, buck.path_to_pathlib_py=/Users/remirobert/dev/test-fail-testable-import/.buckd/resources/v2017.11.16.01/pathlib.py, buck.buckd_launch_time_nanos=132658155844457, java.vm.specification.name=Java Virtual Machine Specification, com.martiansoftware.nailgun.NGServer.outputPath=/Users/remirobert/dev/test-fail-testable-import/.buckd/tmp/buck_run.koAsAH/ngserver-out, java.vm.specification.version=1.8, sun.cpu.endian=little, buck.path_to_rawmanifest_py=/Users/remirobert/dev/test-fail-testable-import/.buckd/resources/v2017.11.16.01/rawmanifest.py, sun.os.patch.level=unknown, java.awt.headless=true, java.io.tmpdir=/Users/remirobert/dev/test-fail-testable-import/.buckd/tmp/buck_run.koAsAH, buck.android_agent_path=/Users/remirobert/dev/test-fail-testable-import/.buckd/resources/v2017.11.16.01/android_agent_path, java.vendor.url.bug=http://bugreport.sun.com/bugreport/, buck.path_to_python_dsl=, jna.platform.library.path=/usr/lib:/usr/lib, os.arch=x86_64, java.awt.graphicsenv=sun.awt.CGraphicsEnvironment, buck.path_to_pex=/Users/remirobert/dev/test-fail-testable-import/.buckd/resources/v2017.11.16.01/path_to_pex, java.ext.dirs=/Users/remirobert/Library/Java/Extensions:/Library/Java/JavaVirtualMachines/jdk1.8.0_152.jdk/Contents/Home/jre/lib/ext:/Library/Java/Extensions:/Network/Library/Java/Extensions:/System/Library/Java/Extensions:/usr/lib/java, java.util.logging.config.class=com.facebook.buck.cli.bootstrapper.LogConfig, user.dir=/Users/remirobert/dev/test-fail-testable-import, line.separator=
, java.vm.name=Java HotSpot(TM) 64-Bit Server VM, buck.path_to_typing=/Users/remirobert/dev/test-fail-testable-import/.buckd/resources/v2017.11.16.01/path_to_typing, buck.native_exopackage_fake_path=/Users/remirobert/dev/test-fail-testable-import/.buckd/resources/v2017.11.16.01/native_exopackage_fake_path, file.encoding=UTF-8, java.specification.version=1.8}
[2017-12-22 15:19:29.466][info ][command:null][tid:14][org.pf4j.DefaultPluginStatusProvider] Enabled plugins: []
[2017-12-22 15:19:29.466][info ][command:null][tid:14][org.pf4j.DefaultPluginStatusProvider] Disabled plugins: []
[2017-12-22 15:19:29.472][info ][command:null][tid:14][org.pf4j.DefaultPluginManager] PF4J version 0.0.0 in 'deployment' mode
[2017-12-22 15:19:29.472][debug][command:null][tid:14][org.pf4j.AbstractPluginManager] Lookup plugins in '/Users/remirobert/dev/test-fail-testable-import/.buckd/resources/v2017.11.16.01/buck-modules'
[2017-12-22 15:19:29.473][debug][command:null][tid:14][org.pf4j.AbstractPluginManager] Found 1 possible plugins: [/Users/remirobert/dev/test-fail-testable-import/.buckd/resources/v2017.11.16.01/buck-modules/ziprules.jar]
[2017-12-22 15:19:29.474][debug][command:null][tid:14][org.pf4j.AbstractPluginManager] Use 'org.pf4j.CompoundPluginDescriptorFinder@30de6d3e' to find plugins descriptors
[2017-12-22 15:19:29.474][debug][command:null][tid:14][org.pf4j.AbstractPluginManager] Finding plugin descriptor for plugin '/Users/remirobert/dev/test-fail-testable-import/.buckd/resources/v2017.11.16.01/buck-modules/ziprules.jar'
[2017-12-22 15:19:29.474][debug][command:null][tid:14][org.pf4j.CompoundPluginDescriptorFinder] 'org.pf4j.ManifestPluginDescriptorFinder@7cd20f8f' is applicable for plugin '/Users/remirobert/dev/test-fail-testable-import/.buckd/resources/v2017.11.16.01/buck-modules/ziprules.jar'
[2017-12-22 15:19:29.479][debug][command:null][tid:14][org.pf4j.AbstractPluginManager] Found descriptor PluginDescriptor [pluginId=com.facebook.buck.zip.ziprules, pluginClass=com.facebook.buck.zip.rules.ZipRulesModuleAdapterPlugin, version=0.0.1, provider=null, dependencies=[], description=, requires=*, license=null]
[2017-12-22 15:19:29.479][debug][command:null][tid:14][org.pf4j.AbstractPluginManager] Class 'com.facebook.buck.zip.rules.ZipRulesModuleAdapterPlugin' for plugin '/Users/remirobert/dev/test-fail-testable-import/.buckd/resources/v2017.11.16.01/buck-modules/ziprules.jar'
[2017-12-22 15:19:29.479][debug][command:null][tid:14][org.pf4j.AbstractPluginManager] Loading plugin '/Users/remirobert/dev/test-fail-testable-import/.buckd/resources/v2017.11.16.01/buck-modules/ziprules.jar'
[2017-12-22 15:19:29.480][debug][command:null][tid:14][org.pf4j.PluginClassLoader] Add 'file:/Users/remirobert/dev/test-fail-testable-import/.buckd/resources/v2017.11.16.01/buck-modules/ziprules.jar'
[2017-12-22 15:19:29.480][debug][command:null][tid:14][org.pf4j.AbstractPluginManager] Loaded plugin '/Users/remirobert/dev/test-fail-testable-import/.buckd/resources/v2017.11.16.01/buck-modules/ziprules.jar' with class loader 'org.pf4j.PluginClassLoader@6cf6b0c8'
[2017-12-22 15:19:29.481][debug][command:null][tid:14][org.pf4j.AbstractPluginManager] Creating wrapper for plugin '/Users/remirobert/dev/test-fail-testable-import/.buckd/resources/v2017.11.16.01/buck-modules/ziprules.jar'
[2017-12-22 15:19:29.484][debug][command:null][tid:14][org.pf4j.AbstractPluginManager] Created wrapper 'PluginWrapper [descriptor=PluginDescriptor [pluginId=com.facebook.buck.zip.ziprules, pluginClass=com.facebook.buck.zip.rules.ZipRulesModuleAdapterPlugin, version=0.0.1, provider=null, dependencies=[], description=, requires=*, license=null], pluginPath=/Users/remirobert/dev/test-fail-testable-import/.buckd/resources/v2017.11.16.01/buck-modules/ziprules.jar]' for plugin '/Users/remirobert/dev/test-fail-testable-import/.buckd/resources/v2017.11.16.01/buck-modules/ziprules.jar'
[2017-12-22 15:19:29.486][debug][command:null][tid:14][org.pf4j.DependencyResolver] Graph: 
   com.facebook.buck.zip.ziprules -> []
[2017-12-22 15:19:29.486][debug][command:null][tid:14][org.pf4j.DependencyResolver] Plugins order: [com.facebook.buck.zip.ziprules]
[2017-12-22 15:19:29.487][info ][command:null][tid:14][org.pf4j.AbstractPluginManager] Plugin 'com.facebook.buck.zip.ziprules@0.0.1' resolved
[2017-12-22 15:19:29.488][info ][command:null][tid:14][org.pf4j.AbstractPluginManager] Start plugin 'com.facebook.buck.zip.ziprules@0.0.1'
[2017-12-22 15:19:29.488][debug][command:null][tid:14][org.pf4j.DefaultExtensionFactory] Create instance for plugin 'com.facebook.buck.zip.rules.ZipRulesModuleAdapterPlugin'
[2017-12-22 15:19:29.495][debug][command:null][tid:14][com.facebook.buck.util.config.Configs] Loading configuration for /Users/remirobert/dev/test-fail-testable-import
[2017-12-22 15:19:29.562][debug][command:null][tid:14][com.facebook.buck.util.config.Configs] Loaded a configuration file /Users/remirobert/dev/test-fail-testable-import/.buckconfig: {apple={xctool_path=/usr/local/bin/xctool}, cache={mode=dir, dir_max_size=512MB}, cxx={cflags=-std=gnu11, cxxflags=-std=c++14 -stdlib=libc++, default_platform=iphonesimulator-x86_64, combined_preprocess_and_compile=true}, project={ide=xcode, ignore=.git, .hg, .buckd}, swift={version=4.0}}
[2017-12-22 15:19:29.564][debug][command:null][tid:14][com.facebook.buck.util.config.Configs] Adding configuration overrides RawConfig{values={}}
[2017-12-22 15:19:29.658][debug][command:null][tid:14][com.facebook.buck.util.config.Configs] Loading configuration for /Users/remirobert/dev/test-fail-testable-import
[2017-12-22 15:19:29.660][debug][command:null][tid:14][com.facebook.buck.util.config.Configs] Loaded a configuration file /Users/remirobert/dev/test-fail-testable-import/.buckconfig: {apple={xctool_path=/usr/local/bin/xctool}, cache={mode=dir, dir_max_size=512MB}, cxx={cflags=-std=gnu11, cxxflags=-std=c++14 -stdlib=libc++, default_platform=iphonesimulator-x86_64, combined_preprocess_and_compile=true}, project={ide=xcode, ignore=.git, .hg, .buckd}, swift={version=4.0}}
[2017-12-22 15:19:29.660][debug][command:null][tid:14][com.facebook.buck.util.config.Configs] Adding configuration overrides RawConfig{values={}}
[2017-12-22 15:19:29.998][debug][command:null][tid:14][com.facebook.buck.apple.AppleToolchainDiscovery] Searching for Xcode toolchains under /Applications/Xcode.app/Contents/Developer/Toolchains
[2017-12-22 15:19:29.999][debug][command:null][tid:14][com.facebook.buck.apple.AppleToolchainDiscovery] Searching for Xcode toolchains in /Applications/Xcode.app/Contents/Developer/Toolchains
[2017-12-22 15:19:30.003][debug][command:null][tid:14][com.facebook.buck.apple.AppleToolchainDiscovery] Getting identifier for for Xcode toolchain under /Applications/Xcode.app/Contents/Developer/Toolchains/XcodeDefault.xctoolchain
[2017-12-22 15:19:30.028][debug][command:null][tid:14][com.facebook.buck.apple.AppleToolchainDiscovery] Mapped SDK identifier com.apple.dt.toolchain.XcodeDefault to path /Applications/Xcode.app/Contents/Developer/Toolchains/XcodeDefault.xctoolchain
[2017-12-22 15:19:30.038][debug][command:null][tid:14][com.facebook.buck.apple.AppleSdkDiscovery] Searching for Xcode platforms under /Applications/Xcode.app/Contents/Developer/Platforms
[2017-12-22 15:19:30.042][debug][command:null][tid:14][com.facebook.buck.apple.AppleSdkDiscovery] Searching for Xcode SDKs in /Applications/Xcode.app/Contents/Developer/Platforms
[2017-12-22 15:19:30.042][debug][command:null][tid:14][com.facebook.buck.apple.AppleSdkDiscovery] Fetching SDK name for /Applications/Xcode.app/Contents/Developer/Platforms/AppleTVOS.platform/Developer/SDKs/AppleTVOS11.2.sdk
[2017-12-22 15:19:30.051][debug][command:null][tid:14][com.facebook.buck.apple.AppleSdkDiscovery] Found SDK AppleSdk{name=appletvos11.2, version=11.2, applePlatform=ApplePlatform{name=appletvos, provisioningProfileName=tvOS, architectures=[arm64], minVersionFlagPrefix=-mtvos-version-min=, appIncludesFrameworks=false}, architectures=[arm64], toolchains=[AppleToolchain{identifier=com.apple.dt.toolchain.XcodeDefault, path=/Applications/Xcode.app/Contents/Developer/Toolchains/XcodeDefault.xctoolchain}]}
[2017-12-22 15:19:30.055][debug][command:null][tid:14][com.facebook.buck.apple.AppleSdkDiscovery] Fetching SDK name for /Applications/Xcode.app/Contents/Developer/Platforms/AppleTVOS.platform/Developer/SDKs/AppleTVOS.sdk
[2017-12-22 15:19:30.055][debug][command:null][tid:14][com.facebook.buck.apple.AppleSdkDiscovery] Skipping already scanned SDK directory /Applications/Xcode.app/Contents/Developer/Platforms/AppleTVOS.platform/Developer/SDKs/AppleTVOS.sdk
[2017-12-22 15:19:30.056][debug][command:null][tid:14][com.facebook.buck.apple.AppleSdkDiscovery] Fetching SDK name for /Applications/Xcode.app/Contents/Developer/Platforms/iPhoneOS.platform/Developer/SDKs/iPhoneOS.sdk
[2017-12-22 15:19:30.057][debug][command:null][tid:14][com.facebook.buck.apple.AppleSdkDiscovery] Found SDK AppleSdk{name=iphoneos11.2, version=11.2, applePlatform=ApplePlatform{name=iphoneos, swiftName=ios, provisioningProfileName=iOS, architectures=[armv7, arm64], minVersionFlagPrefix=-mios-version-min=, stubBinaryPath=Library/Application Support/WatchKit/WK, appIncludesFrameworks=false}, architectures=[armv7, arm64], toolchains=[AppleToolchain{identifier=com.apple.dt.toolchain.XcodeDefault, path=/Applications/Xcode.app/Contents/Developer/Toolchains/XcodeDefault.xctoolchain}]}
[2017-12-22 15:19:30.057][debug][command:null][tid:14][com.facebook.buck.apple.AppleSdkDiscovery] Fetching SDK name for /Applications/Xcode.app/Contents/Developer/Platforms/iPhoneOS.platform/Developer/SDKs/iPhoneOS11.2.sdk
[2017-12-22 15:19:30.058][debug][command:null][tid:14][com.facebook.buck.apple.AppleSdkDiscovery] Skipping already scanned SDK directory /Applications/Xcode.app/Contents/Developer/Platforms/iPhoneOS.platform/Developer/SDKs/iPhoneOS.sdk
[2017-12-22 15:19:30.058][debug][command:null][tid:14][com.facebook.buck.apple.AppleSdkDiscovery] Fetching SDK name for /Applications/Xcode.app/Contents/Developer/Platforms/WatchOS.platform/Developer/SDKs/WatchOS4.2.sdk
[2017-12-22 15:19:30.060][debug][command:null][tid:14][com.facebook.buck.apple.AppleSdkDiscovery] Found SDK AppleSdk{name=watchos4.2, version=4.2, applePlatform=ApplePlatform{name=watchos, provisioningProfileName=iOS, architectures=[armv7k], minVersionFlagPrefix=-mwatchos-version-min=, stubBinaryPath=Library/Application Support/WatchKit/WK, appIncludesFrameworks=false}, architectures=[armv7k], toolchains=[AppleToolchain{identifier=com.apple.dt.toolchain.XcodeDefault, path=/Applications/Xcode.app/Contents/Developer/Toolchains/XcodeDefault.xctoolchain}]}
[2017-12-22 15:19:30.060][debug][command:null][tid:14][com.facebook.buck.apple.AppleSdkDiscovery] Fetching SDK name for /Applications/Xcode.app/Contents/Developer/Platforms/WatchOS.platform/Developer/SDKs/WatchOS.sdk
[2017-12-22 15:19:30.060][debug][command:null][tid:14][com.facebook.buck.apple.AppleSdkDiscovery] Skipping already scanned SDK directory /Applications/Xcode.app/Contents/Developer/Platforms/WatchOS.platform/Developer/SDKs/WatchOS.sdk
[2017-12-22 15:19:30.061][debug][command:null][tid:14][com.facebook.buck.apple.AppleSdkDiscovery] Fetching SDK name for /Applications/Xcode.app/Contents/Developer/Platforms/MacOSX.platform/Developer/SDKs/MacOSX10.13.sdk
[2017-12-22 15:19:30.231][debug][command:null][tid:14][com.facebook.buck.apple.AppleSdkDiscovery] Found SDK AppleSdk{name=macosx10.13, version=10.13, applePlatform=ApplePlatform{name=macosx, architectures=[i386, x86_64], minVersionFlagPrefix=-mmacosx-version-min=, appIncludesFrameworks=true}, architectures=[i386, x86_64], toolchains=[AppleToolchain{identifier=com.apple.dt.toolchain.XcodeDefault, path=/Applications/Xcode.app/Contents/Developer/Toolchains/XcodeDefault.xctoolchain}]}
[2017-12-22 15:19:30.232][debug][command:null][tid:14][com.facebook.buck.apple.AppleSdkDiscovery] Fetching SDK name for /Applications/Xcode.app/Contents/Developer/Platforms/MacOSX.platform/Developer/SDKs/MacOSX.sdk
[2017-12-22 15:19:30.232][debug][command:null][tid:14][com.facebook.buck.apple.AppleSdkDiscovery] Skipping already scanned SDK directory /Applications/Xcode.app/Contents/Developer/Platforms/MacOSX.platform/Developer/SDKs/MacOSX.sdk
[2017-12-22 15:19:30.233][debug][command:null][tid:14][com.facebook.buck.apple.AppleSdkDiscovery] Fetching SDK name for /Applications/Xcode.app/Contents/Developer/Platforms/WatchSimulator.platform/Developer/SDKs/WatchSimulator4.2.sdk
[2017-12-22 15:19:30.234][debug][command:null][tid:14][com.facebook.buck.apple.AppleSdkDiscovery] Found SDK AppleSdk{name=watchsimulator4.2, version=4.2, applePlatform=ApplePlatform{name=watchsimulator, architectures=[i386], minVersionFlagPrefix=-mwatchos-simulator-version-min=, stubBinaryPath=Library/Application Support/WatchKit/WK, appIncludesFrameworks=false}, architectures=[i386], toolchains=[AppleToolchain{identifier=com.apple.dt.toolchain.XcodeDefault, path=/Applications/Xcode.app/Contents/Developer/Toolchains/XcodeDefault.xctoolchain}]}
[2017-12-22 15:19:30.235][debug][command:null][tid:14][com.facebook.buck.apple.AppleSdkDiscovery] Fetching SDK name for /Applications/Xcode.app/Contents/Developer/Platforms/WatchSimulator.platform/Developer/SDKs/WatchSimulator.sdk
[2017-12-22 15:19:30.235][debug][command:null][tid:14][com.facebook.buck.apple.AppleSdkDiscovery] Skipping already scanned SDK directory /Applications/Xcode.app/Contents/Developer/Platforms/WatchSimulator.platform/Developer/SDKs/WatchSimulator.sdk
[2017-12-22 15:19:30.235][debug][command:null][tid:14][com.facebook.buck.apple.AppleSdkDiscovery] Fetching SDK name for /Applications/Xcode.app/Contents/Developer/Platforms/AppleTVSimulator.platform/Developer/SDKs/AppleTVSimulator.sdk
[2017-12-22 15:19:30.236][debug][command:null][tid:14][com.facebook.buck.apple.AppleSdkDiscovery] Found SDK AppleSdk{name=appletvsimulator11.2, version=11.2, applePlatform=ApplePlatform{name=appletvsimulator, swiftName=tvos, architectures=[x86_64], minVersionFlagPrefix=-mtvos-simulator-version-min=, appIncludesFrameworks=false}, architectures=[x86_64], toolchains=[AppleToolchain{identifier=com.apple.dt.toolchain.XcodeDefault, path=/Applications/Xcode.app/Contents/Developer/Toolchains/XcodeDefault.xctoolchain}]}
[2017-12-22 15:19:30.237][debug][command:null][tid:14][com.facebook.buck.apple.AppleSdkDiscovery] Fetching SDK name for /Applications/Xcode.app/Contents/Developer/Platforms/AppleTVSimulator.platform/Developer/SDKs/AppleTVSimulator11.2.sdk
[2017-12-22 15:19:30.237][debug][command:null][tid:14][com.facebook.buck.apple.AppleSdkDiscovery] Skipping already scanned SDK directory /Applications/Xcode.app/Contents/Developer/Platforms/AppleTVSimulator.platform/Developer/SDKs/AppleTVSimulator.sdk
[2017-12-22 15:19:30.237][debug][command:null][tid:14][com.facebook.buck.apple.AppleSdkDiscovery] Fetching SDK name for /Applications/Xcode.app/Contents/Developer/Platforms/iPhoneSimulator.platform/Developer/SDKs/iPhoneSimulator.sdk
[2017-12-22 15:19:30.238][debug][command:null][tid:14][com.facebook.buck.apple.AppleSdkDiscovery] Found SDK AppleSdk{name=iphonesimulator11.2, version=11.2, applePlatform=ApplePlatform{name=iphonesimulator, swiftName=ios, architectures=[i386, x86_64], minVersionFlagPrefix=-mios-simulator-version-min=, stubBinaryPath=Library/Application Support/WatchKit/WK, appIncludesFrameworks=false}, architectures=[i386, x86_64], toolchains=[AppleToolchain{identifier=com.apple.dt.toolchain.XcodeDefault, path=/Applications/Xcode.app/Contents/Developer/Toolchains/XcodeDefault.xctoolchain}]}
[2017-12-22 15:19:30.239][debug][command:null][tid:14][com.facebook.buck.apple.AppleSdkDiscovery] Fetching SDK name for /Applications/Xcode.app/Contents/Developer/Platforms/iPhoneSimulator.platform/Developer/SDKs/iPhoneSimulator11.2.sdk
[2017-12-22 15:19:30.239][debug][command:null][tid:14][com.facebook.buck.apple.AppleSdkDiscovery] Skipping already scanned SDK directory /Applications/Xcode.app/Contents/Developer/Platforms/iPhoneSimulator.platform/Developer/SDKs/iPhoneSimulator.sdk
[2017-12-22 15:19:30.276][info ][command:null][tid:14][com.facebook.buck.io.Watchman] Creating for: [/Users/remirobert/dev/test-fail-testable-import]
[2017-12-22 15:19:30.347][debug][command:null][tid:14][com.facebook.buck.io.ExecutableFinder] Executable 'watchman' mapped to 'Optional[/usr/local/bin/watchman]'
[2017-12-22 15:19:30.349][debug][command:null][tid:14][com.facebook.buck.util.ListeningProcessExecutor] Launching process with params ProcessExecutorParams{command=[/usr/local/bin/watchman, --output-encoding=bser, get-sockname]}
[2017-12-22 15:19:30.410][debug][command:null][tid:14][com.facebook.buck.util.ListeningProcessExecutor] Successfully launched process com.zaxxer.nuprocess.osx.OsxProcess@4572f8cd
[2017-12-22 15:19:30.411][debug][command:null][tid:14][com.facebook.buck.util.ListeningProcessExecutor] Waiting for process com.facebook.buck.util.ListeningProcessExecutor$LaunchedProcessImpl@53385745 timeout 1000000000 NANOSECONDS
[2017-12-22 15:19:30.431][debug][command:null][tid:14][com.facebook.buck.util.ListeningProcessExecutor] Wait for process returned 0
[2017-12-22 15:19:30.435][debug][command:null][tid:14][com.facebook.buck.io.Watchman] Waited 20 ms for Watchman command get-sockname, exit code 0
[2017-12-22 15:19:30.463][debug][command:null][tid:14][com.facebook.buck.io.Watchman] stdout of command: {sockname=/usr/local/var/run/watchman/remirobert-state/sock, version=4.9.0}
[2017-12-22 15:19:30.463][info ][command:null][tid:14][com.facebook.buck.io.Watchman] Connecting to Watchman version 4.9.0 at /usr/local/var/run/watchman/remirobert-state/sock
[2017-12-22 15:19:30.511][debug][command:null][tid:14][com.facebook.buck.io.Watchman] Connected to Watchman
[2017-12-22 15:19:30.520][debug][command:null][tid:25][com.facebook.buck.io.WatchmanTransportClient] Sending query: [version, {required=[cmd-watch-project], optional=[term-dirname, cmd-watch-project, wildmatch, wildmatch_multislash, glob_generator, clock-sync-timeout]}]
[2017-12-22 15:19:30.526][debug][command:null][tid:14][com.facebook.buck.io.WatchmanTransportClient] Query [version, {required=[cmd-watch-project], optional=[term-dirname, cmd-watch-project, wildmatch, wildmatch_multislash, glob_generator, clock-sync-timeout]}] returned in 5 ms
[2017-12-22 15:19:30.526][info ][command:null][tid:14][com.facebook.buck.io.Watchman] Took 15 ms to query capabilities {term-dirname=DIRNAME, cmd-watch-project=SUPPORTS_PROJECT_WATCH, wildmatch=WILDMATCH_GLOB, wildmatch_multislash=WILDMATCH_MULTISLASH, glob_generator=GLOB_GENERATOR, clock-sync-timeout=CLOCK_SYNC_TIMEOUT}
[2017-12-22 15:19:30.529][debug][command:null][tid:14][com.facebook.buck.io.Watchman] Got capabilities response: {clock-sync-timeout=true, glob_generator=true, wildmatch_multislash=false, cmd-watch-project=true, wildmatch=true, term-dirname=true}
[2017-12-22 15:19:30.530][debug][command:null][tid:14][com.facebook.buck.io.Watchman] Got Watchman capabilities: [CLOCK_SYNC_TIMEOUT, GLOB_GENERATOR, SUPPORTS_PROJECT_WATCH, WILDMATCH_GLOB, DIRNAME]
[2017-12-22 15:19:30.531][info ][command:null][tid:14][com.facebook.buck.io.Watchman] Adding watchman root: /Users/remirobert/dev/test-fail-testable-import
[2017-12-22 15:19:30.531][debug][command:null][tid:25][com.facebook.buck.io.WatchmanTransportClient] Sending query: [watch-project, /Users/remirobert/dev/test-fail-testable-import]
[2017-12-22 15:19:30.553][debug][command:null][tid:14][com.facebook.buck.io.WatchmanTransportClient] Query [watch-project, /Users/remirobert/dev/test-fail-testable-import] returned in 21 ms
[2017-12-22 15:19:30.553][debug][command:null][tid:25][com.facebook.buck.io.WatchmanTransportClient] Sending query: [watch-project, /Users/remirobert/dev/test-fail-testable-import]
[2017-12-22 15:19:30.554][debug][command:null][tid:14][com.facebook.buck.io.WatchmanTransportClient] Query [watch-project, /Users/remirobert/dev/test-fail-testable-import] returned in 0 ms
[2017-12-22 15:19:30.554][info ][command:null][tid:14][com.facebook.buck.io.Watchman] Took 23 ms to add root /Users/remirobert/dev/test-fail-testable-import
[2017-12-22 15:19:30.560][debug][command:null][tid:25][com.facebook.buck.io.WatchmanTransportClient] Sending query: [clock, /Users/remirobert/dev/test-fail-testable-import, {sync_timeout=100}]
[2017-12-22 15:19:30.572][debug][command:null][tid:14][com.facebook.buck.io.WatchmanTransportClient] Query [clock, /Users/remirobert/dev/test-fail-testable-import, {sync_timeout=100}] returned in 12 ms
[2017-12-22 15:19:30.573][info ][command:null][tid:14][com.facebook.buck.io.Watchman] Took 12 ms to query for initial clock id Optional[c:1513586676:1188:10:3]
[2017-12-22 15:19:30.574][debug][command:null][tid:14][com.facebook.buck.cli.Main] Watchman capabilities: [CLOCK_SYNC_TIMEOUT, GLOB_GENERATOR, SUPPORTS_PROJECT_WATCH, WILDMATCH_GLOB, DIRNAME] Project watches: {/Users/remirobert/dev/test-fail-testable-import=ProjectWatch{watchRoot=/Users/remirobert/dev/test-fail-testable-import}} Glob handler config: PYTHON Query timeout ms config: Optional.empty
[2017-12-22 15:19:30.602][debug][command:null][tid:14][com.facebook.buck.cli.DaemonLifecycleManager] Starting up daemon for project root [/Users/remirobert/dev/test-fail-testable-import]
[2017-12-22 15:19:31.456][warn ][command:null][tid:14][com.facebook.buck.cli.Daemon] Can't start web server
[2017-12-22 15:19:31.458][debug][command:null][tid:14][com.facebook.buck.cli.Daemon] Using Watchman Cursor: {/Users/remirobert/dev/test-fail-testable-import=c:1513586676:1188:10:3}
[2017-12-22 15:19:31.551][debug][command:a28acd30-263e-40c3-b7ba-d3a2d04f9d82][tid:14][com.facebook.buck.event.listener.SuperConsoleEventBusListener] Starting render scheduler (interval 100 ms)
[2017-12-22 15:19:31.588][debug][command:a28acd30-263e-40c3-b7ba-d3a2d04f9d82][tid:14][com.google.common.util.concurrent.ServiceManager] Starting PerfStatsTracking [RUNNING].
[2017-12-22 15:19:31.589][debug][command:a28acd30-263e-40c3-b7ba-d3a2d04f9d82][tid:14][com.google.common.util.concurrent.ServiceManager] Started PerfStatsTracking [RUNNING] in 458.6 Î¼s.
[2017-12-22 15:19:31.594][debug][command:a28acd30-263e-40c3-b7ba-d3a2d04f9d82][tid:14][com.google.common.util.concurrent.ServiceManager] Starting ProcessTracker [STARTING].
[2017-12-22 15:19:31.594][debug][command:null][tid:30][com.facebook.buck.util.perf.ProcessTracker] startUp
[2017-12-22 15:19:31.594][debug][command:a28acd30-263e-40c3-b7ba-d3a2d04f9d82][tid:14][com.facebook.buck.cli.Main] InvocationInfo BuildId=[a28acd30-263e-40c3-b7ba-d3a2d04f9d82] Args=[build, :app]
[2017-12-22 15:19:31.624][debug][command:a28acd30-263e-40c3-b7ba-d3a2d04f9d82][tid:14][com.facebook.buck.util.environment.MacWifiSsidFinder] Getting current SSID..
[2017-12-22 15:19:31.711][debug][command:null][tid:30][com.google.common.util.concurrent.ServiceManager] Started ProcessTracker [RUNNING] in 117.2 ms.
[2017-12-22 15:19:31.720][debug][command:a28acd30-263e-40c3-b7ba-d3a2d04f9d82][tid:14][com.facebook.buck.util.environment.MacWifiSsidFinder] Getting SSID from Wi-Fi interface: <CWInterface: 0x7ff9a1076f70> [interfaceName=en0]
[2017-12-22 15:19:31.722][debug][command:a28acd30-263e-40c3-b7ba-d3a2d04f9d82][tid:14][com.facebook.buck.util.environment.MacWifiSsidFinder] Found SSID: A2975
[2017-12-22 15:19:32.240][warn ][command:a28acd30-263e-40c3-b7ba-d3a2d04f9d82][tid:14][com.facebook.buck.event.listener.PublicAnnouncementManager] Failed to get public announcements. Reason: Failed to establish connection to server.
[2017-12-22 15:19:32.241][debug][command:a28acd30-263e-40c3-b7ba-d3a2d04f9d82][tid:14][com.facebook.buck.cli.Main] new Buck daemon
[2017-12-22 15:19:32.292][info ][command:null][tid:35][com.facebook.buck.util.versioncontrol.VersionControlStatsGenerator] Starting generation of version control stats.
[2017-12-22 15:19:32.299][debug][command:null][tid:35][com.facebook.buck.util.versioncontrol.VersionControlCmdLineInterface] Executing command: hg log -l 1 --template {node|short}
[2017-12-22 15:19:32.315][warn ][command:null][tid:35][com.facebook.buck.util.versioncontrol.DelegatingVersionControlCmdLineInterface] Mercurial is the only VCS supported for VCS stats generation, however current project (which has enabled VCS stats generation in its .buckconfig) does not appear to be a Mercurial repository: 
com.facebook.buck.util.versioncontrol.VersionControlCommandFailedException: java.io.IOException: Cannot run program "hg" (in directory "/Users/remirobert/dev/test-fail-testable-import"): error=2, No such file or directory
[2017-12-22 15:19:32.316][debug][command:null][tid:35][com.facebook.buck.util.versioncontrol.DelegatingVersionControlCmdLineInterface] Using NoOpCmdLineInterface.
[2017-12-22 15:19:32.318][warn ][command:null][tid:35][com.facebook.buck.util.versioncontrol.VersionControlStatsGenerator] Skipping generation of version control stats as unsupported repository type.
[2017-12-22 15:19:32.326][debug][command:null][tid:35][com.facebook.buck.util.environment.MacNetworkConfiguration] Determine network service order and extract device names
[2017-12-22 15:19:32.348][debug][command:null][tid:35][com.facebook.buck.util.ListeningProcessExecutor] Launching process with params ProcessExecutorParams{command=[networksetup, -listnetworkserviceorder, ]}
[2017-12-22 15:19:32.360][debug][command:null][tid:35][com.facebook.buck.util.ListeningProcessExecutor] Successfully launched process com.zaxxer.nuprocess.osx.OsxProcess@6d88f3b1
[2017-12-22 15:19:32.365][debug][command:null][tid:35][com.facebook.buck.util.ListeningProcessExecutor] Waiting for process com.facebook.buck.util.ListeningProcessExecutor$LaunchedProcessImpl@a27e643 timeout 1000 MILLISECONDS
[2017-12-22 15:19:32.428][debug][command:null][tid:35][com.facebook.buck.util.ListeningProcessExecutor] Wait for process returned 0
[2017-12-22 15:19:32.428][debug][command:null][tid:35][com.facebook.buck.util.ListeningProcessExecutor] Destroying process com.facebook.buck.util.ListeningProcessExecutor$LaunchedProcessImpl@a27e643 (force true)
[2017-12-22 15:19:32.428][debug][command:null][tid:35][com.facebook.buck.util.environment.MacNetworkConfiguration] Determine active state of media for device
[2017-12-22 15:19:32.429][debug][command:null][tid:35][com.facebook.buck.util.ListeningProcessExecutor] Launching process with params ProcessExecutorParams{command=[networksetup, -getMedia, usbmodem1441]}
[2017-12-22 15:19:32.433][debug][command:null][tid:35][com.facebook.buck.util.ListeningProcessExecutor] Successfully launched process com.zaxxer.nuprocess.osx.OsxProcess@209889cd
[2017-12-22 15:19:32.435][debug][command:null][tid:35][com.facebook.buck.util.ListeningProcessExecutor] Waiting for process com.facebook.buck.util.ListeningProcessExecutor$LaunchedProcessImpl@13e62e2f timeout 1000 MILLISECONDS
[2017-12-22 15:19:32.484][debug][command:null][tid:35][com.facebook.buck.util.ListeningProcessExecutor] Wait for process returned 4
[2017-12-22 15:19:32.484][debug][command:null][tid:35][com.facebook.buck.util.ListeningProcessExecutor] Destroying process com.facebook.buck.util.ListeningProcessExecutor$LaunchedProcessImpl@13e62e2f (force true)
[2017-12-22 15:19:32.484][debug][command:null][tid:35][com.facebook.buck.util.environment.MacNetworkConfiguration] Determine active state of media for device
[2017-12-22 15:19:32.485][debug][command:null][tid:35][com.facebook.buck.util.ListeningProcessExecutor] Launching process with params ProcessExecutorParams{command=[networksetup, -getMedia, usbmodem1431]}
[2017-12-22 15:19:32.488][debug][command:null][tid:35][com.facebook.buck.util.ListeningProcessExecutor] Successfully launched process com.zaxxer.nuprocess.osx.OsxProcess@770ae7dc
[2017-12-22 15:19:32.490][debug][command:null][tid:35][com.facebook.buck.util.ListeningProcessExecutor] Waiting for process com.facebook.buck.util.ListeningProcessExecutor$LaunchedProcessImpl@422a0280 timeout 1000 MILLISECONDS
[2017-12-22 15:19:32.531][debug][command:a28acd30-263e-40c3-b7ba-d3a2d04f9d82][tid:14][com.facebook.buck.parser.Parser] com.facebook.buck.event.DefaultBuckEventBus@516c793b
[2017-12-22 15:19:32.538][debug][command:null][tid:35][com.facebook.buck.util.ListeningProcessExecutor] Wait for process returned 4
[2017-12-22 15:19:32.539][debug][command:null][tid:35][com.facebook.buck.util.ListeningProcessExecutor] Destroying process com.facebook.buck.util.ListeningProcessExecutor$LaunchedProcessImpl@422a0280 (force true)
[2017-12-22 15:19:32.539][debug][command:null][tid:35][com.facebook.buck.util.environment.MacNetworkConfiguration] Determine active state of media for device
[2017-12-22 15:19:32.539][debug][command:null][tid:35][com.facebook.buck.util.ListeningProcessExecutor] Launching process with params ProcessExecutorParams{command=[networksetup, -getMedia, usbmodem14331]}
[2017-12-22 15:19:32.541][debug][command:null][tid:25][com.facebook.buck.io.WatchmanTransportClient] Sending query: [query, /Users/remirobert/dev/test-fail-testable-import, {since=c:1513586676:1188:10:3, expression=[not, [anyof, [type, d], [dirname, .idea], [dirname, .buckd], [dirname, buck-out/cache], [dirname, .git], [dirname, .hg], [dirname, buck-out/.trash], [dirname, buck-out], [match, **/*.pbxproj, wholename, {includedotfiles=true}], [match, **/*.xcscheme, wholename, {includedotfiles=true}], [match, **/*.xcworkspacedata, wholename, {includedotfiles=true}], [match, **/*~, wholename, {includedotfiles=true}], [match, **/#*#, wholename, {includedotfiles=true}], [match, **/.#*, wholename, {includedotfiles=true}], [match, **/*.swo, wholename, {includedotfiles=true}], [match, **/*.swp, wholename, {includedotfiles=true}], [match, **/*.swpx, wholename, {includedotfiles=true}], [match, **/*.un~, wholename, {includedotfiles=true}], [match, **/.netrhwist, wholename, {includedotfiles=true}], [match, .idea, wholename, {includedotfiles=true}], [match, .iml, wholename, {includedotfiles=true}], [match, **/*.pydevproject, wholename, {includedotfiles=true}], [match, .project, wholename, {includedotfiles=true}], [match, .metadata, wholename, {includedotfiles=true}], [match, **/*.tmp, wholename, {includedotfiles=true}], [match, **/*.bak, wholename, {includedotfiles=true}], [match, **/*~.nib, wholename, {includedotfiles=true}], [match, .classpath, wholename, {includedotfiles=true}], [match, .settings, wholename, {includedotfiles=true}], [match, .loadpath, wholename, {includedotfiles=true}], [match, .externalToolBuilders, wholename, {includedotfiles=true}], [match, .cproject, wholename, {includedotfiles=true}], [match, .buildpath, wholename, {includedotfiles=true}], [match, .DS_Store, wholename, {includedotfiles=true}], [match, .AppleDouble, wholename, {includedotfiles=true}], [match, .LSOverride, wholename, {includedotfiles=true}], [match, .Spotlight-V100, wholename, {includedotfiles=true}], [match, .Trashes, wholename, {includedotfiles=true}], [match, $RECYCLE.BIN, wholename, {includedotfiles=true}], [match, .*.sublime-workspace, wholename, {includedotfiles=true}]]], empty_on_fresh_instance=true, fields=[name, exists, new]}]
[2017-12-22 15:19:32.550][debug][command:null][tid:35][com.facebook.buck.util.ListeningProcessExecutor] Successfully launched process com.zaxxer.nuprocess.osx.OsxProcess@26983de9
[2017-12-22 15:19:32.551][debug][command:null][tid:35][com.facebook.buck.util.ListeningProcessExecutor] Waiting for process com.facebook.buck.util.ListeningProcessExecutor$LaunchedProcessImpl@42df843 timeout 1000 MILLISECONDS
[2017-12-22 15:19:32.556][debug][command:a28acd30-263e-40c3-b7ba-d3a2d04f9d82][tid:14][com.facebook.buck.io.WatchmanTransportClient] Query [query, /Users/remirobert/dev/test-fail-testable-import, {since=c:1513586676:1188:10:3, expression=[not, [anyof, [type, d], [dirname, .idea], [dirname, .buckd], [dirname, buck-out/cache], [dirname, .git], [dirname, .hg], [dirname, buck-out/.trash], [dirname, buck-out], [match, **/*.pbxproj, wholename, {includedotfiles=true}], [match, **/*.xcscheme, wholename, {includedotfiles=true}], [match, **/*.xcworkspacedata, wholename, {includedotfiles=true}], [match, **/*~, wholename, {includedotfiles=true}], [match, **/#*#, wholename, {includedotfiles=true}], [match, **/.#*, wholename, {includedotfiles=true}], [match, **/*.swo, wholename, {includedotfiles=true}], [match, **/*.swp, wholename, {includedotfiles=true}], [match, **/*.swpx, wholename, {includedotfiles=true}], [match, **/*.un~, wholename, {includedotfiles=true}], [match, **/.netrhwist, wholename, {includedotfiles=true}], [match, .idea, wholename, {includedotfiles=true}], [match, .iml, wholename, {includedotfiles=true}], [match, **/*.pydevproject, wholename, {includedotfiles=true}], [match, .project, wholename, {includedotfiles=true}], [match, .metadata, wholename, {includedotfiles=true}], [match, **/*.tmp, wholename, {includedotfiles=true}], [match, **/*.bak, wholename, {includedotfiles=true}], [match, **/*~.nib, wholename, {includedotfiles=true}], [match, .classpath, wholename, {includedotfiles=true}], [match, .settings, wholename, {includedotfiles=true}], [match, .loadpath, wholename, {includedotfiles=true}], [match, .externalToolBuilders, wholename, {includedotfiles=true}], [match, .cproject, wholename, {includedotfiles=true}], [match, .buildpath, wholename, {includedotfiles=true}], [match, .DS_Store, wholename, {includedotfiles=true}], [match, .AppleDouble, wholename, {includedotfiles=true}], [match, .LSOverride, wholename, {includedotfiles=true}], [match, .Spotlight-V100, wholename, {includedotfiles=true}], [match, .Trashes, wholename, {includedotfiles=true}], [match, $RECYCLE.BIN, wholename, {includedotfiles=true}], [match, .*.sublime-workspace, wholename, {includedotfiles=true}]]], empty_on_fresh_instance=true, fields=[name, exists, new]}] returned in 14 ms
[2017-12-22 15:19:32.556][debug][command:a28acd30-263e-40c3-b7ba-d3a2d04f9d82][tid:14][com.facebook.buck.io.WatchmanWatcher] Updating Watchman Cursor from c:1513586676:1188:10:3 to c:1513586676:1188:10:9
[2017-12-22 15:19:32.557][debug][command:a28acd30-263e-40c3-b7ba-d3a2d04f9d82][tid:14][com.facebook.buck.io.WatchmanWatcher] Posted 0 Watchman events.
[2017-12-22 15:19:32.599][debug][command:null][tid:35][com.facebook.buck.util.ListeningProcessExecutor] Wait for process returned 4
[2017-12-22 15:19:32.599][debug][command:null][tid:35][com.facebook.buck.util.ListeningProcessExecutor] Destroying process com.facebook.buck.util.ListeningProcessExecutor$LaunchedProcessImpl@42df843 (force true)
[2017-12-22 15:19:32.599][debug][command:null][tid:35][com.facebook.buck.util.environment.MacNetworkConfiguration] Determine active state of media for device
[2017-12-22 15:19:32.599][debug][command:null][tid:35][com.facebook.buck.util.ListeningProcessExecutor] Launching process with params ProcessExecutorParams{command=[networksetup, -getMedia, lpss-serial1]}
[2017-12-22 15:19:32.616][debug][command:null][tid:35][com.facebook.buck.util.ListeningProcessExecutor] Successfully launched process com.zaxxer.nuprocess.osx.OsxProcess@2439cb1d
[2017-12-22 15:19:32.618][debug][command:null][tid:35][com.facebook.buck.util.ListeningProcessExecutor] Waiting for process com.facebook.buck.util.ListeningProcessExecutor$LaunchedProcessImpl@3615f318 timeout 1000 MILLISECONDS
[2017-12-22 15:19:32.668][debug][command:null][tid:35][com.facebook.buck.util.ListeningProcessExecutor] Wait for process returned 4
[2017-12-22 15:19:32.669][debug][command:null][tid:35][com.facebook.buck.util.ListeningProcessExecutor] Destroying process com.facebook.buck.util.ListeningProcessExecutor$LaunchedProcessImpl@3615f318 (force true)
[2017-12-22 15:19:32.669][debug][command:null][tid:35][com.facebook.buck.util.environment.MacNetworkConfiguration] Determine active state of media for device
[2017-12-22 15:19:32.669][debug][command:null][tid:35][com.facebook.buck.util.ListeningProcessExecutor] Launching process with params ProcessExecutorParams{command=[networksetup, -getMedia, lpss-serial2]}
[2017-12-22 15:19:32.680][debug][command:null][tid:35][com.facebook.buck.util.ListeningProcessExecutor] Successfully launched process com.zaxxer.nuprocess.osx.OsxProcess@5185f746
[2017-12-22 15:19:32.682][debug][command:null][tid:35][com.facebook.buck.util.ListeningProcessExecutor] Waiting for process com.facebook.buck.util.ListeningProcessExecutor$LaunchedProcessImpl@508ab7ab timeout 1000 MILLISECONDS
[2017-12-22 15:19:32.690][info ][command:a28acd30-263e-40c3-b7ba-d3a2d04f9d82][tid:34][com.facebook.buck.event.listener.LoggingBuildListener] Build started at 2017-12-22 15:19:32.688
[2017-12-22 15:19:32.732][debug][command:null][tid:35][com.facebook.buck.util.ListeningProcessExecutor] Wait for process returned 4
[2017-12-22 15:19:32.732][debug][command:null][tid:35][com.facebook.buck.util.ListeningProcessExecutor] Destroying process com.facebook.buck.util.ListeningProcessExecutor$LaunchedProcessImpl@508ab7ab (force true)
[2017-12-22 15:19:32.732][debug][command:null][tid:35][com.facebook.buck.util.environment.MacNetworkConfiguration] Determine active state of media for device
[2017-12-22 15:19:32.733][debug][command:null][tid:35][com.facebook.buck.util.ListeningProcessExecutor] Launching process with params ProcessExecutorParams{command=[networksetup, -getMedia, en8]}
[2017-12-22 15:19:32.751][debug][command:null][tid:35][com.facebook.buck.util.ListeningProcessExecutor] Successfully launched process com.zaxxer.nuprocess.osx.OsxProcess@499e0391
[2017-12-22 15:19:32.752][debug][command:null][tid:35][com.facebook.buck.util.ListeningProcessExecutor] Waiting for process com.facebook.buck.util.ListeningProcessExecutor$LaunchedProcessImpl@375fe223 timeout 1000 MILLISECONDS
[2017-12-22 15:19:32.801][debug][command:null][tid:35][com.facebook.buck.util.ListeningProcessExecutor] Wait for process returned 4
[2017-12-22 15:19:32.801][debug][command:null][tid:35][com.facebook.buck.util.ListeningProcessExecutor] Destroying process com.facebook.buck.util.ListeningProcessExecutor$LaunchedProcessImpl@375fe223 (force true)
[2017-12-22 15:19:32.801][debug][command:null][tid:35][com.facebook.buck.util.environment.MacNetworkConfiguration] Determine active state of media for device
[2017-12-22 15:19:32.801][debug][command:null][tid:35][com.facebook.buck.util.ListeningProcessExecutor] Launching process with params ProcessExecutorParams{command=[networksetup, -getMedia, en10]}
[2017-12-22 15:19:32.812][debug][command:null][tid:35][com.facebook.buck.util.ListeningProcessExecutor] Successfully launched process com.zaxxer.nuprocess.osx.OsxProcess@2fdb957
[2017-12-22 15:19:32.814][debug][command:null][tid:35][com.facebook.buck.util.ListeningProcessExecutor] Waiting for process com.facebook.buck.util.ListeningProcessExecutor$LaunchedProcessImpl@7cf714c timeout 1000 MILLISECONDS
[2017-12-22 15:19:32.864][debug][command:null][tid:35][com.facebook.buck.util.ListeningProcessExecutor] Wait for process returned 4
[2017-12-22 15:19:32.864][debug][command:null][tid:35][com.facebook.buck.util.ListeningProcessExecutor] Destroying process com.facebook.buck.util.ListeningProcessExecutor$LaunchedProcessImpl@7cf714c (force true)
[2017-12-22 15:19:32.864][debug][command:null][tid:35][com.facebook.buck.util.environment.MacNetworkConfiguration] Determine active state of media for device
[2017-12-22 15:19:32.864][debug][command:null][tid:35][com.facebook.buck.util.ListeningProcessExecutor] Launching process with params ProcessExecutorParams{command=[networksetup, -getMedia, en9]}
[2017-12-22 15:19:32.877][debug][command:null][tid:35][com.facebook.buck.util.ListeningProcessExecutor] Successfully launched process com.zaxxer.nuprocess.osx.OsxProcess@3e7468af
[2017-12-22 15:19:32.879][debug][command:null][tid:35][com.facebook.buck.util.ListeningProcessExecutor] Waiting for process com.facebook.buck.util.ListeningProcessExecutor$LaunchedProcessImpl@76f2cbb8 timeout 1000 MILLISECONDS
[2017-12-22 15:19:32.900][debug][command:a28acd30-263e-40c3-b7ba-d3a2d04f9d82][tid:14][com.facebook.buck.apple.AppleCxxPlatforms] SDK AppleSdk{name=appletvos11.2, version=11.2, applePlatform=ApplePlatform{name=appletvos, provisioningProfileName=tvOS, architectures=[arm64], minVersionFlagPrefix=-mtvos-version-min=, appIncludesFrameworks=false}, architectures=[arm64], toolchains=[AppleToolchain{identifier=com.apple.dt.toolchain.XcodeDefault, path=/Applications/Xcode.app/Contents/Developer/Toolchains/XcodeDefault.xctoolchain}]} using default version 11.2
[2017-12-22 15:19:32.919][debug][command:a28acd30-263e-40c3-b7ba-d3a2d04f9d82][tid:14][com.facebook.buck.apple.AppleCxxPlatforms] Xcode build version is: 9C40b
[2017-12-22 15:19:32.930][debug][command:null][tid:35][com.facebook.buck.util.ListeningProcessExecutor] Wait for process returned 4
[2017-12-22 15:19:32.931][debug][command:null][tid:35][com.facebook.buck.util.ListeningProcessExecutor] Destroying process com.facebook.buck.util.ListeningProcessExecutor$LaunchedProcessImpl@76f2cbb8 (force true)
[2017-12-22 15:19:32.931][debug][command:null][tid:35][com.facebook.buck.util.environment.MacNetworkConfiguration] Determine active state of media for device
[2017-12-22 15:19:32.931][debug][command:null][tid:35][com.facebook.buck.util.ListeningProcessExecutor] Launching process with params ProcessExecutorParams{command=[networksetup, -getMedia, en0]}
[2017-12-22 15:19:32.947][debug][command:null][tid:35][com.facebook.buck.util.ListeningProcessExecutor] Successfully launched process com.zaxxer.nuprocess.osx.OsxProcess@19aaf330
[2017-12-22 15:19:32.948][debug][command:null][tid:35][com.facebook.buck.util.ListeningProcessExecutor] Waiting for process com.facebook.buck.util.ListeningProcessExecutor$LaunchedProcessImpl@6513a458 timeout 1000 MILLISECONDS
[2017-12-22 15:19:33.001][debug][command:null][tid:35][com.facebook.buck.util.ListeningProcessExecutor] Wait for process returned 0
[2017-12-22 15:19:33.001][debug][command:null][tid:35][com.facebook.buck.util.ListeningProcessExecutor] Destroying process com.facebook.buck.util.ListeningProcessExecutor$LaunchedProcessImpl@6513a458 (force true)
[2017-12-22 15:19:33.001][debug][command:null][tid:35][com.facebook.buck.util.environment.MacNetworkConfiguration] Determine WiFi SSID of device
[2017-12-22 15:19:33.002][debug][command:null][tid:35][com.facebook.buck.util.ListeningProcessExecutor] Launching process with params ProcessExecutorParams{command=[networksetup, -getairportnetwork, en0]}
[2017-12-22 15:19:33.010][debug][command:a28acd30-263e-40c3-b7ba-d3a2d04f9d82][tid:14][com.facebook.buck.apple.AppleCxxPlatforms] Apple toolchain path: /Applications/Xcode.app/Contents/Developer/Toolchains/XcodeDefault.xctoolchain
[2017-12-22 15:19:33.020][debug][command:null][tid:35][com.facebook.buck.util.ListeningProcessExecutor] Successfully launched process com.zaxxer.nuprocess.osx.OsxProcess@783f9945
[2017-12-22 15:19:33.021][debug][command:null][tid:35][com.facebook.buck.util.ListeningProcessExecutor] Waiting for process com.facebook.buck.util.ListeningProcessExecutor$LaunchedProcessImpl@187022f1 timeout 1000 MILLISECONDS
[2017-12-22 15:19:33.031][debug][command:a28acd30-263e-40c3-b7ba-d3a2d04f9d82][tid:14][com.facebook.buck.apple.AppleCxxPlatforms] Headers verification platform whitelist: [^\Q/Applications/Xcode.app/Contents/Developer/Platforms/AppleTVOS.platform/Developer/Library/Frameworks\E\/.*, ^\Q/Applications/Xcode.app/Contents/Developer/Platforms/AppleTVOS.platform/Developer/SDKs/AppleTVOS.sdk\E\/.*, ^\Q/Applications/Xcode.app/Contents/Developer/Toolchains/XcodeDefault.xctoolchain\E\/.*]
[2017-12-22 15:19:33.078][debug][command:null][tid:35][com.facebook.buck.util.ListeningProcessExecutor] Wait for process returned 0
[2017-12-22 15:19:33.078][debug][command:null][tid:35][com.facebook.buck.util.ListeningProcessExecutor] Destroying process com.facebook.buck.util.ListeningProcessExecutor$LaunchedProcessImpl@187022f1 (force true)
[2017-12-22 15:19:33.081][info ][command:null][tid:35][com.facebook.buck.util.versioncontrol.VersionControlStatsGenerator] Starting generation of version control stats.
[2017-12-22 15:19:33.081][warn ][command:null][tid:35][com.facebook.buck.util.versioncontrol.VersionControlStatsGenerator] Skipping generation of version control stats as unsupported repository type.
[2017-12-22 15:19:33.115][debug][command:a28acd30-263e-40c3-b7ba-d3a2d04f9d82][tid:14][com.facebook.buck.apple.AppleCxxPlatforms] SDK AppleSdk{name=iphoneos11.2, version=11.2, applePlatform=ApplePlatform{name=iphoneos, swiftName=ios, provisioningProfileName=iOS, architectures=[armv7, arm64], minVersionFlagPrefix=-mios-version-min=, stubBinaryPath=Library/Application Support/WatchKit/WK, appIncludesFrameworks=false}, architectures=[armv7, arm64], toolchains=[AppleToolchain{identifier=com.apple.dt.toolchain.XcodeDefault, path=/Applications/Xcode.app/Contents/Developer/Toolchains/XcodeDefault.xctoolchain}]} using default version 11.2
[2017-12-22 15:19:33.117][debug][command:a28acd30-263e-40c3-b7ba-d3a2d04f9d82][tid:14][com.facebook.buck.apple.AppleCxxPlatforms] Xcode build version is: 9C40b
[2017-12-22 15:19:33.124][debug][command:a28acd30-263e-40c3-b7ba-d3a2d04f9d82][tid:14][com.facebook.buck.apple.AppleCxxPlatforms] Apple toolchain path: /Applications/Xcode.app/Contents/Developer/Toolchains/XcodeDefault.xctoolchain
[2017-12-22 15:19:33.125][debug][command:a28acd30-263e-40c3-b7ba-d3a2d04f9d82][tid:14][com.facebook.buck.apple.AppleCxxPlatforms] Headers verification platform whitelist: [^\Q/Applications/Xcode.app/Contents/Developer/Platforms/iPhoneOS.platform/Developer/Library/Frameworks\E\/.*, ^\Q/Applications/Xcode.app/Contents/Developer/Platforms/iPhoneOS.platform/Developer/SDKs/iPhoneOS.sdk\E\/.*, ^\Q/Applications/Xcode.app/Contents/Developer/Toolchains/XcodeDefault.xctoolchain\E\/.*]
[2017-12-22 15:19:33.128][debug][command:a28acd30-263e-40c3-b7ba-d3a2d04f9d82][tid:14][com.facebook.buck.apple.AppleCxxPlatforms] Xcode build version is: 9C40b
[2017-12-22 15:19:33.135][debug][command:a28acd30-263e-40c3-b7ba-d3a2d04f9d82][tid:14][com.facebook.buck.apple.AppleCxxPlatforms] Apple toolchain path: /Applications/Xcode.app/Contents/Developer/Toolchains/XcodeDefault.xctoolchain
[2017-12-22 15:19:33.135][debug][command:a28acd30-263e-40c3-b7ba-d3a2d04f9d82][tid:14][com.facebook.buck.apple.AppleCxxPlatforms] Headers verification platform whitelist: [^\Q/Applications/Xcode.app/Contents/Developer/Platforms/iPhoneOS.platform/Developer/Library/Frameworks\E\/.*, ^\Q/Applications/Xcode.app/Contents/Developer/Platforms/iPhoneOS.platform/Developer/SDKs/iPhoneOS.sdk\E\/.*, ^\Q/Applications/Xcode.app/Contents/Developer/Toolchains/XcodeDefault.xctoolchain\E\/.*]
[2017-12-22 15:19:33.137][debug][command:a28acd30-263e-40c3-b7ba-d3a2d04f9d82][tid:14][com.facebook.buck.apple.AppleCxxPlatforms] SDK AppleSdk{name=watchos4.2, version=4.2, applePlatform=ApplePlatform{name=watchos, provisioningProfileName=iOS, architectures=[armv7k], minVersionFlagPrefix=-mwatchos-version-min=, stubBinaryPath=Library/Application Support/WatchKit/WK, appIncludesFrameworks=false}, architectures=[armv7k], toolchains=[AppleToolchain{identifier=com.apple.dt.toolchain.XcodeDefault, path=/Applications/Xcode.app/Contents/Developer/Toolchains/XcodeDefault.xctoolchain}]} using default version 4.2
[2017-12-22 15:19:33.141][debug][command:a28acd30-263e-40c3-b7ba-d3a2d04f9d82][tid:14][com.facebook.buck.apple.AppleCxxPlatforms] Xcode build version is: 9C40b
[2017-12-22 15:19:33.148][debug][command:a28acd30-263e-40c3-b7ba-d3a2d04f9d82][tid:14][com.facebook.buck.apple.AppleCxxPlatforms] Apple toolchain path: /Applications/Xcode.app/Contents/Developer/Toolchains/XcodeDefault.xctoolchain
[2017-12-22 15:19:33.148][debug][command:a28acd30-263e-40c3-b7ba-d3a2d04f9d82][tid:14][com.facebook.buck.apple.AppleCxxPlatforms] Headers verification platform whitelist: [^\Q/Applications/Xcode.app/Contents/Developer/Platforms/WatchOS.platform/Developer/Library/Frameworks\E\/.*, ^\Q/Applications/Xcode.app/Contents/Developer/Platforms/WatchOS.platform/Developer/SDKs/WatchOS.sdk\E\/.*, ^\Q/Applications/Xcode.app/Contents/Developer/Toolchains/XcodeDefault.xctoolchain\E\/.*]
[2017-12-22 15:19:33.150][debug][command:a28acd30-263e-40c3-b7ba-d3a2d04f9d82][tid:14][com.facebook.buck.apple.AppleCxxPlatforms] SDK AppleSdk{name=macosx10.13, version=10.13, applePlatform=ApplePlatform{name=macosx, architectures=[i386, x86_64], minVersionFlagPrefix=-mmacosx-version-min=, appIncludesFrameworks=true}, architectures=[i386, x86_64], toolchains=[AppleToolchain{identifier=com.apple.dt.toolchain.XcodeDefault, path=/Applications/Xcode.app/Contents/Developer/Toolchains/XcodeDefault.xctoolchain}]} using default version 10.13
[2017-12-22 15:19:33.151][debug][command:a28acd30-263e-40c3-b7ba-d3a2d04f9d82][tid:14][com.facebook.buck.apple.AppleCxxPlatforms] Xcode build version is: 9C40b
[2017-12-22 15:19:33.161][warn ][command:a28acd30-263e-40c3-b7ba-d3a2d04f9d82][tid:14][com.facebook.buck.apple.AppleCxxPlatforms] In /Applications/Xcode.app/Contents/Developer/Platforms/MacOSX.platform/version.plist, missing ProductBuildVersion. Build version will be unset for this platform.
[2017-12-22 15:19:33.161][debug][command:a28acd30-263e-40c3-b7ba-d3a2d04f9d82][tid:14][com.facebook.buck.apple.AppleCxxPlatforms] Apple toolchain path: /Applications/Xcode.app/Contents/Developer/Toolchains/XcodeDefault.xctoolchain
[2017-12-22 15:19:33.161][debug][command:a28acd30-263e-40c3-b7ba-d3a2d04f9d82][tid:14][com.facebook.buck.apple.AppleCxxPlatforms] Headers verification platform whitelist: [^\Q/Applications/Xcode.app/Contents/Developer/Platforms/MacOSX.platform/Developer/Library/Frameworks\E\/.*, ^\Q/Applications/Xcode.app/Contents/Developer/Platforms/MacOSX.platform/Developer/SDKs/MacOSX.sdk\E\/.*, ^\Q/Applications/Xcode.app/Contents/Developer/Toolchains/XcodeDefault.xctoolchain\E\/.*]
[2017-12-22 15:19:33.165][debug][command:a28acd30-263e-40c3-b7ba-d3a2d04f9d82][tid:14][com.facebook.buck.apple.AppleCxxPlatforms] Xcode build version is: 9C40b
[2017-12-22 15:19:33.171][warn ][command:a28acd30-263e-40c3-b7ba-d3a2d04f9d82][tid:14][com.facebook.buck.apple.AppleCxxPlatforms] In /Applications/Xcode.app/Contents/Developer/Platforms/MacOSX.platform/version.plist, missing ProductBuildVersion. Build version will be unset for this platform.
[2017-12-22 15:19:33.171][debug][command:a28acd30-263e-40c3-b7ba-d3a2d04f9d82][tid:14][com.facebook.buck.apple.AppleCxxPlatforms] Apple toolchain path: /Applications/Xcode.app/Contents/Developer/Toolchains/XcodeDefault.xctoolchain
[2017-12-22 15:19:33.171][debug][command:a28acd30-263e-40c3-b7ba-d3a2d04f9d82][tid:14][com.facebook.buck.apple.AppleCxxPlatforms] Headers verification platform whitelist: [^\Q/Applications/Xcode.app/Contents/Developer/Platforms/MacOSX.platform/Developer/Library/Frameworks\E\/.*, ^\Q/Applications/Xcode.app/Contents/Developer/Platforms/MacOSX.platform/Developer/SDKs/MacOSX.sdk\E\/.*, ^\Q/Applications/Xcode.app/Contents/Developer/Toolchains/XcodeDefault.xctoolchain\E\/.*]
[2017-12-22 15:19:33.173][debug][command:a28acd30-263e-40c3-b7ba-d3a2d04f9d82][tid:14][com.facebook.buck.apple.AppleCxxPlatforms] SDK AppleSdk{name=watchsimulator4.2, version=4.2, applePlatform=ApplePlatform{name=watchsimulator, architectures=[i386], minVersionFlagPrefix=-mwatchos-simulator-version-min=, stubBinaryPath=Library/Application Support/WatchKit/WK, appIncludesFrameworks=false}, architectures=[i386], toolchains=[AppleToolchain{identifier=com.apple.dt.toolchain.XcodeDefault, path=/Applications/Xcode.app/Contents/Developer/Toolchains/XcodeDefault.xctoolchain}]} using default version 4.2
[2017-12-22 15:19:33.174][debug][command:a28acd30-263e-40c3-b7ba-d3a2d04f9d82][tid:14][com.facebook.buck.apple.AppleCxxPlatforms] Xcode build version is: 9C40b
[2017-12-22 15:19:33.181][debug][command:a28acd30-263e-40c3-b7ba-d3a2d04f9d82][tid:14][com.facebook.buck.apple.AppleCxxPlatforms] Apple toolchain path: /Applications/Xcode.app/Contents/Developer/Toolchains/XcodeDefault.xctoolchain
[2017-12-22 15:19:33.181][debug][command:a28acd30-263e-40c3-b7ba-d3a2d04f9d82][tid:14][com.facebook.buck.apple.AppleCxxPlatforms] Headers verification platform whitelist: [^\Q/Applications/Xcode.app/Contents/Developer/Platforms/WatchSimulator.platform/Developer/Library/Frameworks\E\/.*, ^\Q/Applications/Xcode.app/Contents/Developer/Platforms/WatchSimulator.platform/Developer/SDKs/WatchSimulator.sdk\E\/.*, ^\Q/Applications/Xcode.app/Contents/Developer/Toolchains/XcodeDefault.xctoolchain\E\/.*]
[2017-12-22 15:19:33.183][debug][command:a28acd30-263e-40c3-b7ba-d3a2d04f9d82][tid:14][com.facebook.buck.apple.AppleCxxPlatforms] SDK AppleSdk{name=appletvsimulator11.2, version=11.2, applePlatform=ApplePlatform{name=appletvsimulator, swiftName=tvos, architectures=[x86_64], minVersionFlagPrefix=-mtvos-simulator-version-min=, appIncludesFrameworks=false}, architectures=[x86_64], toolchains=[AppleToolchain{identifier=com.apple.dt.toolchain.XcodeDefault, path=/Applications/Xcode.app/Contents/Developer/Toolchains/XcodeDefault.xctoolchain}]} using default version 11.2
[2017-12-22 15:19:33.185][debug][command:a28acd30-263e-40c3-b7ba-d3a2d04f9d82][tid:14][com.facebook.buck.apple.AppleCxxPlatforms] Xcode build version is: 9C40b
[2017-12-22 15:19:33.191][warn ][command:a28acd30-263e-40c3-b7ba-d3a2d04f9d82][tid:14][com.facebook.buck.apple.AppleCxxPlatforms] /Applications/Xcode.app/Contents/Developer/Platforms/AppleTVSimulator.platform/version.plist does not exist. Build version will be unset for this platform.
[2017-12-22 15:19:33.191][debug][command:a28acd30-263e-40c3-b7ba-d3a2d04f9d82][tid:14][com.facebook.buck.apple.AppleCxxPlatforms] Apple toolchain path: /Applications/Xcode.app/Contents/Developer/Toolchains/XcodeDefault.xctoolchain
[2017-12-22 15:19:33.192][debug][command:a28acd30-263e-40c3-b7ba-d3a2d04f9d82][tid:14][com.facebook.buck.apple.AppleCxxPlatforms] Headers verification platform whitelist: [^\Q/Applications/Xcode.app/Contents/Developer/Platforms/AppleTVSimulator.platform/Developer/Library/Frameworks\E\/.*, ^\Q/Applications/Xcode.app/Contents/Developer/Platforms/AppleTVSimulator.platform/Developer/SDKs/AppleTVSimulator.sdk\E\/.*, ^\Q/Applications/Xcode.app/Contents/Developer/Toolchains/XcodeDefault.xctoolchain\E\/.*]
[2017-12-22 15:19:33.193][debug][command:a28acd30-263e-40c3-b7ba-d3a2d04f9d82][tid:14][com.facebook.buck.apple.AppleCxxPlatforms] SDK AppleSdk{name=iphonesimulator11.2, version=11.2, applePlatform=ApplePlatform{name=iphonesimulator, swiftName=ios, architectures=[i386, x86_64], minVersionFlagPrefix=-mios-simulator-version-min=, stubBinaryPath=Library/Application Support/WatchKit/WK, appIncludesFrameworks=false}, architectures=[i386, x86_64], toolchains=[AppleToolchain{identifier=com.apple.dt.toolchain.XcodeDefault, path=/Applications/Xcode.app/Contents/Developer/Toolchains/XcodeDefault.xctoolchain}]} using default version 11.2
[2017-12-22 15:19:33.195][debug][command:a28acd30-263e-40c3-b7ba-d3a2d04f9d82][tid:14][com.facebook.buck.apple.AppleCxxPlatforms] Xcode build version is: 9C40b
[2017-12-22 15:19:33.198][warn ][command:a28acd30-263e-40c3-b7ba-d3a2d04f9d82][tid:14][com.facebook.buck.apple.AppleCxxPlatforms] /Applications/Xcode.app/Contents/Developer/Platforms/iPhoneSimulator.platform/version.plist does not exist. Build version will be unset for this platform.
[2017-12-22 15:19:33.199][debug][command:a28acd30-263e-40c3-b7ba-d3a2d04f9d82][tid:14][com.facebook.buck.apple.AppleCxxPlatforms] Apple toolchain path: /Applications/Xcode.app/Contents/Developer/Toolchains/XcodeDefault.xctoolchain
[2017-12-22 15:19:33.199][debug][command:a28acd30-263e-40c3-b7ba-d3a2d04f9d82][tid:14][com.facebook.buck.apple.AppleCxxPlatforms] Headers verification platform whitelist: [^\Q/Applications/Xcode.app/Contents/Developer/Platforms/iPhoneSimulator.platform/Developer/Library/Frameworks\E\/.*, ^\Q/Applications/Xcode.app/Contents/Developer/Platforms/iPhoneSimulator.platform/Developer/SDKs/iPhoneSimulator.sdk\E\/.*, ^\Q/Applications/Xcode.app/Contents/Developer/Toolchains/XcodeDefault.xctoolchain\E\/.*]
[2017-12-22 15:19:33.202][debug][command:a28acd30-263e-40c3-b7ba-d3a2d04f9d82][tid:14][com.facebook.buck.apple.AppleCxxPlatforms] Xcode build version is: 9C40b
[2017-12-22 15:19:33.204][warn ][command:a28acd30-263e-40c3-b7ba-d3a2d04f9d82][tid:14][com.facebook.buck.apple.AppleCxxPlatforms] /Applications/Xcode.app/Contents/Developer/Platforms/iPhoneSimulator.platform/version.plist does not exist. Build version will be unset for this platform.
[2017-12-22 15:19:33.204][debug][command:a28acd30-263e-40c3-b7ba-d3a2d04f9d82][tid:14][com.facebook.buck.apple.AppleCxxPlatforms] Apple toolchain path: /Applications/Xcode.app/Contents/Developer/Toolchains/XcodeDefault.xctoolchain
[2017-12-22 15:19:33.206][debug][command:a28acd30-263e-40c3-b7ba-d3a2d04f9d82][tid:14][com.facebook.buck.apple.AppleCxxPlatforms] Headers verification platform whitelist: [^\Q/Applications/Xcode.app/Contents/Developer/Platforms/iPhoneSimulator.platform/Developer/Library/Frameworks\E\/.*, ^\Q/Applications/Xcode.app/Contents/Developer/Platforms/iPhoneSimulator.platform/Developer/SDKs/iPhoneSimulator.sdk\E\/.*, ^\Q/Applications/Xcode.app/Contents/Developer/Toolchains/XcodeDefault.xctoolchain\E\/.*]
[2017-12-22 15:19:33.207][debug][command:a28acd30-263e-40c3-b7ba-d3a2d04f9d82][tid:14][com.facebook.buck.apple.AppleCxxPlatforms] SDK AppleSdk{name=appletvos, version=11.2, applePlatform=ApplePlatform{name=appletvos, provisioningProfileName=tvOS, architectures=[arm64], minVersionFlagPrefix=-mtvos-version-min=, appIncludesFrameworks=false}, architectures=[arm64], toolchains=[AppleToolchain{identifier=com.apple.dt.toolchain.XcodeDefault, path=/Applications/Xcode.app/Contents/Developer/Toolchains/XcodeDefault.xctoolchain}]} using default version 11.2
[2017-12-22 15:19:33.209][debug][command:a28acd30-263e-40c3-b7ba-d3a2d04f9d82][tid:14][com.facebook.buck.apple.AppleCxxPlatforms] Xcode build version is: 9C40b
[2017-12-22 15:19:33.213][debug][command:a28acd30-263e-40c3-b7ba-d3a2d04f9d82][tid:14][com.facebook.buck.apple.AppleCxxPlatforms] Apple toolchain path: /Applications/Xcode.app/Contents/Developer/Toolchains/XcodeDefault.xctoolchain
[2017-12-22 15:19:33.213][debug][command:a28acd30-263e-40c3-b7ba-d3a2d04f9d82][tid:14][com.facebook.buck.apple.AppleCxxPlatforms] Headers verification platform whitelist: [^\Q/Applications/Xcode.app/Contents/Developer/Platforms/AppleTVOS.platform/Developer/Library/Frameworks\E\/.*, ^\Q/Applications/Xcode.app/Contents/Developer/Platforms/AppleTVOS.platform/Developer/SDKs/AppleTVOS.sdk\E\/.*, ^\Q/Applications/Xcode.app/Contents/Developer/Toolchains/XcodeDefault.xctoolchain\E\/.*]
[2017-12-22 15:19:33.214][debug][command:a28acd30-263e-40c3-b7ba-d3a2d04f9d82][tid:14][com.facebook.buck.apple.AppleCxxPlatforms] SDK AppleSdk{name=appletvsimulator, version=11.2, applePlatform=ApplePlatform{name=appletvsimulator, swiftName=tvos, architectures=[x86_64], minVersionFlagPrefix=-mtvos-simulator-version-min=, appIncludesFrameworks=false}, architectures=[x86_64], toolchains=[AppleToolchain{identifier=com.apple.dt.toolchain.XcodeDefault, path=/Applications/Xcode.app/Contents/Developer/Toolchains/XcodeDefault.xctoolchain}]} using default version 11.2
[2017-12-22 15:19:33.216][debug][command:a28acd30-263e-40c3-b7ba-d3a2d04f9d82][tid:14][com.facebook.buck.apple.AppleCxxPlatforms] Xcode build version is: 9C40b
[2017-12-22 15:19:33.220][warn ][command:a28acd30-263e-40c3-b7ba-d3a2d04f9d82][tid:14][com.facebook.buck.apple.AppleCxxPlatforms] /Applications/Xcode.app/Contents/Developer/Platforms/AppleTVSimulator.platform/version.plist does not exist. Build version will be unset for this platform.
[2017-12-22 15:19:33.220][debug][command:a28acd30-263e-40c3-b7ba-d3a2d04f9d82][tid:14][com.facebook.buck.apple.AppleCxxPlatforms] Apple toolchain path: /Applications/Xcode.app/Contents/Developer/Toolchains/XcodeDefault.xctoolchain
[2017-12-22 15:19:33.221][debug][command:a28acd30-263e-40c3-b7ba-d3a2d04f9d82][tid:14][com.facebook.buck.apple.AppleCxxPlatforms] Headers verification platform whitelist: [^\Q/Applications/Xcode.app/Contents/Developer/Platforms/AppleTVSimulator.platform/Developer/Library/Frameworks\E\/.*, ^\Q/Applications/Xcode.app/Contents/Developer/Platforms/AppleTVSimulator.platform/Developer/SDKs/AppleTVSimulator.sdk\E\/.*, ^\Q/Applications/Xcode.app/Contents/Developer/Toolchains/XcodeDefault.xctoolchain\E\/.*]
[2017-12-22 15:19:33.222][debug][command:a28acd30-263e-40c3-b7ba-d3a2d04f9d82][tid:14][com.facebook.buck.apple.AppleCxxPlatforms] SDK AppleSdk{name=iphoneos, version=11.2, applePlatform=ApplePlatform{name=iphoneos, swiftName=ios, provisioningProfileName=iOS, architectures=[armv7, arm64], minVersionFlagPrefix=-mios-version-min=, stubBinaryPath=Library/Application Support/WatchKit/WK, appIncludesFrameworks=false}, architectures=[armv7, arm64], toolchains=[AppleToolchain{identifier=com.apple.dt.toolchain.XcodeDefault, path=/Applications/Xcode.app/Contents/Developer/Toolchains/XcodeDefault.xctoolchain}]} using default version 11.2
[2017-12-22 15:19:33.224][debug][command:a28acd30-263e-40c3-b7ba-d3a2d04f9d82][tid:14][com.facebook.buck.apple.AppleCxxPlatforms] Xcode build version is: 9C40b
[2017-12-22 15:19:33.228][debug][command:a28acd30-263e-40c3-b7ba-d3a2d04f9d82][tid:14][com.facebook.buck.apple.AppleCxxPlatforms] Apple toolchain path: /Applications/Xcode.app/Contents/Developer/Toolchains/XcodeDefault.xctoolchain
[2017-12-22 15:19:33.229][debug][command:a28acd30-263e-40c3-b7ba-d3a2d04f9d82][tid:14][com.facebook.buck.apple.AppleCxxPlatforms] Headers verification platform whitelist: [^\Q/Applications/Xcode.app/Contents/Developer/Platforms/iPhoneOS.platform/Developer/Library/Frameworks\E\/.*, ^\Q/Applications/Xcode.app/Contents/Developer/Platforms/iPhoneOS.platform/Developer/SDKs/iPhoneOS.sdk\E\/.*, ^\Q/Applications/Xcode.app/Contents/Developer/Toolchains/XcodeDefault.xctoolchain\E\/.*]
[2017-12-22 15:19:33.232][debug][command:a28acd30-263e-40c3-b7ba-d3a2d04f9d82][tid:14][com.facebook.buck.apple.AppleCxxPlatforms] Xcode build version is: 9C40b
[2017-12-22 15:19:33.236][debug][command:a28acd30-263e-40c3-b7ba-d3a2d04f9d82][tid:14][com.facebook.buck.apple.AppleCxxPlatforms] Apple toolchain path: /Applications/Xcode.app/Contents/Developer/Toolchains/XcodeDefault.xctoolchain
[2017-12-22 15:19:33.236][debug][command:a28acd30-263e-40c3-b7ba-d3a2d04f9d82][tid:14][com.facebook.buck.apple.AppleCxxPlatforms] Headers verification platform whitelist: [^\Q/Applications/Xcode.app/Contents/Developer/Platforms/iPhoneOS.platform/Developer/Library/Frameworks\E\/.*, ^\Q/Applications/Xcode.app/Contents/Developer/Platforms/iPhoneOS.platform/Developer/SDKs/iPhoneOS.sdk\E\/.*, ^\Q/Applications/Xcode.app/Contents/Developer/Toolchains/XcodeDefault.xctoolchain\E\/.*]
[2017-12-22 15:19:33.237][debug][command:a28acd30-263e-40c3-b7ba-d3a2d04f9d82][tid:14][com.facebook.buck.apple.AppleCxxPlatforms] SDK AppleSdk{name=iphonesimulator, version=11.2, applePlatform=ApplePlatform{name=iphonesimulator, swiftName=ios, architectures=[i386, x86_64], minVersionFlagPrefix=-mios-simulator-version-min=, stubBinaryPath=Library/Application Support/WatchKit/WK, appIncludesFrameworks=false}, architectures=[i386, x86_64], toolchains=[AppleToolchain{identifier=com.apple.dt.toolchain.XcodeDefault, path=/Applications/Xcode.app/Contents/Developer/Toolchains/XcodeDefault.xctoolchain}]} using default version 11.2
[2017-12-22 15:19:33.239][debug][command:a28acd30-263e-40c3-b7ba-d3a2d04f9d82][tid:14][com.facebook.buck.apple.AppleCxxPlatforms] Xcode build version is: 9C40b
[2017-12-22 15:19:33.246][warn ][command:a28acd30-263e-40c3-b7ba-d3a2d04f9d82][tid:14][com.facebook.buck.apple.AppleCxxPlatforms] /Applications/Xcode.app/Contents/Developer/Platforms/iPhoneSimulator.platform/version.plist does not exist. Build version will be unset for this platform.
[2017-12-22 15:19:33.246][debug][command:a28acd30-263e-40c3-b7ba-d3a2d04f9d82][tid:14][com.facebook.buck.apple.AppleCxxPlatforms] Apple toolchain path: /Applications/Xcode.app/Contents/Developer/Toolchains/XcodeDefault.xctoolchain
[2017-12-22 15:19:33.246][debug][command:a28acd30-263e-40c3-b7ba-d3a2d04f9d82][tid:14][com.facebook.buck.apple.AppleCxxPlatforms] Headers verification platform whitelist: [^\Q/Applications/Xcode.app/Contents/Developer/Platforms/iPhoneSimulator.platform/Developer/Library/Frameworks\E\/.*, ^\Q/Applications/Xcode.app/Contents/Developer/Platforms/iPhoneSimulator.platform/Developer/SDKs/iPhoneSimulator.sdk\E\/.*, ^\Q/Applications/Xcode.app/Contents/Developer/Toolchains/XcodeDefault.xctoolchain\E\/.*]
[2017-12-22 15:19:33.253][debug][command:a28acd30-263e-40c3-b7ba-d3a2d04f9d82][tid:14][com.facebook.buck.apple.AppleCxxPlatforms] Xcode build version is: 9C40b
[2017-12-22 15:19:33.255][warn ][command:a28acd30-263e-40c3-b7ba-d3a2d04f9d82][tid:14][com.facebook.buck.apple.AppleCxxPlatforms] /Applications/Xcode.app/Contents/Developer/Platforms/iPhoneSimulator.platform/version.plist does not exist. Build version will be unset for this platform.
[2017-12-22 15:19:33.255][debug][command:a28acd30-263e-40c3-b7ba-d3a2d04f9d82][tid:14][com.facebook.buck.apple.AppleCxxPlatforms] Apple toolchain path: /Applications/Xcode.app/Contents/Developer/Toolchains/XcodeDefault.xctoolchain
[2017-12-22 15:19:33.255][debug][command:a28acd30-263e-40c3-b7ba-d3a2d04f9d82][tid:14][com.facebook.buck.apple.AppleCxxPlatforms] Headers verification platform whitelist: [^\Q/Applications/Xcode.app/Contents/Developer/Platforms/iPhoneSimulator.platform/Developer/Library/Frameworks\E\/.*, ^\Q/Applications/Xcode.app/Contents/Developer/Platforms/iPhoneSimulator.platform/Developer/SDKs/iPhoneSimulator.sdk\E\/.*, ^\Q/Applications/Xcode.app/Contents/Developer/Toolchains/XcodeDefault.xctoolchain\E\/.*]
[2017-12-22 15:19:33.256][debug][command:a28acd30-263e-40c3-b7ba-d3a2d04f9d82][tid:14][com.facebook.buck.apple.AppleCxxPlatforms] SDK AppleSdk{name=macosx, version=10.13, applePlatform=ApplePlatform{name=macosx, architectures=[i386, x86_64], minVersionFlagPrefix=-mmacosx-version-min=, appIncludesFrameworks=true}, architectures=[i386, x86_64], toolchains=[AppleToolchain{identifier=com.apple.dt.toolchain.XcodeDefault, path=/Applications/Xcode.app/Contents/Developer/Toolchains/XcodeDefault.xctoolchain}]} using default version 10.13
[2017-12-22 15:19:33.258][debug][command:a28acd30-263e-40c3-b7ba-d3a2d04f9d82][tid:14][com.facebook.buck.apple.AppleCxxPlatforms] Xcode build version is: 9C40b
[2017-12-22 15:19:33.261][warn ][command:a28acd30-263e-40c3-b7ba-d3a2d04f9d82][tid:14][com.facebook.buck.apple.AppleCxxPlatforms] In /Applications/Xcode.app/Contents/Developer/Platforms/MacOSX.platform/version.plist, missing ProductBuildVersion. Build version will be unset for this platform.
[2017-12-22 15:19:33.261][debug][command:a28acd30-263e-40c3-b7ba-d3a2d04f9d82][tid:14][com.facebook.buck.apple.AppleCxxPlatforms] Apple toolchain path: /Applications/Xcode.app/Contents/Developer/Toolchains/XcodeDefault.xctoolchain
[2017-12-22 15:19:33.261][debug][command:a28acd30-263e-40c3-b7ba-d3a2d04f9d82][tid:14][com.facebook.buck.apple.AppleCxxPlatforms] Headers verification platform whitelist: [^\Q/Applications/Xcode.app/Contents/Developer/Platforms/MacOSX.platform/Developer/Library/Frameworks\E\/.*, ^\Q/Applications/Xcode.app/Contents/Developer/Platforms/MacOSX.platform/Developer/SDKs/MacOSX.sdk\E\/.*, ^\Q/Applications/Xcode.app/Contents/Developer/Toolchains/XcodeDefault.xctoolchain\E\/.*]
[2017-12-22 15:19:33.263][debug][command:a28acd30-263e-40c3-b7ba-d3a2d04f9d82][tid:14][com.facebook.buck.apple.AppleCxxPlatforms] Xcode build version is: 9C40b
[2017-12-22 15:19:33.266][warn ][command:a28acd30-263e-40c3-b7ba-d3a2d04f9d82][tid:14][com.facebook.buck.apple.AppleCxxPlatforms] In /Applications/Xcode.app/Contents/Developer/Platforms/MacOSX.platform/version.plist, missing ProductBuildVersion. Build version will be unset for this platform.
[2017-12-22 15:19:33.267][debug][command:a28acd30-263e-40c3-b7ba-d3a2d04f9d82][tid:14][com.facebook.buck.apple.AppleCxxPlatforms] Apple toolchain path: /Applications/Xcode.app/Contents/Developer/Toolchains/XcodeDefault.xctoolchain
[2017-12-22 15:19:33.267][debug][command:a28acd30-263e-40c3-b7ba-d3a2d04f9d82][tid:14][com.facebook.buck.apple.AppleCxxPlatforms] Headers verification platform whitelist: [^\Q/Applications/Xcode.app/Contents/Developer/Platforms/MacOSX.platform/Developer/Library/Frameworks\E\/.*, ^\Q/Applications/Xcode.app/Contents/Developer/Platforms/MacOSX.platform/Developer/SDKs/MacOSX.sdk\E\/.*, ^\Q/Applications/Xcode.app/Contents/Developer/Toolchains/XcodeDefault.xctoolchain\E\/.*]
[2017-12-22 15:19:33.268][debug][command:a28acd30-263e-40c3-b7ba-d3a2d04f9d82][tid:14][com.facebook.buck.apple.AppleCxxPlatforms] SDK AppleSdk{name=watchos, version=4.2, applePlatform=ApplePlatform{name=watchos, provisioningProfileName=iOS, architectures=[armv7k], minVersionFlagPrefix=-mwatchos-version-min=, stubBinaryPath=Library/Application Support/WatchKit/WK, appIncludesFrameworks=false}, architectures=[armv7k], toolchains=[AppleToolchain{identifier=com.apple.dt.toolchain.XcodeDefault, path=/Applications/Xcode.app/Contents/Developer/Toolchains/XcodeDefault.xctoolchain}]} using default version 4.2
[2017-12-22 15:19:33.269][debug][command:a28acd30-263e-40c3-b7ba-d3a2d04f9d82][tid:14][com.facebook.buck.apple.AppleCxxPlatforms] Xcode build version is: 9C40b
[2017-12-22 15:19:33.273][debug][command:a28acd30-263e-40c3-b7ba-d3a2d04f9d82][tid:14][com.facebook.buck.apple.AppleCxxPlatforms] Apple toolchain path: /Applications/Xcode.app/Contents/Developer/Toolchains/XcodeDefault.xctoolchain
[2017-12-22 15:19:33.273][debug][command:a28acd30-263e-40c3-b7ba-d3a2d04f9d82][tid:14][com.facebook.buck.apple.AppleCxxPlatforms] Headers verification platform whitelist: [^\Q/Applications/Xcode.app/Contents/Developer/Platforms/WatchOS.platform/Developer/Library/Frameworks\E\/.*, ^\Q/Applications/Xcode.app/Contents/Developer/Platforms/WatchOS.platform/Developer/SDKs/WatchOS.sdk\E\/.*, ^\Q/Applications/Xcode.app/Contents/Developer/Toolchains/XcodeDefault.xctoolchain\E\/.*]
[2017-12-22 15:19:33.274][debug][command:a28acd30-263e-40c3-b7ba-d3a2d04f9d82][tid:14][com.facebook.buck.apple.AppleCxxPlatforms] SDK AppleSdk{name=watchsimulator, version=4.2, applePlatform=ApplePlatform{name=watchsimulator, architectures=[i386], minVersionFlagPrefix=-mwatchos-simulator-version-min=, stubBinaryPath=Library/Application Support/WatchKit/WK, appIncludesFrameworks=false}, architectures=[i386], toolchains=[AppleToolchain{identifier=com.apple.dt.toolchain.XcodeDefault, path=/Applications/Xcode.app/Contents/Developer/Toolchains/XcodeDefault.xctoolchain}]} using default version 4.2
[2017-12-22 15:19:33.276][debug][command:a28acd30-263e-40c3-b7ba-d3a2d04f9d82][tid:14][com.facebook.buck.apple.AppleCxxPlatforms] Xcode build version is: 9C40b
[2017-12-22 15:19:33.279][debug][command:a28acd30-263e-40c3-b7ba-d3a2d04f9d82][tid:14][com.facebook.buck.apple.AppleCxxPlatforms] Apple toolchain path: /Applications/Xcode.app/Contents/Developer/Toolchains/XcodeDefault.xctoolchain
[2017-12-22 15:19:33.279][debug][command:a28acd30-263e-40c3-b7ba-d3a2d04f9d82][tid:14][com.facebook.buck.apple.AppleCxxPlatforms] Headers verification platform whitelist: [^\Q/Applications/Xcode.app/Contents/Developer/Platforms/WatchSimulator.platform/Developer/Library/Frameworks\E\/.*, ^\Q/Applications/Xcode.app/Contents/Developer/Platforms/WatchSimulator.platform/Developer/SDKs/WatchSimulator.sdk\E\/.*, ^\Q/Applications/Xcode.app/Contents/Developer/Toolchains/XcodeDefault.xctoolchain\E\/.*]
[2017-12-22 15:19:33.310][debug][command:a28acd30-263e-40c3-b7ba-d3a2d04f9d82][tid:14][com.facebook.buck.io.ExecutableFinder] Executable 'clang' mapped to 'Optional[/usr/bin/clang]'
[2017-12-22 15:19:33.312][debug][command:a28acd30-263e-40c3-b7ba-d3a2d04f9d82][tid:14][com.facebook.buck.io.ExecutableFinder] Executable 'clang++' mapped to 'Optional[/usr/bin/clang++]'
[2017-12-22 15:19:33.314][debug][command:a28acd30-263e-40c3-b7ba-d3a2d04f9d82][tid:14][com.facebook.buck.io.ExecutableFinder] Executable 'ar' mapped to 'Optional[/usr/bin/ar]'
[2017-12-22 15:19:33.322][debug][command:a28acd30-263e-40c3-b7ba-d3a2d04f9d82][tid:14][com.facebook.buck.io.ExecutableFinder] Executable 'strip' mapped to 'Optional[/usr/bin/strip]'
[2017-12-22 15:19:33.323][debug][command:a28acd30-263e-40c3-b7ba-d3a2d04f9d82][tid:14][com.facebook.buck.io.ExecutableFinder] Executable 'ranlib' mapped to 'Optional[/usr/bin/ranlib]'
[2017-12-22 15:19:33.324][debug][command:a28acd30-263e-40c3-b7ba-d3a2d04f9d82][tid:14][com.facebook.buck.io.ExecutableFinder] Executable 'nm' mapped to 'Optional[/usr/bin/nm]'
[2017-12-22 15:19:33.325][debug][command:a28acd30-263e-40c3-b7ba-d3a2d04f9d82][tid:14][com.facebook.buck.cxx.toolchain.CxxPlatforms] Using config default C++ platform CxxPlatform{flavor=iphonesimulator-x86_64, as=com.facebook.buck.cxx.toolchain.CompilerProvider@1cf26911, asflags=[-isysroot, /Applications/Xcode.app/Contents/Developer/Platforms/iPhoneSimulator.platform/Developer/SDKs/iPhoneSimulator.sdk, -arch, x86_64, -mios-simulator-version-min=11.2, -iquote, /Users/remirobert/dev/test-fail-testable-import], aspp=com.facebook.buck.cxx.toolchain.PreprocessorProvider@43ce132e, asppflags=[], cc=com.facebook.buck.cxx.toolchain.CompilerProvider@7caf534, cflags=[-isysroot, /Applications/Xcode.app/Contents/Developer/Platforms/iPhoneSimulator.platform/Developer/SDKs/iPhoneSimulator.sdk, -arch, x86_64, -mios-simulator-version-min=11.2, -iquote, /Users/remirobert/dev/test-fail-testable-import, -std=gnu11], cxx=com.facebook.buck.cxx.toolchain.CompilerProvider@70d5a7a0, cxxflags=[-isysroot, /Applications/Xcode.app/Contents/Developer/Platforms/iPhoneSimulator.platform/Developer/SDKs/iPhoneSimulator.sdk, -arch, x86_64, -mios-simulator-version-min=11.2, -iquote, /Users/remirobert/dev/test-fail-testable-import, -std=c++14, -stdlib=libc++], cpp=com.facebook.buck.cxx.toolchain.PreprocessorProvider@7f60e24a, cppflags=[], cxxpp=com.facebook.buck.cxx.toolchain.PreprocessorProvider@4c84c9eb, cxxppflags=[], cudappflags=[], cudaflags=[], asmppflags=[], asmflags=[], ld=com.facebook.buck.cxx.toolchain.linker.DefaultLinkerProvider@1c37f61a, ldflags=[-isysroot, /Applications/Xcode.app/Contents/Developer/Platforms/iPhoneSimulator.platform/Developer/SDKs/iPhoneSimulator.sdk, -arch, x86_64, -mios-simulator-version-min=11.2, -iquote, /Users/remirobert/dev/test-fail-testable-import, -Wl,-sdk_version, -Wl,11.2, -Wl,-ObjC], runtimeLdflags={}, strip=VersionedTool{path=/Applications/Xcode.app/Contents/Developer/Toolchains/XcodeDefault.xctoolchain/usr/bin/strip, extraArgs=[], name=apple-strip, version=11.2:9C40b}, stripFlags=[], ar=com.facebook.buck.cxx.toolchain.ArchiverProvider$1@4182aa9b, arflags=[], ranlib=com.facebook.buck.rules.ConstantToolProvider@39087253, ranlibflags=[], symbolNameTool=com.facebook.buck.cxx.toolchain.LazyDelegatingSymbolNameTool@53a92f08, sharedLibraryExtension=dylib, sharedLibraryVersionedExtensionFormat=%s.dylib, staticLibraryExtension=a, objectFileExtension=o, compilerDebugPathSanitizer=com.facebook.buck.cxx.toolchain.PrefixMapDebugPathSanitizer@700d8441, assemblerDebugPathSanitizer=com.facebook.buck.cxx.toolchain.MungingDebugPathSanitizer@240f2ea9, headerVerification=HeaderVerification{mode=IGNORE, whitelist=[], platformWhitelist=[^\Q/Applications/Xcode.app/Contents/Developer/Platforms/iPhoneSimulator.platform/Developer/Library/Frameworks\E\/.*, ^\Q/Applications/Xcode.app/Contents/Developer/Platforms/iPhoneSimulator.platform/Developer/SDKs/iPhoneSimulator.sdk\E\/.*, ^\Q/Applications/Xcode.app/Contents/Developer/Toolchains/XcodeDefault.xctoolchain\E\/.*], whitelistPatterns=[^\Q/Applications/Xcode.app/Contents/Developer/Platforms/iPhoneSimulator.platform/Developer/Library/Frameworks\E\/.*, ^\Q/Applications/Xcode.app/Contents/Developer/Platforms/iPhoneSimulator.platform/Developer/SDKs/iPhoneSimulator.sdk\E\/.*, ^\Q/Applications/Xcode.app/Contents/Developer/Toolchains/XcodeDefault.xctoolchain\E\/.*]}, flagMacros={SDKROOT=/Applications/Xcode.app/Contents/Developer/Platforms/iPhoneSimulator.platform/Developer/SDKs/iPhoneSimulator.sdk, PLATFORM_DIR=/Applications/Xcode.app/Contents/Developer/Platforms/iPhoneSimulator.platform, CURRENT_ARCH=x86_64, DEVELOPER_DIR=/Applications/Xcode.app/Contents/Developer}, publicHeadersSymlinksEnabled=true, privateHeadersSymlinksEnabled=true}
[2017-12-22 15:19:33.350][debug][command:a28acd30-263e-40c3-b7ba-d3a2d04f9d82][tid:14][com.facebook.buck.io.ExecutableFinder] Executable 'python2' mapped to 'Optional[/usr/local/bin/python2]'
[2017-12-22 15:19:33.585][debug][command:a28acd30-263e-40c3-b7ba-d3a2d04f9d82][tid:14][com.facebook.buck.apple.ProvisioningProfileStore] Provisioning profile search path: /Users/remirobert/Library/MobileDevice/Provisioning Profiles
[2017-12-22 15:19:34.043][debug][command:a28acd30-263e-40c3-b7ba-d3a2d04f9d82][tid:14][com.facebook.buck.parser.DaemonicParserState] Starting to invalidate caches for /Users/remirobert/dev/test-fail-testable-import..
[2017-12-22 15:19:34.044][debug][command:a28acd30-263e-40c3-b7ba-d3a2d04f9d82][tid:14][com.facebook.buck.parser.DaemonicParserState] Cell caches were empty, no data invalidated.
[2017-12-22 15:19:34.065][debug][command:a28acd30-263e-40c3-b7ba-d3a2d04f9d82][tid:39][com.facebook.buck.io.ExecutableFinder] Executable 'python2' mapped to 'Optional[/usr/local/bin/python2]'
[2017-12-22 15:19:34.110][debug][command:a28acd30-263e-40c3-b7ba-d3a2d04f9d82][tid:39][com.facebook.buck.json.BuckPythonProgram] Writing python rules stub to /Users/remirobert/dev/test-fail-testable-import/.buckd/tmp/buck_run.koAsAH/buck_python_program1825344495048127078.
[2017-12-22 15:19:35.369][debug][command:a28acd30-263e-40c3-b7ba-d3a2d04f9d82][tid:39][com.facebook.buck.json.BuckPythonProgram] Created temporary buck.py instance at /Users/remirobert/dev/test-fail-testable-import/.buckd/tmp/buck_run.koAsAH/buck_python_program1825344495048127078.
[2017-12-22 15:19:35.381][debug][command:a28acd30-263e-40c3-b7ba-d3a2d04f9d82][tid:39][com.facebook.buck.json.PythonDslProjectBuildFileParser] Starting buck.py command: [/usr/local/bin/python2, -u, /Users/remirobert/dev/test-fail-testable-import/.buckd/tmp/buck_run.koAsAH/buck_python_program1825344495048127078/__main__.py, --allow_empty_globs, --watchman_glob_stat_results, --watchman_use_glob_generator, --watchman_socket_path, /usr/local/var/run/watchman/remirobert-state/sock, --project_root, /Users/remirobert/dev/test-fail-testable-import, --cell_name, , --build_file_name, BUCK, --quiet, --config, /Users/remirobert/dev/test-fail-testable-import/.buckd/tmp/buck_run.koAsAH/raw_config8345929107023866278.json, --ignore_paths, /Users/remirobert/dev/test-fail-testable-import/.buckd/tmp/buck_run.koAsAH/ignore_paths9107322482245143083.json] environment: Optional[{TERM_SESSION_ID=w2t0p0:E8D48605-6C8B-4722-9B82-883C92F1BB7A, SSH_AUTH_SOCK=/private/tmp/com.apple.launchd.TBrwwWW0Rh/Listeners, NAILGUN_FILESEPARATOR=/, NAILGUN_TTY_2=1, NAILGUN_TTY_1=1, PATH=/Users/remirobert/.nvm/versions/node/v6.11.4/bin:/Users/remirobert/.cargo/bin:/usr/local/bin:/usr/bin:/bin:/usr/sbin:/sbin:/usr/local/go/bin://Users/remirobert/go/bin, GOPATH=/Users/remirobert/go, NAILGUN_TTY_0=1, LC_CTYPE=UTF-8, LOGNAME=remirobert, COLORTERM=truecolor, SHLVL=1, ITERM_SESSION_ID=w2t0p0:E8D48605-6C8B-4722-9B82-883C92F1BB7A, PAGER=less, TERM_PROGRAM=iTerm.app, BUCK_CLASSPATH=/Users/remirobert/dev/test-fail-testable-import/.buckd/resources/v2017.11.16.01/buck_server, NVM_BIN=/Users/remirobert/.nvm/versions/node/v6.11.4/bin, LESS=-R, SHELL=/bin/zsh, BUCK_PYTHON_SPACE_INIT_TIME=2637, COMMAND_MODE=unix2003, BUCK_TTY=1, SECURITYSESSIONID=186a8, XPC_FLAGS=0x0, BUCK_TERM_COLUMNS=238, __CF_USER_TEXT_ENCODING=0x1F5:0x0:0x0, LANG=en_US.UTF-8, ITERM_PROFILE=Default, COLORFGBG=7;0, LSCOLORS=Gxfxcxdxbxegedabagacad, OLDPWD=/Users/remirobert/dev, HOME=/Users/remirobert, TMPDIR=/var/folders/lh/n146krrx0fb8mcsklb88c5540000gn/T/, XPC_SERVICE_NAME=0, PWD=/Users/remirobert/dev/test-fail-testable-import, TERM_PROGRAM_VERSION=3.1.5, ZSH=/Users/remirobert/.oh-my-zsh, LC_ALL=en_US.UTF-8, NAILGUN_PATHSEPARATOR=:, USER=remirobert, Apple_PubSub_Socket_Render=/private/tmp/com.apple.launchd.zKe0LZA76i/Render, TERM=xterm-256color, CLASSPATH=/Users/remirobert/dev/test-fail-testable-import/.buckd/resources/v2017.11.16.01/bootstrapper_jar, NVM_DIR=/Users/remirobert/.nvm, NVM_CD_FLAGS=-q, BUCK_BUILD_ID=a28acd30-263e-40c3-b7ba-d3a2d04f9d82, _=/usr/local/bin/buck}]
[2017-12-22 15:19:35.390][debug][command:a28acd30-263e-40c3-b7ba-d3a2d04f9d82][tid:39][com.facebook.buck.json.PythonDslProjectBuildFileParser] Started process com.facebook.buck.util.ProcessExecutor$LaunchedProcessImpl@3c0c106e successfully
[2017-12-22 15:19:35.884][debug][command:null][tid:44][com.facebook.buck.json.PythonDslProjectBuildFileParser] Closing buck.py process stdin
[2017-12-22 15:19:35.887][debug][command:a28acd30-263e-40c3-b7ba-d3a2d04f9d82][tid:14][com.facebook.buck.rules.ActionGraphCache] Computing TargetGraph HashCode...
[2017-12-22 15:19:35.887][info ][command:a28acd30-263e-40c3-b7ba-d3a2d04f9d82][tid:14][com.facebook.buck.rules.ActionGraphCache] ActionGraph cache miss. Cache was empty.
[2017-12-22 15:19:35.911][debug][command:null][tid:44][com.facebook.buck.json.PythonDslProjectBuildFileParser] Waiting for process com.facebook.buck.util.ProcessExecutor$LaunchedProcessImpl@3c0c106e to exit...
[2017-12-22 15:19:35.912][debug][command:null][tid:44][com.facebook.buck.json.PythonDslProjectBuildFileParser] Process com.facebook.buck.util.ProcessExecutor$LaunchedProcessImpl@3c0c106e exited cleanly.
[2017-12-22 15:19:36.223][info ][command:a28acd30-263e-40c3-b7ba-d3a2d04f9d82][tid:14][com.facebook.buck.rules.ActionGraphCache] ActionGraph cache assignment. skipActionGraphCache? false
[2017-12-22 15:19:36.269][debug][command:a28acd30-263e-40c3-b7ba-d3a2d04f9d82][tid:14][com.facebook.buck.rules.MetadataChecker] Checking metadata_storage for /Users/remirobert/dev/test-fail-testable-import
[2017-12-22 15:19:36.551][warn ][command:a28acd30-263e-40c3-b7ba-d3a2d04f9d82][tid:42][com.facebook.buck.rules.keys.RuleKeyBuilder] Attempting to add absolute path to rule key. Only using file name: /usr/bin/codesign
[2017-12-22 15:19:36.677][debug][command:a28acd30-263e-40c3-b7ba-d3a2d04f9d82][tid:39][com.facebook.buck.rules.CachingBuildRuleBuilder] Fetched '//:app#dwarf-and-dsym,no-include-frameworks' from cache with rulekey '9f26883f670ca61849b2d4b1e81b218ec567f8a4'
[2017-12-22 15:19:37.075][info ][command:a28acd30-263e-40c3-b7ba-d3a2d04f9d82][tid:14][com.facebook.buck.cli.Main] Awaiting termination of HTTP Write executor service. Waiting for all jobs to complete, or up to maximum of 1800 seconds...
[2017-12-22 15:19:37.076][info ][command:a28acd30-263e-40c3-b7ba-d3a2d04f9d82][tid:34][com.facebook.buck.event.listener.LoggingBuildListener] Build finished at 2017-12-22 15:19:37.063
[2017-12-22 15:19:37.076][info ][command:a28acd30-263e-40c3-b7ba-d3a2d04f9d82][tid:14][com.facebook.buck.cli.Main] Awaiting termination of CounterAggregatorExecutor executor service. Waiting for all jobs to complete, or up to maximum of 20 seconds...
[2017-12-22 15:19:37.085][debug][command:a28acd30-263e-40c3-b7ba-d3a2d04f9d82][tid:30][com.facebook.buck.util.perf.ProcessTracker] shutDown
[2017-12-22 15:19:37.086][debug][command:a28acd30-263e-40c3-b7ba-d3a2d04f9d82][tid:29][com.google.common.util.concurrent.ServiceManager] Service PerfStatsTracking [TERMINATED] has terminated. Previous state was: STOPPING
[2017-12-22 15:19:37.087][debug][command:a28acd30-263e-40c3-b7ba-d3a2d04f9d82][tid:30][com.google.common.util.concurrent.ServiceManager] Service ProcessTracker [TERMINATED] has terminated. Previous state was: STOPPING
[2017-12-22 15:19:37.092][debug][command:a28acd30-263e-40c3-b7ba-d3a2d04f9d82][tid:14][com.facebook.buck.event.listener.SuperConsoleEventBusListener] Stopping render scheduler
[2017-12-22 15:19:37.093][info ][command:a28acd30-263e-40c3-b7ba-d3a2d04f9d82][tid:14][com.facebook.buck.cli.Main] Awaiting termination of PROJECT executor service. Waiting for all jobs to complete, or up to maximum of 60 seconds...
[2017-12-22 15:19:37.093][info ][command:a28acd30-263e-40c3-b7ba-d3a2d04f9d82][tid:14][com.facebook.buck.cli.Main] Awaiting termination of NETWORK executor service. Waiting for all jobs to complete, or up to maximum of 60 seconds...
[2017-12-22 15:19:37.093][info ][command:a28acd30-263e-40c3-b7ba-d3a2d04f9d82][tid:14][com.facebook.buck.cli.Main] Awaiting termination of CPU executor service. Waiting for all jobs to complete, or up to maximum of 60 seconds...
[2017-12-22 15:19:37.093][info ][command:a28acd30-263e-40c3-b7ba-d3a2d04f9d82][tid:14][com.facebook.buck.cli.Main] Awaiting termination of ScheduledExecutorService executor service. Waiting for all jobs to complete, or up to maximum of 60 seconds...
[2017-12-22 15:19:37.097][info ][command:a28acd30-263e-40c3-b7ba-d3a2d04f9d82][tid:14][com.facebook.buck.cli.Main] Awaiting termination of Disk IO executor service. Waiting for all jobs to complete, or up to maximum of 10 seconds...
[2017-12-22 15:19:37.098][warn ][command:null][tid:18][com.martiansoftware.nailgun.NGInputStream] Nailgun client read future was interrupted
java.lang.InterruptedException
	at java.util.concurrent.FutureTask.awaitDone(FutureTask.java:404)
	at java.util.concurrent.FutureTask.get(FutureTask.java:204)
	at com.martiansoftware.nailgun.NGInputStream$1.run(NGInputStream.java:91)
	at java.util.concurrent.Executors$RunnableAdapter.call(Executors.java:511)
	at java.util.concurrent.FutureTask.run(FutureTask.java:266)
	at java.util.concurrent.ThreadPoolExecutor.runWorker(ThreadPoolExecutor.java:1149)
	at java.util.concurrent.ThreadPoolExecutor$Worker.run(ThreadPoolExecutor.java:624)
	at java.lang.Thread.run(Thread.java:748)

[2017-12-22 15:19:37.099][debug][command:null][tid:18][com.martiansoftware.nailgun.NGInputStream] Nailgun client read shutting down
[2017-12-22 15:19:37.102][debug][command:a28acd30-263e-40c3-b7ba-d3a2d04f9d82][tid:14][com.facebook.buck.event.listener.SuperConsoleEventBusListener] Stopping render scheduler
[2017-12-22 15:19:37.103][debug][command:a28acd30-263e-40c3-b7ba-d3a2d04f9d82][tid:14][com.facebook.buck.event.listener.ChromeTraceBuildListener] Writing Chrome trace to buck-out/log/2017-12-22_07h19m31s_buildcommand_a28acd30-263e-40c3-b7ba-d3a2d04f9d82/build.2017-12-22.15-19-31.a28acd30-263e-40c3-b7ba-d3a2d04f9d82.trace
[2017-12-22 15:19:37.142][debug][command:a28acd30-263e-40c3-b7ba-d3a2d04f9d82][tid:14][com.facebook.buck.io.WatchmanTransportClient] Closing Watchman transport.
[2017-12-22 15:19:37.156][debug][command:null][tid:14][com.facebook.buck.cli.Main] Done.
[2017-12-22 15:19:37.159][info ][command:null][tid:14][com.martiansoftware.nailgun.NGSession] Server cleanly exited with status 0
com.martiansoftware.nailgun.NGExitException: ExitException: status 0
	at com.martiansoftware.nailgun.NGSecurityManager.checkExit(NGSecurityManager.java:56)
	at java.lang.Runtime.exit(Runtime.java:107)
	at java.lang.System.exit(System.java:971)
	at com.facebook.buck.cli.Main.runMainThenExit(Main.java:432)
	at com.facebook.buck.cli.Main.nailMain(Main.java:1855)
	at sun.reflect.NativeMethodAccessorImpl.invoke0(Native Method)
	at sun.reflect.NativeMethodAccessorImpl.invoke(NativeMethodAccessorImpl.java:62)
	at sun.reflect.DelegatingMethodAccessorImpl.invoke(DelegatingMethodAccessorImpl.java:43)
	at java.lang.reflect.Method.invoke(Method.java:498)
	at com.martiansoftware.nailgun.NGSession.run(NGSession.java:329)

[2017-12-22 15:19:37.159][debug][command:null][tid:14][com.martiansoftware.nailgun.NGSession] Tearing down client socket
[2017-12-22 15:19:37.160][debug][command:null][tid:14][com.martiansoftware.nailgun.NGSession] Flushing client socket
[2017-12-22 15:19:37.160][debug][command:null][tid:14][com.martiansoftware.nailgun.NGSession] Error shutting down socket I/O (this is expected if the client disconnected already)
java.io.IOException: com.sun.jna.LastErrorException: [57] Socket is not connected
	at com.martiansoftware.nailgun.NGUnixDomainSocket.doShutdown(NGUnixDomainSocket.java:74)
	at com.martiansoftware.nailgun.NGUnixDomainSocket.shutdownInput(NGUnixDomainSocket.java:60)
	at com.martiansoftware.nailgun.NGSession.run(NGSession.java:375)
Caused by: com.sun.jna.LastErrorException: [57] Socket is not connected
	at com.martiansoftware.nailgun.NGUnixDomainSocketLibrary.shutdown(Native Method)
	at com.martiansoftware.nailgun.NGUnixDomainSocket.doShutdown(NGUnixDomainSocket.java:71)
	... 2 more

[2017-12-22 15:19:37.160][debug][command:null][tid:14][com.martiansoftware.nailgun.NGSession] Closing client socket
[2017-12-22 15:19:37.160][debug][command:null][tid:14][com.martiansoftware.nailgun.NGSession] Finished tearing down client socket
[2017-12-22 15:19:37.161][debug][command:null][tid:14][com.martiansoftware.nailgun.NGSession] Waiting for next client to connect
[2017-12-22 15:19:37.161][info ][command:null][tid:14][com.martiansoftware.nailgun.NGSession] NGSession shutting down
[2017-12-22 15:19:47.698][debug][command:null][tid:17][com.martiansoftware.nailgun.NGSession] Client connected
[2017-12-22 15:19:47.698][debug][command:null][tid:46][com.martiansoftware.nailgun.NGSession] Waiting for first client to connect
[2017-12-22 15:19:47.701][debug][command:null][tid:17][com.martiansoftware.nailgun.NGSession] Tearing down client socket
[2017-12-22 15:19:47.701][debug][command:null][tid:17][com.martiansoftware.nailgun.NGSession] Flushing client socket
[2017-12-22 15:19:47.701][debug][command:null][tid:17][com.martiansoftware.nailgun.NGSession] Error shutting down socket I/O (this is expected if the client disconnected already)
java.io.IOException: com.sun.jna.LastErrorException: [57] Socket is not connected
	at com.martiansoftware.nailgun.NGUnixDomainSocket.doShutdown(NGUnixDomainSocket.java:74)
	at com.martiansoftware.nailgun.NGUnixDomainSocket.shutdownInput(NGUnixDomainSocket.java:60)
	at com.martiansoftware.nailgun.NGSession.run(NGSession.java:375)
Caused by: com.sun.jna.LastErrorException: [57] Socket is not connected
	at com.martiansoftware.nailgun.NGUnixDomainSocketLibrary.shutdown(Native Method)
	at com.martiansoftware.nailgun.NGUnixDomainSocket.doShutdown(NGUnixDomainSocket.java:71)
	... 2 more

[2017-12-22 15:19:47.701][debug][command:null][tid:17][com.martiansoftware.nailgun.NGSession] Closing client socket
[2017-12-22 15:19:47.701][warn ][command:null][tid:47][com.martiansoftware.nailgun.NGInputStream] Nailgun client read future was interrupted
java.lang.InterruptedException
	at java.util.concurrent.FutureTask.awaitDone(FutureTask.java:404)
	at java.util.concurrent.FutureTask.get(FutureTask.java:204)
	at com.martiansoftware.nailgun.NGInputStream$1.run(NGInputStream.java:91)
	at java.util.concurrent.Executors$RunnableAdapter.call(Executors.java:511)
	at java.util.concurrent.FutureTask.run(FutureTask.java:266)
	at java.util.concurrent.ThreadPoolExecutor.runWorker(ThreadPoolExecutor.java:1149)
	at java.util.concurrent.ThreadPoolExecutor$Worker.run(ThreadPoolExecutor.java:624)
	at java.lang.Thread.run(Thread.java:748)

[2017-12-22 15:19:47.702][debug][command:null][tid:47][com.martiansoftware.nailgun.NGInputStream] Nailgun client read shutting down
[2017-12-22 15:19:47.702][debug][command:null][tid:17][com.martiansoftware.nailgun.NGSession] Finished tearing down client socket
[2017-12-22 15:19:47.702][debug][command:null][tid:17][com.martiansoftware.nailgun.NGSession] Waiting for next client to connect
[2017-12-22 15:19:47.702][info ][command:null][tid:17][com.martiansoftware.nailgun.NGSession] NGSession shutting down
[2017-12-22 15:19:47.707][debug][command:null][tid:46][com.martiansoftware.nailgun.NGSession] Client connected
[2017-12-22 15:19:47.708][debug][command:null][tid:49][com.martiansoftware.nailgun.NGSession] Waiting for first client to connect
[2017-12-22 15:19:47.710][debug][command:null][tid:46][com.martiansoftware.nailgun.NGSession] Tearing down client socket
[2017-12-22 15:19:47.710][debug][command:null][tid:46][com.martiansoftware.nailgun.NGSession] Flushing client socket
[2017-12-22 15:19:47.710][debug][command:null][tid:46][com.martiansoftware.nailgun.NGSession] Error shutting down socket I/O (this is expected if the client disconnected already)
java.io.IOException: com.sun.jna.LastErrorException: [57] Socket is not connected
	at com.martiansoftware.nailgun.NGUnixDomainSocket.doShutdown(NGUnixDomainSocket.java:74)
	at com.martiansoftware.nailgun.NGUnixDomainSocket.shutdownInput(NGUnixDomainSocket.java:60)
	at com.martiansoftware.nailgun.NGSession.run(NGSession.java:375)
Caused by: com.sun.jna.LastErrorException: [57] Socket is not connected
	at com.martiansoftware.nailgun.NGUnixDomainSocketLibrary.shutdown(Native Method)
	at com.martiansoftware.nailgun.NGUnixDomainSocket.doShutdown(NGUnixDomainSocket.java:71)
	... 2 more

[2017-12-22 15:19:47.711][debug][command:null][tid:46][com.martiansoftware.nailgun.NGSession] Closing client socket
[2017-12-22 15:19:47.711][debug][command:null][tid:46][com.martiansoftware.nailgun.NGSession] Finished tearing down client socket
[2017-12-22 15:19:47.711][debug][command:null][tid:46][com.martiansoftware.nailgun.NGSession] Waiting for next client to connect
[2017-12-22 15:19:47.711][info ][command:null][tid:46][com.martiansoftware.nailgun.NGSession] NGSession shutting down
[2017-12-22 15:19:47.711][warn ][command:null][tid:50][com.martiansoftware.nailgun.NGInputStream] Nailgun client read future was interrupted
java.lang.InterruptedException
	at java.util.concurrent.FutureTask.awaitDone(FutureTask.java:404)
	at java.util.concurrent.FutureTask.get(FutureTask.java:204)
	at com.martiansoftware.nailgun.NGInputStream$1.run(NGInputStream.java:91)
	at java.util.concurrent.Executors$RunnableAdapter.call(Executors.java:511)
	at java.util.concurrent.FutureTask.run(FutureTask.java:266)
	at java.util.concurrent.ThreadPoolExecutor.runWorker(ThreadPoolExecutor.java:1149)
	at java.util.concurrent.ThreadPoolExecutor$Worker.run(ThreadPoolExecutor.java:624)
	at java.lang.Thread.run(Thread.java:748)

[2017-12-22 15:19:47.712][debug][command:null][tid:50][com.martiansoftware.nailgun.NGInputStream] Nailgun client read shutting down
[2017-12-22 15:19:47.713][debug][command:null][tid:49][com.martiansoftware.nailgun.NGSession] Client connected
[2017-12-22 15:19:47.714][debug][command:null][tid:52][com.martiansoftware.nailgun.NGSession] Waiting for first client to connect
[2017-12-22 15:19:47.820][debug][command:null][tid:49][com.facebook.buck.cli.Main] Rotating log.
