[2017-12-22 14:15:02.158][debug][command:null][tid:120][com.facebook.buck.cli.Main] Starting up (build date 2017-11-17 08:34:27 +0800, rev v2017.11.16.01), args: [test, :app]
[2017-12-22 14:15:02.160][debug][command:null][tid:120][com.facebook.buck.cli.Main] System properties: {java.vendor=Oracle Corporation, sun.java.launcher=SUN_STANDARD, sun.management.compiler=HotSpot 64-Bit Tiered Compilers, jnidispatch.path=/Users/remirobert/dev/Dog-project/.buckd/tmp/buck_run.On_K6F/jna--36351663/jna6844077100917419115.tmp, os.name=Mac OS X, buck.enable_objc=true, sun.boot.class.path=/Library/Java/JavaVirtualMachines/jdk1.8.0_152.jdk/Contents/Home/jre/lib/resources.jar:/Library/Java/JavaVirtualMachines/jdk1.8.0_152.jdk/Contents/Home/jre/lib/rt.jar:/Library/Java/JavaVirtualMachines/jdk1.8.0_152.jdk/Contents/Home/jre/lib/sunrsasign.jar:/Library/Java/JavaVirtualMachines/jdk1.8.0_152.jdk/Contents/Home/jre/lib/jsse.jar:/Library/Java/JavaVirtualMachines/jdk1.8.0_152.jdk/Contents/Home/jre/lib/jce.jar:/Library/Java/JavaVirtualMachines/jdk1.8.0_152.jdk/Contents/Home/jre/lib/charsets.jar:/Library/Java/JavaVirtualMachines/jdk1.8.0_152.jdk/Contents/Home/jre/lib/jfr.jar:/Library/Java/JavaVirtualMachines/jdk1.8.0_152.jdk/Contents/Home/jre/classes, pf4j.pluginsDir=/Users/remirobert/dev/Dog-project/.buckd/resources/v2017.11.16.01/buck-modules, buck.resource_lock_path=/Users/remirobert/dev/Dog-project/.buckd/resources/v2017.11.16.01/.buck_lock, java.vm.specification.vendor=Oracle Corporation, java.runtime.version=1.8.0_152-b16, jna.loaded=true, buck.testrunner_classes=/Users/remirobert/dev/Dog-project/.buckd/resources/v2017.11.16.01/testrunner_classes, buck.logging_config_file=/Users/remirobert/dev/Dog-project/.buckd/resources/v2017.11.16.01/logging_config_file, buck.path_to_sh_binary_template=/Users/remirobert/dev/Dog-project/.buckd/resources/v2017.11.16.01/path_to_sh_binary_template, user.name=remirobert, socksProxyHost=127.0.0.1, buck.path_to_pywatchman=/Users/remirobert/dev/Dog-project/.buckd/resources/v2017.11.16.01/path_to_pywatchman, buck.report_generator_jar=/Users/remirobert/dev/Dog-project/.buckd/resources/v2017.11.16.01/report_generator_jar, buck.git_commit=v2017.11.16.01, user.language=en, sun.boot.library.path=/Library/Java/JavaVirtualMachines/jdk1.8.0_152.jdk/Contents/Home/jre/lib, java.version=1.8.0_152, user.timezone=Asia/Shanghai, buck.test_util_no_tests_dir=true, sun.arch.data.model=64, http.nonProxyHosts=127.0.0.1|localhost|*.localhost|192.168.0.0/16|*.192.168.0.0/16|10.0.0.0/8|*.10.0.0.0/8, java.endorsed.dirs=/Library/Java/JavaVirtualMachines/jdk1.8.0_152.jdk/Contents/Home/jre/lib/endorsed, sun.cpu.isalist=, sun.jnu.encoding=UTF-8, file.encoding.pkg=sun.io, file.separator=/, java.specification.name=Java Platform API Specification, buck.jacoco_agent_jar=/Users/remirobert/dev/Dog-project/.buckd/resources/v2017.11.16.01/jacoco_agent_jar, java.class.version=52.0, user.country=FR, buck.binary_hash=63c9781095d8ee3e98baa3f5efe2d99c, java.home=/Library/Java/JavaVirtualMachines/jdk1.8.0_152.jdk/Contents/Home/jre, buck.fix_script=/Users/remirobert/dev/Dog-project/.buckd/resources/v2017.11.16.01/fix_script, java.vm.info=mixed mode, os.version=10.13.2, buck.external_executor_jar=/Users/remirobert/dev/Dog-project/.buckd/resources/v2017.11.16.01/external_executor_jar, buck.version_uid=v2017.11.16.01, org.eclipse.jetty.util.log.class=org.eclipse.jetty.util.log.JavaUtilLog, path.separator=:, java.vm.version=25.152-b16, java.awt.printerjob=sun.lwawt.macosx.CPrinterJob, sun.io.unicode.encoding=UnicodeBig, awt.toolkit=sun.lwawt.macosx.LWCToolkit, buck.buck_build_type_info=/Users/remirobert/dev/Dog-project/.buckd/resources/v2017.11.16.01/buck_build_type_info, socksNonProxyHosts=127.0.0.1|localhost|*.localhost|192.168.0.0/16|*.192.168.0.0/16|10.0.0.0/8|*.10.0.0.0/8, ftp.nonProxyHosts=127.0.0.1|localhost|*.localhost|192.168.0.0/16|*.192.168.0.0/16|10.0.0.0/8|*.10.0.0.0/8, buck.dx=/Users/remirobert/dev/Dog-project/.buckd/resources/v2017.11.16.01/dx, buck.git_commit_timestamp=1510878867, user.home=/Users/remirobert, socksProxyPort=1086, java.specification.vendor=Oracle Corporation, buck.git_dirty=0, java.library.path=/Users/remirobert/dev/Dog-project/.buckd/resources/v2017.11.16.01, java.vendor.url=http://java.oracle.com/, java.vm.vendor=Oracle Corporation, gopherProxySet=false, java.runtime.name=Java(TM) SE Runtime Environment, sun.java.command=com.facebook.buck.cli.bootstrapper.ClassLoaderBootstrapper com.facebook.buck.cli.Main$DaemonBootstrap local:.buckd/sock 120000, java.class.path=/Users/remirobert/dev/Dog-project/.buckd/resources/v2017.11.16.01/bootstrapper_jar, buck.buckd_dir=/Users/remirobert/dev/Dog-project/.buckd, buck.path_to_pathlib_py=/Users/remirobert/dev/Dog-project/.buckd/resources/v2017.11.16.01/pathlib.py, buck.buckd_launch_time_nanos=128610981335429, java.vm.specification.name=Java Virtual Machine Specification, com.martiansoftware.nailgun.NGServer.outputPath=/Users/remirobert/dev/Dog-project/.buckd/tmp/buck_run.On_K6F/ngserver-out, java.vm.specification.version=1.8, sun.cpu.endian=little, buck.path_to_rawmanifest_py=/Users/remirobert/dev/Dog-project/.buckd/resources/v2017.11.16.01/rawmanifest.py, sun.os.patch.level=unknown, java.awt.headless=true, java.io.tmpdir=/Users/remirobert/dev/Dog-project/.buckd/tmp/buck_run.On_K6F, buck.android_agent_path=/Users/remirobert/dev/Dog-project/.buckd/resources/v2017.11.16.01/android_agent_path, java.vendor.url.bug=http://bugreport.sun.com/bugreport/, buck.path_to_python_dsl=, jna.platform.library.path=/usr/lib:/usr/lib, os.arch=x86_64, java.awt.graphicsenv=sun.awt.CGraphicsEnvironment, buck.path_to_pex=/Users/remirobert/dev/Dog-project/.buckd/resources/v2017.11.16.01/path_to_pex, java.ext.dirs=/Users/remirobert/Library/Java/Extensions:/Library/Java/JavaVirtualMachines/jdk1.8.0_152.jdk/Contents/Home/jre/lib/ext:/Library/Java/Extensions:/Network/Library/Java/Extensions:/System/Library/Java/Extensions:/usr/lib/java, java.util.logging.config.class=com.facebook.buck.cli.bootstrapper.LogConfig, user.dir=/Users/remirobert/dev/Dog-project, line.separator=
, java.vm.name=Java HotSpot(TM) 64-Bit Server VM, buck.path_to_typing=/Users/remirobert/dev/Dog-project/.buckd/resources/v2017.11.16.01/path_to_typing, buck.native_exopackage_fake_path=/Users/remirobert/dev/Dog-project/.buckd/resources/v2017.11.16.01/native_exopackage_fake_path, file.encoding=UTF-8, java.specification.version=1.8}
[2017-12-22 14:15:02.160][info ][command:null][tid:120][org.pf4j.DefaultPluginStatusProvider] Enabled plugins: []
[2017-12-22 14:15:02.161][info ][command:null][tid:120][org.pf4j.DefaultPluginStatusProvider] Disabled plugins: []
[2017-12-22 14:15:02.161][info ][command:null][tid:120][org.pf4j.DefaultPluginManager] PF4J version 0.0.0 in 'deployment' mode
[2017-12-22 14:15:02.161][debug][command:null][tid:120][org.pf4j.AbstractPluginManager] Lookup plugins in '/Users/remirobert/dev/Dog-project/.buckd/resources/v2017.11.16.01/buck-modules'
[2017-12-22 14:15:02.161][debug][command:null][tid:120][org.pf4j.AbstractPluginManager] Found 1 possible plugins: [/Users/remirobert/dev/Dog-project/.buckd/resources/v2017.11.16.01/buck-modules/ziprules.jar]
[2017-12-22 14:15:02.161][debug][command:null][tid:120][org.pf4j.AbstractPluginManager] Use 'org.pf4j.CompoundPluginDescriptorFinder@7abc57d9' to find plugins descriptors
[2017-12-22 14:15:02.161][debug][command:null][tid:120][org.pf4j.AbstractPluginManager] Finding plugin descriptor for plugin '/Users/remirobert/dev/Dog-project/.buckd/resources/v2017.11.16.01/buck-modules/ziprules.jar'
[2017-12-22 14:15:02.161][debug][command:null][tid:120][org.pf4j.CompoundPluginDescriptorFinder] 'org.pf4j.ManifestPluginDescriptorFinder@25cca6dc' is applicable for plugin '/Users/remirobert/dev/Dog-project/.buckd/resources/v2017.11.16.01/buck-modules/ziprules.jar'
[2017-12-22 14:15:02.162][debug][command:null][tid:120][org.pf4j.AbstractPluginManager] Found descriptor PluginDescriptor [pluginId=com.facebook.buck.zip.ziprules, pluginClass=com.facebook.buck.zip.rules.ZipRulesModuleAdapterPlugin, version=0.0.1, provider=null, dependencies=[], description=, requires=*, license=null]
[2017-12-22 14:15:02.162][debug][command:null][tid:120][org.pf4j.AbstractPluginManager] Class 'com.facebook.buck.zip.rules.ZipRulesModuleAdapterPlugin' for plugin '/Users/remirobert/dev/Dog-project/.buckd/resources/v2017.11.16.01/buck-modules/ziprules.jar'
[2017-12-22 14:15:02.162][debug][command:null][tid:120][org.pf4j.AbstractPluginManager] Loading plugin '/Users/remirobert/dev/Dog-project/.buckd/resources/v2017.11.16.01/buck-modules/ziprules.jar'
[2017-12-22 14:15:02.162][debug][command:null][tid:120][org.pf4j.PluginClassLoader] Add 'file:/Users/remirobert/dev/Dog-project/.buckd/resources/v2017.11.16.01/buck-modules/ziprules.jar'
[2017-12-22 14:15:02.162][debug][command:null][tid:120][org.pf4j.AbstractPluginManager] Loaded plugin '/Users/remirobert/dev/Dog-project/.buckd/resources/v2017.11.16.01/buck-modules/ziprules.jar' with class loader 'org.pf4j.PluginClassLoader@61b8df14'
[2017-12-22 14:15:02.162][debug][command:null][tid:120][org.pf4j.AbstractPluginManager] Creating wrapper for plugin '/Users/remirobert/dev/Dog-project/.buckd/resources/v2017.11.16.01/buck-modules/ziprules.jar'
[2017-12-22 14:15:02.162][debug][command:null][tid:120][org.pf4j.AbstractPluginManager] Created wrapper 'PluginWrapper [descriptor=PluginDescriptor [pluginId=com.facebook.buck.zip.ziprules, pluginClass=com.facebook.buck.zip.rules.ZipRulesModuleAdapterPlugin, version=0.0.1, provider=null, dependencies=[], description=, requires=*, license=null], pluginPath=/Users/remirobert/dev/Dog-project/.buckd/resources/v2017.11.16.01/buck-modules/ziprules.jar]' for plugin '/Users/remirobert/dev/Dog-project/.buckd/resources/v2017.11.16.01/buck-modules/ziprules.jar'
[2017-12-22 14:15:02.162][debug][command:null][tid:120][org.pf4j.DependencyResolver] Graph: 
   com.facebook.buck.zip.ziprules -> []
[2017-12-22 14:15:02.163][debug][command:null][tid:120][org.pf4j.DependencyResolver] Plugins order: [com.facebook.buck.zip.ziprules]
[2017-12-22 14:15:02.163][info ][command:null][tid:120][org.pf4j.AbstractPluginManager] Plugin 'com.facebook.buck.zip.ziprules@0.0.1' resolved
[2017-12-22 14:15:02.163][info ][command:null][tid:120][org.pf4j.AbstractPluginManager] Start plugin 'com.facebook.buck.zip.ziprules@0.0.1'
[2017-12-22 14:15:02.163][debug][command:null][tid:120][org.pf4j.DefaultExtensionFactory] Create instance for plugin 'com.facebook.buck.zip.rules.ZipRulesModuleAdapterPlugin'
[2017-12-22 14:15:02.164][debug][command:null][tid:120][com.facebook.buck.util.config.Configs] Loading configuration for /Users/remirobert/dev/Dog-project
[2017-12-22 14:15:02.165][debug][command:null][tid:120][com.facebook.buck.util.config.Configs] Loaded a configuration file /Users/remirobert/dev/Dog-project/.buckconfig: {apple={xctool_path=/usr/local/bin/xctool}, cache={mode=dir, dir_max_size=512MB}, cxx={cflags=-std=gnu11, cxxflags=-std=c++14 -stdlib=libc++, default_platform=iphonesimulator-x86_64, combined_preprocess_and_compile=true}, project={ide=xcode, ignore=.git, .hg, .buckd}, swift={version=4.0}}
[2017-12-22 14:15:02.165][debug][command:null][tid:120][com.facebook.buck.util.config.Configs] Adding configuration overrides RawConfig{values={}}
[2017-12-22 14:15:02.165][debug][command:null][tid:120][com.facebook.buck.util.config.Configs] Loading configuration for /Users/remirobert/dev/Dog-project
[2017-12-22 14:15:02.166][debug][command:null][tid:120][com.facebook.buck.util.config.Configs] Loaded a configuration file /Users/remirobert/dev/Dog-project/.buckconfig: {apple={xctool_path=/usr/local/bin/xctool}, cache={mode=dir, dir_max_size=512MB}, cxx={cflags=-std=gnu11, cxxflags=-std=c++14 -stdlib=libc++, default_platform=iphonesimulator-x86_64, combined_preprocess_and_compile=true}, project={ide=xcode, ignore=.git, .hg, .buckd}, swift={version=4.0}}
[2017-12-22 14:15:02.166][debug][command:null][tid:120][com.facebook.buck.util.config.Configs] Adding configuration overrides RawConfig{values={}}
[2017-12-22 14:15:02.183][debug][command:null][tid:120][com.facebook.buck.apple.AppleToolchainDiscovery] Searching for Xcode toolchains under /Applications/Xcode.app/Contents/Developer/Toolchains
[2017-12-22 14:15:02.183][debug][command:null][tid:120][com.facebook.buck.apple.AppleToolchainDiscovery] Searching for Xcode toolchains in /Applications/Xcode.app/Contents/Developer/Toolchains
[2017-12-22 14:15:02.183][debug][command:null][tid:120][com.facebook.buck.apple.AppleToolchainDiscovery] Getting identifier for for Xcode toolchain under /Applications/Xcode.app/Contents/Developer/Toolchains/XcodeDefault.xctoolchain
[2017-12-22 14:15:02.184][debug][command:null][tid:120][com.facebook.buck.apple.AppleToolchainDiscovery] Mapped SDK identifier com.apple.dt.toolchain.XcodeDefault to path /Applications/Xcode.app/Contents/Developer/Toolchains/XcodeDefault.xctoolchain
[2017-12-22 14:15:02.184][debug][command:null][tid:120][com.facebook.buck.apple.AppleSdkDiscovery] Searching for Xcode platforms under /Applications/Xcode.app/Contents/Developer/Platforms
[2017-12-22 14:15:02.184][debug][command:null][tid:120][com.facebook.buck.apple.AppleSdkDiscovery] Searching for Xcode SDKs in /Applications/Xcode.app/Contents/Developer/Platforms
[2017-12-22 14:15:02.185][debug][command:null][tid:120][com.facebook.buck.apple.AppleSdkDiscovery] Fetching SDK name for /Applications/Xcode.app/Contents/Developer/Platforms/AppleTVOS.platform/Developer/SDKs/AppleTVOS11.2.sdk
[2017-12-22 14:15:02.185][debug][command:null][tid:120][com.facebook.buck.apple.AppleSdkDiscovery] Found SDK AppleSdk{name=appletvos11.2, version=11.2, applePlatform=ApplePlatform{name=appletvos, provisioningProfileName=tvOS, architectures=[arm64], minVersionFlagPrefix=-mtvos-version-min=, appIncludesFrameworks=false}, architectures=[arm64], toolchains=[AppleToolchain{identifier=com.apple.dt.toolchain.XcodeDefault, path=/Applications/Xcode.app/Contents/Developer/Toolchains/XcodeDefault.xctoolchain}]}
[2017-12-22 14:15:02.186][debug][command:null][tid:120][com.facebook.buck.apple.AppleSdkDiscovery] Fetching SDK name for /Applications/Xcode.app/Contents/Developer/Platforms/AppleTVOS.platform/Developer/SDKs/AppleTVOS.sdk
[2017-12-22 14:15:02.186][debug][command:null][tid:120][com.facebook.buck.apple.AppleSdkDiscovery] Skipping already scanned SDK directory /Applications/Xcode.app/Contents/Developer/Platforms/AppleTVOS.platform/Developer/SDKs/AppleTVOS.sdk
[2017-12-22 14:15:02.186][debug][command:null][tid:120][com.facebook.buck.apple.AppleSdkDiscovery] Fetching SDK name for /Applications/Xcode.app/Contents/Developer/Platforms/iPhoneOS.platform/Developer/SDKs/iPhoneOS.sdk
[2017-12-22 14:15:02.187][debug][command:null][tid:120][com.facebook.buck.apple.AppleSdkDiscovery] Found SDK AppleSdk{name=iphoneos11.2, version=11.2, applePlatform=ApplePlatform{name=iphoneos, swiftName=ios, provisioningProfileName=iOS, architectures=[armv7, arm64], minVersionFlagPrefix=-mios-version-min=, stubBinaryPath=Library/Application Support/WatchKit/WK, appIncludesFrameworks=false}, architectures=[armv7, arm64], toolchains=[AppleToolchain{identifier=com.apple.dt.toolchain.XcodeDefault, path=/Applications/Xcode.app/Contents/Developer/Toolchains/XcodeDefault.xctoolchain}]}
[2017-12-22 14:15:02.187][debug][command:null][tid:120][com.facebook.buck.apple.AppleSdkDiscovery] Fetching SDK name for /Applications/Xcode.app/Contents/Developer/Platforms/iPhoneOS.platform/Developer/SDKs/iPhoneOS11.2.sdk
[2017-12-22 14:15:02.188][debug][command:null][tid:120][com.facebook.buck.apple.AppleSdkDiscovery] Skipping already scanned SDK directory /Applications/Xcode.app/Contents/Developer/Platforms/iPhoneOS.platform/Developer/SDKs/iPhoneOS.sdk
[2017-12-22 14:15:02.188][debug][command:null][tid:120][com.facebook.buck.apple.AppleSdkDiscovery] Fetching SDK name for /Applications/Xcode.app/Contents/Developer/Platforms/WatchOS.platform/Developer/SDKs/WatchOS4.2.sdk
[2017-12-22 14:15:02.189][debug][command:null][tid:120][com.facebook.buck.apple.AppleSdkDiscovery] Found SDK AppleSdk{name=watchos4.2, version=4.2, applePlatform=ApplePlatform{name=watchos, provisioningProfileName=iOS, architectures=[armv7k], minVersionFlagPrefix=-mwatchos-version-min=, stubBinaryPath=Library/Application Support/WatchKit/WK, appIncludesFrameworks=false}, architectures=[armv7k], toolchains=[AppleToolchain{identifier=com.apple.dt.toolchain.XcodeDefault, path=/Applications/Xcode.app/Contents/Developer/Toolchains/XcodeDefault.xctoolchain}]}
[2017-12-22 14:15:02.189][debug][command:null][tid:120][com.facebook.buck.apple.AppleSdkDiscovery] Fetching SDK name for /Applications/Xcode.app/Contents/Developer/Platforms/WatchOS.platform/Developer/SDKs/WatchOS.sdk
[2017-12-22 14:15:02.189][debug][command:null][tid:120][com.facebook.buck.apple.AppleSdkDiscovery] Skipping already scanned SDK directory /Applications/Xcode.app/Contents/Developer/Platforms/WatchOS.platform/Developer/SDKs/WatchOS.sdk
[2017-12-22 14:15:02.189][debug][command:null][tid:120][com.facebook.buck.apple.AppleSdkDiscovery] Fetching SDK name for /Applications/Xcode.app/Contents/Developer/Platforms/MacOSX.platform/Developer/SDKs/MacOSX10.13.sdk
[2017-12-22 14:15:02.191][debug][command:null][tid:120][com.facebook.buck.apple.AppleSdkDiscovery] Found SDK AppleSdk{name=macosx10.13, version=10.13, applePlatform=ApplePlatform{name=macosx, architectures=[i386, x86_64], minVersionFlagPrefix=-mmacosx-version-min=, appIncludesFrameworks=true}, architectures=[i386, x86_64], toolchains=[AppleToolchain{identifier=com.apple.dt.toolchain.XcodeDefault, path=/Applications/Xcode.app/Contents/Developer/Toolchains/XcodeDefault.xctoolchain}]}
[2017-12-22 14:15:02.191][debug][command:null][tid:120][com.facebook.buck.apple.AppleSdkDiscovery] Fetching SDK name for /Applications/Xcode.app/Contents/Developer/Platforms/MacOSX.platform/Developer/SDKs/MacOSX.sdk
[2017-12-22 14:15:02.191][debug][command:null][tid:120][com.facebook.buck.apple.AppleSdkDiscovery] Skipping already scanned SDK directory /Applications/Xcode.app/Contents/Developer/Platforms/MacOSX.platform/Developer/SDKs/MacOSX.sdk
[2017-12-22 14:15:02.192][debug][command:null][tid:120][com.facebook.buck.apple.AppleSdkDiscovery] Fetching SDK name for /Applications/Xcode.app/Contents/Developer/Platforms/WatchSimulator.platform/Developer/SDKs/WatchSimulator4.2.sdk
[2017-12-22 14:15:02.192][debug][command:null][tid:120][com.facebook.buck.apple.AppleSdkDiscovery] Found SDK AppleSdk{name=watchsimulator4.2, version=4.2, applePlatform=ApplePlatform{name=watchsimulator, architectures=[i386], minVersionFlagPrefix=-mwatchos-simulator-version-min=, stubBinaryPath=Library/Application Support/WatchKit/WK, appIncludesFrameworks=false}, architectures=[i386], toolchains=[AppleToolchain{identifier=com.apple.dt.toolchain.XcodeDefault, path=/Applications/Xcode.app/Contents/Developer/Toolchains/XcodeDefault.xctoolchain}]}
[2017-12-22 14:15:02.193][debug][command:null][tid:120][com.facebook.buck.apple.AppleSdkDiscovery] Fetching SDK name for /Applications/Xcode.app/Contents/Developer/Platforms/WatchSimulator.platform/Developer/SDKs/WatchSimulator.sdk
[2017-12-22 14:15:02.193][debug][command:null][tid:120][com.facebook.buck.apple.AppleSdkDiscovery] Skipping already scanned SDK directory /Applications/Xcode.app/Contents/Developer/Platforms/WatchSimulator.platform/Developer/SDKs/WatchSimulator.sdk
[2017-12-22 14:15:02.193][debug][command:null][tid:120][com.facebook.buck.apple.AppleSdkDiscovery] Fetching SDK name for /Applications/Xcode.app/Contents/Developer/Platforms/AppleTVSimulator.platform/Developer/SDKs/AppleTVSimulator.sdk
[2017-12-22 14:15:02.194][debug][command:null][tid:120][com.facebook.buck.apple.AppleSdkDiscovery] Found SDK AppleSdk{name=appletvsimulator11.2, version=11.2, applePlatform=ApplePlatform{name=appletvsimulator, swiftName=tvos, architectures=[x86_64], minVersionFlagPrefix=-mtvos-simulator-version-min=, appIncludesFrameworks=false}, architectures=[x86_64], toolchains=[AppleToolchain{identifier=com.apple.dt.toolchain.XcodeDefault, path=/Applications/Xcode.app/Contents/Developer/Toolchains/XcodeDefault.xctoolchain}]}
[2017-12-22 14:15:02.194][debug][command:null][tid:120][com.facebook.buck.apple.AppleSdkDiscovery] Fetching SDK name for /Applications/Xcode.app/Contents/Developer/Platforms/AppleTVSimulator.platform/Developer/SDKs/AppleTVSimulator11.2.sdk
[2017-12-22 14:15:02.194][debug][command:null][tid:120][com.facebook.buck.apple.AppleSdkDiscovery] Skipping already scanned SDK directory /Applications/Xcode.app/Contents/Developer/Platforms/AppleTVSimulator.platform/Developer/SDKs/AppleTVSimulator.sdk
[2017-12-22 14:15:02.194][debug][command:null][tid:120][com.facebook.buck.apple.AppleSdkDiscovery] Fetching SDK name for /Applications/Xcode.app/Contents/Developer/Platforms/iPhoneSimulator.platform/Developer/SDKs/iPhoneSimulator.sdk
[2017-12-22 14:15:02.195][debug][command:null][tid:120][com.facebook.buck.apple.AppleSdkDiscovery] Found SDK AppleSdk{name=iphonesimulator11.2, version=11.2, applePlatform=ApplePlatform{name=iphonesimulator, swiftName=ios, architectures=[i386, x86_64], minVersionFlagPrefix=-mios-simulator-version-min=, stubBinaryPath=Library/Application Support/WatchKit/WK, appIncludesFrameworks=false}, architectures=[i386, x86_64], toolchains=[AppleToolchain{identifier=com.apple.dt.toolchain.XcodeDefault, path=/Applications/Xcode.app/Contents/Developer/Toolchains/XcodeDefault.xctoolchain}]}
[2017-12-22 14:15:02.195][debug][command:null][tid:120][com.facebook.buck.apple.AppleSdkDiscovery] Fetching SDK name for /Applications/Xcode.app/Contents/Developer/Platforms/iPhoneSimulator.platform/Developer/SDKs/iPhoneSimulator11.2.sdk
[2017-12-22 14:15:02.195][debug][command:null][tid:120][com.facebook.buck.apple.AppleSdkDiscovery] Skipping already scanned SDK directory /Applications/Xcode.app/Contents/Developer/Platforms/iPhoneSimulator.platform/Developer/SDKs/iPhoneSimulator.sdk
[2017-12-22 14:15:02.196][info ][command:null][tid:120][com.facebook.buck.io.Watchman] Creating for: [/Users/remirobert/dev/Dog-project]
[2017-12-22 14:15:02.197][debug][command:null][tid:120][com.facebook.buck.io.ExecutableFinder] Executable 'watchman' mapped to 'Optional[/usr/local/bin/watchman]'
[2017-12-22 14:15:02.197][debug][command:null][tid:120][com.facebook.buck.util.ListeningProcessExecutor] Launching process with params ProcessExecutorParams{command=[/usr/local/bin/watchman, --output-encoding=bser, get-sockname]}
[2017-12-22 14:15:02.206][debug][command:null][tid:120][com.facebook.buck.util.ListeningProcessExecutor] Successfully launched process com.zaxxer.nuprocess.osx.OsxProcess@2ce844f8
[2017-12-22 14:15:02.206][debug][command:null][tid:120][com.facebook.buck.util.ListeningProcessExecutor] Waiting for process com.facebook.buck.util.ListeningProcessExecutor$LaunchedProcessImpl@d281d55 timeout 1000000000 NANOSECONDS
[2017-12-22 14:15:02.234][debug][command:null][tid:120][com.facebook.buck.util.ListeningProcessExecutor] Wait for process returned 0
[2017-12-22 14:15:02.234][debug][command:null][tid:120][com.facebook.buck.io.Watchman] Waited 28 ms for Watchman command get-sockname, exit code 0
[2017-12-22 14:15:02.235][debug][command:null][tid:120][com.facebook.buck.io.Watchman] stdout of command: {sockname=/usr/local/var/run/watchman/remirobert-state/sock, version=4.9.0}
[2017-12-22 14:15:02.235][info ][command:null][tid:120][com.facebook.buck.io.Watchman] Connecting to Watchman version 4.9.0 at /usr/local/var/run/watchman/remirobert-state/sock
[2017-12-22 14:15:02.235][debug][command:null][tid:120][com.facebook.buck.io.Watchman] Connected to Watchman
[2017-12-22 14:15:02.236][debug][command:null][tid:129][com.facebook.buck.io.WatchmanTransportClient] Sending query: [version, {required=[cmd-watch-project], optional=[term-dirname, cmd-watch-project, wildmatch, wildmatch_multislash, glob_generator, clock-sync-timeout]}]
[2017-12-22 14:15:02.237][debug][command:null][tid:120][com.facebook.buck.io.WatchmanTransportClient] Query [version, {required=[cmd-watch-project], optional=[term-dirname, cmd-watch-project, wildmatch, wildmatch_multislash, glob_generator, clock-sync-timeout]}] returned in 1 ms
[2017-12-22 14:15:02.237][info ][command:null][tid:120][com.facebook.buck.io.Watchman] Took 1 ms to query capabilities {term-dirname=DIRNAME, cmd-watch-project=SUPPORTS_PROJECT_WATCH, wildmatch=WILDMATCH_GLOB, wildmatch_multislash=WILDMATCH_MULTISLASH, glob_generator=GLOB_GENERATOR, clock-sync-timeout=CLOCK_SYNC_TIMEOUT}
[2017-12-22 14:15:02.237][debug][command:null][tid:120][com.facebook.buck.io.Watchman] Got capabilities response: {clock-sync-timeout=true, glob_generator=true, wildmatch_multislash=false, cmd-watch-project=true, wildmatch=true, term-dirname=true}
[2017-12-22 14:15:02.238][debug][command:null][tid:120][com.facebook.buck.io.Watchman] Got Watchman capabilities: [CLOCK_SYNC_TIMEOUT, GLOB_GENERATOR, SUPPORTS_PROJECT_WATCH, WILDMATCH_GLOB, DIRNAME]
[2017-12-22 14:15:02.238][info ][command:null][tid:120][com.facebook.buck.io.Watchman] Adding watchman root: /Users/remirobert/dev/Dog-project
[2017-12-22 14:15:02.238][debug][command:null][tid:129][com.facebook.buck.io.WatchmanTransportClient] Sending query: [watch-project, /Users/remirobert/dev/Dog-project]
[2017-12-22 14:15:02.239][debug][command:null][tid:120][com.facebook.buck.io.WatchmanTransportClient] Query [watch-project, /Users/remirobert/dev/Dog-project] returned in 0 ms
[2017-12-22 14:15:02.239][debug][command:null][tid:129][com.facebook.buck.io.WatchmanTransportClient] Sending query: [watch-project, /Users/remirobert/dev/Dog-project]
[2017-12-22 14:15:02.239][debug][command:null][tid:120][com.facebook.buck.io.WatchmanTransportClient] Query [watch-project, /Users/remirobert/dev/Dog-project] returned in 0 ms
[2017-12-22 14:15:02.239][info ][command:null][tid:120][com.facebook.buck.io.Watchman] Took 1 ms to add root /Users/remirobert/dev/Dog-project
[2017-12-22 14:15:02.240][debug][command:null][tid:129][com.facebook.buck.io.WatchmanTransportClient] Sending query: [clock, /Users/remirobert/dev/Dog-project, {sync_timeout=100}]
[2017-12-22 14:15:02.244][debug][command:null][tid:120][com.facebook.buck.io.WatchmanTransportClient] Query [clock, /Users/remirobert/dev/Dog-project, {sync_timeout=100}] returned in 4 ms
[2017-12-22 14:15:02.244][info ][command:null][tid:120][com.facebook.buck.io.Watchman] Took 4 ms to query for initial clock id Optional[c:1513586676:1188:9:211]
[2017-12-22 14:15:02.244][debug][command:null][tid:120][com.facebook.buck.cli.Main] Watchman capabilities: [CLOCK_SYNC_TIMEOUT, GLOB_GENERATOR, SUPPORTS_PROJECT_WATCH, WILDMATCH_GLOB, DIRNAME] Project watches: {/Users/remirobert/dev/Dog-project=ProjectWatch{watchRoot=/Users/remirobert/dev/Dog-project}} Glob handler config: PYTHON Query timeout ms config: Optional.empty
[2017-12-22 14:15:02.258][debug][command:fe16b675-5cf6-42e3-934a-022a1249536c][tid:120][com.facebook.buck.event.listener.SuperConsoleEventBusListener] Starting render scheduler (interval 100 ms)
[2017-12-22 14:15:02.259][debug][command:fe16b675-5cf6-42e3-934a-022a1249536c][tid:120][com.google.common.util.concurrent.ServiceManager] Starting PerfStatsTracking [STARTING].
[2017-12-22 14:15:02.260][debug][command:null][tid:133][com.google.common.util.concurrent.ServiceManager] Started PerfStatsTracking [RUNNING] in 766.8 Î¼s.
[2017-12-22 14:15:02.260][debug][command:fe16b675-5cf6-42e3-934a-022a1249536c][tid:120][com.google.common.util.concurrent.ServiceManager] Starting ProcessTracker [STARTING].
[2017-12-22 14:15:02.260][debug][command:null][tid:134][com.facebook.buck.util.perf.ProcessTracker] startUp
[2017-12-22 14:15:02.261][debug][command:fe16b675-5cf6-42e3-934a-022a1249536c][tid:120][com.facebook.buck.cli.Main] InvocationInfo BuildId=[fe16b675-5cf6-42e3-934a-022a1249536c] Args=[test, :app]
[2017-12-22 14:15:02.261][debug][command:fe16b675-5cf6-42e3-934a-022a1249536c][tid:120][com.facebook.buck.util.environment.MacWifiSsidFinder] Getting current SSID..
[2017-12-22 14:15:02.262][debug][command:null][tid:134][com.google.common.util.concurrent.ServiceManager] Started ProcessTracker [RUNNING] in 2.335 ms.
[2017-12-22 14:15:02.262][debug][command:fe16b675-5cf6-42e3-934a-022a1249536c][tid:120][com.facebook.buck.util.environment.MacWifiSsidFinder] Getting SSID from Wi-Fi interface: <CWInterface: 0x7fbf5e18a2f0> [interfaceName=en0]
[2017-12-22 14:15:02.263][debug][command:fe16b675-5cf6-42e3-934a-022a1249536c][tid:120][com.facebook.buck.util.environment.MacWifiSsidFinder] Found SSID: A2975
[2017-12-22 14:15:02.269][warn ][command:null][tid:137][com.facebook.buck.event.listener.PublicAnnouncementManager] Failed to get public announcements. Reason: Failed to establish connection to server.
[2017-12-22 14:15:02.270][info ][command:null][tid:138][com.facebook.buck.util.versioncontrol.VersionControlStatsGenerator] Starting generation of version control stats.
[2017-12-22 14:15:02.271][debug][command:null][tid:138][com.facebook.buck.util.versioncontrol.VersionControlCmdLineInterface] Executing command: hg log -l 1 --template {node|short}
[2017-12-22 14:15:02.273][debug][command:fe16b675-5cf6-42e3-934a-022a1249536c][tid:120][com.facebook.buck.parser.Parser] com.facebook.buck.event.DefaultBuckEventBus@7e47c166
[2017-12-22 14:15:02.273][debug][command:null][tid:129][com.facebook.buck.io.WatchmanTransportClient] Sending query: [query, /Users/remirobert/dev/Dog-project, {since=c:1513586676:1188:9:181, expression=[not, [anyof, [type, d], [dirname, .idea], [dirname, .buckd], [dirname, buck-out/cache], [dirname, .git], [dirname, .hg], [dirname, buck-out/.trash], [dirname, buck-out], [match, **/*.pbxproj, wholename, {includedotfiles=true}], [match, **/*.xcscheme, wholename, {includedotfiles=true}], [match, **/*.xcworkspacedata, wholename, {includedotfiles=true}], [match, **/*~, wholename, {includedotfiles=true}], [match, **/#*#, wholename, {includedotfiles=true}], [match, **/.#*, wholename, {includedotfiles=true}], [match, **/*.swo, wholename, {includedotfiles=true}], [match, **/*.swp, wholename, {includedotfiles=true}], [match, **/*.swpx, wholename, {includedotfiles=true}], [match, **/*.un~, wholename, {includedotfiles=true}], [match, **/.netrhwist, wholename, {includedotfiles=true}], [match, .idea, wholename, {includedotfiles=true}], [match, .iml, wholename, {includedotfiles=true}], [match, **/*.pydevproject, wholename, {includedotfiles=true}], [match, .project, wholename, {includedotfiles=true}], [match, .metadata, wholename, {includedotfiles=true}], [match, **/*.tmp, wholename, {includedotfiles=true}], [match, **/*.bak, wholename, {includedotfiles=true}], [match, **/*~.nib, wholename, {includedotfiles=true}], [match, .classpath, wholename, {includedotfiles=true}], [match, .settings, wholename, {includedotfiles=true}], [match, .loadpath, wholename, {includedotfiles=true}], [match, .externalToolBuilders, wholename, {includedotfiles=true}], [match, .cproject, wholename, {includedotfiles=true}], [match, .buildpath, wholename, {includedotfiles=true}], [match, .DS_Store, wholename, {includedotfiles=true}], [match, .AppleDouble, wholename, {includedotfiles=true}], [match, .LSOverride, wholename, {includedotfiles=true}], [match, .Spotlight-V100, wholename, {includedotfiles=true}], [match, .Trashes, wholename, {includedotfiles=true}], [match, $RECYCLE.BIN, wholename, {includedotfiles=true}], [match, .*.sublime-workspace, wholename, {includedotfiles=true}]]], empty_on_fresh_instance=true, fields=[name, exists, new]}]
[2017-12-22 14:15:02.283][warn ][command:null][tid:138][com.facebook.buck.util.versioncontrol.DelegatingVersionControlCmdLineInterface] Mercurial is the only VCS supported for VCS stats generation, however current project (which has enabled VCS stats generation in its .buckconfig) does not appear to be a Mercurial repository: 
com.facebook.buck.util.versioncontrol.VersionControlCommandFailedException: java.io.IOException: Cannot run program "hg" (in directory "/Users/remirobert/dev/Dog-project"): error=2, No such file or directory
[2017-12-22 14:15:02.283][debug][command:null][tid:138][com.facebook.buck.util.versioncontrol.DelegatingVersionControlCmdLineInterface] Using NoOpCmdLineInterface.
[2017-12-22 14:15:02.283][warn ][command:null][tid:138][com.facebook.buck.util.versioncontrol.VersionControlStatsGenerator] Skipping generation of version control stats as unsupported repository type.
[2017-12-22 14:15:02.283][debug][command:null][tid:138][com.facebook.buck.util.environment.MacNetworkConfiguration] Determine network service order and extract device names
[2017-12-22 14:15:02.284][debug][command:null][tid:138][com.facebook.buck.util.ListeningProcessExecutor] Launching process with params ProcessExecutorParams{command=[networksetup, -listnetworkserviceorder, ]}
[2017-12-22 14:15:02.291][debug][command:null][tid:138][com.facebook.buck.util.ListeningProcessExecutor] Successfully launched process com.zaxxer.nuprocess.osx.OsxProcess@53673adf
[2017-12-22 14:15:02.291][debug][command:fe16b675-5cf6-42e3-934a-022a1249536c][tid:120][com.facebook.buck.io.WatchmanTransportClient] Query [query, /Users/remirobert/dev/Dog-project, {since=c:1513586676:1188:9:181, expression=[not, [anyof, [type, d], [dirname, .idea], [dirname, .buckd], [dirname, buck-out/cache], [dirname, .git], [dirname, .hg], [dirname, buck-out/.trash], [dirname, buck-out], [match, **/*.pbxproj, wholename, {includedotfiles=true}], [match, **/*.xcscheme, wholename, {includedotfiles=true}], [match, **/*.xcworkspacedata, wholename, {includedotfiles=true}], [match, **/*~, wholename, {includedotfiles=true}], [match, **/#*#, wholename, {includedotfiles=true}], [match, **/.#*, wholename, {includedotfiles=true}], [match, **/*.swo, wholename, {includedotfiles=true}], [match, **/*.swp, wholename, {includedotfiles=true}], [match, **/*.swpx, wholename, {includedotfiles=true}], [match, **/*.un~, wholename, {includedotfiles=true}], [match, **/.netrhwist, wholename, {includedotfiles=true}], [match, .idea, wholename, {includedotfiles=true}], [match, .iml, wholename, {includedotfiles=true}], [match, **/*.pydevproject, wholename, {includedotfiles=true}], [match, .project, wholename, {includedotfiles=true}], [match, .metadata, wholename, {includedotfiles=true}], [match, **/*.tmp, wholename, {includedotfiles=true}], [match, **/*.bak, wholename, {includedotfiles=true}], [match, **/*~.nib, wholename, {includedotfiles=true}], [match, .classpath, wholename, {includedotfiles=true}], [match, .settings, wholename, {includedotfiles=true}], [match, .loadpath, wholename, {includedotfiles=true}], [match, .externalToolBuilders, wholename, {includedotfiles=true}], [match, .cproject, wholename, {includedotfiles=true}], [match, .buildpath, wholename, {includedotfiles=true}], [match, .DS_Store, wholename, {includedotfiles=true}], [match, .AppleDouble, wholename, {includedotfiles=true}], [match, .LSOverride, wholename, {includedotfiles=true}], [match, .Spotlight-V100, wholename, {includedotfiles=true}], [match, .Trashes, wholename, {includedotfiles=true}], [match, $RECYCLE.BIN, wholename, {includedotfiles=true}], [match, .*.sublime-workspace, wholename, {includedotfiles=true}]]], empty_on_fresh_instance=true, fields=[name, exists, new]}] returned in 18 ms
[2017-12-22 14:15:02.292][debug][command:fe16b675-5cf6-42e3-934a-022a1249536c][tid:120][com.facebook.buck.io.WatchmanWatcher] Updating Watchman Cursor from c:1513586676:1188:9:181 to c:1513586676:1188:9:214
[2017-12-22 14:15:02.292][warn ][command:fe16b675-5cf6-42e3-934a-022a1249536c][tid:120][com.facebook.buck.io.WatchmanWatcher] Posting WatchEvent: WatchmanPathEvent{cellPath=/Users/remirobert/dev/Dog-project, kind=MODIFY, path=BUCK}
[2017-12-22 14:15:02.292][debug][command:null][tid:138][com.facebook.buck.util.ListeningProcessExecutor] Waiting for process com.facebook.buck.util.ListeningProcessExecutor$LaunchedProcessImpl@5758b46b timeout 1000 MILLISECONDS
[2017-12-22 14:15:02.292][debug][command:fe16b675-5cf6-42e3-934a-022a1249536c][tid:120][com.facebook.buck.parser.DaemonicCellState] Invalidating target for path /Users/remirobert/dev/Dog-project/BUCK: //:appTests
[2017-12-22 14:15:02.292][debug][command:fe16b675-5cf6-42e3-934a-022a1249536c][tid:120][com.facebook.buck.parser.DaemonicCellState] Invalidating target for path /Users/remirobert/dev/Dog-project/BUCK: //:Assets
[2017-12-22 14:15:02.292][debug][command:fe16b675-5cf6-42e3-934a-022a1249536c][tid:120][com.facebook.buck.parser.DaemonicCellState] Invalidating target for path /Users/remirobert/dev/Dog-project/BUCK: //:app
[2017-12-22 14:15:02.292][debug][command:fe16b675-5cf6-42e3-934a-022a1249536c][tid:120][com.facebook.buck.parser.DaemonicCellState] Invalidating target for path /Users/remirobert/dev/Dog-project/BUCK: //:appResources
[2017-12-22 14:15:02.292][debug][command:fe16b675-5cf6-42e3-934a-022a1249536c][tid:120][com.facebook.buck.parser.DaemonicCellState] Invalidating target for path /Users/remirobert/dev/Dog-project/BUCK: //:appPackage
[2017-12-22 14:15:02.292][debug][command:fe16b675-5cf6-42e3-934a-022a1249536c][tid:120][com.facebook.buck.parser.DaemonicCellState] Invalidating target for path /Users/remirobert/dev/Dog-project/BUCK: //:appBinary
[2017-12-22 14:15:02.293][warn ][command:fe16b675-5cf6-42e3-934a-022a1249536c][tid:120][com.facebook.buck.io.WatchmanWatcher] Posting WatchEvent: WatchmanPathEvent{cellPath=/Users/remirobert/dev/Dog-project, kind=DELETE, path=BUCK.sb-4277fbf3-7PIWmk}
[2017-12-22 14:15:02.294][warn ][command:fe16b675-5cf6-42e3-934a-022a1249536c][tid:120][com.facebook.buck.io.WatchmanWatcher] Posting WatchEvent: WatchmanPathEvent{cellPath=/Users/remirobert/dev/Dog-project, kind=DELETE, path=app.xcodeproj/project.xcworkspace/xcuserdata/remirobert.xcuserdatad/.dat.nosynceaee.oCRtJe}
[2017-12-22 14:15:02.294][debug][command:fe16b675-5cf6-42e3-934a-022a1249536c][tid:139][com.facebook.buck.event.listener.SuperConsoleEventBusListener] Watchman notified about file deletion: WatchmanPathEvent{cellPath=/Users/remirobert/dev/Dog-project, kind=DELETE, path=BUCK.sb-4277fbf3-7PIWmk}
[2017-12-22 14:15:02.295][warn ][command:fe16b675-5cf6-42e3-934a-022a1249536c][tid:120][com.facebook.buck.io.WatchmanWatcher] Posting WatchEvent: WatchmanPathEvent{cellPath=/Users/remirobert/dev/Dog-project, kind=MODIFY, path=app.xcodeproj/project.xcworkspace/xcuserdata/remirobert.xcuserdatad/UserInterfaceState.xcuserstate}
[2017-12-22 14:15:02.295][debug][command:fe16b675-5cf6-42e3-934a-022a1249536c][tid:139][com.facebook.buck.event.listener.SuperConsoleEventBusListener] Watchman notified about file deletion: WatchmanPathEvent{cellPath=/Users/remirobert/dev/Dog-project, kind=DELETE, path=app.xcodeproj/project.xcworkspace/xcuserdata/remirobert.xcuserdatad/.dat.nosynceaee.oCRtJe}
[2017-12-22 14:15:02.295][debug][command:fe16b675-5cf6-42e3-934a-022a1249536c][tid:120][com.facebook.buck.io.WatchmanWatcher] Posted 4 Watchman events.
[2017-12-22 14:15:02.297][debug][command:fe16b675-5cf6-42e3-934a-022a1249536c][tid:120][com.facebook.buck.cli.TestCommand] Running with arguments [:app]
[2017-12-22 14:15:02.297][debug][command:fe16b675-5cf6-42e3-934a-022a1249536c][tid:120][com.facebook.buck.cli.TestCommand] Parsing graph for arguments [:app]
[2017-12-22 14:15:02.298][info ][command:fe16b675-5cf6-42e3-934a-022a1249536c][tid:139][com.facebook.buck.event.listener.LoggingBuildListener] Build started at 2017-12-22 14:15:02.297
[2017-12-22 14:15:02.299][debug][command:fe16b675-5cf6-42e3-934a-022a1249536c][tid:120][com.facebook.buck.apple.AppleCxxPlatforms] SDK AppleSdk{name=appletvos11.2, version=11.2, applePlatform=ApplePlatform{name=appletvos, provisioningProfileName=tvOS, architectures=[arm64], minVersionFlagPrefix=-mtvos-version-min=, appIncludesFrameworks=false}, architectures=[arm64], toolchains=[AppleToolchain{identifier=com.apple.dt.toolchain.XcodeDefault, path=/Applications/Xcode.app/Contents/Developer/Toolchains/XcodeDefault.xctoolchain}]} using default version 11.2
[2017-12-22 14:15:02.304][debug][command:fe16b675-5cf6-42e3-934a-022a1249536c][tid:120][com.facebook.buck.apple.AppleCxxPlatforms] Xcode build version is: 9C40b
[2017-12-22 14:15:02.310][debug][command:fe16b675-5cf6-42e3-934a-022a1249536c][tid:120][com.facebook.buck.apple.AppleCxxPlatforms] Apple toolchain path: /Applications/Xcode.app/Contents/Developer/Toolchains/XcodeDefault.xctoolchain
[2017-12-22 14:15:02.311][debug][command:fe16b675-5cf6-42e3-934a-022a1249536c][tid:120][com.facebook.buck.apple.AppleCxxPlatforms] Headers verification platform whitelist: [^\Q/Applications/Xcode.app/Contents/Developer/Platforms/AppleTVOS.platform/Developer/Library/Frameworks\E\/.*, ^\Q/Applications/Xcode.app/Contents/Developer/Platforms/AppleTVOS.platform/Developer/SDKs/AppleTVOS.sdk\E\/.*, ^\Q/Applications/Xcode.app/Contents/Developer/Toolchains/XcodeDefault.xctoolchain\E\/.*]
[2017-12-22 14:15:02.312][debug][command:fe16b675-5cf6-42e3-934a-022a1249536c][tid:120][com.facebook.buck.apple.AppleCxxPlatforms] SDK AppleSdk{name=iphoneos11.2, version=11.2, applePlatform=ApplePlatform{name=iphoneos, swiftName=ios, provisioningProfileName=iOS, architectures=[armv7, arm64], minVersionFlagPrefix=-mios-version-min=, stubBinaryPath=Library/Application Support/WatchKit/WK, appIncludesFrameworks=false}, architectures=[armv7, arm64], toolchains=[AppleToolchain{identifier=com.apple.dt.toolchain.XcodeDefault, path=/Applications/Xcode.app/Contents/Developer/Toolchains/XcodeDefault.xctoolchain}]} using default version 11.2
[2017-12-22 14:15:02.314][debug][command:fe16b675-5cf6-42e3-934a-022a1249536c][tid:120][com.facebook.buck.apple.AppleCxxPlatforms] Xcode build version is: 9C40b
[2017-12-22 14:15:02.322][debug][command:fe16b675-5cf6-42e3-934a-022a1249536c][tid:120][com.facebook.buck.apple.AppleCxxPlatforms] Apple toolchain path: /Applications/Xcode.app/Contents/Developer/Toolchains/XcodeDefault.xctoolchain
[2017-12-22 14:15:02.327][debug][command:fe16b675-5cf6-42e3-934a-022a1249536c][tid:120][com.facebook.buck.apple.AppleCxxPlatforms] Headers verification platform whitelist: [^\Q/Applications/Xcode.app/Contents/Developer/Platforms/iPhoneOS.platform/Developer/Library/Frameworks\E\/.*, ^\Q/Applications/Xcode.app/Contents/Developer/Platforms/iPhoneOS.platform/Developer/SDKs/iPhoneOS.sdk\E\/.*, ^\Q/Applications/Xcode.app/Contents/Developer/Toolchains/XcodeDefault.xctoolchain\E\/.*]
[2017-12-22 14:15:02.329][debug][command:fe16b675-5cf6-42e3-934a-022a1249536c][tid:120][com.facebook.buck.apple.AppleCxxPlatforms] Xcode build version is: 9C40b
[2017-12-22 14:15:02.335][debug][command:fe16b675-5cf6-42e3-934a-022a1249536c][tid:120][com.facebook.buck.apple.AppleCxxPlatforms] Apple toolchain path: /Applications/Xcode.app/Contents/Developer/Toolchains/XcodeDefault.xctoolchain
[2017-12-22 14:15:02.336][debug][command:fe16b675-5cf6-42e3-934a-022a1249536c][tid:120][com.facebook.buck.apple.AppleCxxPlatforms] Headers verification platform whitelist: [^\Q/Applications/Xcode.app/Contents/Developer/Platforms/iPhoneOS.platform/Developer/Library/Frameworks\E\/.*, ^\Q/Applications/Xcode.app/Contents/Developer/Platforms/iPhoneOS.platform/Developer/SDKs/iPhoneOS.sdk\E\/.*, ^\Q/Applications/Xcode.app/Contents/Developer/Toolchains/XcodeDefault.xctoolchain\E\/.*]
[2017-12-22 14:15:02.337][debug][command:fe16b675-5cf6-42e3-934a-022a1249536c][tid:120][com.facebook.buck.apple.AppleCxxPlatforms] SDK AppleSdk{name=watchos4.2, version=4.2, applePlatform=ApplePlatform{name=watchos, provisioningProfileName=iOS, architectures=[armv7k], minVersionFlagPrefix=-mwatchos-version-min=, stubBinaryPath=Library/Application Support/WatchKit/WK, appIncludesFrameworks=false}, architectures=[armv7k], toolchains=[AppleToolchain{identifier=com.apple.dt.toolchain.XcodeDefault, path=/Applications/Xcode.app/Contents/Developer/Toolchains/XcodeDefault.xctoolchain}]} using default version 4.2
[2017-12-22 14:15:02.338][debug][command:fe16b675-5cf6-42e3-934a-022a1249536c][tid:120][com.facebook.buck.apple.AppleCxxPlatforms] Xcode build version is: 9C40b
[2017-12-22 14:15:02.343][debug][command:fe16b675-5cf6-42e3-934a-022a1249536c][tid:120][com.facebook.buck.apple.AppleCxxPlatforms] Apple toolchain path: /Applications/Xcode.app/Contents/Developer/Toolchains/XcodeDefault.xctoolchain
[2017-12-22 14:15:02.344][debug][command:fe16b675-5cf6-42e3-934a-022a1249536c][tid:120][com.facebook.buck.apple.AppleCxxPlatforms] Headers verification platform whitelist: [^\Q/Applications/Xcode.app/Contents/Developer/Platforms/WatchOS.platform/Developer/Library/Frameworks\E\/.*, ^\Q/Applications/Xcode.app/Contents/Developer/Platforms/WatchOS.platform/Developer/SDKs/WatchOS.sdk\E\/.*, ^\Q/Applications/Xcode.app/Contents/Developer/Toolchains/XcodeDefault.xctoolchain\E\/.*]
[2017-12-22 14:15:02.345][debug][command:fe16b675-5cf6-42e3-934a-022a1249536c][tid:120][com.facebook.buck.apple.AppleCxxPlatforms] SDK AppleSdk{name=macosx10.13, version=10.13, applePlatform=ApplePlatform{name=macosx, architectures=[i386, x86_64], minVersionFlagPrefix=-mmacosx-version-min=, appIncludesFrameworks=true}, architectures=[i386, x86_64], toolchains=[AppleToolchain{identifier=com.apple.dt.toolchain.XcodeDefault, path=/Applications/Xcode.app/Contents/Developer/Toolchains/XcodeDefault.xctoolchain}]} using default version 10.13
[2017-12-22 14:15:02.347][debug][command:fe16b675-5cf6-42e3-934a-022a1249536c][tid:120][com.facebook.buck.apple.AppleCxxPlatforms] Xcode build version is: 9C40b
[2017-12-22 14:15:02.351][warn ][command:fe16b675-5cf6-42e3-934a-022a1249536c][tid:120][com.facebook.buck.apple.AppleCxxPlatforms] In /Applications/Xcode.app/Contents/Developer/Platforms/MacOSX.platform/version.plist, missing ProductBuildVersion. Build version will be unset for this platform.
[2017-12-22 14:15:02.351][debug][command:fe16b675-5cf6-42e3-934a-022a1249536c][tid:120][com.facebook.buck.apple.AppleCxxPlatforms] Apple toolchain path: /Applications/Xcode.app/Contents/Developer/Toolchains/XcodeDefault.xctoolchain
[2017-12-22 14:15:02.351][debug][command:fe16b675-5cf6-42e3-934a-022a1249536c][tid:120][com.facebook.buck.apple.AppleCxxPlatforms] Headers verification platform whitelist: [^\Q/Applications/Xcode.app/Contents/Developer/Platforms/MacOSX.platform/Developer/Library/Frameworks\E\/.*, ^\Q/Applications/Xcode.app/Contents/Developer/Platforms/MacOSX.platform/Developer/SDKs/MacOSX.sdk\E\/.*, ^\Q/Applications/Xcode.app/Contents/Developer/Toolchains/XcodeDefault.xctoolchain\E\/.*]
[2017-12-22 14:15:02.353][debug][command:fe16b675-5cf6-42e3-934a-022a1249536c][tid:120][com.facebook.buck.apple.AppleCxxPlatforms] Xcode build version is: 9C40b
[2017-12-22 14:15:02.356][warn ][command:fe16b675-5cf6-42e3-934a-022a1249536c][tid:120][com.facebook.buck.apple.AppleCxxPlatforms] In /Applications/Xcode.app/Contents/Developer/Platforms/MacOSX.platform/version.plist, missing ProductBuildVersion. Build version will be unset for this platform.
[2017-12-22 14:15:02.356][debug][command:fe16b675-5cf6-42e3-934a-022a1249536c][tid:120][com.facebook.buck.apple.AppleCxxPlatforms] Apple toolchain path: /Applications/Xcode.app/Contents/Developer/Toolchains/XcodeDefault.xctoolchain
[2017-12-22 14:15:02.356][debug][command:fe16b675-5cf6-42e3-934a-022a1249536c][tid:120][com.facebook.buck.apple.AppleCxxPlatforms] Headers verification platform whitelist: [^\Q/Applications/Xcode.app/Contents/Developer/Platforms/MacOSX.platform/Developer/Library/Frameworks\E\/.*, ^\Q/Applications/Xcode.app/Contents/Developer/Platforms/MacOSX.platform/Developer/SDKs/MacOSX.sdk\E\/.*, ^\Q/Applications/Xcode.app/Contents/Developer/Toolchains/XcodeDefault.xctoolchain\E\/.*]
[2017-12-22 14:15:02.357][debug][command:fe16b675-5cf6-42e3-934a-022a1249536c][tid:120][com.facebook.buck.apple.AppleCxxPlatforms] SDK AppleSdk{name=watchsimulator4.2, version=4.2, applePlatform=ApplePlatform{name=watchsimulator, architectures=[i386], minVersionFlagPrefix=-mwatchos-simulator-version-min=, stubBinaryPath=Library/Application Support/WatchKit/WK, appIncludesFrameworks=false}, architectures=[i386], toolchains=[AppleToolchain{identifier=com.apple.dt.toolchain.XcodeDefault, path=/Applications/Xcode.app/Contents/Developer/Toolchains/XcodeDefault.xctoolchain}]} using default version 4.2
[2017-12-22 14:15:02.360][debug][command:fe16b675-5cf6-42e3-934a-022a1249536c][tid:120][com.facebook.buck.apple.AppleCxxPlatforms] Xcode build version is: 9C40b
[2017-12-22 14:15:02.363][debug][command:fe16b675-5cf6-42e3-934a-022a1249536c][tid:120][com.facebook.buck.apple.AppleCxxPlatforms] Apple toolchain path: /Applications/Xcode.app/Contents/Developer/Toolchains/XcodeDefault.xctoolchain
[2017-12-22 14:15:02.364][debug][command:fe16b675-5cf6-42e3-934a-022a1249536c][tid:120][com.facebook.buck.apple.AppleCxxPlatforms] Headers verification platform whitelist: [^\Q/Applications/Xcode.app/Contents/Developer/Platforms/WatchSimulator.platform/Developer/Library/Frameworks\E\/.*, ^\Q/Applications/Xcode.app/Contents/Developer/Platforms/WatchSimulator.platform/Developer/SDKs/WatchSimulator.sdk\E\/.*, ^\Q/Applications/Xcode.app/Contents/Developer/Toolchains/XcodeDefault.xctoolchain\E\/.*]
[2017-12-22 14:15:02.365][debug][command:fe16b675-5cf6-42e3-934a-022a1249536c][tid:120][com.facebook.buck.apple.AppleCxxPlatforms] SDK AppleSdk{name=appletvsimulator11.2, version=11.2, applePlatform=ApplePlatform{name=appletvsimulator, swiftName=tvos, architectures=[x86_64], minVersionFlagPrefix=-mtvos-simulator-version-min=, appIncludesFrameworks=false}, architectures=[x86_64], toolchains=[AppleToolchain{identifier=com.apple.dt.toolchain.XcodeDefault, path=/Applications/Xcode.app/Contents/Developer/Toolchains/XcodeDefault.xctoolchain}]} using default version 11.2
[2017-12-22 14:15:02.366][debug][command:fe16b675-5cf6-42e3-934a-022a1249536c][tid:120][com.facebook.buck.apple.AppleCxxPlatforms] Xcode build version is: 9C40b
[2017-12-22 14:15:02.368][warn ][command:fe16b675-5cf6-42e3-934a-022a1249536c][tid:120][com.facebook.buck.apple.AppleCxxPlatforms] /Applications/Xcode.app/Contents/Developer/Platforms/AppleTVSimulator.platform/version.plist does not exist. Build version will be unset for this platform.
[2017-12-22 14:15:02.368][debug][command:fe16b675-5cf6-42e3-934a-022a1249536c][tid:120][com.facebook.buck.apple.AppleCxxPlatforms] Apple toolchain path: /Applications/Xcode.app/Contents/Developer/Toolchains/XcodeDefault.xctoolchain
[2017-12-22 14:15:02.369][debug][command:fe16b675-5cf6-42e3-934a-022a1249536c][tid:120][com.facebook.buck.apple.AppleCxxPlatforms] Headers verification platform whitelist: [^\Q/Applications/Xcode.app/Contents/Developer/Platforms/AppleTVSimulator.platform/Developer/Library/Frameworks\E\/.*, ^\Q/Applications/Xcode.app/Contents/Developer/Platforms/AppleTVSimulator.platform/Developer/SDKs/AppleTVSimulator.sdk\E\/.*, ^\Q/Applications/Xcode.app/Contents/Developer/Toolchains/XcodeDefault.xctoolchain\E\/.*]
[2017-12-22 14:15:02.370][debug][command:fe16b675-5cf6-42e3-934a-022a1249536c][tid:120][com.facebook.buck.apple.AppleCxxPlatforms] SDK AppleSdk{name=iphonesimulator11.2, version=11.2, applePlatform=ApplePlatform{name=iphonesimulator, swiftName=ios, architectures=[i386, x86_64], minVersionFlagPrefix=-mios-simulator-version-min=, stubBinaryPath=Library/Application Support/WatchKit/WK, appIncludesFrameworks=false}, architectures=[i386, x86_64], toolchains=[AppleToolchain{identifier=com.apple.dt.toolchain.XcodeDefault, path=/Applications/Xcode.app/Contents/Developer/Toolchains/XcodeDefault.xctoolchain}]} using default version 11.2
[2017-12-22 14:15:02.372][debug][command:fe16b675-5cf6-42e3-934a-022a1249536c][tid:120][com.facebook.buck.apple.AppleCxxPlatforms] Xcode build version is: 9C40b
[2017-12-22 14:15:02.373][warn ][command:fe16b675-5cf6-42e3-934a-022a1249536c][tid:120][com.facebook.buck.apple.AppleCxxPlatforms] /Applications/Xcode.app/Contents/Developer/Platforms/iPhoneSimulator.platform/version.plist does not exist. Build version will be unset for this platform.
[2017-12-22 14:15:02.374][debug][command:fe16b675-5cf6-42e3-934a-022a1249536c][tid:120][com.facebook.buck.apple.AppleCxxPlatforms] Apple toolchain path: /Applications/Xcode.app/Contents/Developer/Toolchains/XcodeDefault.xctoolchain
[2017-12-22 14:15:02.374][debug][command:fe16b675-5cf6-42e3-934a-022a1249536c][tid:120][com.facebook.buck.apple.AppleCxxPlatforms] Headers verification platform whitelist: [^\Q/Applications/Xcode.app/Contents/Developer/Platforms/iPhoneSimulator.platform/Developer/Library/Frameworks\E\/.*, ^\Q/Applications/Xcode.app/Contents/Developer/Platforms/iPhoneSimulator.platform/Developer/SDKs/iPhoneSimulator.sdk\E\/.*, ^\Q/Applications/Xcode.app/Contents/Developer/Toolchains/XcodeDefault.xctoolchain\E\/.*]
[2017-12-22 14:15:02.380][debug][command:null][tid:138][com.facebook.buck.util.ListeningProcessExecutor] Wait for process returned 0
[2017-12-22 14:15:02.380][debug][command:null][tid:138][com.facebook.buck.util.ListeningProcessExecutor] Destroying process com.facebook.buck.util.ListeningProcessExecutor$LaunchedProcessImpl@5758b46b (force true)
[2017-12-22 14:15:02.380][debug][command:null][tid:138][com.facebook.buck.util.environment.MacNetworkConfiguration] Determine active state of media for device
[2017-12-22 14:15:02.381][debug][command:null][tid:138][com.facebook.buck.util.ListeningProcessExecutor] Launching process with params ProcessExecutorParams{command=[networksetup, -getMedia, usbmodem1441]}
[2017-12-22 14:15:02.384][debug][command:fe16b675-5cf6-42e3-934a-022a1249536c][tid:120][com.facebook.buck.apple.AppleCxxPlatforms] Xcode build version is: 9C40b
[2017-12-22 14:15:02.386][warn ][command:fe16b675-5cf6-42e3-934a-022a1249536c][tid:120][com.facebook.buck.apple.AppleCxxPlatforms] /Applications/Xcode.app/Contents/Developer/Platforms/iPhoneSimulator.platform/version.plist does not exist. Build version will be unset for this platform.
[2017-12-22 14:15:02.387][debug][command:fe16b675-5cf6-42e3-934a-022a1249536c][tid:120][com.facebook.buck.apple.AppleCxxPlatforms] Apple toolchain path: /Applications/Xcode.app/Contents/Developer/Toolchains/XcodeDefault.xctoolchain
[2017-12-22 14:15:02.387][debug][command:fe16b675-5cf6-42e3-934a-022a1249536c][tid:120][com.facebook.buck.apple.AppleCxxPlatforms] Headers verification platform whitelist: [^\Q/Applications/Xcode.app/Contents/Developer/Platforms/iPhoneSimulator.platform/Developer/Library/Frameworks\E\/.*, ^\Q/Applications/Xcode.app/Contents/Developer/Platforms/iPhoneSimulator.platform/Developer/SDKs/iPhoneSimulator.sdk\E\/.*, ^\Q/Applications/Xcode.app/Contents/Developer/Toolchains/XcodeDefault.xctoolchain\E\/.*]
[2017-12-22 14:15:02.388][debug][command:fe16b675-5cf6-42e3-934a-022a1249536c][tid:120][com.facebook.buck.apple.AppleCxxPlatforms] SDK AppleSdk{name=appletvos, version=11.2, applePlatform=ApplePlatform{name=appletvos, provisioningProfileName=tvOS, architectures=[arm64], minVersionFlagPrefix=-mtvos-version-min=, appIncludesFrameworks=false}, architectures=[arm64], toolchains=[AppleToolchain{identifier=com.apple.dt.toolchain.XcodeDefault, path=/Applications/Xcode.app/Contents/Developer/Toolchains/XcodeDefault.xctoolchain}]} using default version 11.2
[2017-12-22 14:15:02.389][debug][command:null][tid:138][com.facebook.buck.util.ListeningProcessExecutor] Successfully launched process com.zaxxer.nuprocess.osx.OsxProcess@125a30e4
[2017-12-22 14:15:02.389][debug][command:null][tid:138][com.facebook.buck.util.ListeningProcessExecutor] Waiting for process com.facebook.buck.util.ListeningProcessExecutor$LaunchedProcessImpl@49d96db3 timeout 1000 MILLISECONDS
[2017-12-22 14:15:02.390][debug][command:fe16b675-5cf6-42e3-934a-022a1249536c][tid:120][com.facebook.buck.apple.AppleCxxPlatforms] Xcode build version is: 9C40b
[2017-12-22 14:15:02.394][debug][command:fe16b675-5cf6-42e3-934a-022a1249536c][tid:120][com.facebook.buck.apple.AppleCxxPlatforms] Apple toolchain path: /Applications/Xcode.app/Contents/Developer/Toolchains/XcodeDefault.xctoolchain
[2017-12-22 14:15:02.394][debug][command:fe16b675-5cf6-42e3-934a-022a1249536c][tid:120][com.facebook.buck.apple.AppleCxxPlatforms] Headers verification platform whitelist: [^\Q/Applications/Xcode.app/Contents/Developer/Platforms/AppleTVOS.platform/Developer/Library/Frameworks\E\/.*, ^\Q/Applications/Xcode.app/Contents/Developer/Platforms/AppleTVOS.platform/Developer/SDKs/AppleTVOS.sdk\E\/.*, ^\Q/Applications/Xcode.app/Contents/Developer/Toolchains/XcodeDefault.xctoolchain\E\/.*]
[2017-12-22 14:15:02.395][debug][command:fe16b675-5cf6-42e3-934a-022a1249536c][tid:120][com.facebook.buck.apple.AppleCxxPlatforms] SDK AppleSdk{name=appletvsimulator, version=11.2, applePlatform=ApplePlatform{name=appletvsimulator, swiftName=tvos, architectures=[x86_64], minVersionFlagPrefix=-mtvos-simulator-version-min=, appIncludesFrameworks=false}, architectures=[x86_64], toolchains=[AppleToolchain{identifier=com.apple.dt.toolchain.XcodeDefault, path=/Applications/Xcode.app/Contents/Developer/Toolchains/XcodeDefault.xctoolchain}]} using default version 11.2
[2017-12-22 14:15:02.397][debug][command:fe16b675-5cf6-42e3-934a-022a1249536c][tid:120][com.facebook.buck.apple.AppleCxxPlatforms] Xcode build version is: 9C40b
[2017-12-22 14:15:02.398][warn ][command:fe16b675-5cf6-42e3-934a-022a1249536c][tid:120][com.facebook.buck.apple.AppleCxxPlatforms] /Applications/Xcode.app/Contents/Developer/Platforms/AppleTVSimulator.platform/version.plist does not exist. Build version will be unset for this platform.
[2017-12-22 14:15:02.398][debug][command:fe16b675-5cf6-42e3-934a-022a1249536c][tid:120][com.facebook.buck.apple.AppleCxxPlatforms] Apple toolchain path: /Applications/Xcode.app/Contents/Developer/Toolchains/XcodeDefault.xctoolchain
[2017-12-22 14:15:02.399][debug][command:fe16b675-5cf6-42e3-934a-022a1249536c][tid:120][com.facebook.buck.apple.AppleCxxPlatforms] Headers verification platform whitelist: [^\Q/Applications/Xcode.app/Contents/Developer/Platforms/AppleTVSimulator.platform/Developer/Library/Frameworks\E\/.*, ^\Q/Applications/Xcode.app/Contents/Developer/Platforms/AppleTVSimulator.platform/Developer/SDKs/AppleTVSimulator.sdk\E\/.*, ^\Q/Applications/Xcode.app/Contents/Developer/Toolchains/XcodeDefault.xctoolchain\E\/.*]
[2017-12-22 14:15:02.400][debug][command:fe16b675-5cf6-42e3-934a-022a1249536c][tid:120][com.facebook.buck.apple.AppleCxxPlatforms] SDK AppleSdk{name=iphoneos, version=11.2, applePlatform=ApplePlatform{name=iphoneos, swiftName=ios, provisioningProfileName=iOS, architectures=[armv7, arm64], minVersionFlagPrefix=-mios-version-min=, stubBinaryPath=Library/Application Support/WatchKit/WK, appIncludesFrameworks=false}, architectures=[armv7, arm64], toolchains=[AppleToolchain{identifier=com.apple.dt.toolchain.XcodeDefault, path=/Applications/Xcode.app/Contents/Developer/Toolchains/XcodeDefault.xctoolchain}]} using default version 11.2
[2017-12-22 14:15:02.401][debug][command:fe16b675-5cf6-42e3-934a-022a1249536c][tid:120][com.facebook.buck.apple.AppleCxxPlatforms] Xcode build version is: 9C40b
[2017-12-22 14:15:02.406][debug][command:fe16b675-5cf6-42e3-934a-022a1249536c][tid:120][com.facebook.buck.apple.AppleCxxPlatforms] Apple toolchain path: /Applications/Xcode.app/Contents/Developer/Toolchains/XcodeDefault.xctoolchain
[2017-12-22 14:15:02.407][debug][command:fe16b675-5cf6-42e3-934a-022a1249536c][tid:120][com.facebook.buck.apple.AppleCxxPlatforms] Headers verification platform whitelist: [^\Q/Applications/Xcode.app/Contents/Developer/Platforms/iPhoneOS.platform/Developer/Library/Frameworks\E\/.*, ^\Q/Applications/Xcode.app/Contents/Developer/Platforms/iPhoneOS.platform/Developer/SDKs/iPhoneOS.sdk\E\/.*, ^\Q/Applications/Xcode.app/Contents/Developer/Toolchains/XcodeDefault.xctoolchain\E\/.*]
[2017-12-22 14:15:02.420][debug][command:fe16b675-5cf6-42e3-934a-022a1249536c][tid:120][com.facebook.buck.apple.AppleCxxPlatforms] Xcode build version is: 9C40b
[2017-12-22 14:15:02.425][debug][command:fe16b675-5cf6-42e3-934a-022a1249536c][tid:120][com.facebook.buck.apple.AppleCxxPlatforms] Apple toolchain path: /Applications/Xcode.app/Contents/Developer/Toolchains/XcodeDefault.xctoolchain
[2017-12-22 14:15:02.429][debug][command:fe16b675-5cf6-42e3-934a-022a1249536c][tid:120][com.facebook.buck.apple.AppleCxxPlatforms] Headers verification platform whitelist: [^\Q/Applications/Xcode.app/Contents/Developer/Platforms/iPhoneOS.platform/Developer/Library/Frameworks\E\/.*, ^\Q/Applications/Xcode.app/Contents/Developer/Platforms/iPhoneOS.platform/Developer/SDKs/iPhoneOS.sdk\E\/.*, ^\Q/Applications/Xcode.app/Contents/Developer/Toolchains/XcodeDefault.xctoolchain\E\/.*]
[2017-12-22 14:15:02.430][debug][command:fe16b675-5cf6-42e3-934a-022a1249536c][tid:120][com.facebook.buck.apple.AppleCxxPlatforms] SDK AppleSdk{name=iphonesimulator, version=11.2, applePlatform=ApplePlatform{name=iphonesimulator, swiftName=ios, architectures=[i386, x86_64], minVersionFlagPrefix=-mios-simulator-version-min=, stubBinaryPath=Library/Application Support/WatchKit/WK, appIncludesFrameworks=false}, architectures=[i386, x86_64], toolchains=[AppleToolchain{identifier=com.apple.dt.toolchain.XcodeDefault, path=/Applications/Xcode.app/Contents/Developer/Toolchains/XcodeDefault.xctoolchain}]} using default version 11.2
[2017-12-22 14:15:02.431][debug][command:fe16b675-5cf6-42e3-934a-022a1249536c][tid:120][com.facebook.buck.apple.AppleCxxPlatforms] Xcode build version is: 9C40b
[2017-12-22 14:15:02.445][warn ][command:fe16b675-5cf6-42e3-934a-022a1249536c][tid:120][com.facebook.buck.apple.AppleCxxPlatforms] /Applications/Xcode.app/Contents/Developer/Platforms/iPhoneSimulator.platform/version.plist does not exist. Build version will be unset for this platform.
[2017-12-22 14:15:02.446][debug][command:fe16b675-5cf6-42e3-934a-022a1249536c][tid:120][com.facebook.buck.apple.AppleCxxPlatforms] Apple toolchain path: /Applications/Xcode.app/Contents/Developer/Toolchains/XcodeDefault.xctoolchain
[2017-12-22 14:15:02.446][debug][command:fe16b675-5cf6-42e3-934a-022a1249536c][tid:120][com.facebook.buck.apple.AppleCxxPlatforms] Headers verification platform whitelist: [^\Q/Applications/Xcode.app/Contents/Developer/Platforms/iPhoneSimulator.platform/Developer/Library/Frameworks\E\/.*, ^\Q/Applications/Xcode.app/Contents/Developer/Platforms/iPhoneSimulator.platform/Developer/SDKs/iPhoneSimulator.sdk\E\/.*, ^\Q/Applications/Xcode.app/Contents/Developer/Toolchains/XcodeDefault.xctoolchain\E\/.*]
[2017-12-22 14:15:02.449][debug][command:fe16b675-5cf6-42e3-934a-022a1249536c][tid:120][com.facebook.buck.apple.AppleCxxPlatforms] Xcode build version is: 9C40b
[2017-12-22 14:15:02.455][debug][command:null][tid:138][com.facebook.buck.util.ListeningProcessExecutor] Wait for process returned 4
[2017-12-22 14:15:02.455][debug][command:null][tid:138][com.facebook.buck.util.ListeningProcessExecutor] Destroying process com.facebook.buck.util.ListeningProcessExecutor$LaunchedProcessImpl@49d96db3 (force true)
[2017-12-22 14:15:02.455][debug][command:null][tid:138][com.facebook.buck.util.environment.MacNetworkConfiguration] Determine active state of media for device
[2017-12-22 14:15:02.455][debug][command:null][tid:138][com.facebook.buck.util.ListeningProcessExecutor] Launching process with params ProcessExecutorParams{command=[networksetup, -getMedia, usbmodem1431]}
[2017-12-22 14:15:02.456][warn ][command:fe16b675-5cf6-42e3-934a-022a1249536c][tid:120][com.facebook.buck.apple.AppleCxxPlatforms] /Applications/Xcode.app/Contents/Developer/Platforms/iPhoneSimulator.platform/version.plist does not exist. Build version will be unset for this platform.
[2017-12-22 14:15:02.456][debug][command:fe16b675-5cf6-42e3-934a-022a1249536c][tid:120][com.facebook.buck.apple.AppleCxxPlatforms] Apple toolchain path: /Applications/Xcode.app/Contents/Developer/Toolchains/XcodeDefault.xctoolchain
[2017-12-22 14:15:02.457][debug][command:fe16b675-5cf6-42e3-934a-022a1249536c][tid:120][com.facebook.buck.apple.AppleCxxPlatforms] Headers verification platform whitelist: [^\Q/Applications/Xcode.app/Contents/Developer/Platforms/iPhoneSimulator.platform/Developer/Library/Frameworks\E\/.*, ^\Q/Applications/Xcode.app/Contents/Developer/Platforms/iPhoneSimulator.platform/Developer/SDKs/iPhoneSimulator.sdk\E\/.*, ^\Q/Applications/Xcode.app/Contents/Developer/Toolchains/XcodeDefault.xctoolchain\E\/.*]
[2017-12-22 14:15:02.458][debug][command:fe16b675-5cf6-42e3-934a-022a1249536c][tid:120][com.facebook.buck.apple.AppleCxxPlatforms] SDK AppleSdk{name=macosx, version=10.13, applePlatform=ApplePlatform{name=macosx, architectures=[i386, x86_64], minVersionFlagPrefix=-mmacosx-version-min=, appIncludesFrameworks=true}, architectures=[i386, x86_64], toolchains=[AppleToolchain{identifier=com.apple.dt.toolchain.XcodeDefault, path=/Applications/Xcode.app/Contents/Developer/Toolchains/XcodeDefault.xctoolchain}]} using default version 10.13
[2017-12-22 14:15:02.461][debug][command:fe16b675-5cf6-42e3-934a-022a1249536c][tid:120][com.facebook.buck.apple.AppleCxxPlatforms] Xcode build version is: 9C40b
[2017-12-22 14:15:02.465][debug][command:null][tid:138][com.facebook.buck.util.ListeningProcessExecutor] Successfully launched process com.zaxxer.nuprocess.osx.OsxProcess@23020795
[2017-12-22 14:15:02.466][debug][command:null][tid:138][com.facebook.buck.util.ListeningProcessExecutor] Waiting for process com.facebook.buck.util.ListeningProcessExecutor$LaunchedProcessImpl@316b0472 timeout 1000 MILLISECONDS
[2017-12-22 14:15:02.468][warn ][command:fe16b675-5cf6-42e3-934a-022a1249536c][tid:120][com.facebook.buck.apple.AppleCxxPlatforms] In /Applications/Xcode.app/Contents/Developer/Platforms/MacOSX.platform/version.plist, missing ProductBuildVersion. Build version will be unset for this platform.
[2017-12-22 14:15:02.468][debug][command:fe16b675-5cf6-42e3-934a-022a1249536c][tid:120][com.facebook.buck.apple.AppleCxxPlatforms] Apple toolchain path: /Applications/Xcode.app/Contents/Developer/Toolchains/XcodeDefault.xctoolchain
[2017-12-22 14:15:02.469][debug][command:fe16b675-5cf6-42e3-934a-022a1249536c][tid:120][com.facebook.buck.apple.AppleCxxPlatforms] Headers verification platform whitelist: [^\Q/Applications/Xcode.app/Contents/Developer/Platforms/MacOSX.platform/Developer/Library/Frameworks\E\/.*, ^\Q/Applications/Xcode.app/Contents/Developer/Platforms/MacOSX.platform/Developer/SDKs/MacOSX.sdk\E\/.*, ^\Q/Applications/Xcode.app/Contents/Developer/Toolchains/XcodeDefault.xctoolchain\E\/.*]
[2017-12-22 14:15:02.472][debug][command:fe16b675-5cf6-42e3-934a-022a1249536c][tid:120][com.facebook.buck.apple.AppleCxxPlatforms] Xcode build version is: 9C40b
[2017-12-22 14:15:02.475][warn ][command:fe16b675-5cf6-42e3-934a-022a1249536c][tid:120][com.facebook.buck.apple.AppleCxxPlatforms] In /Applications/Xcode.app/Contents/Developer/Platforms/MacOSX.platform/version.plist, missing ProductBuildVersion. Build version will be unset for this platform.
[2017-12-22 14:15:02.475][debug][command:fe16b675-5cf6-42e3-934a-022a1249536c][tid:120][com.facebook.buck.apple.AppleCxxPlatforms] Apple toolchain path: /Applications/Xcode.app/Contents/Developer/Toolchains/XcodeDefault.xctoolchain
[2017-12-22 14:15:02.476][debug][command:fe16b675-5cf6-42e3-934a-022a1249536c][tid:120][com.facebook.buck.apple.AppleCxxPlatforms] Headers verification platform whitelist: [^\Q/Applications/Xcode.app/Contents/Developer/Platforms/MacOSX.platform/Developer/Library/Frameworks\E\/.*, ^\Q/Applications/Xcode.app/Contents/Developer/Platforms/MacOSX.platform/Developer/SDKs/MacOSX.sdk\E\/.*, ^\Q/Applications/Xcode.app/Contents/Developer/Toolchains/XcodeDefault.xctoolchain\E\/.*]
[2017-12-22 14:15:02.476][debug][command:fe16b675-5cf6-42e3-934a-022a1249536c][tid:120][com.facebook.buck.apple.AppleCxxPlatforms] SDK AppleSdk{name=watchos, version=4.2, applePlatform=ApplePlatform{name=watchos, provisioningProfileName=iOS, architectures=[armv7k], minVersionFlagPrefix=-mwatchos-version-min=, stubBinaryPath=Library/Application Support/WatchKit/WK, appIncludesFrameworks=false}, architectures=[armv7k], toolchains=[AppleToolchain{identifier=com.apple.dt.toolchain.XcodeDefault, path=/Applications/Xcode.app/Contents/Developer/Toolchains/XcodeDefault.xctoolchain}]} using default version 4.2
[2017-12-22 14:15:02.478][debug][command:fe16b675-5cf6-42e3-934a-022a1249536c][tid:120][com.facebook.buck.apple.AppleCxxPlatforms] Xcode build version is: 9C40b
[2017-12-22 14:15:02.482][debug][command:fe16b675-5cf6-42e3-934a-022a1249536c][tid:120][com.facebook.buck.apple.AppleCxxPlatforms] Apple toolchain path: /Applications/Xcode.app/Contents/Developer/Toolchains/XcodeDefault.xctoolchain
[2017-12-22 14:15:02.482][debug][command:fe16b675-5cf6-42e3-934a-022a1249536c][tid:120][com.facebook.buck.apple.AppleCxxPlatforms] Headers verification platform whitelist: [^\Q/Applications/Xcode.app/Contents/Developer/Platforms/WatchOS.platform/Developer/Library/Frameworks\E\/.*, ^\Q/Applications/Xcode.app/Contents/Developer/Platforms/WatchOS.platform/Developer/SDKs/WatchOS.sdk\E\/.*, ^\Q/Applications/Xcode.app/Contents/Developer/Toolchains/XcodeDefault.xctoolchain\E\/.*]
[2017-12-22 14:15:02.489][debug][command:fe16b675-5cf6-42e3-934a-022a1249536c][tid:120][com.facebook.buck.apple.AppleCxxPlatforms] SDK AppleSdk{name=watchsimulator, version=4.2, applePlatform=ApplePlatform{name=watchsimulator, architectures=[i386], minVersionFlagPrefix=-mwatchos-simulator-version-min=, stubBinaryPath=Library/Application Support/WatchKit/WK, appIncludesFrameworks=false}, architectures=[i386], toolchains=[AppleToolchain{identifier=com.apple.dt.toolchain.XcodeDefault, path=/Applications/Xcode.app/Contents/Developer/Toolchains/XcodeDefault.xctoolchain}]} using default version 4.2
[2017-12-22 14:15:02.492][debug][command:fe16b675-5cf6-42e3-934a-022a1249536c][tid:120][com.facebook.buck.apple.AppleCxxPlatforms] Xcode build version is: 9C40b
[2017-12-22 14:15:02.495][debug][command:fe16b675-5cf6-42e3-934a-022a1249536c][tid:120][com.facebook.buck.apple.AppleCxxPlatforms] Apple toolchain path: /Applications/Xcode.app/Contents/Developer/Toolchains/XcodeDefault.xctoolchain
[2017-12-22 14:15:02.495][debug][command:fe16b675-5cf6-42e3-934a-022a1249536c][tid:120][com.facebook.buck.apple.AppleCxxPlatforms] Headers verification platform whitelist: [^\Q/Applications/Xcode.app/Contents/Developer/Platforms/WatchSimulator.platform/Developer/Library/Frameworks\E\/.*, ^\Q/Applications/Xcode.app/Contents/Developer/Platforms/WatchSimulator.platform/Developer/SDKs/WatchSimulator.sdk\E\/.*, ^\Q/Applications/Xcode.app/Contents/Developer/Toolchains/XcodeDefault.xctoolchain\E\/.*]
[2017-12-22 14:15:02.504][debug][command:fe16b675-5cf6-42e3-934a-022a1249536c][tid:120][com.facebook.buck.io.ExecutableFinder] Executable 'clang' mapped to 'Optional[/usr/bin/clang]'
[2017-12-22 14:15:02.506][debug][command:fe16b675-5cf6-42e3-934a-022a1249536c][tid:120][com.facebook.buck.io.ExecutableFinder] Executable 'clang++' mapped to 'Optional[/usr/bin/clang++]'
[2017-12-22 14:15:02.507][debug][command:fe16b675-5cf6-42e3-934a-022a1249536c][tid:120][com.facebook.buck.io.ExecutableFinder] Executable 'ar' mapped to 'Optional[/usr/bin/ar]'
[2017-12-22 14:15:02.510][debug][command:fe16b675-5cf6-42e3-934a-022a1249536c][tid:120][com.facebook.buck.io.ExecutableFinder] Executable 'strip' mapped to 'Optional[/usr/bin/strip]'
[2017-12-22 14:15:02.512][debug][command:fe16b675-5cf6-42e3-934a-022a1249536c][tid:120][com.facebook.buck.io.ExecutableFinder] Executable 'ranlib' mapped to 'Optional[/usr/bin/ranlib]'
[2017-12-22 14:15:02.516][debug][command:fe16b675-5cf6-42e3-934a-022a1249536c][tid:120][com.facebook.buck.io.ExecutableFinder] Executable 'nm' mapped to 'Optional[/usr/bin/nm]'
[2017-12-22 14:15:02.517][debug][command:fe16b675-5cf6-42e3-934a-022a1249536c][tid:120][com.facebook.buck.cxx.toolchain.CxxPlatforms] Using config default C++ platform CxxPlatform{flavor=iphonesimulator-x86_64, as=com.facebook.buck.cxx.toolchain.CompilerProvider@b06464b, asflags=[-isysroot, /Applications/Xcode.app/Contents/Developer/Platforms/iPhoneSimulator.platform/Developer/SDKs/iPhoneSimulator.sdk, -arch, x86_64, -mios-simulator-version-min=11.2, -iquote, /Users/remirobert/dev/Dog-project], aspp=com.facebook.buck.cxx.toolchain.PreprocessorProvider@501b7bd0, asppflags=[], cc=com.facebook.buck.cxx.toolchain.CompilerProvider@39568b6a, cflags=[-isysroot, /Applications/Xcode.app/Contents/Developer/Platforms/iPhoneSimulator.platform/Developer/SDKs/iPhoneSimulator.sdk, -arch, x86_64, -mios-simulator-version-min=11.2, -iquote, /Users/remirobert/dev/Dog-project, -std=gnu11], cxx=com.facebook.buck.cxx.toolchain.CompilerProvider@3abb9691, cxxflags=[-isysroot, /Applications/Xcode.app/Contents/Developer/Platforms/iPhoneSimulator.platform/Developer/SDKs/iPhoneSimulator.sdk, -arch, x86_64, -mios-simulator-version-min=11.2, -iquote, /Users/remirobert/dev/Dog-project, -std=c++14, -stdlib=libc++], cpp=com.facebook.buck.cxx.toolchain.PreprocessorProvider@336bb93, cppflags=[], cxxpp=com.facebook.buck.cxx.toolchain.PreprocessorProvider@8f895de, cxxppflags=[], cudappflags=[], cudaflags=[], asmppflags=[], asmflags=[], ld=com.facebook.buck.cxx.toolchain.linker.DefaultLinkerProvider@5785270, ldflags=[-isysroot, /Applications/Xcode.app/Contents/Developer/Platforms/iPhoneSimulator.platform/Developer/SDKs/iPhoneSimulator.sdk, -arch, x86_64, -mios-simulator-version-min=11.2, -iquote, /Users/remirobert/dev/Dog-project, -Wl,-sdk_version, -Wl,11.2, -Wl,-ObjC], runtimeLdflags={}, strip=VersionedTool{path=/Applications/Xcode.app/Contents/Developer/Toolchains/XcodeDefault.xctoolchain/usr/bin/strip, extraArgs=[], name=apple-strip, version=11.2:9C40b}, stripFlags=[], ar=com.facebook.buck.cxx.toolchain.ArchiverProvider$1@63914350, arflags=[], ranlib=com.facebook.buck.rules.ConstantToolProvider@554d9692, ranlibflags=[], symbolNameTool=com.facebook.buck.cxx.toolchain.LazyDelegatingSymbolNameTool@1957bf80, sharedLibraryExtension=dylib, sharedLibraryVersionedExtensionFormat=%s.dylib, staticLibraryExtension=a, objectFileExtension=o, compilerDebugPathSanitizer=com.facebook.buck.cxx.toolchain.PrefixMapDebugPathSanitizer@5e7b9508, assemblerDebugPathSanitizer=com.facebook.buck.cxx.toolchain.MungingDebugPathSanitizer@3799d654, headerVerification=HeaderVerification{mode=IGNORE, whitelist=[], platformWhitelist=[^\Q/Applications/Xcode.app/Contents/Developer/Platforms/iPhoneSimulator.platform/Developer/Library/Frameworks\E\/.*, ^\Q/Applications/Xcode.app/Contents/Developer/Platforms/iPhoneSimulator.platform/Developer/SDKs/iPhoneSimulator.sdk\E\/.*, ^\Q/Applications/Xcode.app/Contents/Developer/Toolchains/XcodeDefault.xctoolchain\E\/.*], whitelistPatterns=[^\Q/Applications/Xcode.app/Contents/Developer/Platforms/iPhoneSimulator.platform/Developer/Library/Frameworks\E\/.*, ^\Q/Applications/Xcode.app/Contents/Developer/Platforms/iPhoneSimulator.platform/Developer/SDKs/iPhoneSimulator.sdk\E\/.*, ^\Q/Applications/Xcode.app/Contents/Developer/Toolchains/XcodeDefault.xctoolchain\E\/.*]}, flagMacros={SDKROOT=/Applications/Xcode.app/Contents/Developer/Platforms/iPhoneSimulator.platform/Developer/SDKs/iPhoneSimulator.sdk, PLATFORM_DIR=/Applications/Xcode.app/Contents/Developer/Platforms/iPhoneSimulator.platform, CURRENT_ARCH=x86_64, DEVELOPER_DIR=/Applications/Xcode.app/Contents/Developer}, publicHeadersSymlinksEnabled=true, privateHeadersSymlinksEnabled=true}
[2017-12-22 14:15:02.518][debug][command:fe16b675-5cf6-42e3-934a-022a1249536c][tid:120][com.facebook.buck.io.ExecutableFinder] Executable 'python2' mapped to 'Optional[/usr/local/bin/python2]'
[2017-12-22 14:15:02.525][debug][command:null][tid:138][com.facebook.buck.util.ListeningProcessExecutor] Wait for process returned 4
[2017-12-22 14:15:02.525][debug][command:null][tid:138][com.facebook.buck.util.ListeningProcessExecutor] Destroying process com.facebook.buck.util.ListeningProcessExecutor$LaunchedProcessImpl@316b0472 (force true)
[2017-12-22 14:15:02.526][debug][command:null][tid:138][com.facebook.buck.util.environment.MacNetworkConfiguration] Determine active state of media for device
[2017-12-22 14:15:02.531][debug][command:null][tid:138][com.facebook.buck.util.ListeningProcessExecutor] Launching process with params ProcessExecutorParams{command=[networksetup, -getMedia, usbmodem14331]}
[2017-12-22 14:15:02.542][debug][command:null][tid:138][com.facebook.buck.util.ListeningProcessExecutor] Successfully launched process com.zaxxer.nuprocess.osx.OsxProcess@7275cfab
[2017-12-22 14:15:02.542][debug][command:null][tid:138][com.facebook.buck.util.ListeningProcessExecutor] Waiting for process com.facebook.buck.util.ListeningProcessExecutor$LaunchedProcessImpl@70c390a3 timeout 1000 MILLISECONDS
[2017-12-22 14:15:02.584][debug][command:fe16b675-5cf6-42e3-934a-022a1249536c][tid:120][com.facebook.buck.apple.ProvisioningProfileStore] Provisioning profile search path: /Users/remirobert/Library/MobileDevice/Provisioning Profiles
[2017-12-22 14:15:02.588][debug][command:null][tid:138][com.facebook.buck.util.ListeningProcessExecutor] Wait for process returned 4
[2017-12-22 14:15:02.588][debug][command:null][tid:138][com.facebook.buck.util.ListeningProcessExecutor] Destroying process com.facebook.buck.util.ListeningProcessExecutor$LaunchedProcessImpl@70c390a3 (force true)
[2017-12-22 14:15:02.588][debug][command:null][tid:138][com.facebook.buck.util.environment.MacNetworkConfiguration] Determine active state of media for device
[2017-12-22 14:15:02.588][debug][command:null][tid:138][com.facebook.buck.util.ListeningProcessExecutor] Launching process with params ProcessExecutorParams{command=[networksetup, -getMedia, lpss-serial1]}
[2017-12-22 14:15:02.597][debug][command:null][tid:138][com.facebook.buck.util.ListeningProcessExecutor] Successfully launched process com.zaxxer.nuprocess.osx.OsxProcess@434e1f81
[2017-12-22 14:15:02.597][debug][command:null][tid:138][com.facebook.buck.util.ListeningProcessExecutor] Waiting for process com.facebook.buck.util.ListeningProcessExecutor$LaunchedProcessImpl@2a6fcb0e timeout 1000 MILLISECONDS
[2017-12-22 14:15:02.597][debug][command:fe16b675-5cf6-42e3-934a-022a1249536c][tid:141][com.facebook.buck.io.ExecutableFinder] Executable 'python2' mapped to 'Optional[/usr/local/bin/python2]'
[2017-12-22 14:15:02.598][debug][command:fe16b675-5cf6-42e3-934a-022a1249536c][tid:141][com.facebook.buck.json.BuckPythonProgram] Writing python rules stub to /Users/remirobert/dev/Dog-project/.buckd/tmp/buck_run.On_K6F/buck_python_program66004282172353643.
[2017-12-22 14:15:02.612][debug][command:fe16b675-5cf6-42e3-934a-022a1249536c][tid:141][com.facebook.buck.json.BuckPythonProgram] Created temporary buck.py instance at /Users/remirobert/dev/Dog-project/.buckd/tmp/buck_run.On_K6F/buck_python_program66004282172353643.
[2017-12-22 14:15:02.614][debug][command:fe16b675-5cf6-42e3-934a-022a1249536c][tid:141][com.facebook.buck.json.PythonDslProjectBuildFileParser] Starting buck.py command: [/usr/local/bin/python2, -u, /Users/remirobert/dev/Dog-project/.buckd/tmp/buck_run.On_K6F/buck_python_program66004282172353643/__main__.py, --allow_empty_globs, --watchman_glob_stat_results, --watchman_use_glob_generator, --watchman_socket_path, /usr/local/var/run/watchman/remirobert-state/sock, --project_root, /Users/remirobert/dev/Dog-project, --cell_name, , --build_file_name, BUCK, --quiet, --config, /Users/remirobert/dev/Dog-project/.buckd/tmp/buck_run.On_K6F/raw_config5276572838440371973.json, --ignore_paths, /Users/remirobert/dev/Dog-project/.buckd/tmp/buck_run.On_K6F/ignore_paths7077859132143206057.json] environment: Optional[{TERM_SESSION_ID=w0t0p0:EE64A840-2578-458D-BE97-3AC358615841, SSH_AUTH_SOCK=/private/tmp/com.apple.launchd.TBrwwWW0Rh/Listeners, NAILGUN_FILESEPARATOR=/, NAILGUN_TTY_2=1, NAILGUN_TTY_1=1, PATH=/Users/remirobert/.nvm/versions/node/v6.11.4/bin:/Users/remirobert/.cargo/bin:/usr/local/bin:/usr/bin:/bin:/usr/sbin:/sbin:/usr/local/go/bin://Users/remirobert/go/bin, GOPATH=/Users/remirobert/go, NAILGUN_TTY_0=1, LC_CTYPE=UTF-8, LOGNAME=remirobert, COLORTERM=truecolor, SHLVL=1, ITERM_SESSION_ID=w0t0p0:EE64A840-2578-458D-BE97-3AC358615841, PAGER=less, TERM_PROGRAM=iTerm.app, BUCK_CLASSPATH=/Users/remirobert/dev/Dog-project/.buckd/resources/v2017.11.16.01/buck_server, NVM_BIN=/Users/remirobert/.nvm/versions/node/v6.11.4/bin, LESS=-R, SHELL=/bin/zsh, BUCK_PYTHON_SPACE_INIT_TIME=21, COMMAND_MODE=unix2003, BUCK_TTY=1, SECURITYSESSIONID=186a8, XPC_FLAGS=0x0, BUCK_TERM_COLUMNS=238, __CF_USER_TEXT_ENCODING=0x1F5:0x0:0x0, LANG=en_US.UTF-8, ITERM_PROFILE=Default, COLORFGBG=7;0, LSCOLORS=Gxfxcxdxbxegedabagacad, OLDPWD=/Users/remirobert/dev, HOME=/Users/remirobert, TMPDIR=/var/folders/lh/n146krrx0fb8mcsklb88c5540000gn/T/, XPC_SERVICE_NAME=0, PWD=/Users/remirobert/dev/Dog-project, TERM_PROGRAM_VERSION=3.1.5, ZSH=/Users/remirobert/.oh-my-zsh, LC_ALL=en_US.UTF-8, NAILGUN_PATHSEPARATOR=:, USER=remirobert, Apple_PubSub_Socket_Render=/private/tmp/com.apple.launchd.zKe0LZA76i/Render, TERM=xterm-256color, CLASSPATH=/Users/remirobert/dev/Dog-project/.buckd/resources/v2017.11.16.01/bootstrapper_jar, NVM_DIR=/Users/remirobert/.nvm, NVM_CD_FLAGS=-q, BUCK_BUILD_ID=fe16b675-5cf6-42e3-934a-022a1249536c, _=/usr/local/bin/buck}]
[2017-12-22 14:15:02.621][debug][command:fe16b675-5cf6-42e3-934a-022a1249536c][tid:141][com.facebook.buck.json.PythonDslProjectBuildFileParser] Started process com.facebook.buck.util.ProcessExecutor$LaunchedProcessImpl@3ccd37bc successfully
[2017-12-22 14:15:02.646][debug][command:null][tid:138][com.facebook.buck.util.ListeningProcessExecutor] Wait for process returned 4
[2017-12-22 14:15:02.646][debug][command:null][tid:138][com.facebook.buck.util.ListeningProcessExecutor] Destroying process com.facebook.buck.util.ListeningProcessExecutor$LaunchedProcessImpl@2a6fcb0e (force true)
[2017-12-22 14:15:02.646][debug][command:null][tid:138][com.facebook.buck.util.environment.MacNetworkConfiguration] Determine active state of media for device
[2017-12-22 14:15:02.646][debug][command:null][tid:138][com.facebook.buck.util.ListeningProcessExecutor] Launching process with params ProcessExecutorParams{command=[networksetup, -getMedia, lpss-serial2]}
[2017-12-22 14:15:02.655][debug][command:null][tid:138][com.facebook.buck.util.ListeningProcessExecutor] Successfully launched process com.zaxxer.nuprocess.osx.OsxProcess@763b517f
[2017-12-22 14:15:02.656][debug][command:null][tid:138][com.facebook.buck.util.ListeningProcessExecutor] Waiting for process com.facebook.buck.util.ListeningProcessExecutor$LaunchedProcessImpl@1a919193 timeout 1000 MILLISECONDS
[2017-12-22 14:15:02.706][debug][command:null][tid:138][com.facebook.buck.util.ListeningProcessExecutor] Wait for process returned 4
[2017-12-22 14:15:02.706][debug][command:null][tid:138][com.facebook.buck.util.ListeningProcessExecutor] Destroying process com.facebook.buck.util.ListeningProcessExecutor$LaunchedProcessImpl@1a919193 (force true)
[2017-12-22 14:15:02.706][debug][command:null][tid:138][com.facebook.buck.util.environment.MacNetworkConfiguration] Determine active state of media for device
[2017-12-22 14:15:02.706][debug][command:null][tid:138][com.facebook.buck.util.ListeningProcessExecutor] Launching process with params ProcessExecutorParams{command=[networksetup, -getMedia, en8]}
[2017-12-22 14:15:02.708][debug][command:null][tid:138][com.facebook.buck.util.ListeningProcessExecutor] Successfully launched process com.zaxxer.nuprocess.osx.OsxProcess@29102757
[2017-12-22 14:15:02.708][debug][command:null][tid:138][com.facebook.buck.util.ListeningProcessExecutor] Waiting for process com.facebook.buck.util.ListeningProcessExecutor$LaunchedProcessImpl@7d73bec0 timeout 1000 MILLISECONDS
[2017-12-22 14:15:02.753][debug][command:null][tid:138][com.facebook.buck.util.ListeningProcessExecutor] Wait for process returned 4
[2017-12-22 14:15:02.753][debug][command:null][tid:138][com.facebook.buck.util.ListeningProcessExecutor] Destroying process com.facebook.buck.util.ListeningProcessExecutor$LaunchedProcessImpl@7d73bec0 (force true)
[2017-12-22 14:15:02.753][debug][command:null][tid:138][com.facebook.buck.util.environment.MacNetworkConfiguration] Determine active state of media for device
[2017-12-22 14:15:02.754][debug][command:null][tid:138][com.facebook.buck.util.ListeningProcessExecutor] Launching process with params ProcessExecutorParams{command=[networksetup, -getMedia, en10]}
[2017-12-22 14:15:02.755][debug][command:null][tid:138][com.facebook.buck.util.ListeningProcessExecutor] Successfully launched process com.zaxxer.nuprocess.osx.OsxProcess@516fb8b8
[2017-12-22 14:15:02.755][debug][command:null][tid:138][com.facebook.buck.util.ListeningProcessExecutor] Waiting for process com.facebook.buck.util.ListeningProcessExecutor$LaunchedProcessImpl@4764a60f timeout 1000 MILLISECONDS
[2017-12-22 14:15:02.799][debug][command:null][tid:138][com.facebook.buck.util.ListeningProcessExecutor] Wait for process returned 4
[2017-12-22 14:15:02.799][debug][command:null][tid:138][com.facebook.buck.util.ListeningProcessExecutor] Destroying process com.facebook.buck.util.ListeningProcessExecutor$LaunchedProcessImpl@4764a60f (force true)
[2017-12-22 14:15:02.799][debug][command:null][tid:138][com.facebook.buck.util.environment.MacNetworkConfiguration] Determine active state of media for device
[2017-12-22 14:15:02.799][debug][command:null][tid:138][com.facebook.buck.util.ListeningProcessExecutor] Launching process with params ProcessExecutorParams{command=[networksetup, -getMedia, en9]}
[2017-12-22 14:15:02.801][debug][command:null][tid:138][com.facebook.buck.util.ListeningProcessExecutor] Successfully launched process com.zaxxer.nuprocess.osx.OsxProcess@6f661b2b
[2017-12-22 14:15:02.801][debug][command:null][tid:138][com.facebook.buck.util.ListeningProcessExecutor] Waiting for process com.facebook.buck.util.ListeningProcessExecutor$LaunchedProcessImpl@f832db9 timeout 1000 MILLISECONDS
[2017-12-22 14:15:02.841][debug][command:null][tid:138][com.facebook.buck.util.ListeningProcessExecutor] Wait for process returned 4
[2017-12-22 14:15:02.841][debug][command:null][tid:138][com.facebook.buck.util.ListeningProcessExecutor] Destroying process com.facebook.buck.util.ListeningProcessExecutor$LaunchedProcessImpl@f832db9 (force true)
[2017-12-22 14:15:02.841][debug][command:null][tid:138][com.facebook.buck.util.environment.MacNetworkConfiguration] Determine active state of media for device
[2017-12-22 14:15:02.841][debug][command:null][tid:138][com.facebook.buck.util.ListeningProcessExecutor] Launching process with params ProcessExecutorParams{command=[networksetup, -getMedia, en0]}
[2017-12-22 14:15:02.843][debug][command:null][tid:138][com.facebook.buck.util.ListeningProcessExecutor] Successfully launched process com.zaxxer.nuprocess.osx.OsxProcess@2305fe89
[2017-12-22 14:15:02.843][debug][command:null][tid:138][com.facebook.buck.util.ListeningProcessExecutor] Waiting for process com.facebook.buck.util.ListeningProcessExecutor$LaunchedProcessImpl@41337038 timeout 1000 MILLISECONDS
[2017-12-22 14:15:02.889][debug][command:null][tid:138][com.facebook.buck.util.ListeningProcessExecutor] Wait for process returned 0
[2017-12-22 14:15:02.889][debug][command:null][tid:138][com.facebook.buck.util.ListeningProcessExecutor] Destroying process com.facebook.buck.util.ListeningProcessExecutor$LaunchedProcessImpl@41337038 (force true)
[2017-12-22 14:15:02.889][debug][command:null][tid:138][com.facebook.buck.util.environment.MacNetworkConfiguration] Determine WiFi SSID of device
[2017-12-22 14:15:02.889][debug][command:null][tid:138][com.facebook.buck.util.ListeningProcessExecutor] Launching process with params ProcessExecutorParams{command=[networksetup, -getairportnetwork, en0]}
[2017-12-22 14:15:02.890][debug][command:null][tid:138][com.facebook.buck.util.ListeningProcessExecutor] Successfully launched process com.zaxxer.nuprocess.osx.OsxProcess@1ed38476
[2017-12-22 14:15:02.891][debug][command:null][tid:138][com.facebook.buck.util.ListeningProcessExecutor] Waiting for process com.facebook.buck.util.ListeningProcessExecutor$LaunchedProcessImpl@82b8cf0 timeout 1000 MILLISECONDS
[2017-12-22 14:15:02.942][debug][command:null][tid:138][com.facebook.buck.util.ListeningProcessExecutor] Wait for process returned 0
[2017-12-22 14:15:02.942][debug][command:null][tid:138][com.facebook.buck.util.ListeningProcessExecutor] Destroying process com.facebook.buck.util.ListeningProcessExecutor$LaunchedProcessImpl@82b8cf0 (force true)
[2017-12-22 14:15:02.943][info ][command:null][tid:138][com.facebook.buck.util.versioncontrol.VersionControlStatsGenerator] Starting generation of version control stats.
[2017-12-22 14:15:02.943][warn ][command:null][tid:138][com.facebook.buck.util.versioncontrol.VersionControlStatsGenerator] Skipping generation of version control stats as unsupported repository type.
[2017-12-22 14:15:02.959][debug][command:fe16b675-5cf6-42e3-934a-022a1249536c][tid:120][com.facebook.buck.cli.TestCommand] Got explicit build targets [//:app]
[2017-12-22 14:15:02.959][debug][command:fe16b675-5cf6-42e3-934a-022a1249536c][tid:120][com.facebook.buck.cli.TestCommand] Got tests for target //:app: [//:appTests]
[2017-12-22 14:15:02.959][debug][command:null][tid:146][com.facebook.buck.json.PythonDslProjectBuildFileParser] Closing buck.py process stdin
[2017-12-22 14:15:02.959][debug][command:fe16b675-5cf6-42e3-934a-022a1249536c][tid:120][com.facebook.buck.cli.TestCommand] Got related test targets [//:appTests], building new target graph...
[2017-12-22 14:15:02.962][debug][command:fe16b675-5cf6-42e3-934a-022a1249536c][tid:120][com.facebook.buck.cli.TestCommand] Finished building new target graph with tests.
[2017-12-22 14:15:02.963][debug][command:fe16b675-5cf6-42e3-934a-022a1249536c][tid:120][com.facebook.buck.rules.ActionGraphCache] Computing TargetGraph HashCode...
[2017-12-22 14:15:02.963][info ][command:fe16b675-5cf6-42e3-934a-022a1249536c][tid:120][com.facebook.buck.rules.ActionGraphCache] ActionGraph cache miss against 1 entries.
[2017-12-22 14:15:02.980][debug][command:fe16b675-5cf6-42e3-934a-022a1249536c][tid:134][com.facebook.buck.util.perf.ProcessTracker] shutDown
[2017-12-22 14:15:02.980][debug][command:null][tid:133][com.google.common.util.concurrent.ServiceManager] Service PerfStatsTracking [TERMINATED] has terminated. Previous state was: STOPPING
[2017-12-22 14:15:02.980][debug][command:fe16b675-5cf6-42e3-934a-022a1249536c][tid:120][com.facebook.buck.event.listener.SuperConsoleEventBusListener] Stopping render scheduler
[2017-12-22 14:15:02.982][debug][command:fe16b675-5cf6-42e3-934a-022a1249536c][tid:120][com.facebook.buck.cli.Main] Failing build on exception.
java.lang.NullPointerException
	at java.util.Objects.requireNonNull(Objects.java:203)
	at java.util.Optional.<init>(Optional.java:96)
	at java.util.Optional.of(Optional.java:108)
	at com.facebook.buck.apple.AppleTestDescription.createTestHostInfo(AppleTestDescription.java:496)
	at com.facebook.buck.apple.AppleTestDescription.createBuildRule(AppleTestDescription.java:233)
	at com.facebook.buck.apple.AppleTestDescription.createBuildRule(AppleTestDescription.java:84)
	at com.facebook.buck.rules.DefaultTargetNodeToBuildRuleTransformer.transform(DefaultTargetNodeToBuildRuleTransformer.java:88)
	at com.facebook.buck.rules.SingleThreadedBuildRuleResolver.lambda$requireRule$0(SingleThreadedBuildRuleResolver.java:111)
	at com.facebook.buck.rules.SingleThreadedBuildRuleResolver.computeIfAbsent(SingleThreadedBuildRuleResolver.java:84)
	at com.facebook.buck.rules.SingleThreadedBuildRuleResolver.requireRule(SingleThreadedBuildRuleResolver.java:107)
	at com.facebook.buck.swift.SwiftLibraryDescription.createCompanionBuildRule(SwiftLibraryDescription.java:391)
	at com.facebook.buck.apple.AppleLibraryDescription.lambda$requireSingleArchUnstrippedBuildRule$8(AppleLibraryDescription.java:587)
	at java.util.Optional.flatMap(Optional.java:241)
	at com.facebook.buck.apple.AppleLibraryDescription.requireSingleArchUnstrippedBuildRule(AppleLibraryDescription.java:585)
	at com.facebook.buck.apple.AppleLibraryDescription.requireUnstrippedBuildRule(AppleLibraryDescription.java:546)
	at com.facebook.buck.apple.AppleLibraryDescription.createLibraryBuildRule(AppleLibraryDescription.java:441)
	at com.facebook.buck.apple.AppleTestDescription.createTestLibraryRule(AppleTestDescription.java:411)
	at com.facebook.buck.apple.AppleTestDescription.createBuildRule(AppleTestDescription.java:251)
	at com.facebook.buck.apple.AppleTestDescription.createBuildRule(AppleTestDescription.java:84)
	at com.facebook.buck.rules.DefaultTargetNodeToBuildRuleTransformer.transform(DefaultTargetNodeToBuildRuleTransformer.java:88)
	at com.facebook.buck.rules.SingleThreadedBuildRuleResolver.lambda$requireRule$0(SingleThreadedBuildRuleResolver.java:111)
	at com.facebook.buck.rules.SingleThreadedBuildRuleResolver.computeIfAbsent(SingleThreadedBuildRuleResolver.java:84)
	at com.facebook.buck.rules.SingleThreadedBuildRuleResolver.requireRule(SingleThreadedBuildRuleResolver.java:107)
	at com.facebook.buck.rules.ActionGraphCache$2.visit(ActionGraphCache.java:330)
	at com.facebook.buck.rules.ActionGraphCache$2.visit(ActionGraphCache.java:327)
	at com.facebook.buck.graph.AbstractBottomUpTraversal.traverse(AbstractBottomUpTraversal.java:36)
	at com.facebook.buck.rules.ActionGraphCache.createActionGraphSerially(ActionGraphCache.java:332)
	at com.facebook.buck.rules.ActionGraphCache.createActionGraph(ActionGraphCache.java:264)
	at com.facebook.buck.rules.ActionGraphCache.getActionGraph(ActionGraphCache.java:167)
	at com.facebook.buck.rules.ActionGraphCache.getActionGraph(ActionGraphCache.java:68)
	at com.facebook.buck.cli.TestCommand.runWithoutHelp(TestCommand.java:549)
	at com.facebook.buck.cli.AbstractCommand.run(AbstractCommand.java:232)
	at com.facebook.buck.cli.AbstractContainerCommand.run(AbstractContainerCommand.java:79)
	at com.facebook.buck.cli.BuckCommand.run(BuckCommand.java:82)
	at com.facebook.buck.cli.Main.runMainWithExitCode(Main.java:1101)
	at com.facebook.buck.cli.Main.runMainThenExit(Main.java:395)
	at com.facebook.buck.cli.Main.nailMain(Main.java:1855)
	at sun.reflect.NativeMethodAccessorImpl.invoke0(Native Method)
	at sun.reflect.NativeMethodAccessorImpl.invoke(NativeMethodAccessorImpl.java:62)
	at sun.reflect.DelegatingMethodAccessorImpl.invoke(DelegatingMethodAccessorImpl.java:43)
	at java.lang.reflect.Method.invoke(Method.java:498)
	at com.martiansoftware.nailgun.NGSession.run(NGSession.java:329)

[2017-12-22 14:15:02.982][info ][command:fe16b675-5cf6-42e3-934a-022a1249536c][tid:120][com.facebook.buck.cli.Main] Awaiting termination of HTTP Write executor service. Waiting for all jobs to complete, or up to maximum of 1800 seconds...
[2017-12-22 14:15:02.982][info ][command:fe16b675-5cf6-42e3-934a-022a1249536c][tid:120][com.facebook.buck.cli.Main] Awaiting termination of Disk IO executor service. Waiting for all jobs to complete, or up to maximum of 10 seconds...
[2017-12-22 14:15:02.982][debug][command:fe16b675-5cf6-42e3-934a-022a1249536c][tid:120][com.facebook.buck.event.listener.SuperConsoleEventBusListener] Stopping render scheduler
[2017-12-22 14:15:02.982][debug][command:fe16b675-5cf6-42e3-934a-022a1249536c][tid:120][com.facebook.buck.event.listener.ChromeTraceBuildListener] Writing Chrome trace to buck-out/log/2017-12-22_06h15m02s_testcommand_fe16b675-5cf6-42e3-934a-022a1249536c/build.2017-12-22.14-15-02.fe16b675-5cf6-42e3-934a-022a1249536c.trace
[2017-12-22 14:15:02.984][debug][command:fe16b675-5cf6-42e3-934a-022a1249536c][tid:134][com.google.common.util.concurrent.ServiceManager] Service ProcessTracker [TERMINATED] has terminated. Previous state was: STOPPING
[2017-12-22 14:15:02.988][info ][command:fe16b675-5cf6-42e3-934a-022a1249536c][tid:120][com.facebook.buck.cli.Main] Awaiting termination of CPU executor service. Waiting for all jobs to complete, or up to maximum of 60 seconds...
[2017-12-22 14:15:02.988][info ][command:fe16b675-5cf6-42e3-934a-022a1249536c][tid:120][com.facebook.buck.cli.Main] Awaiting termination of NETWORK executor service. Waiting for all jobs to complete, or up to maximum of 60 seconds...
[2017-12-22 14:15:02.988][info ][command:fe16b675-5cf6-42e3-934a-022a1249536c][tid:120][com.facebook.buck.cli.Main] Awaiting termination of PROJECT executor service. Waiting for all jobs to complete, or up to maximum of 60 seconds...
[2017-12-22 14:15:02.988][info ][command:fe16b675-5cf6-42e3-934a-022a1249536c][tid:120][com.facebook.buck.cli.Main] Awaiting termination of ScheduledExecutorService executor service. Waiting for all jobs to complete, or up to maximum of 60 seconds...
[2017-12-22 14:15:02.988][debug][command:fe16b675-5cf6-42e3-934a-022a1249536c][tid:120][com.facebook.buck.io.WatchmanTransportClient] Closing Watchman transport.
[2017-12-22 14:15:02.990][error][command:null][tid:120][com.facebook.buck.cli.Main] Uncaught exception at top level
java.lang.NullPointerException
	at java.util.Objects.requireNonNull(Objects.java:203)
	at java.util.Optional.<init>(Optional.java:96)
	at java.util.Optional.of(Optional.java:108)
	at com.facebook.buck.apple.AppleTestDescription.createTestHostInfo(AppleTestDescription.java:496)
	at com.facebook.buck.apple.AppleTestDescription.createBuildRule(AppleTestDescription.java:233)
	at com.facebook.buck.apple.AppleTestDescription.createBuildRule(AppleTestDescription.java:84)
	at com.facebook.buck.rules.DefaultTargetNodeToBuildRuleTransformer.transform(DefaultTargetNodeToBuildRuleTransformer.java:88)
	at com.facebook.buck.rules.SingleThreadedBuildRuleResolver.lambda$requireRule$0(SingleThreadedBuildRuleResolver.java:111)
	at com.facebook.buck.rules.SingleThreadedBuildRuleResolver.computeIfAbsent(SingleThreadedBuildRuleResolver.java:84)
	at com.facebook.buck.rules.SingleThreadedBuildRuleResolver.requireRule(SingleThreadedBuildRuleResolver.java:107)
	at com.facebook.buck.swift.SwiftLibraryDescription.createCompanionBuildRule(SwiftLibraryDescription.java:391)
	at com.facebook.buck.apple.AppleLibraryDescription.lambda$requireSingleArchUnstrippedBuildRule$8(AppleLibraryDescription.java:587)
	at java.util.Optional.flatMap(Optional.java:241)
	at com.facebook.buck.apple.AppleLibraryDescription.requireSingleArchUnstrippedBuildRule(AppleLibraryDescription.java:585)
	at com.facebook.buck.apple.AppleLibraryDescription.requireUnstrippedBuildRule(AppleLibraryDescription.java:546)
	at com.facebook.buck.apple.AppleLibraryDescription.createLibraryBuildRule(AppleLibraryDescription.java:441)
	at com.facebook.buck.apple.AppleTestDescription.createTestLibraryRule(AppleTestDescription.java:411)
	at com.facebook.buck.apple.AppleTestDescription.createBuildRule(AppleTestDescription.java:251)
	at com.facebook.buck.apple.AppleTestDescription.createBuildRule(AppleTestDescription.java:84)
	at com.facebook.buck.rules.DefaultTargetNodeToBuildRuleTransformer.transform(DefaultTargetNodeToBuildRuleTransformer.java:88)
	at com.facebook.buck.rules.SingleThreadedBuildRuleResolver.lambda$requireRule$0(SingleThreadedBuildRuleResolver.java:111)
	at com.facebook.buck.rules.SingleThreadedBuildRuleResolver.computeIfAbsent(SingleThreadedBuildRuleResolver.java:84)
	at com.facebook.buck.rules.SingleThreadedBuildRuleResolver.requireRule(SingleThreadedBuildRuleResolver.java:107)
	at com.facebook.buck.rules.ActionGraphCache$2.visit(ActionGraphCache.java:330)
	at com.facebook.buck.rules.ActionGraphCache$2.visit(ActionGraphCache.java:327)
	at com.facebook.buck.graph.AbstractBottomUpTraversal.traverse(AbstractBottomUpTraversal.java:36)
	at com.facebook.buck.rules.ActionGraphCache.createActionGraphSerially(ActionGraphCache.java:332)
	at com.facebook.buck.rules.ActionGraphCache.createActionGraph(ActionGraphCache.java:264)
	at com.facebook.buck.rules.ActionGraphCache.getActionGraph(ActionGraphCache.java:167)
	at com.facebook.buck.rules.ActionGraphCache.getActionGraph(ActionGraphCache.java:68)
	at com.facebook.buck.cli.TestCommand.runWithoutHelp(TestCommand.java:549)
	at com.facebook.buck.cli.AbstractCommand.run(AbstractCommand.java:232)
	at com.facebook.buck.cli.AbstractContainerCommand.run(AbstractContainerCommand.java:79)
	at com.facebook.buck.cli.BuckCommand.run(BuckCommand.java:82)
	at com.facebook.buck.cli.Main.runMainWithExitCode(Main.java:1101)
	at com.facebook.buck.cli.Main.runMainThenExit(Main.java:395)
	at com.facebook.buck.cli.Main.nailMain(Main.java:1855)
	at sun.reflect.NativeMethodAccessorImpl.invoke0(Native Method)
	at sun.reflect.NativeMethodAccessorImpl.invoke(NativeMethodAccessorImpl.java:62)
	at sun.reflect.DelegatingMethodAccessorImpl.invoke(DelegatingMethodAccessorImpl.java:43)
	at java.lang.reflect.Method.invoke(Method.java:498)
	at com.martiansoftware.nailgun.NGSession.run(NGSession.java:329)

[2017-12-22 14:15:02.990][debug][command:null][tid:120][com.facebook.buck.cli.Main] Done.
[2017-12-22 14:15:02.991][info ][command:null][tid:120][com.martiansoftware.nailgun.NGSession] Server cleanly exited with status 13
com.martiansoftware.nailgun.NGExitException: ExitException: status 13
	at com.martiansoftware.nailgun.NGSecurityManager.checkExit(NGSecurityManager.java:56)
	at java.lang.Runtime.exit(Runtime.java:107)
	at java.lang.System.exit(System.java:971)
	at com.facebook.buck.cli.Main.runMainThenExit(Main.java:432)
	at com.facebook.buck.cli.Main.nailMain(Main.java:1855)
	at sun.reflect.NativeMethodAccessorImpl.invoke0(Native Method)
	at sun.reflect.NativeMethodAccessorImpl.invoke(NativeMethodAccessorImpl.java:62)
	at sun.reflect.DelegatingMethodAccessorImpl.invoke(DelegatingMethodAccessorImpl.java:43)
	at java.lang.reflect.Method.invoke(Method.java:498)
	at com.martiansoftware.nailgun.NGSession.run(NGSession.java:329)

[2017-12-22 14:15:02.991][warn ][command:null][tid:124][com.martiansoftware.nailgun.NGInputStream] Nailgun client read future raised an exception
java.util.concurrent.ExecutionException: java.lang.RuntimeException: java.io.EOFException
	at java.util.concurrent.FutureTask.report(FutureTask.java:122)
	at java.util.concurrent.FutureTask.get(FutureTask.java:206)
	at com.martiansoftware.nailgun.NGInputStream$1.run(NGInputStream.java:91)
	at java.util.concurrent.Executors$RunnableAdapter.call(Executors.java:511)
	at java.util.concurrent.FutureTask.run(FutureTask.java:266)
	at java.util.concurrent.ThreadPoolExecutor.runWorker(ThreadPoolExecutor.java:1149)
	at java.util.concurrent.ThreadPoolExecutor$Worker.run(ThreadPoolExecutor.java:624)
	at java.lang.Thread.run(Thread.java:748)
Caused by: java.lang.RuntimeException: java.io.EOFException
	at com.martiansoftware.nailgun.NGInputStream$1$1.run(NGInputStream.java:85)
	... 5 more
Caused by: java.io.EOFException
	at java.io.DataInputStream.readInt(DataInputStream.java:392)
	at com.martiansoftware.nailgun.NGInputStream.readChunk(NGInputStream.java:198)
	at com.martiansoftware.nailgun.NGInputStream.access$000(NGInputStream.java:35)
	at com.martiansoftware.nailgun.NGInputStream$1$1.run(NGInputStream.java:83)
	... 5 more

[2017-12-22 14:15:02.991][debug][command:null][tid:120][com.martiansoftware.nailgun.NGSession] Tearing down client socket
[2017-12-22 14:15:02.991][debug][command:null][tid:124][com.martiansoftware.nailgun.NGInputStream] Nailgun client read shutting down
[2017-12-22 14:15:02.991][debug][command:null][tid:120][com.martiansoftware.nailgun.NGSession] Flushing client socket
[2017-12-22 14:15:02.991][debug][command:null][tid:120][com.martiansoftware.nailgun.NGSession] Error shutting down socket I/O (this is expected if the client disconnected already)
java.io.IOException: com.sun.jna.LastErrorException: [57] Socket is not connected
	at com.martiansoftware.nailgun.NGUnixDomainSocket.doShutdown(NGUnixDomainSocket.java:74)
	at com.martiansoftware.nailgun.NGUnixDomainSocket.shutdownInput(NGUnixDomainSocket.java:60)
	at com.martiansoftware.nailgun.NGSession.run(NGSession.java:375)
Caused by: com.sun.jna.LastErrorException: [57] Socket is not connected
	at com.martiansoftware.nailgun.NGUnixDomainSocketLibrary.shutdown(Native Method)
	at com.martiansoftware.nailgun.NGUnixDomainSocket.doShutdown(NGUnixDomainSocket.java:71)
	... 2 more

[2017-12-22 14:15:02.992][debug][command:null][tid:120][com.martiansoftware.nailgun.NGSession] Closing client socket
[2017-12-22 14:15:02.992][debug][command:null][tid:120][com.martiansoftware.nailgun.NGSession] Finished tearing down client socket
[2017-12-22 14:15:02.992][debug][command:null][tid:120][com.martiansoftware.nailgun.NGSession] Waiting for next client to connect
[2017-12-22 14:15:02.992][info ][command:null][tid:120][com.martiansoftware.nailgun.NGSession] NGSession shutting down
[2017-12-22 14:15:03.003][debug][command:null][tid:146][com.facebook.buck.json.PythonDslProjectBuildFileParser] Waiting for process com.facebook.buck.util.ProcessExecutor$LaunchedProcessImpl@3ccd37bc to exit...
[2017-12-22 14:15:03.003][debug][command:null][tid:146][com.facebook.buck.json.PythonDslProjectBuildFileParser] Process com.facebook.buck.util.ProcessExecutor$LaunchedProcessImpl@3ccd37bc exited cleanly.
[2017-12-22 14:21:22.677][debug][command:null][tid:123][com.martiansoftware.nailgun.NGSession] Client connected
[2017-12-22 14:21:22.679][debug][command:null][tid:148][com.martiansoftware.nailgun.NGSession] Waiting for first client to connect
[2017-12-22 14:21:22.684][debug][command:null][tid:123][com.martiansoftware.nailgun.NGSession] Tearing down client socket
[2017-12-22 14:21:22.685][debug][command:null][tid:123][com.martiansoftware.nailgun.NGSession] Flushing client socket
[2017-12-22 14:21:22.685][warn ][command:null][tid:149][com.martiansoftware.nailgun.NGInputStream] Nailgun client read future was interrupted
java.lang.InterruptedException
	at java.util.concurrent.FutureTask.awaitDone(FutureTask.java:404)
	at java.util.concurrent.FutureTask.get(FutureTask.java:204)
	at com.martiansoftware.nailgun.NGInputStream$1.run(NGInputStream.java:91)
	at java.util.concurrent.Executors$RunnableAdapter.call(Executors.java:511)
	at java.util.concurrent.FutureTask.run(FutureTask.java:266)
	at java.util.concurrent.ThreadPoolExecutor.runWorker(ThreadPoolExecutor.java:1149)
	at java.util.concurrent.ThreadPoolExecutor$Worker.run(ThreadPoolExecutor.java:624)
	at java.lang.Thread.run(Thread.java:748)

[2017-12-22 14:21:22.685][debug][command:null][tid:123][com.martiansoftware.nailgun.NGSession] Error shutting down socket I/O (this is expected if the client disconnected already)
java.io.IOException: com.sun.jna.LastErrorException: [57] Socket is not connected
	at com.martiansoftware.nailgun.NGUnixDomainSocket.doShutdown(NGUnixDomainSocket.java:74)
	at com.martiansoftware.nailgun.NGUnixDomainSocket.shutdownInput(NGUnixDomainSocket.java:60)
	at com.martiansoftware.nailgun.NGSession.run(NGSession.java:375)
Caused by: com.sun.jna.LastErrorException: [57] Socket is not connected
	at com.martiansoftware.nailgun.NGUnixDomainSocketLibrary.shutdown(Native Method)
	at com.martiansoftware.nailgun.NGUnixDomainSocket.doShutdown(NGUnixDomainSocket.java:71)
	... 2 more

[2017-12-22 14:21:22.686][debug][command:null][tid:123][com.martiansoftware.nailgun.NGSession] Closing client socket
[2017-12-22 14:21:22.686][debug][command:null][tid:149][com.martiansoftware.nailgun.NGInputStream] Nailgun client read shutting down
[2017-12-22 14:21:22.687][debug][command:null][tid:123][com.martiansoftware.nailgun.NGSession] Finished tearing down client socket
[2017-12-22 14:21:22.687][debug][command:null][tid:123][com.martiansoftware.nailgun.NGSession] Waiting for next client to connect
[2017-12-22 14:21:22.687][info ][command:null][tid:123][com.martiansoftware.nailgun.NGSession] NGSession shutting down
[2017-12-22 14:21:22.692][debug][command:null][tid:148][com.martiansoftware.nailgun.NGSession] Client connected
[2017-12-22 14:21:22.692][debug][command:null][tid:151][com.martiansoftware.nailgun.NGSession] Waiting for first client to connect
[2017-12-22 14:21:22.695][debug][command:null][tid:148][com.martiansoftware.nailgun.NGSession] Tearing down client socket
[2017-12-22 14:21:22.696][debug][command:null][tid:148][com.martiansoftware.nailgun.NGSession] Flushing client socket
[2017-12-22 14:21:22.696][debug][command:null][tid:148][com.martiansoftware.nailgun.NGSession] Error shutting down socket I/O (this is expected if the client disconnected already)
java.io.IOException: com.sun.jna.LastErrorException: [57] Socket is not connected
	at com.martiansoftware.nailgun.NGUnixDomainSocket.doShutdown(NGUnixDomainSocket.java:74)
	at com.martiansoftware.nailgun.NGUnixDomainSocket.shutdownInput(NGUnixDomainSocket.java:60)
	at com.martiansoftware.nailgun.NGSession.run(NGSession.java:375)
Caused by: com.sun.jna.LastErrorException: [57] Socket is not connected
	at com.martiansoftware.nailgun.NGUnixDomainSocketLibrary.shutdown(Native Method)
	at com.martiansoftware.nailgun.NGUnixDomainSocket.doShutdown(NGUnixDomainSocket.java:71)
	... 2 more

[2017-12-22 14:21:22.696][debug][command:null][tid:148][com.martiansoftware.nailgun.NGSession] Closing client socket
[2017-12-22 14:21:22.695][warn ][command:null][tid:152][com.martiansoftware.nailgun.NGInputStream] Nailgun client read future raised an exception
java.util.concurrent.ExecutionException: java.lang.RuntimeException: java.io.EOFException
	at java.util.concurrent.FutureTask.report(FutureTask.java:122)
	at java.util.concurrent.FutureTask.get(FutureTask.java:206)
	at com.martiansoftware.nailgun.NGInputStream$1.run(NGInputStream.java:91)
	at java.util.concurrent.Executors$RunnableAdapter.call(Executors.java:511)
	at java.util.concurrent.FutureTask.run(FutureTask.java:266)
	at java.util.concurrent.ThreadPoolExecutor.runWorker(ThreadPoolExecutor.java:1149)
	at java.util.concurrent.ThreadPoolExecutor$Worker.run(ThreadPoolExecutor.java:624)
	at java.lang.Thread.run(Thread.java:748)
Caused by: java.lang.RuntimeException: java.io.EOFException
	at com.martiansoftware.nailgun.NGInputStream$1$1.run(NGInputStream.java:85)
	... 5 more
Caused by: java.io.EOFException
	at java.io.DataInputStream.readInt(DataInputStream.java:392)
	at com.martiansoftware.nailgun.NGInputStream.readChunk(NGInputStream.java:198)
	at com.martiansoftware.nailgun.NGInputStream.access$000(NGInputStream.java:35)
	at com.martiansoftware.nailgun.NGInputStream$1$1.run(NGInputStream.java:83)
	... 5 more

[2017-12-22 14:21:22.697][debug][command:null][tid:148][com.martiansoftware.nailgun.NGSession] Finished tearing down client socket
[2017-12-22 14:21:22.697][debug][command:null][tid:152][com.martiansoftware.nailgun.NGInputStream] Nailgun client read shutting down
[2017-12-22 14:21:22.697][debug][command:null][tid:148][com.martiansoftware.nailgun.NGSession] Waiting for next client to connect
[2017-12-22 14:21:22.697][info ][command:null][tid:148][com.martiansoftware.nailgun.NGSession] NGSession shutting down
[2017-12-22 14:21:22.697][debug][command:null][tid:151][com.martiansoftware.nailgun.NGSession] Client connected
[2017-12-22 14:21:22.698][debug][command:null][tid:154][com.martiansoftware.nailgun.NGSession] Waiting for first client to connect
[2017-12-22 14:21:22.712][debug][command:null][tid:151][com.facebook.buck.cli.Main] Rotating log.
