[2017-12-22 14:25:11.313][debug][command:null][tid:283][com.facebook.buck.cli.Main] Starting up (build date 2017-11-17 08:34:27 +0800, rev v2017.11.16.01), args: [test, :app]
[2017-12-22 14:25:11.317][debug][command:null][tid:283][com.facebook.buck.cli.Main] System properties: {java.vendor=Oracle Corporation, sun.java.launcher=SUN_STANDARD, sun.management.compiler=HotSpot 64-Bit Tiered Compilers, jnidispatch.path=/Users/remirobert/dev/Dog-project/.buckd/tmp/buck_run.On_K6F/jna--36351663/jna6844077100917419115.tmp, os.name=Mac OS X, buck.enable_objc=true, sun.boot.class.path=/Library/Java/JavaVirtualMachines/jdk1.8.0_152.jdk/Contents/Home/jre/lib/resources.jar:/Library/Java/JavaVirtualMachines/jdk1.8.0_152.jdk/Contents/Home/jre/lib/rt.jar:/Library/Java/JavaVirtualMachines/jdk1.8.0_152.jdk/Contents/Home/jre/lib/sunrsasign.jar:/Library/Java/JavaVirtualMachines/jdk1.8.0_152.jdk/Contents/Home/jre/lib/jsse.jar:/Library/Java/JavaVirtualMachines/jdk1.8.0_152.jdk/Contents/Home/jre/lib/jce.jar:/Library/Java/JavaVirtualMachines/jdk1.8.0_152.jdk/Contents/Home/jre/lib/charsets.jar:/Library/Java/JavaVirtualMachines/jdk1.8.0_152.jdk/Contents/Home/jre/lib/jfr.jar:/Library/Java/JavaVirtualMachines/jdk1.8.0_152.jdk/Contents/Home/jre/classes, pf4j.pluginsDir=/Users/remirobert/dev/Dog-project/.buckd/resources/v2017.11.16.01/buck-modules, buck.resource_lock_path=/Users/remirobert/dev/Dog-project/.buckd/resources/v2017.11.16.01/.buck_lock, java.vm.specification.vendor=Oracle Corporation, java.runtime.version=1.8.0_152-b16, jna.loaded=true, buck.testrunner_classes=/Users/remirobert/dev/Dog-project/.buckd/resources/v2017.11.16.01/testrunner_classes, buck.logging_config_file=/Users/remirobert/dev/Dog-project/.buckd/resources/v2017.11.16.01/logging_config_file, buck.path_to_sh_binary_template=/Users/remirobert/dev/Dog-project/.buckd/resources/v2017.11.16.01/path_to_sh_binary_template, user.name=remirobert, socksProxyHost=127.0.0.1, buck.path_to_pywatchman=/Users/remirobert/dev/Dog-project/.buckd/resources/v2017.11.16.01/path_to_pywatchman, buck.report_generator_jar=/Users/remirobert/dev/Dog-project/.buckd/resources/v2017.11.16.01/report_generator_jar, buck.git_commit=v2017.11.16.01, user.language=en, sun.boot.library.path=/Library/Java/JavaVirtualMachines/jdk1.8.0_152.jdk/Contents/Home/jre/lib, java.version=1.8.0_152, user.timezone=Asia/Shanghai, buck.test_util_no_tests_dir=true, sun.arch.data.model=64, http.nonProxyHosts=127.0.0.1|localhost|*.localhost|192.168.0.0/16|*.192.168.0.0/16|10.0.0.0/8|*.10.0.0.0/8, java.endorsed.dirs=/Library/Java/JavaVirtualMachines/jdk1.8.0_152.jdk/Contents/Home/jre/lib/endorsed, sun.cpu.isalist=, sun.jnu.encoding=UTF-8, file.encoding.pkg=sun.io, file.separator=/, java.specification.name=Java Platform API Specification, buck.jacoco_agent_jar=/Users/remirobert/dev/Dog-project/.buckd/resources/v2017.11.16.01/jacoco_agent_jar, java.class.version=52.0, user.country=FR, buck.binary_hash=63c9781095d8ee3e98baa3f5efe2d99c, java.home=/Library/Java/JavaVirtualMachines/jdk1.8.0_152.jdk/Contents/Home/jre, buck.fix_script=/Users/remirobert/dev/Dog-project/.buckd/resources/v2017.11.16.01/fix_script, java.vm.info=mixed mode, os.version=10.13.2, buck.external_executor_jar=/Users/remirobert/dev/Dog-project/.buckd/resources/v2017.11.16.01/external_executor_jar, buck.version_uid=v2017.11.16.01, org.eclipse.jetty.util.log.class=org.eclipse.jetty.util.log.JavaUtilLog, path.separator=:, java.vm.version=25.152-b16, java.awt.printerjob=sun.lwawt.macosx.CPrinterJob, sun.io.unicode.encoding=UnicodeBig, awt.toolkit=sun.lwawt.macosx.LWCToolkit, buck.buck_build_type_info=/Users/remirobert/dev/Dog-project/.buckd/resources/v2017.11.16.01/buck_build_type_info, socksNonProxyHosts=127.0.0.1|localhost|*.localhost|192.168.0.0/16|*.192.168.0.0/16|10.0.0.0/8|*.10.0.0.0/8, ftp.nonProxyHosts=127.0.0.1|localhost|*.localhost|192.168.0.0/16|*.192.168.0.0/16|10.0.0.0/8|*.10.0.0.0/8, buck.dx=/Users/remirobert/dev/Dog-project/.buckd/resources/v2017.11.16.01/dx, buck.git_commit_timestamp=1510878867, user.home=/Users/remirobert, socksProxyPort=1086, java.specification.vendor=Oracle Corporation, buck.git_dirty=0, java.library.path=/Users/remirobert/dev/Dog-project/.buckd/resources/v2017.11.16.01, java.vendor.url=http://java.oracle.com/, java.vm.vendor=Oracle Corporation, gopherProxySet=false, java.runtime.name=Java(TM) SE Runtime Environment, sun.java.command=com.facebook.buck.cli.bootstrapper.ClassLoaderBootstrapper com.facebook.buck.cli.Main$DaemonBootstrap local:.buckd/sock 120000, java.class.path=/Users/remirobert/dev/Dog-project/.buckd/resources/v2017.11.16.01/bootstrapper_jar, buck.buckd_dir=/Users/remirobert/dev/Dog-project/.buckd, buck.path_to_pathlib_py=/Users/remirobert/dev/Dog-project/.buckd/resources/v2017.11.16.01/pathlib.py, buck.buckd_launch_time_nanos=128610981335429, java.vm.specification.name=Java Virtual Machine Specification, com.martiansoftware.nailgun.NGServer.outputPath=/Users/remirobert/dev/Dog-project/.buckd/tmp/buck_run.On_K6F/ngserver-out, java.vm.specification.version=1.8, sun.cpu.endian=little, buck.path_to_rawmanifest_py=/Users/remirobert/dev/Dog-project/.buckd/resources/v2017.11.16.01/rawmanifest.py, sun.os.patch.level=unknown, java.awt.headless=true, java.io.tmpdir=/Users/remirobert/dev/Dog-project/.buckd/tmp/buck_run.On_K6F, buck.android_agent_path=/Users/remirobert/dev/Dog-project/.buckd/resources/v2017.11.16.01/android_agent_path, java.vendor.url.bug=http://bugreport.sun.com/bugreport/, buck.path_to_python_dsl=, jna.platform.library.path=/usr/lib:/usr/lib, os.arch=x86_64, java.awt.graphicsenv=sun.awt.CGraphicsEnvironment, buck.path_to_pex=/Users/remirobert/dev/Dog-project/.buckd/resources/v2017.11.16.01/path_to_pex, java.ext.dirs=/Users/remirobert/Library/Java/Extensions:/Library/Java/JavaVirtualMachines/jdk1.8.0_152.jdk/Contents/Home/jre/lib/ext:/Library/Java/Extensions:/Network/Library/Java/Extensions:/System/Library/Java/Extensions:/usr/lib/java, java.util.logging.config.class=com.facebook.buck.cli.bootstrapper.LogConfig, user.dir=/Users/remirobert/dev/Dog-project, line.separator=
, java.vm.name=Java HotSpot(TM) 64-Bit Server VM, buck.path_to_typing=/Users/remirobert/dev/Dog-project/.buckd/resources/v2017.11.16.01/path_to_typing, buck.native_exopackage_fake_path=/Users/remirobert/dev/Dog-project/.buckd/resources/v2017.11.16.01/native_exopackage_fake_path, file.encoding=UTF-8, java.specification.version=1.8}
[2017-12-22 14:25:11.318][info ][command:null][tid:283][org.pf4j.DefaultPluginStatusProvider] Enabled plugins: []
[2017-12-22 14:25:11.318][info ][command:null][tid:283][org.pf4j.DefaultPluginStatusProvider] Disabled plugins: []
[2017-12-22 14:25:11.318][info ][command:null][tid:283][org.pf4j.DefaultPluginManager] PF4J version 0.0.0 in 'deployment' mode
[2017-12-22 14:25:11.318][debug][command:null][tid:283][org.pf4j.AbstractPluginManager] Lookup plugins in '/Users/remirobert/dev/Dog-project/.buckd/resources/v2017.11.16.01/buck-modules'
[2017-12-22 14:25:11.319][debug][command:null][tid:283][org.pf4j.AbstractPluginManager] Found 1 possible plugins: [/Users/remirobert/dev/Dog-project/.buckd/resources/v2017.11.16.01/buck-modules/ziprules.jar]
[2017-12-22 14:25:11.319][debug][command:null][tid:283][org.pf4j.AbstractPluginManager] Use 'org.pf4j.CompoundPluginDescriptorFinder@27eeaace' to find plugins descriptors
[2017-12-22 14:25:11.319][debug][command:null][tid:283][org.pf4j.AbstractPluginManager] Finding plugin descriptor for plugin '/Users/remirobert/dev/Dog-project/.buckd/resources/v2017.11.16.01/buck-modules/ziprules.jar'
[2017-12-22 14:25:11.319][debug][command:null][tid:283][org.pf4j.CompoundPluginDescriptorFinder] 'org.pf4j.ManifestPluginDescriptorFinder@47470b7e' is applicable for plugin '/Users/remirobert/dev/Dog-project/.buckd/resources/v2017.11.16.01/buck-modules/ziprules.jar'
[2017-12-22 14:25:11.319][debug][command:null][tid:283][org.pf4j.AbstractPluginManager] Found descriptor PluginDescriptor [pluginId=com.facebook.buck.zip.ziprules, pluginClass=com.facebook.buck.zip.rules.ZipRulesModuleAdapterPlugin, version=0.0.1, provider=null, dependencies=[], description=, requires=*, license=null]
[2017-12-22 14:25:11.319][debug][command:null][tid:283][org.pf4j.AbstractPluginManager] Class 'com.facebook.buck.zip.rules.ZipRulesModuleAdapterPlugin' for plugin '/Users/remirobert/dev/Dog-project/.buckd/resources/v2017.11.16.01/buck-modules/ziprules.jar'
[2017-12-22 14:25:11.319][debug][command:null][tid:283][org.pf4j.AbstractPluginManager] Loading plugin '/Users/remirobert/dev/Dog-project/.buckd/resources/v2017.11.16.01/buck-modules/ziprules.jar'
[2017-12-22 14:25:11.320][debug][command:null][tid:283][org.pf4j.PluginClassLoader] Add 'file:/Users/remirobert/dev/Dog-project/.buckd/resources/v2017.11.16.01/buck-modules/ziprules.jar'
[2017-12-22 14:25:11.320][debug][command:null][tid:283][org.pf4j.AbstractPluginManager] Loaded plugin '/Users/remirobert/dev/Dog-project/.buckd/resources/v2017.11.16.01/buck-modules/ziprules.jar' with class loader 'org.pf4j.PluginClassLoader@3cea4080'
[2017-12-22 14:25:11.320][debug][command:null][tid:283][org.pf4j.AbstractPluginManager] Creating wrapper for plugin '/Users/remirobert/dev/Dog-project/.buckd/resources/v2017.11.16.01/buck-modules/ziprules.jar'
[2017-12-22 14:25:11.320][debug][command:null][tid:283][org.pf4j.AbstractPluginManager] Created wrapper 'PluginWrapper [descriptor=PluginDescriptor [pluginId=com.facebook.buck.zip.ziprules, pluginClass=com.facebook.buck.zip.rules.ZipRulesModuleAdapterPlugin, version=0.0.1, provider=null, dependencies=[], description=, requires=*, license=null], pluginPath=/Users/remirobert/dev/Dog-project/.buckd/resources/v2017.11.16.01/buck-modules/ziprules.jar]' for plugin '/Users/remirobert/dev/Dog-project/.buckd/resources/v2017.11.16.01/buck-modules/ziprules.jar'
[2017-12-22 14:25:11.320][debug][command:null][tid:283][org.pf4j.DependencyResolver] Graph: 
   com.facebook.buck.zip.ziprules -> []
[2017-12-22 14:25:11.320][debug][command:null][tid:283][org.pf4j.DependencyResolver] Plugins order: [com.facebook.buck.zip.ziprules]
[2017-12-22 14:25:11.320][info ][command:null][tid:283][org.pf4j.AbstractPluginManager] Plugin 'com.facebook.buck.zip.ziprules@0.0.1' resolved
[2017-12-22 14:25:11.320][info ][command:null][tid:283][org.pf4j.AbstractPluginManager] Start plugin 'com.facebook.buck.zip.ziprules@0.0.1'
[2017-12-22 14:25:11.320][debug][command:null][tid:283][org.pf4j.DefaultExtensionFactory] Create instance for plugin 'com.facebook.buck.zip.rules.ZipRulesModuleAdapterPlugin'
[2017-12-22 14:25:11.321][debug][command:null][tid:283][com.facebook.buck.util.config.Configs] Loading configuration for /Users/remirobert/dev/Dog-project
[2017-12-22 14:25:11.322][debug][command:null][tid:283][com.facebook.buck.util.config.Configs] Loaded a configuration file /Users/remirobert/dev/Dog-project/.buckconfig: {apple={xctool_path=/usr/local/bin/xctool}, cache={mode=dir, dir_max_size=512MB}, cxx={cflags=-std=gnu11, cxxflags=-std=c++14 -stdlib=libc++, default_platform=iphonesimulator-x86_64, combined_preprocess_and_compile=true}, project={ide=xcode, ignore=.git, .hg, .buckd}, swift={version=4.0}}
[2017-12-22 14:25:11.322][debug][command:null][tid:283][com.facebook.buck.util.config.Configs] Adding configuration overrides RawConfig{values={}}
[2017-12-22 14:25:11.322][debug][command:null][tid:283][com.facebook.buck.util.config.Configs] Loading configuration for /Users/remirobert/dev/Dog-project
[2017-12-22 14:25:11.323][debug][command:null][tid:283][com.facebook.buck.util.config.Configs] Loaded a configuration file /Users/remirobert/dev/Dog-project/.buckconfig: {apple={xctool_path=/usr/local/bin/xctool}, cache={mode=dir, dir_max_size=512MB}, cxx={cflags=-std=gnu11, cxxflags=-std=c++14 -stdlib=libc++, default_platform=iphonesimulator-x86_64, combined_preprocess_and_compile=true}, project={ide=xcode, ignore=.git, .hg, .buckd}, swift={version=4.0}}
[2017-12-22 14:25:11.323][debug][command:null][tid:283][com.facebook.buck.util.config.Configs] Adding configuration overrides RawConfig{values={}}
[2017-12-22 14:25:11.341][debug][command:null][tid:283][com.facebook.buck.apple.AppleToolchainDiscovery] Searching for Xcode toolchains under /Applications/Xcode.app/Contents/Developer/Toolchains
[2017-12-22 14:25:11.341][debug][command:null][tid:283][com.facebook.buck.apple.AppleToolchainDiscovery] Searching for Xcode toolchains in /Applications/Xcode.app/Contents/Developer/Toolchains
[2017-12-22 14:25:11.342][debug][command:null][tid:283][com.facebook.buck.apple.AppleToolchainDiscovery] Getting identifier for for Xcode toolchain under /Applications/Xcode.app/Contents/Developer/Toolchains/XcodeDefault.xctoolchain
[2017-12-22 14:25:11.343][debug][command:null][tid:283][com.facebook.buck.apple.AppleToolchainDiscovery] Mapped SDK identifier com.apple.dt.toolchain.XcodeDefault to path /Applications/Xcode.app/Contents/Developer/Toolchains/XcodeDefault.xctoolchain
[2017-12-22 14:25:11.343][debug][command:null][tid:283][com.facebook.buck.apple.AppleSdkDiscovery] Searching for Xcode platforms under /Applications/Xcode.app/Contents/Developer/Platforms
[2017-12-22 14:25:11.343][debug][command:null][tid:283][com.facebook.buck.apple.AppleSdkDiscovery] Searching for Xcode SDKs in /Applications/Xcode.app/Contents/Developer/Platforms
[2017-12-22 14:25:11.345][debug][command:null][tid:283][com.facebook.buck.apple.AppleSdkDiscovery] Fetching SDK name for /Applications/Xcode.app/Contents/Developer/Platforms/AppleTVOS.platform/Developer/SDKs/AppleTVOS11.2.sdk
[2017-12-22 14:25:11.346][debug][command:null][tid:283][com.facebook.buck.apple.AppleSdkDiscovery] Found SDK AppleSdk{name=appletvos11.2, version=11.2, applePlatform=ApplePlatform{name=appletvos, provisioningProfileName=tvOS, architectures=[arm64], minVersionFlagPrefix=-mtvos-version-min=, appIncludesFrameworks=false}, architectures=[arm64], toolchains=[AppleToolchain{identifier=com.apple.dt.toolchain.XcodeDefault, path=/Applications/Xcode.app/Contents/Developer/Toolchains/XcodeDefault.xctoolchain}]}
[2017-12-22 14:25:11.346][debug][command:null][tid:283][com.facebook.buck.apple.AppleSdkDiscovery] Fetching SDK name for /Applications/Xcode.app/Contents/Developer/Platforms/AppleTVOS.platform/Developer/SDKs/AppleTVOS.sdk
[2017-12-22 14:25:11.346][debug][command:null][tid:283][com.facebook.buck.apple.AppleSdkDiscovery] Skipping already scanned SDK directory /Applications/Xcode.app/Contents/Developer/Platforms/AppleTVOS.platform/Developer/SDKs/AppleTVOS.sdk
[2017-12-22 14:25:11.348][debug][command:null][tid:283][com.facebook.buck.apple.AppleSdkDiscovery] Fetching SDK name for /Applications/Xcode.app/Contents/Developer/Platforms/iPhoneOS.platform/Developer/SDKs/iPhoneOS.sdk
[2017-12-22 14:25:11.349][debug][command:null][tid:283][com.facebook.buck.apple.AppleSdkDiscovery] Found SDK AppleSdk{name=iphoneos11.2, version=11.2, applePlatform=ApplePlatform{name=iphoneos, swiftName=ios, provisioningProfileName=iOS, architectures=[armv7, arm64], minVersionFlagPrefix=-mios-version-min=, stubBinaryPath=Library/Application Support/WatchKit/WK, appIncludesFrameworks=false}, architectures=[armv7, arm64], toolchains=[AppleToolchain{identifier=com.apple.dt.toolchain.XcodeDefault, path=/Applications/Xcode.app/Contents/Developer/Toolchains/XcodeDefault.xctoolchain}]}
[2017-12-22 14:25:11.349][debug][command:null][tid:283][com.facebook.buck.apple.AppleSdkDiscovery] Fetching SDK name for /Applications/Xcode.app/Contents/Developer/Platforms/iPhoneOS.platform/Developer/SDKs/iPhoneOS11.2.sdk
[2017-12-22 14:25:11.349][debug][command:null][tid:283][com.facebook.buck.apple.AppleSdkDiscovery] Skipping already scanned SDK directory /Applications/Xcode.app/Contents/Developer/Platforms/iPhoneOS.platform/Developer/SDKs/iPhoneOS.sdk
[2017-12-22 14:25:11.350][debug][command:null][tid:283][com.facebook.buck.apple.AppleSdkDiscovery] Fetching SDK name for /Applications/Xcode.app/Contents/Developer/Platforms/WatchOS.platform/Developer/SDKs/WatchOS4.2.sdk
[2017-12-22 14:25:11.351][debug][command:null][tid:283][com.facebook.buck.apple.AppleSdkDiscovery] Found SDK AppleSdk{name=watchos4.2, version=4.2, applePlatform=ApplePlatform{name=watchos, provisioningProfileName=iOS, architectures=[armv7k], minVersionFlagPrefix=-mwatchos-version-min=, stubBinaryPath=Library/Application Support/WatchKit/WK, appIncludesFrameworks=false}, architectures=[armv7k], toolchains=[AppleToolchain{identifier=com.apple.dt.toolchain.XcodeDefault, path=/Applications/Xcode.app/Contents/Developer/Toolchains/XcodeDefault.xctoolchain}]}
[2017-12-22 14:25:11.351][debug][command:null][tid:283][com.facebook.buck.apple.AppleSdkDiscovery] Fetching SDK name for /Applications/Xcode.app/Contents/Developer/Platforms/WatchOS.platform/Developer/SDKs/WatchOS.sdk
[2017-12-22 14:25:11.351][debug][command:null][tid:283][com.facebook.buck.apple.AppleSdkDiscovery] Skipping already scanned SDK directory /Applications/Xcode.app/Contents/Developer/Platforms/WatchOS.platform/Developer/SDKs/WatchOS.sdk
[2017-12-22 14:25:11.352][debug][command:null][tid:283][com.facebook.buck.apple.AppleSdkDiscovery] Fetching SDK name for /Applications/Xcode.app/Contents/Developer/Platforms/MacOSX.platform/Developer/SDKs/MacOSX10.13.sdk
[2017-12-22 14:25:11.354][debug][command:null][tid:283][com.facebook.buck.apple.AppleSdkDiscovery] Found SDK AppleSdk{name=macosx10.13, version=10.13, applePlatform=ApplePlatform{name=macosx, architectures=[i386, x86_64], minVersionFlagPrefix=-mmacosx-version-min=, appIncludesFrameworks=true}, architectures=[i386, x86_64], toolchains=[AppleToolchain{identifier=com.apple.dt.toolchain.XcodeDefault, path=/Applications/Xcode.app/Contents/Developer/Toolchains/XcodeDefault.xctoolchain}]}
[2017-12-22 14:25:11.354][debug][command:null][tid:283][com.facebook.buck.apple.AppleSdkDiscovery] Fetching SDK name for /Applications/Xcode.app/Contents/Developer/Platforms/MacOSX.platform/Developer/SDKs/MacOSX.sdk
[2017-12-22 14:25:11.354][debug][command:null][tid:283][com.facebook.buck.apple.AppleSdkDiscovery] Skipping already scanned SDK directory /Applications/Xcode.app/Contents/Developer/Platforms/MacOSX.platform/Developer/SDKs/MacOSX.sdk
[2017-12-22 14:25:11.355][debug][command:null][tid:283][com.facebook.buck.apple.AppleSdkDiscovery] Fetching SDK name for /Applications/Xcode.app/Contents/Developer/Platforms/WatchSimulator.platform/Developer/SDKs/WatchSimulator4.2.sdk
[2017-12-22 14:25:11.356][debug][command:null][tid:283][com.facebook.buck.apple.AppleSdkDiscovery] Found SDK AppleSdk{name=watchsimulator4.2, version=4.2, applePlatform=ApplePlatform{name=watchsimulator, architectures=[i386], minVersionFlagPrefix=-mwatchos-simulator-version-min=, stubBinaryPath=Library/Application Support/WatchKit/WK, appIncludesFrameworks=false}, architectures=[i386], toolchains=[AppleToolchain{identifier=com.apple.dt.toolchain.XcodeDefault, path=/Applications/Xcode.app/Contents/Developer/Toolchains/XcodeDefault.xctoolchain}]}
[2017-12-22 14:25:11.356][debug][command:null][tid:283][com.facebook.buck.apple.AppleSdkDiscovery] Fetching SDK name for /Applications/Xcode.app/Contents/Developer/Platforms/WatchSimulator.platform/Developer/SDKs/WatchSimulator.sdk
[2017-12-22 14:25:11.356][debug][command:null][tid:283][com.facebook.buck.apple.AppleSdkDiscovery] Skipping already scanned SDK directory /Applications/Xcode.app/Contents/Developer/Platforms/WatchSimulator.platform/Developer/SDKs/WatchSimulator.sdk
[2017-12-22 14:25:11.357][debug][command:null][tid:283][com.facebook.buck.apple.AppleSdkDiscovery] Fetching SDK name for /Applications/Xcode.app/Contents/Developer/Platforms/AppleTVSimulator.platform/Developer/SDKs/AppleTVSimulator.sdk
[2017-12-22 14:25:11.358][debug][command:null][tid:283][com.facebook.buck.apple.AppleSdkDiscovery] Found SDK AppleSdk{name=appletvsimulator11.2, version=11.2, applePlatform=ApplePlatform{name=appletvsimulator, swiftName=tvos, architectures=[x86_64], minVersionFlagPrefix=-mtvos-simulator-version-min=, appIncludesFrameworks=false}, architectures=[x86_64], toolchains=[AppleToolchain{identifier=com.apple.dt.toolchain.XcodeDefault, path=/Applications/Xcode.app/Contents/Developer/Toolchains/XcodeDefault.xctoolchain}]}
[2017-12-22 14:25:11.358][debug][command:null][tid:283][com.facebook.buck.apple.AppleSdkDiscovery] Fetching SDK name for /Applications/Xcode.app/Contents/Developer/Platforms/AppleTVSimulator.platform/Developer/SDKs/AppleTVSimulator11.2.sdk
[2017-12-22 14:25:11.358][debug][command:null][tid:283][com.facebook.buck.apple.AppleSdkDiscovery] Skipping already scanned SDK directory /Applications/Xcode.app/Contents/Developer/Platforms/AppleTVSimulator.platform/Developer/SDKs/AppleTVSimulator.sdk
[2017-12-22 14:25:11.359][debug][command:null][tid:283][com.facebook.buck.apple.AppleSdkDiscovery] Fetching SDK name for /Applications/Xcode.app/Contents/Developer/Platforms/iPhoneSimulator.platform/Developer/SDKs/iPhoneSimulator.sdk
[2017-12-22 14:25:11.360][debug][command:null][tid:283][com.facebook.buck.apple.AppleSdkDiscovery] Found SDK AppleSdk{name=iphonesimulator11.2, version=11.2, applePlatform=ApplePlatform{name=iphonesimulator, swiftName=ios, architectures=[i386, x86_64], minVersionFlagPrefix=-mios-simulator-version-min=, stubBinaryPath=Library/Application Support/WatchKit/WK, appIncludesFrameworks=false}, architectures=[i386, x86_64], toolchains=[AppleToolchain{identifier=com.apple.dt.toolchain.XcodeDefault, path=/Applications/Xcode.app/Contents/Developer/Toolchains/XcodeDefault.xctoolchain}]}
[2017-12-22 14:25:11.360][debug][command:null][tid:283][com.facebook.buck.apple.AppleSdkDiscovery] Fetching SDK name for /Applications/Xcode.app/Contents/Developer/Platforms/iPhoneSimulator.platform/Developer/SDKs/iPhoneSimulator11.2.sdk
[2017-12-22 14:25:11.360][debug][command:null][tid:283][com.facebook.buck.apple.AppleSdkDiscovery] Skipping already scanned SDK directory /Applications/Xcode.app/Contents/Developer/Platforms/iPhoneSimulator.platform/Developer/SDKs/iPhoneSimulator.sdk
[2017-12-22 14:25:11.360][info ][command:null][tid:283][com.facebook.buck.io.Watchman] Creating for: [/Users/remirobert/dev/Dog-project]
[2017-12-22 14:25:11.361][debug][command:null][tid:283][com.facebook.buck.io.ExecutableFinder] Executable 'watchman' mapped to 'Optional[/usr/local/bin/watchman]'
[2017-12-22 14:25:11.361][debug][command:null][tid:283][com.facebook.buck.util.ListeningProcessExecutor] Launching process with params ProcessExecutorParams{command=[/usr/local/bin/watchman, --output-encoding=bser, get-sockname]}
[2017-12-22 14:25:11.370][debug][command:null][tid:283][com.facebook.buck.util.ListeningProcessExecutor] Successfully launched process com.zaxxer.nuprocess.osx.OsxProcess@420dd1f
[2017-12-22 14:25:11.370][debug][command:null][tid:283][com.facebook.buck.util.ListeningProcessExecutor] Waiting for process com.facebook.buck.util.ListeningProcessExecutor$LaunchedProcessImpl@61e7157e timeout 1000000000 NANOSECONDS
[2017-12-22 14:25:11.396][debug][command:null][tid:283][com.facebook.buck.util.ListeningProcessExecutor] Wait for process returned 0
[2017-12-22 14:25:11.396][debug][command:null][tid:283][com.facebook.buck.io.Watchman] Waited 25 ms for Watchman command get-sockname, exit code 0
[2017-12-22 14:25:11.396][debug][command:null][tid:283][com.facebook.buck.io.Watchman] stdout of command: {sockname=/usr/local/var/run/watchman/remirobert-state/sock, version=4.9.0}
[2017-12-22 14:25:11.396][info ][command:null][tid:283][com.facebook.buck.io.Watchman] Connecting to Watchman version 4.9.0 at /usr/local/var/run/watchman/remirobert-state/sock
[2017-12-22 14:25:11.396][debug][command:null][tid:283][com.facebook.buck.io.Watchman] Connected to Watchman
[2017-12-22 14:25:11.397][debug][command:null][tid:293][com.facebook.buck.io.WatchmanTransportClient] Sending query: [version, {required=[cmd-watch-project], optional=[term-dirname, cmd-watch-project, wildmatch, wildmatch_multislash, glob_generator, clock-sync-timeout]}]
[2017-12-22 14:25:11.397][debug][command:null][tid:283][com.facebook.buck.io.WatchmanTransportClient] Query [version, {required=[cmd-watch-project], optional=[term-dirname, cmd-watch-project, wildmatch, wildmatch_multislash, glob_generator, clock-sync-timeout]}] returned in 0 ms
[2017-12-22 14:25:11.397][info ][command:null][tid:283][com.facebook.buck.io.Watchman] Took 0 ms to query capabilities {term-dirname=DIRNAME, cmd-watch-project=SUPPORTS_PROJECT_WATCH, wildmatch=WILDMATCH_GLOB, wildmatch_multislash=WILDMATCH_MULTISLASH, glob_generator=GLOB_GENERATOR, clock-sync-timeout=CLOCK_SYNC_TIMEOUT}
[2017-12-22 14:25:11.397][debug][command:null][tid:283][com.facebook.buck.io.Watchman] Got capabilities response: {clock-sync-timeout=true, glob_generator=true, wildmatch_multislash=false, cmd-watch-project=true, wildmatch=true, term-dirname=true}
[2017-12-22 14:25:11.397][debug][command:null][tid:283][com.facebook.buck.io.Watchman] Got Watchman capabilities: [CLOCK_SYNC_TIMEOUT, GLOB_GENERATOR, SUPPORTS_PROJECT_WATCH, WILDMATCH_GLOB, DIRNAME]
[2017-12-22 14:25:11.397][info ][command:null][tid:283][com.facebook.buck.io.Watchman] Adding watchman root: /Users/remirobert/dev/Dog-project
[2017-12-22 14:25:11.397][debug][command:null][tid:293][com.facebook.buck.io.WatchmanTransportClient] Sending query: [watch-project, /Users/remirobert/dev/Dog-project]
[2017-12-22 14:25:11.398][debug][command:null][tid:283][com.facebook.buck.io.WatchmanTransportClient] Query [watch-project, /Users/remirobert/dev/Dog-project] returned in 0 ms
[2017-12-22 14:25:11.398][debug][command:null][tid:293][com.facebook.buck.io.WatchmanTransportClient] Sending query: [watch-project, /Users/remirobert/dev/Dog-project]
[2017-12-22 14:25:11.398][debug][command:null][tid:283][com.facebook.buck.io.WatchmanTransportClient] Query [watch-project, /Users/remirobert/dev/Dog-project] returned in 0 ms
[2017-12-22 14:25:11.398][info ][command:null][tid:283][com.facebook.buck.io.Watchman] Took 0 ms to add root /Users/remirobert/dev/Dog-project
[2017-12-22 14:25:11.398][debug][command:null][tid:293][com.facebook.buck.io.WatchmanTransportClient] Sending query: [clock, /Users/remirobert/dev/Dog-project, {sync_timeout=100}]
[2017-12-22 14:25:11.406][debug][command:null][tid:283][com.facebook.buck.io.WatchmanTransportClient] Query [clock, /Users/remirobert/dev/Dog-project, {sync_timeout=100}] returned in 7 ms
[2017-12-22 14:25:11.406][info ][command:null][tid:283][com.facebook.buck.io.Watchman] Took 7 ms to query for initial clock id Optional[c:1513586676:1188:9:306]
[2017-12-22 14:25:11.406][debug][command:null][tid:283][com.facebook.buck.cli.Main] Watchman capabilities: [CLOCK_SYNC_TIMEOUT, GLOB_GENERATOR, SUPPORTS_PROJECT_WATCH, WILDMATCH_GLOB, DIRNAME] Project watches: {/Users/remirobert/dev/Dog-project=ProjectWatch{watchRoot=/Users/remirobert/dev/Dog-project}} Glob handler config: PYTHON Query timeout ms config: Optional.empty
[2017-12-22 14:25:11.411][debug][command:2b6aebd9-1f98-4b75-adb1-3ffaf3d32a67][tid:283][com.facebook.buck.event.listener.SuperConsoleEventBusListener] Starting render scheduler (interval 100 ms)
[2017-12-22 14:25:11.412][debug][command:2b6aebd9-1f98-4b75-adb1-3ffaf3d32a67][tid:283][com.google.common.util.concurrent.ServiceManager] Starting PerfStatsTracking [RUNNING].
[2017-12-22 14:25:11.412][debug][command:null][tid:297][com.google.common.util.concurrent.ServiceManager] Started PerfStatsTracking [RUNNING] in 671.6 Î¼s.
[2017-12-22 14:25:11.413][debug][command:null][tid:298][com.facebook.buck.util.perf.ProcessTracker] startUp
[2017-12-22 14:25:11.413][debug][command:2b6aebd9-1f98-4b75-adb1-3ffaf3d32a67][tid:283][com.google.common.util.concurrent.ServiceManager] Starting ProcessTracker [STARTING].
[2017-12-22 14:25:11.413][debug][command:2b6aebd9-1f98-4b75-adb1-3ffaf3d32a67][tid:283][com.facebook.buck.cli.Main] InvocationInfo BuildId=[2b6aebd9-1f98-4b75-adb1-3ffaf3d32a67] Args=[test, :app]
[2017-12-22 14:25:11.413][debug][command:2b6aebd9-1f98-4b75-adb1-3ffaf3d32a67][tid:283][com.facebook.buck.util.environment.MacWifiSsidFinder] Getting current SSID..
[2017-12-22 14:25:11.414][debug][command:null][tid:298][com.google.common.util.concurrent.ServiceManager] Started ProcessTracker [RUNNING] in 1.767 ms.
[2017-12-22 14:25:11.414][debug][command:2b6aebd9-1f98-4b75-adb1-3ffaf3d32a67][tid:283][com.facebook.buck.util.environment.MacWifiSsidFinder] Getting SSID from Wi-Fi interface: <CWInterface: 0x7fbf5e18a2f0> [interfaceName=en0]
[2017-12-22 14:25:11.415][debug][command:2b6aebd9-1f98-4b75-adb1-3ffaf3d32a67][tid:283][com.facebook.buck.util.environment.MacWifiSsidFinder] Found SSID: A2975
[2017-12-22 14:25:11.419][warn ][command:null][tid:301][com.facebook.buck.event.listener.PublicAnnouncementManager] Failed to get public announcements. Reason: Failed to establish connection to server.
[2017-12-22 14:25:11.420][info ][command:null][tid:302][com.facebook.buck.util.versioncontrol.VersionControlStatsGenerator] Starting generation of version control stats.
[2017-12-22 14:25:11.421][debug][command:null][tid:302][com.facebook.buck.util.versioncontrol.VersionControlCmdLineInterface] Executing command: hg log -l 1 --template {node|short}
[2017-12-22 14:25:11.423][debug][command:2b6aebd9-1f98-4b75-adb1-3ffaf3d32a67][tid:283][com.facebook.buck.parser.Parser] com.facebook.buck.event.DefaultBuckEventBus@1d7325f0
[2017-12-22 14:25:11.424][debug][command:null][tid:293][com.facebook.buck.io.WatchmanTransportClient] Sending query: [query, /Users/remirobert/dev/Dog-project, {since=c:1513586676:1188:9:292, expression=[not, [anyof, [type, d], [dirname, .idea], [dirname, .buckd], [dirname, buck-out/cache], [dirname, .git], [dirname, .hg], [dirname, buck-out/.trash], [dirname, buck-out], [match, **/*.pbxproj, wholename, {includedotfiles=true}], [match, **/*.xcscheme, wholename, {includedotfiles=true}], [match, **/*.xcworkspacedata, wholename, {includedotfiles=true}], [match, **/*~, wholename, {includedotfiles=true}], [match, **/#*#, wholename, {includedotfiles=true}], [match, **/.#*, wholename, {includedotfiles=true}], [match, **/*.swo, wholename, {includedotfiles=true}], [match, **/*.swp, wholename, {includedotfiles=true}], [match, **/*.swpx, wholename, {includedotfiles=true}], [match, **/*.un~, wholename, {includedotfiles=true}], [match, **/.netrhwist, wholename, {includedotfiles=true}], [match, .idea, wholename, {includedotfiles=true}], [match, .iml, wholename, {includedotfiles=true}], [match, **/*.pydevproject, wholename, {includedotfiles=true}], [match, .project, wholename, {includedotfiles=true}], [match, .metadata, wholename, {includedotfiles=true}], [match, **/*.tmp, wholename, {includedotfiles=true}], [match, **/*.bak, wholename, {includedotfiles=true}], [match, **/*~.nib, wholename, {includedotfiles=true}], [match, .classpath, wholename, {includedotfiles=true}], [match, .settings, wholename, {includedotfiles=true}], [match, .loadpath, wholename, {includedotfiles=true}], [match, .externalToolBuilders, wholename, {includedotfiles=true}], [match, .cproject, wholename, {includedotfiles=true}], [match, .buildpath, wholename, {includedotfiles=true}], [match, .DS_Store, wholename, {includedotfiles=true}], [match, .AppleDouble, wholename, {includedotfiles=true}], [match, .LSOverride, wholename, {includedotfiles=true}], [match, .Spotlight-V100, wholename, {includedotfiles=true}], [match, .Trashes, wholename, {includedotfiles=true}], [match, $RECYCLE.BIN, wholename, {includedotfiles=true}], [match, .*.sublime-workspace, wholename, {includedotfiles=true}]]], empty_on_fresh_instance=true, fields=[name, exists, new]}]
[2017-12-22 14:25:11.434][warn ][command:null][tid:302][com.facebook.buck.util.versioncontrol.DelegatingVersionControlCmdLineInterface] Mercurial is the only VCS supported for VCS stats generation, however current project (which has enabled VCS stats generation in its .buckconfig) does not appear to be a Mercurial repository: 
com.facebook.buck.util.versioncontrol.VersionControlCommandFailedException: java.io.IOException: Cannot run program "hg" (in directory "/Users/remirobert/dev/Dog-project"): error=2, No such file or directory
[2017-12-22 14:25:11.434][debug][command:null][tid:302][com.facebook.buck.util.versioncontrol.DelegatingVersionControlCmdLineInterface] Using NoOpCmdLineInterface.
[2017-12-22 14:25:11.434][warn ][command:null][tid:302][com.facebook.buck.util.versioncontrol.VersionControlStatsGenerator] Skipping generation of version control stats as unsupported repository type.
[2017-12-22 14:25:11.434][debug][command:null][tid:302][com.facebook.buck.util.environment.MacNetworkConfiguration] Determine network service order and extract device names
[2017-12-22 14:25:11.434][debug][command:null][tid:302][com.facebook.buck.util.ListeningProcessExecutor] Launching process with params ProcessExecutorParams{command=[networksetup, -listnetworkserviceorder, ]}
[2017-12-22 14:25:11.440][debug][command:null][tid:302][com.facebook.buck.util.ListeningProcessExecutor] Successfully launched process com.zaxxer.nuprocess.osx.OsxProcess@2680211e
[2017-12-22 14:25:11.440][debug][command:null][tid:302][com.facebook.buck.util.ListeningProcessExecutor] Waiting for process com.facebook.buck.util.ListeningProcessExecutor$LaunchedProcessImpl@22bfa116 timeout 1000 MILLISECONDS
[2017-12-22 14:25:11.441][debug][command:2b6aebd9-1f98-4b75-adb1-3ffaf3d32a67][tid:283][com.facebook.buck.io.WatchmanTransportClient] Query [query, /Users/remirobert/dev/Dog-project, {since=c:1513586676:1188:9:292, expression=[not, [anyof, [type, d], [dirname, .idea], [dirname, .buckd], [dirname, buck-out/cache], [dirname, .git], [dirname, .hg], [dirname, buck-out/.trash], [dirname, buck-out], [match, **/*.pbxproj, wholename, {includedotfiles=true}], [match, **/*.xcscheme, wholename, {includedotfiles=true}], [match, **/*.xcworkspacedata, wholename, {includedotfiles=true}], [match, **/*~, wholename, {includedotfiles=true}], [match, **/#*#, wholename, {includedotfiles=true}], [match, **/.#*, wholename, {includedotfiles=true}], [match, **/*.swo, wholename, {includedotfiles=true}], [match, **/*.swp, wholename, {includedotfiles=true}], [match, **/*.swpx, wholename, {includedotfiles=true}], [match, **/*.un~, wholename, {includedotfiles=true}], [match, **/.netrhwist, wholename, {includedotfiles=true}], [match, .idea, wholename, {includedotfiles=true}], [match, .iml, wholename, {includedotfiles=true}], [match, **/*.pydevproject, wholename, {includedotfiles=true}], [match, .project, wholename, {includedotfiles=true}], [match, .metadata, wholename, {includedotfiles=true}], [match, **/*.tmp, wholename, {includedotfiles=true}], [match, **/*.bak, wholename, {includedotfiles=true}], [match, **/*~.nib, wholename, {includedotfiles=true}], [match, .classpath, wholename, {includedotfiles=true}], [match, .settings, wholename, {includedotfiles=true}], [match, .loadpath, wholename, {includedotfiles=true}], [match, .externalToolBuilders, wholename, {includedotfiles=true}], [match, .cproject, wholename, {includedotfiles=true}], [match, .buildpath, wholename, {includedotfiles=true}], [match, .DS_Store, wholename, {includedotfiles=true}], [match, .AppleDouble, wholename, {includedotfiles=true}], [match, .LSOverride, wholename, {includedotfiles=true}], [match, .Spotlight-V100, wholename, {includedotfiles=true}], [match, .Trashes, wholename, {includedotfiles=true}], [match, $RECYCLE.BIN, wholename, {includedotfiles=true}], [match, .*.sublime-workspace, wholename, {includedotfiles=true}]]], empty_on_fresh_instance=true, fields=[name, exists, new]}] returned in 18 ms
[2017-12-22 14:25:11.441][debug][command:2b6aebd9-1f98-4b75-adb1-3ffaf3d32a67][tid:283][com.facebook.buck.io.WatchmanWatcher] Updating Watchman Cursor from c:1513586676:1188:9:292 to c:1513586676:1188:9:309
[2017-12-22 14:25:11.441][warn ][command:2b6aebd9-1f98-4b75-adb1-3ffaf3d32a67][tid:283][com.facebook.buck.io.WatchmanWatcher] Posting WatchEvent: WatchmanPathEvent{cellPath=/Users/remirobert/dev/Dog-project, kind=MODIFY, path=BUCK}
[2017-12-22 14:25:11.441][debug][command:2b6aebd9-1f98-4b75-adb1-3ffaf3d32a67][tid:283][com.facebook.buck.parser.DaemonicCellState] Invalidating target for path /Users/remirobert/dev/Dog-project/BUCK: //:appTests
[2017-12-22 14:25:11.441][debug][command:2b6aebd9-1f98-4b75-adb1-3ffaf3d32a67][tid:283][com.facebook.buck.parser.DaemonicCellState] Invalidating target for path /Users/remirobert/dev/Dog-project/BUCK: //:Assets
[2017-12-22 14:25:11.442][debug][command:2b6aebd9-1f98-4b75-adb1-3ffaf3d32a67][tid:283][com.facebook.buck.parser.DaemonicCellState] Invalidating target for path /Users/remirobert/dev/Dog-project/BUCK: //:app
[2017-12-22 14:25:11.442][debug][command:2b6aebd9-1f98-4b75-adb1-3ffaf3d32a67][tid:283][com.facebook.buck.parser.DaemonicCellState] Invalidating target for path /Users/remirobert/dev/Dog-project/BUCK: //:appResources
[2017-12-22 14:25:11.442][debug][command:2b6aebd9-1f98-4b75-adb1-3ffaf3d32a67][tid:283][com.facebook.buck.parser.DaemonicCellState] Invalidating target for path /Users/remirobert/dev/Dog-project/BUCK: //:appPackage
[2017-12-22 14:25:11.442][debug][command:2b6aebd9-1f98-4b75-adb1-3ffaf3d32a67][tid:283][com.facebook.buck.parser.DaemonicCellState] Invalidating target for path /Users/remirobert/dev/Dog-project/BUCK: //:appBinary
[2017-12-22 14:25:11.442][debug][command:2b6aebd9-1f98-4b75-adb1-3ffaf3d32a67][tid:283][com.facebook.buck.io.WatchmanWatcher] Posted 1 Watchman events.
[2017-12-22 14:25:11.443][debug][command:2b6aebd9-1f98-4b75-adb1-3ffaf3d32a67][tid:283][com.facebook.buck.cli.TestCommand] Running with arguments [:app]
[2017-12-22 14:25:11.443][debug][command:2b6aebd9-1f98-4b75-adb1-3ffaf3d32a67][tid:283][com.facebook.buck.cli.TestCommand] Parsing graph for arguments [:app]
[2017-12-22 14:25:11.443][info ][command:2b6aebd9-1f98-4b75-adb1-3ffaf3d32a67][tid:303][com.facebook.buck.event.listener.LoggingBuildListener] Build started at 2017-12-22 14:25:11.443
[2017-12-22 14:25:11.444][debug][command:2b6aebd9-1f98-4b75-adb1-3ffaf3d32a67][tid:283][com.facebook.buck.apple.AppleCxxPlatforms] SDK AppleSdk{name=appletvos11.2, version=11.2, applePlatform=ApplePlatform{name=appletvos, provisioningProfileName=tvOS, architectures=[arm64], minVersionFlagPrefix=-mtvos-version-min=, appIncludesFrameworks=false}, architectures=[arm64], toolchains=[AppleToolchain{identifier=com.apple.dt.toolchain.XcodeDefault, path=/Applications/Xcode.app/Contents/Developer/Toolchains/XcodeDefault.xctoolchain}]} using default version 11.2
[2017-12-22 14:25:11.448][debug][command:2b6aebd9-1f98-4b75-adb1-3ffaf3d32a67][tid:283][com.facebook.buck.apple.AppleCxxPlatforms] Xcode build version is: 9C40b
[2017-12-22 14:25:11.455][debug][command:2b6aebd9-1f98-4b75-adb1-3ffaf3d32a67][tid:283][com.facebook.buck.apple.AppleCxxPlatforms] Apple toolchain path: /Applications/Xcode.app/Contents/Developer/Toolchains/XcodeDefault.xctoolchain
[2017-12-22 14:25:11.456][debug][command:2b6aebd9-1f98-4b75-adb1-3ffaf3d32a67][tid:283][com.facebook.buck.apple.AppleCxxPlatforms] Headers verification platform whitelist: [^\Q/Applications/Xcode.app/Contents/Developer/Platforms/AppleTVOS.platform/Developer/Library/Frameworks\E\/.*, ^\Q/Applications/Xcode.app/Contents/Developer/Platforms/AppleTVOS.platform/Developer/SDKs/AppleTVOS.sdk\E\/.*, ^\Q/Applications/Xcode.app/Contents/Developer/Toolchains/XcodeDefault.xctoolchain\E\/.*]
[2017-12-22 14:25:11.458][debug][command:2b6aebd9-1f98-4b75-adb1-3ffaf3d32a67][tid:283][com.facebook.buck.apple.AppleCxxPlatforms] SDK AppleSdk{name=iphoneos11.2, version=11.2, applePlatform=ApplePlatform{name=iphoneos, swiftName=ios, provisioningProfileName=iOS, architectures=[armv7, arm64], minVersionFlagPrefix=-mios-version-min=, stubBinaryPath=Library/Application Support/WatchKit/WK, appIncludesFrameworks=false}, architectures=[armv7, arm64], toolchains=[AppleToolchain{identifier=com.apple.dt.toolchain.XcodeDefault, path=/Applications/Xcode.app/Contents/Developer/Toolchains/XcodeDefault.xctoolchain}]} using default version 11.2
[2017-12-22 14:25:11.459][debug][command:2b6aebd9-1f98-4b75-adb1-3ffaf3d32a67][tid:283][com.facebook.buck.apple.AppleCxxPlatforms] Xcode build version is: 9C40b
[2017-12-22 14:25:11.462][debug][command:2b6aebd9-1f98-4b75-adb1-3ffaf3d32a67][tid:283][com.facebook.buck.apple.AppleCxxPlatforms] Apple toolchain path: /Applications/Xcode.app/Contents/Developer/Toolchains/XcodeDefault.xctoolchain
[2017-12-22 14:25:11.462][debug][command:2b6aebd9-1f98-4b75-adb1-3ffaf3d32a67][tid:283][com.facebook.buck.apple.AppleCxxPlatforms] Headers verification platform whitelist: [^\Q/Applications/Xcode.app/Contents/Developer/Platforms/iPhoneOS.platform/Developer/Library/Frameworks\E\/.*, ^\Q/Applications/Xcode.app/Contents/Developer/Platforms/iPhoneOS.platform/Developer/SDKs/iPhoneOS.sdk\E\/.*, ^\Q/Applications/Xcode.app/Contents/Developer/Toolchains/XcodeDefault.xctoolchain\E\/.*]
[2017-12-22 14:25:11.463][debug][command:2b6aebd9-1f98-4b75-adb1-3ffaf3d32a67][tid:283][com.facebook.buck.apple.AppleCxxPlatforms] Xcode build version is: 9C40b
[2017-12-22 14:25:11.465][debug][command:2b6aebd9-1f98-4b75-adb1-3ffaf3d32a67][tid:283][com.facebook.buck.apple.AppleCxxPlatforms] Apple toolchain path: /Applications/Xcode.app/Contents/Developer/Toolchains/XcodeDefault.xctoolchain
[2017-12-22 14:25:11.466][debug][command:2b6aebd9-1f98-4b75-adb1-3ffaf3d32a67][tid:283][com.facebook.buck.apple.AppleCxxPlatforms] Headers verification platform whitelist: [^\Q/Applications/Xcode.app/Contents/Developer/Platforms/iPhoneOS.platform/Developer/Library/Frameworks\E\/.*, ^\Q/Applications/Xcode.app/Contents/Developer/Platforms/iPhoneOS.platform/Developer/SDKs/iPhoneOS.sdk\E\/.*, ^\Q/Applications/Xcode.app/Contents/Developer/Toolchains/XcodeDefault.xctoolchain\E\/.*]
[2017-12-22 14:25:11.466][debug][command:2b6aebd9-1f98-4b75-adb1-3ffaf3d32a67][tid:283][com.facebook.buck.apple.AppleCxxPlatforms] SDK AppleSdk{name=watchos4.2, version=4.2, applePlatform=ApplePlatform{name=watchos, provisioningProfileName=iOS, architectures=[armv7k], minVersionFlagPrefix=-mwatchos-version-min=, stubBinaryPath=Library/Application Support/WatchKit/WK, appIncludesFrameworks=false}, architectures=[armv7k], toolchains=[AppleToolchain{identifier=com.apple.dt.toolchain.XcodeDefault, path=/Applications/Xcode.app/Contents/Developer/Toolchains/XcodeDefault.xctoolchain}]} using default version 4.2
[2017-12-22 14:25:11.471][debug][command:2b6aebd9-1f98-4b75-adb1-3ffaf3d32a67][tid:283][com.facebook.buck.apple.AppleCxxPlatforms] Xcode build version is: 9C40b
[2017-12-22 14:25:11.474][debug][command:2b6aebd9-1f98-4b75-adb1-3ffaf3d32a67][tid:283][com.facebook.buck.apple.AppleCxxPlatforms] Apple toolchain path: /Applications/Xcode.app/Contents/Developer/Toolchains/XcodeDefault.xctoolchain
[2017-12-22 14:25:11.474][debug][command:2b6aebd9-1f98-4b75-adb1-3ffaf3d32a67][tid:283][com.facebook.buck.apple.AppleCxxPlatforms] Headers verification platform whitelist: [^\Q/Applications/Xcode.app/Contents/Developer/Platforms/WatchOS.platform/Developer/Library/Frameworks\E\/.*, ^\Q/Applications/Xcode.app/Contents/Developer/Platforms/WatchOS.platform/Developer/SDKs/WatchOS.sdk\E\/.*, ^\Q/Applications/Xcode.app/Contents/Developer/Toolchains/XcodeDefault.xctoolchain\E\/.*]
[2017-12-22 14:25:11.477][debug][command:2b6aebd9-1f98-4b75-adb1-3ffaf3d32a67][tid:283][com.facebook.buck.apple.AppleCxxPlatforms] SDK AppleSdk{name=macosx10.13, version=10.13, applePlatform=ApplePlatform{name=macosx, architectures=[i386, x86_64], minVersionFlagPrefix=-mmacosx-version-min=, appIncludesFrameworks=true}, architectures=[i386, x86_64], toolchains=[AppleToolchain{identifier=com.apple.dt.toolchain.XcodeDefault, path=/Applications/Xcode.app/Contents/Developer/Toolchains/XcodeDefault.xctoolchain}]} using default version 10.13
[2017-12-22 14:25:11.478][debug][command:2b6aebd9-1f98-4b75-adb1-3ffaf3d32a67][tid:283][com.facebook.buck.apple.AppleCxxPlatforms] Xcode build version is: 9C40b
[2017-12-22 14:25:11.481][warn ][command:2b6aebd9-1f98-4b75-adb1-3ffaf3d32a67][tid:283][com.facebook.buck.apple.AppleCxxPlatforms] In /Applications/Xcode.app/Contents/Developer/Platforms/MacOSX.platform/version.plist, missing ProductBuildVersion. Build version will be unset for this platform.
[2017-12-22 14:25:11.481][debug][command:2b6aebd9-1f98-4b75-adb1-3ffaf3d32a67][tid:283][com.facebook.buck.apple.AppleCxxPlatforms] Apple toolchain path: /Applications/Xcode.app/Contents/Developer/Toolchains/XcodeDefault.xctoolchain
[2017-12-22 14:25:11.481][debug][command:2b6aebd9-1f98-4b75-adb1-3ffaf3d32a67][tid:283][com.facebook.buck.apple.AppleCxxPlatforms] Headers verification platform whitelist: [^\Q/Applications/Xcode.app/Contents/Developer/Platforms/MacOSX.platform/Developer/Library/Frameworks\E\/.*, ^\Q/Applications/Xcode.app/Contents/Developer/Platforms/MacOSX.platform/Developer/SDKs/MacOSX.sdk\E\/.*, ^\Q/Applications/Xcode.app/Contents/Developer/Toolchains/XcodeDefault.xctoolchain\E\/.*]
[2017-12-22 14:25:11.483][debug][command:2b6aebd9-1f98-4b75-adb1-3ffaf3d32a67][tid:283][com.facebook.buck.apple.AppleCxxPlatforms] Xcode build version is: 9C40b
[2017-12-22 14:25:11.485][warn ][command:2b6aebd9-1f98-4b75-adb1-3ffaf3d32a67][tid:283][com.facebook.buck.apple.AppleCxxPlatforms] In /Applications/Xcode.app/Contents/Developer/Platforms/MacOSX.platform/version.plist, missing ProductBuildVersion. Build version will be unset for this platform.
[2017-12-22 14:25:11.485][debug][command:2b6aebd9-1f98-4b75-adb1-3ffaf3d32a67][tid:283][com.facebook.buck.apple.AppleCxxPlatforms] Apple toolchain path: /Applications/Xcode.app/Contents/Developer/Toolchains/XcodeDefault.xctoolchain
[2017-12-22 14:25:11.485][debug][command:2b6aebd9-1f98-4b75-adb1-3ffaf3d32a67][tid:283][com.facebook.buck.apple.AppleCxxPlatforms] Headers verification platform whitelist: [^\Q/Applications/Xcode.app/Contents/Developer/Platforms/MacOSX.platform/Developer/Library/Frameworks\E\/.*, ^\Q/Applications/Xcode.app/Contents/Developer/Platforms/MacOSX.platform/Developer/SDKs/MacOSX.sdk\E\/.*, ^\Q/Applications/Xcode.app/Contents/Developer/Toolchains/XcodeDefault.xctoolchain\E\/.*]
[2017-12-22 14:25:11.485][debug][command:2b6aebd9-1f98-4b75-adb1-3ffaf3d32a67][tid:283][com.facebook.buck.apple.AppleCxxPlatforms] SDK AppleSdk{name=watchsimulator4.2, version=4.2, applePlatform=ApplePlatform{name=watchsimulator, architectures=[i386], minVersionFlagPrefix=-mwatchos-simulator-version-min=, stubBinaryPath=Library/Application Support/WatchKit/WK, appIncludesFrameworks=false}, architectures=[i386], toolchains=[AppleToolchain{identifier=com.apple.dt.toolchain.XcodeDefault, path=/Applications/Xcode.app/Contents/Developer/Toolchains/XcodeDefault.xctoolchain}]} using default version 4.2
[2017-12-22 14:25:11.486][debug][command:2b6aebd9-1f98-4b75-adb1-3ffaf3d32a67][tid:283][com.facebook.buck.apple.AppleCxxPlatforms] Xcode build version is: 9C40b
[2017-12-22 14:25:11.489][debug][command:2b6aebd9-1f98-4b75-adb1-3ffaf3d32a67][tid:283][com.facebook.buck.apple.AppleCxxPlatforms] Apple toolchain path: /Applications/Xcode.app/Contents/Developer/Toolchains/XcodeDefault.xctoolchain
[2017-12-22 14:25:11.490][debug][command:2b6aebd9-1f98-4b75-adb1-3ffaf3d32a67][tid:283][com.facebook.buck.apple.AppleCxxPlatforms] Headers verification platform whitelist: [^\Q/Applications/Xcode.app/Contents/Developer/Platforms/WatchSimulator.platform/Developer/Library/Frameworks\E\/.*, ^\Q/Applications/Xcode.app/Contents/Developer/Platforms/WatchSimulator.platform/Developer/SDKs/WatchSimulator.sdk\E\/.*, ^\Q/Applications/Xcode.app/Contents/Developer/Toolchains/XcodeDefault.xctoolchain\E\/.*]
[2017-12-22 14:25:11.490][debug][command:2b6aebd9-1f98-4b75-adb1-3ffaf3d32a67][tid:283][com.facebook.buck.apple.AppleCxxPlatforms] SDK AppleSdk{name=appletvsimulator11.2, version=11.2, applePlatform=ApplePlatform{name=appletvsimulator, swiftName=tvos, architectures=[x86_64], minVersionFlagPrefix=-mtvos-simulator-version-min=, appIncludesFrameworks=false}, architectures=[x86_64], toolchains=[AppleToolchain{identifier=com.apple.dt.toolchain.XcodeDefault, path=/Applications/Xcode.app/Contents/Developer/Toolchains/XcodeDefault.xctoolchain}]} using default version 11.2
[2017-12-22 14:25:11.491][debug][command:2b6aebd9-1f98-4b75-adb1-3ffaf3d32a67][tid:283][com.facebook.buck.apple.AppleCxxPlatforms] Xcode build version is: 9C40b
[2017-12-22 14:25:11.492][warn ][command:2b6aebd9-1f98-4b75-adb1-3ffaf3d32a67][tid:283][com.facebook.buck.apple.AppleCxxPlatforms] /Applications/Xcode.app/Contents/Developer/Platforms/AppleTVSimulator.platform/version.plist does not exist. Build version will be unset for this platform.
[2017-12-22 14:25:11.492][debug][command:2b6aebd9-1f98-4b75-adb1-3ffaf3d32a67][tid:283][com.facebook.buck.apple.AppleCxxPlatforms] Apple toolchain path: /Applications/Xcode.app/Contents/Developer/Toolchains/XcodeDefault.xctoolchain
[2017-12-22 14:25:11.493][debug][command:2b6aebd9-1f98-4b75-adb1-3ffaf3d32a67][tid:283][com.facebook.buck.apple.AppleCxxPlatforms] Headers verification platform whitelist: [^\Q/Applications/Xcode.app/Contents/Developer/Platforms/AppleTVSimulator.platform/Developer/Library/Frameworks\E\/.*, ^\Q/Applications/Xcode.app/Contents/Developer/Platforms/AppleTVSimulator.platform/Developer/SDKs/AppleTVSimulator.sdk\E\/.*, ^\Q/Applications/Xcode.app/Contents/Developer/Toolchains/XcodeDefault.xctoolchain\E\/.*]
[2017-12-22 14:25:11.493][debug][command:2b6aebd9-1f98-4b75-adb1-3ffaf3d32a67][tid:283][com.facebook.buck.apple.AppleCxxPlatforms] SDK AppleSdk{name=iphonesimulator11.2, version=11.2, applePlatform=ApplePlatform{name=iphonesimulator, swiftName=ios, architectures=[i386, x86_64], minVersionFlagPrefix=-mios-simulator-version-min=, stubBinaryPath=Library/Application Support/WatchKit/WK, appIncludesFrameworks=false}, architectures=[i386, x86_64], toolchains=[AppleToolchain{identifier=com.apple.dt.toolchain.XcodeDefault, path=/Applications/Xcode.app/Contents/Developer/Toolchains/XcodeDefault.xctoolchain}]} using default version 11.2
[2017-12-22 14:25:11.494][debug][command:2b6aebd9-1f98-4b75-adb1-3ffaf3d32a67][tid:283][com.facebook.buck.apple.AppleCxxPlatforms] Xcode build version is: 9C40b
[2017-12-22 14:25:11.498][warn ][command:2b6aebd9-1f98-4b75-adb1-3ffaf3d32a67][tid:283][com.facebook.buck.apple.AppleCxxPlatforms] /Applications/Xcode.app/Contents/Developer/Platforms/iPhoneSimulator.platform/version.plist does not exist. Build version will be unset for this platform.
[2017-12-22 14:25:11.498][debug][command:2b6aebd9-1f98-4b75-adb1-3ffaf3d32a67][tid:283][com.facebook.buck.apple.AppleCxxPlatforms] Apple toolchain path: /Applications/Xcode.app/Contents/Developer/Toolchains/XcodeDefault.xctoolchain
[2017-12-22 14:25:11.498][debug][command:2b6aebd9-1f98-4b75-adb1-3ffaf3d32a67][tid:283][com.facebook.buck.apple.AppleCxxPlatforms] Headers verification platform whitelist: [^\Q/Applications/Xcode.app/Contents/Developer/Platforms/iPhoneSimulator.platform/Developer/Library/Frameworks\E\/.*, ^\Q/Applications/Xcode.app/Contents/Developer/Platforms/iPhoneSimulator.platform/Developer/SDKs/iPhoneSimulator.sdk\E\/.*, ^\Q/Applications/Xcode.app/Contents/Developer/Toolchains/XcodeDefault.xctoolchain\E\/.*]
[2017-12-22 14:25:11.500][debug][command:2b6aebd9-1f98-4b75-adb1-3ffaf3d32a67][tid:283][com.facebook.buck.apple.AppleCxxPlatforms] Xcode build version is: 9C40b
[2017-12-22 14:25:11.501][warn ][command:2b6aebd9-1f98-4b75-adb1-3ffaf3d32a67][tid:283][com.facebook.buck.apple.AppleCxxPlatforms] /Applications/Xcode.app/Contents/Developer/Platforms/iPhoneSimulator.platform/version.plist does not exist. Build version will be unset for this platform.
[2017-12-22 14:25:11.501][debug][command:2b6aebd9-1f98-4b75-adb1-3ffaf3d32a67][tid:283][com.facebook.buck.apple.AppleCxxPlatforms] Apple toolchain path: /Applications/Xcode.app/Contents/Developer/Toolchains/XcodeDefault.xctoolchain
[2017-12-22 14:25:11.501][debug][command:2b6aebd9-1f98-4b75-adb1-3ffaf3d32a67][tid:283][com.facebook.buck.apple.AppleCxxPlatforms] Headers verification platform whitelist: [^\Q/Applications/Xcode.app/Contents/Developer/Platforms/iPhoneSimulator.platform/Developer/Library/Frameworks\E\/.*, ^\Q/Applications/Xcode.app/Contents/Developer/Platforms/iPhoneSimulator.platform/Developer/SDKs/iPhoneSimulator.sdk\E\/.*, ^\Q/Applications/Xcode.app/Contents/Developer/Toolchains/XcodeDefault.xctoolchain\E\/.*]
[2017-12-22 14:25:11.502][debug][command:2b6aebd9-1f98-4b75-adb1-3ffaf3d32a67][tid:283][com.facebook.buck.apple.AppleCxxPlatforms] SDK AppleSdk{name=appletvos, version=11.2, applePlatform=ApplePlatform{name=appletvos, provisioningProfileName=tvOS, architectures=[arm64], minVersionFlagPrefix=-mtvos-version-min=, appIncludesFrameworks=false}, architectures=[arm64], toolchains=[AppleToolchain{identifier=com.apple.dt.toolchain.XcodeDefault, path=/Applications/Xcode.app/Contents/Developer/Toolchains/XcodeDefault.xctoolchain}]} using default version 11.2
[2017-12-22 14:25:11.503][debug][command:2b6aebd9-1f98-4b75-adb1-3ffaf3d32a67][tid:283][com.facebook.buck.apple.AppleCxxPlatforms] Xcode build version is: 9C40b
[2017-12-22 14:25:11.504][debug][command:2b6aebd9-1f98-4b75-adb1-3ffaf3d32a67][tid:283][com.facebook.buck.apple.AppleCxxPlatforms] Apple toolchain path: /Applications/Xcode.app/Contents/Developer/Toolchains/XcodeDefault.xctoolchain
[2017-12-22 14:25:11.504][debug][command:2b6aebd9-1f98-4b75-adb1-3ffaf3d32a67][tid:283][com.facebook.buck.apple.AppleCxxPlatforms] Headers verification platform whitelist: [^\Q/Applications/Xcode.app/Contents/Developer/Platforms/AppleTVOS.platform/Developer/Library/Frameworks\E\/.*, ^\Q/Applications/Xcode.app/Contents/Developer/Platforms/AppleTVOS.platform/Developer/SDKs/AppleTVOS.sdk\E\/.*, ^\Q/Applications/Xcode.app/Contents/Developer/Toolchains/XcodeDefault.xctoolchain\E\/.*]
[2017-12-22 14:25:11.505][debug][command:2b6aebd9-1f98-4b75-adb1-3ffaf3d32a67][tid:283][com.facebook.buck.apple.AppleCxxPlatforms] SDK AppleSdk{name=appletvsimulator, version=11.2, applePlatform=ApplePlatform{name=appletvsimulator, swiftName=tvos, architectures=[x86_64], minVersionFlagPrefix=-mtvos-simulator-version-min=, appIncludesFrameworks=false}, architectures=[x86_64], toolchains=[AppleToolchain{identifier=com.apple.dt.toolchain.XcodeDefault, path=/Applications/Xcode.app/Contents/Developer/Toolchains/XcodeDefault.xctoolchain}]} using default version 11.2
[2017-12-22 14:25:11.506][debug][command:2b6aebd9-1f98-4b75-adb1-3ffaf3d32a67][tid:283][com.facebook.buck.apple.AppleCxxPlatforms] Xcode build version is: 9C40b
[2017-12-22 14:25:11.507][warn ][command:2b6aebd9-1f98-4b75-adb1-3ffaf3d32a67][tid:283][com.facebook.buck.apple.AppleCxxPlatforms] /Applications/Xcode.app/Contents/Developer/Platforms/AppleTVSimulator.platform/version.plist does not exist. Build version will be unset for this platform.
[2017-12-22 14:25:11.507][debug][command:2b6aebd9-1f98-4b75-adb1-3ffaf3d32a67][tid:283][com.facebook.buck.apple.AppleCxxPlatforms] Apple toolchain path: /Applications/Xcode.app/Contents/Developer/Toolchains/XcodeDefault.xctoolchain
[2017-12-22 14:25:11.507][debug][command:2b6aebd9-1f98-4b75-adb1-3ffaf3d32a67][tid:283][com.facebook.buck.apple.AppleCxxPlatforms] Headers verification platform whitelist: [^\Q/Applications/Xcode.app/Contents/Developer/Platforms/AppleTVSimulator.platform/Developer/Library/Frameworks\E\/.*, ^\Q/Applications/Xcode.app/Contents/Developer/Platforms/AppleTVSimulator.platform/Developer/SDKs/AppleTVSimulator.sdk\E\/.*, ^\Q/Applications/Xcode.app/Contents/Developer/Toolchains/XcodeDefault.xctoolchain\E\/.*]
[2017-12-22 14:25:11.508][debug][command:2b6aebd9-1f98-4b75-adb1-3ffaf3d32a67][tid:283][com.facebook.buck.apple.AppleCxxPlatforms] SDK AppleSdk{name=iphoneos, version=11.2, applePlatform=ApplePlatform{name=iphoneos, swiftName=ios, provisioningProfileName=iOS, architectures=[armv7, arm64], minVersionFlagPrefix=-mios-version-min=, stubBinaryPath=Library/Application Support/WatchKit/WK, appIncludesFrameworks=false}, architectures=[armv7, arm64], toolchains=[AppleToolchain{identifier=com.apple.dt.toolchain.XcodeDefault, path=/Applications/Xcode.app/Contents/Developer/Toolchains/XcodeDefault.xctoolchain}]} using default version 11.2
[2017-12-22 14:25:11.509][debug][command:2b6aebd9-1f98-4b75-adb1-3ffaf3d32a67][tid:283][com.facebook.buck.apple.AppleCxxPlatforms] Xcode build version is: 9C40b
[2017-12-22 14:25:11.511][debug][command:2b6aebd9-1f98-4b75-adb1-3ffaf3d32a67][tid:283][com.facebook.buck.apple.AppleCxxPlatforms] Apple toolchain path: /Applications/Xcode.app/Contents/Developer/Toolchains/XcodeDefault.xctoolchain
[2017-12-22 14:25:11.511][debug][command:2b6aebd9-1f98-4b75-adb1-3ffaf3d32a67][tid:283][com.facebook.buck.apple.AppleCxxPlatforms] Headers verification platform whitelist: [^\Q/Applications/Xcode.app/Contents/Developer/Platforms/iPhoneOS.platform/Developer/Library/Frameworks\E\/.*, ^\Q/Applications/Xcode.app/Contents/Developer/Platforms/iPhoneOS.platform/Developer/SDKs/iPhoneOS.sdk\E\/.*, ^\Q/Applications/Xcode.app/Contents/Developer/Toolchains/XcodeDefault.xctoolchain\E\/.*]
[2017-12-22 14:25:11.517][debug][command:2b6aebd9-1f98-4b75-adb1-3ffaf3d32a67][tid:283][com.facebook.buck.apple.AppleCxxPlatforms] Xcode build version is: 9C40b
[2017-12-22 14:25:11.519][debug][command:2b6aebd9-1f98-4b75-adb1-3ffaf3d32a67][tid:283][com.facebook.buck.apple.AppleCxxPlatforms] Apple toolchain path: /Applications/Xcode.app/Contents/Developer/Toolchains/XcodeDefault.xctoolchain
[2017-12-22 14:25:11.519][debug][command:2b6aebd9-1f98-4b75-adb1-3ffaf3d32a67][tid:283][com.facebook.buck.apple.AppleCxxPlatforms] Headers verification platform whitelist: [^\Q/Applications/Xcode.app/Contents/Developer/Platforms/iPhoneOS.platform/Developer/Library/Frameworks\E\/.*, ^\Q/Applications/Xcode.app/Contents/Developer/Platforms/iPhoneOS.platform/Developer/SDKs/iPhoneOS.sdk\E\/.*, ^\Q/Applications/Xcode.app/Contents/Developer/Toolchains/XcodeDefault.xctoolchain\E\/.*]
[2017-12-22 14:25:11.520][debug][command:2b6aebd9-1f98-4b75-adb1-3ffaf3d32a67][tid:283][com.facebook.buck.apple.AppleCxxPlatforms] SDK AppleSdk{name=iphonesimulator, version=11.2, applePlatform=ApplePlatform{name=iphonesimulator, swiftName=ios, architectures=[i386, x86_64], minVersionFlagPrefix=-mios-simulator-version-min=, stubBinaryPath=Library/Application Support/WatchKit/WK, appIncludesFrameworks=false}, architectures=[i386, x86_64], toolchains=[AppleToolchain{identifier=com.apple.dt.toolchain.XcodeDefault, path=/Applications/Xcode.app/Contents/Developer/Toolchains/XcodeDefault.xctoolchain}]} using default version 11.2
[2017-12-22 14:25:11.521][debug][command:2b6aebd9-1f98-4b75-adb1-3ffaf3d32a67][tid:283][com.facebook.buck.apple.AppleCxxPlatforms] Xcode build version is: 9C40b
[2017-12-22 14:25:11.522][warn ][command:2b6aebd9-1f98-4b75-adb1-3ffaf3d32a67][tid:283][com.facebook.buck.apple.AppleCxxPlatforms] /Applications/Xcode.app/Contents/Developer/Platforms/iPhoneSimulator.platform/version.plist does not exist. Build version will be unset for this platform.
[2017-12-22 14:25:11.522][debug][command:2b6aebd9-1f98-4b75-adb1-3ffaf3d32a67][tid:283][com.facebook.buck.apple.AppleCxxPlatforms] Apple toolchain path: /Applications/Xcode.app/Contents/Developer/Toolchains/XcodeDefault.xctoolchain
[2017-12-22 14:25:11.522][debug][command:2b6aebd9-1f98-4b75-adb1-3ffaf3d32a67][tid:283][com.facebook.buck.apple.AppleCxxPlatforms] Headers verification platform whitelist: [^\Q/Applications/Xcode.app/Contents/Developer/Platforms/iPhoneSimulator.platform/Developer/Library/Frameworks\E\/.*, ^\Q/Applications/Xcode.app/Contents/Developer/Platforms/iPhoneSimulator.platform/Developer/SDKs/iPhoneSimulator.sdk\E\/.*, ^\Q/Applications/Xcode.app/Contents/Developer/Toolchains/XcodeDefault.xctoolchain\E\/.*]
[2017-12-22 14:25:11.523][debug][command:2b6aebd9-1f98-4b75-adb1-3ffaf3d32a67][tid:283][com.facebook.buck.apple.AppleCxxPlatforms] Xcode build version is: 9C40b
[2017-12-22 14:25:11.524][warn ][command:2b6aebd9-1f98-4b75-adb1-3ffaf3d32a67][tid:283][com.facebook.buck.apple.AppleCxxPlatforms] /Applications/Xcode.app/Contents/Developer/Platforms/iPhoneSimulator.platform/version.plist does not exist. Build version will be unset for this platform.
[2017-12-22 14:25:11.524][debug][command:2b6aebd9-1f98-4b75-adb1-3ffaf3d32a67][tid:283][com.facebook.buck.apple.AppleCxxPlatforms] Apple toolchain path: /Applications/Xcode.app/Contents/Developer/Toolchains/XcodeDefault.xctoolchain
[2017-12-22 14:25:11.524][debug][command:2b6aebd9-1f98-4b75-adb1-3ffaf3d32a67][tid:283][com.facebook.buck.apple.AppleCxxPlatforms] Headers verification platform whitelist: [^\Q/Applications/Xcode.app/Contents/Developer/Platforms/iPhoneSimulator.platform/Developer/Library/Frameworks\E\/.*, ^\Q/Applications/Xcode.app/Contents/Developer/Platforms/iPhoneSimulator.platform/Developer/SDKs/iPhoneSimulator.sdk\E\/.*, ^\Q/Applications/Xcode.app/Contents/Developer/Toolchains/XcodeDefault.xctoolchain\E\/.*]
[2017-12-22 14:25:11.525][debug][command:2b6aebd9-1f98-4b75-adb1-3ffaf3d32a67][tid:283][com.facebook.buck.apple.AppleCxxPlatforms] SDK AppleSdk{name=macosx, version=10.13, applePlatform=ApplePlatform{name=macosx, architectures=[i386, x86_64], minVersionFlagPrefix=-mmacosx-version-min=, appIncludesFrameworks=true}, architectures=[i386, x86_64], toolchains=[AppleToolchain{identifier=com.apple.dt.toolchain.XcodeDefault, path=/Applications/Xcode.app/Contents/Developer/Toolchains/XcodeDefault.xctoolchain}]} using default version 10.13
[2017-12-22 14:25:11.526][debug][command:2b6aebd9-1f98-4b75-adb1-3ffaf3d32a67][tid:283][com.facebook.buck.apple.AppleCxxPlatforms] Xcode build version is: 9C40b
[2017-12-22 14:25:11.528][warn ][command:2b6aebd9-1f98-4b75-adb1-3ffaf3d32a67][tid:283][com.facebook.buck.apple.AppleCxxPlatforms] In /Applications/Xcode.app/Contents/Developer/Platforms/MacOSX.platform/version.plist, missing ProductBuildVersion. Build version will be unset for this platform.
[2017-12-22 14:25:11.528][debug][command:2b6aebd9-1f98-4b75-adb1-3ffaf3d32a67][tid:283][com.facebook.buck.apple.AppleCxxPlatforms] Apple toolchain path: /Applications/Xcode.app/Contents/Developer/Toolchains/XcodeDefault.xctoolchain
[2017-12-22 14:25:11.528][debug][command:2b6aebd9-1f98-4b75-adb1-3ffaf3d32a67][tid:283][com.facebook.buck.apple.AppleCxxPlatforms] Headers verification platform whitelist: [^\Q/Applications/Xcode.app/Contents/Developer/Platforms/MacOSX.platform/Developer/Library/Frameworks\E\/.*, ^\Q/Applications/Xcode.app/Contents/Developer/Platforms/MacOSX.platform/Developer/SDKs/MacOSX.sdk\E\/.*, ^\Q/Applications/Xcode.app/Contents/Developer/Toolchains/XcodeDefault.xctoolchain\E\/.*]
[2017-12-22 14:25:11.547][debug][command:2b6aebd9-1f98-4b75-adb1-3ffaf3d32a67][tid:283][com.facebook.buck.apple.AppleCxxPlatforms] Xcode build version is: 9C40b
[2017-12-22 14:25:11.548][warn ][command:2b6aebd9-1f98-4b75-adb1-3ffaf3d32a67][tid:283][com.facebook.buck.apple.AppleCxxPlatforms] In /Applications/Xcode.app/Contents/Developer/Platforms/MacOSX.platform/version.plist, missing ProductBuildVersion. Build version will be unset for this platform.
[2017-12-22 14:25:11.548][debug][command:2b6aebd9-1f98-4b75-adb1-3ffaf3d32a67][tid:283][com.facebook.buck.apple.AppleCxxPlatforms] Apple toolchain path: /Applications/Xcode.app/Contents/Developer/Toolchains/XcodeDefault.xctoolchain
[2017-12-22 14:25:11.549][debug][command:2b6aebd9-1f98-4b75-adb1-3ffaf3d32a67][tid:283][com.facebook.buck.apple.AppleCxxPlatforms] Headers verification platform whitelist: [^\Q/Applications/Xcode.app/Contents/Developer/Platforms/MacOSX.platform/Developer/Library/Frameworks\E\/.*, ^\Q/Applications/Xcode.app/Contents/Developer/Platforms/MacOSX.platform/Developer/SDKs/MacOSX.sdk\E\/.*, ^\Q/Applications/Xcode.app/Contents/Developer/Toolchains/XcodeDefault.xctoolchain\E\/.*]
[2017-12-22 14:25:11.549][debug][command:2b6aebd9-1f98-4b75-adb1-3ffaf3d32a67][tid:283][com.facebook.buck.apple.AppleCxxPlatforms] SDK AppleSdk{name=watchos, version=4.2, applePlatform=ApplePlatform{name=watchos, provisioningProfileName=iOS, architectures=[armv7k], minVersionFlagPrefix=-mwatchos-version-min=, stubBinaryPath=Library/Application Support/WatchKit/WK, appIncludesFrameworks=false}, architectures=[armv7k], toolchains=[AppleToolchain{identifier=com.apple.dt.toolchain.XcodeDefault, path=/Applications/Xcode.app/Contents/Developer/Toolchains/XcodeDefault.xctoolchain}]} using default version 4.2
[2017-12-22 14:25:11.550][debug][command:2b6aebd9-1f98-4b75-adb1-3ffaf3d32a67][tid:283][com.facebook.buck.apple.AppleCxxPlatforms] Xcode build version is: 9C40b
[2017-12-22 14:25:11.551][debug][command:2b6aebd9-1f98-4b75-adb1-3ffaf3d32a67][tid:283][com.facebook.buck.apple.AppleCxxPlatforms] Apple toolchain path: /Applications/Xcode.app/Contents/Developer/Toolchains/XcodeDefault.xctoolchain
[2017-12-22 14:25:11.552][debug][command:2b6aebd9-1f98-4b75-adb1-3ffaf3d32a67][tid:283][com.facebook.buck.apple.AppleCxxPlatforms] Headers verification platform whitelist: [^\Q/Applications/Xcode.app/Contents/Developer/Platforms/WatchOS.platform/Developer/Library/Frameworks\E\/.*, ^\Q/Applications/Xcode.app/Contents/Developer/Platforms/WatchOS.platform/Developer/SDKs/WatchOS.sdk\E\/.*, ^\Q/Applications/Xcode.app/Contents/Developer/Toolchains/XcodeDefault.xctoolchain\E\/.*]
[2017-12-22 14:25:11.552][debug][command:2b6aebd9-1f98-4b75-adb1-3ffaf3d32a67][tid:283][com.facebook.buck.apple.AppleCxxPlatforms] SDK AppleSdk{name=watchsimulator, version=4.2, applePlatform=ApplePlatform{name=watchsimulator, architectures=[i386], minVersionFlagPrefix=-mwatchos-simulator-version-min=, stubBinaryPath=Library/Application Support/WatchKit/WK, appIncludesFrameworks=false}, architectures=[i386], toolchains=[AppleToolchain{identifier=com.apple.dt.toolchain.XcodeDefault, path=/Applications/Xcode.app/Contents/Developer/Toolchains/XcodeDefault.xctoolchain}]} using default version 4.2
[2017-12-22 14:25:11.553][debug][command:2b6aebd9-1f98-4b75-adb1-3ffaf3d32a67][tid:283][com.facebook.buck.apple.AppleCxxPlatforms] Xcode build version is: 9C40b
[2017-12-22 14:25:11.555][debug][command:2b6aebd9-1f98-4b75-adb1-3ffaf3d32a67][tid:283][com.facebook.buck.apple.AppleCxxPlatforms] Apple toolchain path: /Applications/Xcode.app/Contents/Developer/Toolchains/XcodeDefault.xctoolchain
[2017-12-22 14:25:11.555][debug][command:2b6aebd9-1f98-4b75-adb1-3ffaf3d32a67][tid:283][com.facebook.buck.apple.AppleCxxPlatforms] Headers verification platform whitelist: [^\Q/Applications/Xcode.app/Contents/Developer/Platforms/WatchSimulator.platform/Developer/Library/Frameworks\E\/.*, ^\Q/Applications/Xcode.app/Contents/Developer/Platforms/WatchSimulator.platform/Developer/SDKs/WatchSimulator.sdk\E\/.*, ^\Q/Applications/Xcode.app/Contents/Developer/Toolchains/XcodeDefault.xctoolchain\E\/.*]
[2017-12-22 14:25:11.557][debug][command:2b6aebd9-1f98-4b75-adb1-3ffaf3d32a67][tid:283][com.facebook.buck.io.ExecutableFinder] Executable 'clang' mapped to 'Optional[/usr/bin/clang]'
[2017-12-22 14:25:11.557][debug][command:2b6aebd9-1f98-4b75-adb1-3ffaf3d32a67][tid:283][com.facebook.buck.io.ExecutableFinder] Executable 'clang++' mapped to 'Optional[/usr/bin/clang++]'
[2017-12-22 14:25:11.558][debug][command:2b6aebd9-1f98-4b75-adb1-3ffaf3d32a67][tid:283][com.facebook.buck.io.ExecutableFinder] Executable 'ar' mapped to 'Optional[/usr/bin/ar]'
[2017-12-22 14:25:11.559][debug][command:2b6aebd9-1f98-4b75-adb1-3ffaf3d32a67][tid:283][com.facebook.buck.io.ExecutableFinder] Executable 'strip' mapped to 'Optional[/usr/bin/strip]'
[2017-12-22 14:25:11.560][debug][command:2b6aebd9-1f98-4b75-adb1-3ffaf3d32a67][tid:283][com.facebook.buck.io.ExecutableFinder] Executable 'ranlib' mapped to 'Optional[/usr/bin/ranlib]'
[2017-12-22 14:25:11.561][debug][command:2b6aebd9-1f98-4b75-adb1-3ffaf3d32a67][tid:283][com.facebook.buck.io.ExecutableFinder] Executable 'nm' mapped to 'Optional[/usr/bin/nm]'
[2017-12-22 14:25:11.561][debug][command:2b6aebd9-1f98-4b75-adb1-3ffaf3d32a67][tid:283][com.facebook.buck.cxx.toolchain.CxxPlatforms] Using config default C++ platform CxxPlatform{flavor=iphonesimulator-x86_64, as=com.facebook.buck.cxx.toolchain.CompilerProvider@10a0bd87, asflags=[-isysroot, /Applications/Xcode.app/Contents/Developer/Platforms/iPhoneSimulator.platform/Developer/SDKs/iPhoneSimulator.sdk, -arch, x86_64, -mios-simulator-version-min=11.2, -iquote, /Users/remirobert/dev/Dog-project], aspp=com.facebook.buck.cxx.toolchain.PreprocessorProvider@427e00b3, asppflags=[], cc=com.facebook.buck.cxx.toolchain.CompilerProvider@6629a446, cflags=[-isysroot, /Applications/Xcode.app/Contents/Developer/Platforms/iPhoneSimulator.platform/Developer/SDKs/iPhoneSimulator.sdk, -arch, x86_64, -mios-simulator-version-min=11.2, -iquote, /Users/remirobert/dev/Dog-project, -std=gnu11], cxx=com.facebook.buck.cxx.toolchain.CompilerProvider@14dda, cxxflags=[-isysroot, /Applications/Xcode.app/Contents/Developer/Platforms/iPhoneSimulator.platform/Developer/SDKs/iPhoneSimulator.sdk, -arch, x86_64, -mios-simulator-version-min=11.2, -iquote, /Users/remirobert/dev/Dog-project, -std=c++14, -stdlib=libc++], cpp=com.facebook.buck.cxx.toolchain.PreprocessorProvider@15d884d8, cppflags=[], cxxpp=com.facebook.buck.cxx.toolchain.PreprocessorProvider@27917548, cxxppflags=[], cudappflags=[], cudaflags=[], asmppflags=[], asmflags=[], ld=com.facebook.buck.cxx.toolchain.linker.DefaultLinkerProvider@cb1fe68, ldflags=[-isysroot, /Applications/Xcode.app/Contents/Developer/Platforms/iPhoneSimulator.platform/Developer/SDKs/iPhoneSimulator.sdk, -arch, x86_64, -mios-simulator-version-min=11.2, -iquote, /Users/remirobert/dev/Dog-project, -Wl,-sdk_version, -Wl,11.2, -Wl,-ObjC], runtimeLdflags={}, strip=VersionedTool{path=/Applications/Xcode.app/Contents/Developer/Toolchains/XcodeDefault.xctoolchain/usr/bin/strip, extraArgs=[], name=apple-strip, version=11.2:9C40b}, stripFlags=[], ar=com.facebook.buck.cxx.toolchain.ArchiverProvider$1@6d41db9, arflags=[], ranlib=com.facebook.buck.rules.ConstantToolProvider@577bb7ff, ranlibflags=[], symbolNameTool=com.facebook.buck.cxx.toolchain.LazyDelegatingSymbolNameTool@7b6ca36d, sharedLibraryExtension=dylib, sharedLibraryVersionedExtensionFormat=%s.dylib, staticLibraryExtension=a, objectFileExtension=o, compilerDebugPathSanitizer=com.facebook.buck.cxx.toolchain.PrefixMapDebugPathSanitizer@782d40d6, assemblerDebugPathSanitizer=com.facebook.buck.cxx.toolchain.MungingDebugPathSanitizer@5e32b3bf, headerVerification=HeaderVerification{mode=IGNORE, whitelist=[], platformWhitelist=[^\Q/Applications/Xcode.app/Contents/Developer/Platforms/iPhoneSimulator.platform/Developer/Library/Frameworks\E\/.*, ^\Q/Applications/Xcode.app/Contents/Developer/Platforms/iPhoneSimulator.platform/Developer/SDKs/iPhoneSimulator.sdk\E\/.*, ^\Q/Applications/Xcode.app/Contents/Developer/Toolchains/XcodeDefault.xctoolchain\E\/.*], whitelistPatterns=[^\Q/Applications/Xcode.app/Contents/Developer/Platforms/iPhoneSimulator.platform/Developer/Library/Frameworks\E\/.*, ^\Q/Applications/Xcode.app/Contents/Developer/Platforms/iPhoneSimulator.platform/Developer/SDKs/iPhoneSimulator.sdk\E\/.*, ^\Q/Applications/Xcode.app/Contents/Developer/Toolchains/XcodeDefault.xctoolchain\E\/.*]}, flagMacros={SDKROOT=/Applications/Xcode.app/Contents/Developer/Platforms/iPhoneSimulator.platform/Developer/SDKs/iPhoneSimulator.sdk, PLATFORM_DIR=/Applications/Xcode.app/Contents/Developer/Platforms/iPhoneSimulator.platform, CURRENT_ARCH=x86_64, DEVELOPER_DIR=/Applications/Xcode.app/Contents/Developer}, publicHeadersSymlinksEnabled=true, privateHeadersSymlinksEnabled=true}
[2017-12-22 14:25:11.563][debug][command:2b6aebd9-1f98-4b75-adb1-3ffaf3d32a67][tid:283][com.facebook.buck.io.ExecutableFinder] Executable 'python2' mapped to 'Optional[/usr/local/bin/python2]'
[2017-12-22 14:25:11.566][debug][command:null][tid:302][com.facebook.buck.util.ListeningProcessExecutor] Wait for process returned 0
[2017-12-22 14:25:11.566][debug][command:null][tid:302][com.facebook.buck.util.ListeningProcessExecutor] Destroying process com.facebook.buck.util.ListeningProcessExecutor$LaunchedProcessImpl@22bfa116 (force true)
[2017-12-22 14:25:11.566][debug][command:null][tid:302][com.facebook.buck.util.environment.MacNetworkConfiguration] Determine active state of media for device
[2017-12-22 14:25:11.570][debug][command:null][tid:302][com.facebook.buck.util.ListeningProcessExecutor] Launching process with params ProcessExecutorParams{command=[networksetup, -getMedia, usbmodem1441]}
[2017-12-22 14:25:11.572][debug][command:null][tid:302][com.facebook.buck.util.ListeningProcessExecutor] Successfully launched process com.zaxxer.nuprocess.osx.OsxProcess@67bd2b25
[2017-12-22 14:25:11.573][debug][command:null][tid:302][com.facebook.buck.util.ListeningProcessExecutor] Waiting for process com.facebook.buck.util.ListeningProcessExecutor$LaunchedProcessImpl@713fc94e timeout 1000 MILLISECONDS
[2017-12-22 14:25:11.615][debug][command:2b6aebd9-1f98-4b75-adb1-3ffaf3d32a67][tid:283][com.facebook.buck.apple.ProvisioningProfileStore] Provisioning profile search path: /Users/remirobert/Library/MobileDevice/Provisioning Profiles
[2017-12-22 14:25:11.622][debug][command:null][tid:302][com.facebook.buck.util.ListeningProcessExecutor] Wait for process returned 4
[2017-12-22 14:25:11.622][debug][command:null][tid:302][com.facebook.buck.util.ListeningProcessExecutor] Destroying process com.facebook.buck.util.ListeningProcessExecutor$LaunchedProcessImpl@713fc94e (force true)
[2017-12-22 14:25:11.622][debug][command:null][tid:302][com.facebook.buck.util.environment.MacNetworkConfiguration] Determine active state of media for device
[2017-12-22 14:25:11.622][debug][command:null][tid:302][com.facebook.buck.util.ListeningProcessExecutor] Launching process with params ProcessExecutorParams{command=[networksetup, -getMedia, usbmodem1431]}
[2017-12-22 14:25:11.623][debug][command:2b6aebd9-1f98-4b75-adb1-3ffaf3d32a67][tid:305][com.facebook.buck.io.ExecutableFinder] Executable 'python2' mapped to 'Optional[/usr/local/bin/python2]'
[2017-12-22 14:25:11.624][debug][command:2b6aebd9-1f98-4b75-adb1-3ffaf3d32a67][tid:305][com.facebook.buck.json.BuckPythonProgram] Writing python rules stub to /Users/remirobert/dev/Dog-project/.buckd/tmp/buck_run.On_K6F/buck_python_program1676311314831043086.
[2017-12-22 14:25:11.624][debug][command:null][tid:302][com.facebook.buck.util.ListeningProcessExecutor] Successfully launched process com.zaxxer.nuprocess.osx.OsxProcess@56908ea6
[2017-12-22 14:25:11.637][debug][command:null][tid:302][com.facebook.buck.util.ListeningProcessExecutor] Waiting for process com.facebook.buck.util.ListeningProcessExecutor$LaunchedProcessImpl@9f83273 timeout 1000 MILLISECONDS
[2017-12-22 14:25:11.653][debug][command:2b6aebd9-1f98-4b75-adb1-3ffaf3d32a67][tid:305][com.facebook.buck.json.BuckPythonProgram] Created temporary buck.py instance at /Users/remirobert/dev/Dog-project/.buckd/tmp/buck_run.On_K6F/buck_python_program1676311314831043086.
[2017-12-22 14:25:11.655][debug][command:2b6aebd9-1f98-4b75-adb1-3ffaf3d32a67][tid:305][com.facebook.buck.json.PythonDslProjectBuildFileParser] Starting buck.py command: [/usr/local/bin/python2, -u, /Users/remirobert/dev/Dog-project/.buckd/tmp/buck_run.On_K6F/buck_python_program1676311314831043086/__main__.py, --allow_empty_globs, --watchman_glob_stat_results, --watchman_use_glob_generator, --watchman_socket_path, /usr/local/var/run/watchman/remirobert-state/sock, --project_root, /Users/remirobert/dev/Dog-project, --cell_name, , --build_file_name, BUCK, --quiet, --config, /Users/remirobert/dev/Dog-project/.buckd/tmp/buck_run.On_K6F/raw_config8506747267426455320.json, --ignore_paths, /Users/remirobert/dev/Dog-project/.buckd/tmp/buck_run.On_K6F/ignore_paths2345593929194375577.json] environment: Optional[{TERM_SESSION_ID=w0t0p0:EE64A840-2578-458D-BE97-3AC358615841, SSH_AUTH_SOCK=/private/tmp/com.apple.launchd.TBrwwWW0Rh/Listeners, NAILGUN_FILESEPARATOR=/, NAILGUN_TTY_2=1, NAILGUN_TTY_1=1, PATH=/Users/remirobert/.nvm/versions/node/v6.11.4/bin:/Users/remirobert/.cargo/bin:/usr/local/bin:/usr/bin:/bin:/usr/sbin:/sbin:/usr/local/go/bin://Users/remirobert/go/bin, GOPATH=/Users/remirobert/go, NAILGUN_TTY_0=1, LC_CTYPE=UTF-8, LOGNAME=remirobert, COLORTERM=truecolor, SHLVL=1, ITERM_SESSION_ID=w0t0p0:EE64A840-2578-458D-BE97-3AC358615841, PAGER=less, TERM_PROGRAM=iTerm.app, BUCK_CLASSPATH=/Users/remirobert/dev/Dog-project/.buckd/resources/v2017.11.16.01/buck_server, NVM_BIN=/Users/remirobert/.nvm/versions/node/v6.11.4/bin, LESS=-R, SHELL=/bin/zsh, BUCK_PYTHON_SPACE_INIT_TIME=15, COMMAND_MODE=unix2003, BUCK_TTY=1, SECURITYSESSIONID=186a8, XPC_FLAGS=0x0, BUCK_TERM_COLUMNS=238, __CF_USER_TEXT_ENCODING=0x1F5:0x0:0x0, LANG=en_US.UTF-8, ITERM_PROFILE=Default, COLORFGBG=7;0, LSCOLORS=Gxfxcxdxbxegedabagacad, OLDPWD=/Users/remirobert/dev, HOME=/Users/remirobert, TMPDIR=/var/folders/lh/n146krrx0fb8mcsklb88c5540000gn/T/, XPC_SERVICE_NAME=0, PWD=/Users/remirobert/dev/Dog-project, TERM_PROGRAM_VERSION=3.1.5, ZSH=/Users/remirobert/.oh-my-zsh, LC_ALL=en_US.UTF-8, NAILGUN_PATHSEPARATOR=:, USER=remirobert, Apple_PubSub_Socket_Render=/private/tmp/com.apple.launchd.zKe0LZA76i/Render, TERM=xterm-256color, CLASSPATH=/Users/remirobert/dev/Dog-project/.buckd/resources/v2017.11.16.01/bootstrapper_jar, NVM_DIR=/Users/remirobert/.nvm, NVM_CD_FLAGS=-q, BUCK_BUILD_ID=2b6aebd9-1f98-4b75-adb1-3ffaf3d32a67, _=/usr/local/bin/buck}]
[2017-12-22 14:25:11.666][debug][command:2b6aebd9-1f98-4b75-adb1-3ffaf3d32a67][tid:305][com.facebook.buck.json.PythonDslProjectBuildFileParser] Started process com.facebook.buck.util.ProcessExecutor$LaunchedProcessImpl@1ffbb50 successfully
[2017-12-22 14:25:11.678][debug][command:null][tid:302][com.facebook.buck.util.ListeningProcessExecutor] Wait for process returned 4
[2017-12-22 14:25:11.678][debug][command:null][tid:302][com.facebook.buck.util.ListeningProcessExecutor] Destroying process com.facebook.buck.util.ListeningProcessExecutor$LaunchedProcessImpl@9f83273 (force true)
[2017-12-22 14:25:11.678][debug][command:null][tid:302][com.facebook.buck.util.environment.MacNetworkConfiguration] Determine active state of media for device
[2017-12-22 14:25:11.678][debug][command:null][tid:302][com.facebook.buck.util.ListeningProcessExecutor] Launching process with params ProcessExecutorParams{command=[networksetup, -getMedia, usbmodem14331]}
[2017-12-22 14:25:11.682][debug][command:null][tid:302][com.facebook.buck.util.ListeningProcessExecutor] Successfully launched process com.zaxxer.nuprocess.osx.OsxProcess@792d46a
[2017-12-22 14:25:11.682][debug][command:null][tid:302][com.facebook.buck.util.ListeningProcessExecutor] Waiting for process com.facebook.buck.util.ListeningProcessExecutor$LaunchedProcessImpl@8e8086f timeout 1000 MILLISECONDS
[2017-12-22 14:25:11.735][debug][command:null][tid:302][com.facebook.buck.util.ListeningProcessExecutor] Wait for process returned 4
[2017-12-22 14:25:11.735][debug][command:null][tid:302][com.facebook.buck.util.ListeningProcessExecutor] Destroying process com.facebook.buck.util.ListeningProcessExecutor$LaunchedProcessImpl@8e8086f (force true)
[2017-12-22 14:25:11.735][debug][command:null][tid:302][com.facebook.buck.util.environment.MacNetworkConfiguration] Determine active state of media for device
[2017-12-22 14:25:11.735][debug][command:null][tid:302][com.facebook.buck.util.ListeningProcessExecutor] Launching process with params ProcessExecutorParams{command=[networksetup, -getMedia, lpss-serial1]}
[2017-12-22 14:25:11.737][debug][command:null][tid:302][com.facebook.buck.util.ListeningProcessExecutor] Successfully launched process com.zaxxer.nuprocess.osx.OsxProcess@5a5f426a
[2017-12-22 14:25:11.737][debug][command:null][tid:302][com.facebook.buck.util.ListeningProcessExecutor] Waiting for process com.facebook.buck.util.ListeningProcessExecutor$LaunchedProcessImpl@12fc98f8 timeout 1000 MILLISECONDS
[2017-12-22 14:25:11.783][debug][command:null][tid:302][com.facebook.buck.util.ListeningProcessExecutor] Wait for process returned 4
[2017-12-22 14:25:11.783][debug][command:null][tid:302][com.facebook.buck.util.ListeningProcessExecutor] Destroying process com.facebook.buck.util.ListeningProcessExecutor$LaunchedProcessImpl@12fc98f8 (force true)
[2017-12-22 14:25:11.783][debug][command:null][tid:302][com.facebook.buck.util.environment.MacNetworkConfiguration] Determine active state of media for device
[2017-12-22 14:25:11.783][debug][command:null][tid:302][com.facebook.buck.util.ListeningProcessExecutor] Launching process with params ProcessExecutorParams{command=[networksetup, -getMedia, lpss-serial2]}
[2017-12-22 14:25:11.785][debug][command:null][tid:302][com.facebook.buck.util.ListeningProcessExecutor] Successfully launched process com.zaxxer.nuprocess.osx.OsxProcess@3dc2f49
[2017-12-22 14:25:11.785][debug][command:null][tid:302][com.facebook.buck.util.ListeningProcessExecutor] Waiting for process com.facebook.buck.util.ListeningProcessExecutor$LaunchedProcessImpl@4bbff42d timeout 1000 MILLISECONDS
[2017-12-22 14:25:11.830][debug][command:null][tid:302][com.facebook.buck.util.ListeningProcessExecutor] Wait for process returned 4
[2017-12-22 14:25:11.830][debug][command:null][tid:302][com.facebook.buck.util.ListeningProcessExecutor] Destroying process com.facebook.buck.util.ListeningProcessExecutor$LaunchedProcessImpl@4bbff42d (force true)
[2017-12-22 14:25:11.830][debug][command:null][tid:302][com.facebook.buck.util.environment.MacNetworkConfiguration] Determine active state of media for device
[2017-12-22 14:25:11.834][debug][command:null][tid:302][com.facebook.buck.util.ListeningProcessExecutor] Launching process with params ProcessExecutorParams{command=[networksetup, -getMedia, en8]}
[2017-12-22 14:25:11.835][debug][command:null][tid:302][com.facebook.buck.util.ListeningProcessExecutor] Successfully launched process com.zaxxer.nuprocess.osx.OsxProcess@6bd3b322
[2017-12-22 14:25:11.836][debug][command:null][tid:302][com.facebook.buck.util.ListeningProcessExecutor] Waiting for process com.facebook.buck.util.ListeningProcessExecutor$LaunchedProcessImpl@1d1ecdf8 timeout 1000 MILLISECONDS
[2017-12-22 14:25:11.884][debug][command:null][tid:302][com.facebook.buck.util.ListeningProcessExecutor] Wait for process returned 4
[2017-12-22 14:25:11.884][debug][command:null][tid:302][com.facebook.buck.util.ListeningProcessExecutor] Destroying process com.facebook.buck.util.ListeningProcessExecutor$LaunchedProcessImpl@1d1ecdf8 (force true)
[2017-12-22 14:25:11.884][debug][command:null][tid:302][com.facebook.buck.util.environment.MacNetworkConfiguration] Determine active state of media for device
[2017-12-22 14:25:11.885][debug][command:null][tid:302][com.facebook.buck.util.ListeningProcessExecutor] Launching process with params ProcessExecutorParams{command=[networksetup, -getMedia, en10]}
[2017-12-22 14:25:11.886][debug][command:null][tid:302][com.facebook.buck.util.ListeningProcessExecutor] Successfully launched process com.zaxxer.nuprocess.osx.OsxProcess@7f5a0f75
[2017-12-22 14:25:11.887][debug][command:null][tid:302][com.facebook.buck.util.ListeningProcessExecutor] Waiting for process com.facebook.buck.util.ListeningProcessExecutor$LaunchedProcessImpl@4b70922f timeout 1000 MILLISECONDS
[2017-12-22 14:25:11.932][debug][command:null][tid:302][com.facebook.buck.util.ListeningProcessExecutor] Wait for process returned 4
[2017-12-22 14:25:11.932][debug][command:null][tid:302][com.facebook.buck.util.ListeningProcessExecutor] Destroying process com.facebook.buck.util.ListeningProcessExecutor$LaunchedProcessImpl@4b70922f (force true)
[2017-12-22 14:25:11.932][debug][command:null][tid:302][com.facebook.buck.util.environment.MacNetworkConfiguration] Determine active state of media for device
[2017-12-22 14:25:11.932][debug][command:null][tid:302][com.facebook.buck.util.ListeningProcessExecutor] Launching process with params ProcessExecutorParams{command=[networksetup, -getMedia, en9]}
[2017-12-22 14:25:11.933][debug][command:null][tid:302][com.facebook.buck.util.ListeningProcessExecutor] Successfully launched process com.zaxxer.nuprocess.osx.OsxProcess@3d4c62c0
[2017-12-22 14:25:11.934][debug][command:null][tid:302][com.facebook.buck.util.ListeningProcessExecutor] Waiting for process com.facebook.buck.util.ListeningProcessExecutor$LaunchedProcessImpl@56d6099c timeout 1000 MILLISECONDS
[2017-12-22 14:25:11.974][debug][command:null][tid:302][com.facebook.buck.util.ListeningProcessExecutor] Wait for process returned 4
[2017-12-22 14:25:11.974][debug][command:null][tid:302][com.facebook.buck.util.ListeningProcessExecutor] Destroying process com.facebook.buck.util.ListeningProcessExecutor$LaunchedProcessImpl@56d6099c (force true)
[2017-12-22 14:25:11.974][debug][command:null][tid:302][com.facebook.buck.util.environment.MacNetworkConfiguration] Determine active state of media for device
[2017-12-22 14:25:11.974][debug][command:null][tid:302][com.facebook.buck.util.ListeningProcessExecutor] Launching process with params ProcessExecutorParams{command=[networksetup, -getMedia, en0]}
[2017-12-22 14:25:11.976][debug][command:null][tid:302][com.facebook.buck.util.ListeningProcessExecutor] Successfully launched process com.zaxxer.nuprocess.osx.OsxProcess@79d88594
[2017-12-22 14:25:11.976][debug][command:null][tid:302][com.facebook.buck.util.ListeningProcessExecutor] Waiting for process com.facebook.buck.util.ListeningProcessExecutor$LaunchedProcessImpl@3676816a timeout 1000 MILLISECONDS
[2017-12-22 14:25:12.020][debug][command:null][tid:302][com.facebook.buck.util.ListeningProcessExecutor] Wait for process returned 0
[2017-12-22 14:25:12.020][debug][command:null][tid:302][com.facebook.buck.util.ListeningProcessExecutor] Destroying process com.facebook.buck.util.ListeningProcessExecutor$LaunchedProcessImpl@3676816a (force true)
[2017-12-22 14:25:12.020][debug][command:null][tid:302][com.facebook.buck.util.environment.MacNetworkConfiguration] Determine WiFi SSID of device
[2017-12-22 14:25:12.021][debug][command:null][tid:302][com.facebook.buck.util.ListeningProcessExecutor] Launching process with params ProcessExecutorParams{command=[networksetup, -getairportnetwork, en0]}
[2017-12-22 14:25:12.021][debug][command:2b6aebd9-1f98-4b75-adb1-3ffaf3d32a67][tid:283][com.facebook.buck.cli.TestCommand] Got explicit build targets [//:app]
[2017-12-22 14:25:12.021][debug][command:2b6aebd9-1f98-4b75-adb1-3ffaf3d32a67][tid:283][com.facebook.buck.cli.TestCommand] Got tests for target //:app: [//:appTests]
[2017-12-22 14:25:12.021][debug][command:null][tid:310][com.facebook.buck.json.PythonDslProjectBuildFileParser] Closing buck.py process stdin
[2017-12-22 14:25:12.022][debug][command:2b6aebd9-1f98-4b75-adb1-3ffaf3d32a67][tid:283][com.facebook.buck.cli.TestCommand] Got related test targets [//:appTests], building new target graph...
[2017-12-22 14:25:12.023][debug][command:null][tid:302][com.facebook.buck.util.ListeningProcessExecutor] Successfully launched process com.zaxxer.nuprocess.osx.OsxProcess@68f2bf06
[2017-12-22 14:25:12.023][debug][command:null][tid:302][com.facebook.buck.util.ListeningProcessExecutor] Waiting for process com.facebook.buck.util.ListeningProcessExecutor$LaunchedProcessImpl@e8ed16d timeout 1000 MILLISECONDS
[2017-12-22 14:25:12.025][debug][command:2b6aebd9-1f98-4b75-adb1-3ffaf3d32a67][tid:283][com.facebook.buck.cli.TestCommand] Finished building new target graph with tests.
[2017-12-22 14:25:12.026][debug][command:2b6aebd9-1f98-4b75-adb1-3ffaf3d32a67][tid:283][com.facebook.buck.rules.ActionGraphCache] Computing TargetGraph HashCode...
[2017-12-22 14:25:12.026][info ][command:2b6aebd9-1f98-4b75-adb1-3ffaf3d32a67][tid:283][com.facebook.buck.rules.ActionGraphCache] ActionGraph cache miss against 1 entries.
[2017-12-22 14:25:12.059][debug][command:2b6aebd9-1f98-4b75-adb1-3ffaf3d32a67][tid:283][com.facebook.buck.cxx.CxxDescriptionEnhancer] Adding private includes of tested rule //:app#dwarf-and-dsym,no-include-frameworks to testing rule //:appTests#apple-test-library,iphonesimulator-x86_64
[2017-12-22 14:25:12.081][debug][command:null][tid:302][com.facebook.buck.util.ListeningProcessExecutor] Wait for process returned 0
[2017-12-22 14:25:12.081][debug][command:null][tid:302][com.facebook.buck.util.ListeningProcessExecutor] Destroying process com.facebook.buck.util.ListeningProcessExecutor$LaunchedProcessImpl@e8ed16d (force true)
[2017-12-22 14:25:12.082][info ][command:null][tid:302][com.facebook.buck.util.versioncontrol.VersionControlStatsGenerator] Starting generation of version control stats.
[2017-12-22 14:25:12.082][warn ][command:null][tid:302][com.facebook.buck.util.versioncontrol.VersionControlStatsGenerator] Skipping generation of version control stats as unsupported repository type.
[2017-12-22 14:25:12.097][info ][command:2b6aebd9-1f98-4b75-adb1-3ffaf3d32a67][tid:283][com.facebook.buck.rules.ActionGraphCache] ActionGraph cache assignment. skipActionGraphCache? false
[2017-12-22 14:25:12.103][debug][command:2b6aebd9-1f98-4b75-adb1-3ffaf3d32a67][tid:283][com.facebook.buck.rules.MetadataChecker] Checking metadata_storage for /Users/remirobert/dev/Dog-project
[2017-12-22 14:25:12.118][warn ][command:2b6aebd9-1f98-4b75-adb1-3ffaf3d32a67][tid:305][com.facebook.buck.rules.keys.RuleKeyBuilder] Attempting to add absolute path to rule key. Only using file name: /usr/bin/codesign
[2017-12-22 14:25:12.152][debug][command:null][tid:310][com.facebook.buck.json.PythonDslProjectBuildFileParser] Waiting for process com.facebook.buck.util.ProcessExecutor$LaunchedProcessImpl@1ffbb50 to exit...
[2017-12-22 14:25:12.152][debug][command:null][tid:310][com.facebook.buck.json.PythonDslProjectBuildFileParser] Process com.facebook.buck.util.ProcessExecutor$LaunchedProcessImpl@1ffbb50 exited cleanly.
[2017-12-22 14:25:12.155][debug][command:2b6aebd9-1f98-4b75-adb1-3ffaf3d32a67][tid:309][com.facebook.buck.rules.CachingBuildRuleBuilder] Cache miss for '//:appTests#apple-test-bundle,dwarf,no-include-frameworks,no-linkermap' with rulekey '65b2ecfc81fc58278f28a1edb551500bca0611bc'
[2017-12-22 14:25:12.158][debug][command:2b6aebd9-1f98-4b75-adb1-3ffaf3d32a67][tid:309][com.facebook.buck.rules.CachingBuildRuleBuilder] Cache miss for '//:appTests#apple-debuggable-binary,apple-test-library,dwarf,iphonesimulator-x86_64,mach-o-bundle,no-linkermap' with rulekey 'd88bbdee435cf4a33e81c87a389b7ab61952d4b6'
[2017-12-22 14:25:12.158][debug][command:2b6aebd9-1f98-4b75-adb1-3ffaf3d32a67][tid:307][com.facebook.buck.rules.CachingBuildRuleBuilder] Cache miss for '//:appTests#apple-test-library,iphonesimulator-x86_64,mach-o-bundle,no-linkermap' with rulekey '5b3be7ed2ebe33228eaecbaa146db5688810f3ab'
[2017-12-22 14:25:12.160][debug][command:2b6aebd9-1f98-4b75-adb1-3ffaf3d32a67][tid:307][com.facebook.buck.rules.CachingBuildRuleBuilder] Cache miss for '//:appTests#apple-test-library,dwarf,iphonesimulator-x86_64,mach-o-bundle,swift-compile' with rulekey '67df1f8348a8400b4e39115cad8461c5166dc779'
[2017-12-22 14:25:12.163][debug][command:2b6aebd9-1f98-4b75-adb1-3ffaf3d32a67][tid:307][com.facebook.buck.rules.CachingBuildRuleBuilder] Building locally: //:appTests#apple-test-library,dwarf,iphonesimulator-x86_64,mach-o-bundle,swift-compile
[2017-12-22 14:25:12.170][debug][command:2b6aebd9-1f98-4b75-adb1-3ffaf3d32a67][tid:307][com.facebook.buck.swift.SwiftCompileStep] [/Applications/Xcode.app/Contents/Developer/Toolchains/XcodeDefault.xctoolchain/usr/bin/swiftc, -frontend, -sdk, /Applications/Xcode.app/Contents/Developer/Platforms/iPhoneSimulator.platform/Developer/SDKs/iPhoneSimulator.sdk, -target, x86_64-apple-ios11.2, -F, /Applications/Xcode.app/Contents/Developer/Platforms/iPhoneSimulator.platform/Developer/Library/Frameworks, -Xcc, -I, -Xcc, buck-out/gen/appBinary#iphonesimulator-x86_64,swift-compile, -I, /Users/remirobert/dev/Dog-project/buck-out/gen/appBinary#iphonesimulator-x86_64,swift-compile, -c, -enable-objc-interop, -parse-as-library, -module-name, appTests, -emit-module, -emit-module-path, buck-out/gen/appTests#apple-test-library,dwarf,iphonesimulator-x86_64,mach-o-bundle,swift-compile/appTests.swiftmodule, -emit-objc-header-path, buck-out/gen/appTests#apple-test-library,dwarf,iphonesimulator-x86_64,mach-o-bundle,swift-compile/appTests-Swift.h, -o, buck-out/gen/appTests#apple-test-library,dwarf,iphonesimulator-x86_64,mach-o-bundle,swift-compile/appTests.o, appTests/appTests.swift]
[2017-12-22 14:25:12.171][debug][command:2b6aebd9-1f98-4b75-adb1-3ffaf3d32a67][tid:307][com.facebook.buck.util.ListeningProcessExecutor] Launching process with params ProcessExecutorParams{command=[/Applications/Xcode.app/Contents/Developer/Toolchains/XcodeDefault.xctoolchain/usr/bin/swiftc, -frontend, -sdk, /Applications/Xcode.app/Contents/Developer/Platforms/iPhoneSimulator.platform/Developer/SDKs/iPhoneSimulator.sdk, -target, x86_64-apple-ios11.2, -F, /Applications/Xcode.app/Contents/Developer/Platforms/iPhoneSimulator.platform/Developer/Library/Frameworks, -Xcc, -I, -Xcc, buck-out/gen/appBinary#iphonesimulator-x86_64,swift-compile, -I, /Users/remirobert/dev/Dog-project/buck-out/gen/appBinary#iphonesimulator-x86_64,swift-compile, -c, -enable-objc-interop, -parse-as-library, -module-name, appTests, -emit-module, -emit-module-path, buck-out/gen/appTests#apple-test-library,dwarf,iphonesimulator-x86_64,mach-o-bundle,swift-compile/appTests.swiftmodule, -emit-objc-header-path, buck-out/gen/appTests#apple-test-library,dwarf,iphonesimulator-x86_64,mach-o-bundle,swift-compile/appTests-Swift.h, -o, buck-out/gen/appTests#apple-test-library,dwarf,iphonesimulator-x86_64,mach-o-bundle,swift-compile/appTests.o, appTests/appTests.swift], directory=/Users/remirobert/dev/Dog-project, environment={}}
[2017-12-22 14:25:12.171][warn ][command:2b6aebd9-1f98-4b75-adb1-3ffaf3d32a67][tid:305][com.facebook.buck.rules.keys.RuleKeyBuilder] Attempting to add absolute path to rule key. Only using file name: /usr/local/bin/xctool
[2017-12-22 14:25:12.174][debug][command:2b6aebd9-1f98-4b75-adb1-3ffaf3d32a67][tid:307][com.facebook.buck.util.ListeningProcessExecutor] Successfully launched process com.zaxxer.nuprocess.osx.OsxProcess@1d1ef94a
[2017-12-22 14:25:12.175][debug][command:2b6aebd9-1f98-4b75-adb1-3ffaf3d32a67][tid:307][com.facebook.buck.util.ListeningProcessExecutor] Waiting for process com.facebook.buck.util.ListeningProcessExecutor$LaunchedProcessImpl@3f949da7 timeout 0 SECONDS
[2017-12-22 14:25:12.200][debug][command:2b6aebd9-1f98-4b75-adb1-3ffaf3d32a67][tid:308][com.facebook.buck.rules.CachingBuildRuleBuilder] Cache miss for '//:appTests' with rulekey 'eed2969424e9128c9626931f330aff05d974cb07'
[2017-12-22 14:25:13.792][debug][command:2b6aebd9-1f98-4b75-adb1-3ffaf3d32a67][tid:307][com.facebook.buck.util.ListeningProcessExecutor] Wait for process returned 0
[2017-12-22 14:25:13.793][debug][command:2b6aebd9-1f98-4b75-adb1-3ffaf3d32a67][tid:307][com.facebook.buck.rules.CachingBuildRuleBuilder] Build completed: swift_compile //:appTests#apple-test-library,dwarf,iphonesimulator-x86_64,mach-o-bundle,swift-compile (1630078255ns)
[2017-12-22 14:25:13.805][debug][command:2b6aebd9-1f98-4b75-adb1-3ffaf3d32a67][tid:308][com.facebook.buck.rules.CachingBuildRuleBuilder] Cache miss for '//:appTests#apple-test-library,iphonesimulator-x86_64,mach-o-bundle,no-linkermap' with rulekey 'c71d22cc9115d37229109633d8f9ceb39fe39e6a'
[2017-12-22 14:25:13.805][debug][command:2b6aebd9-1f98-4b75-adb1-3ffaf3d32a67][tid:308][com.facebook.buck.rules.CachingBuildRuleBuilder] Building locally: //:appTests#apple-test-library,iphonesimulator-x86_64,mach-o-bundle,no-linkermap
[2017-12-22 14:25:13.806][debug][command:2b6aebd9-1f98-4b75-adb1-3ffaf3d32a67][tid:308][com.facebook.buck.cxx.CxxPrepareForLinkStep] Link command (pwd=/Users/remirobert/dev/Dog-project): /Applications/Xcode.app/Contents/Developer/Toolchains/XcodeDefault.xctoolchain/usr/bin/clang++ -o buck-out/gen/appTests#apple-test-library,iphonesimulator-x86_64,mach-o-bundle,no-linkermap/libappTests.dylib -isysroot /Applications/Xcode.app/Contents/Developer/Platforms/iPhoneSimulator.platform/Developer/SDKs/iPhoneSimulator.sdk -arch x86_64 -mios-simulator-version-min=11.2 -iquote /Users/remirobert/dev/Dog-project -Wl,-sdk_version -Wl,11.2 -Wl,-ObjC -bundle -Wl,-install_name -Wl,@rpath/libappTests.dylib -Xlinker -add_ast_path buck-out/gen/appTests#apple-test-library,dwarf,iphonesimulator-x86_64,mach-o-bundle,swift-compile/appTests.swiftmodule buck-out/gen/appTests#apple-test-library,dwarf,iphonesimulator-x86_64,mach-o-bundle,swift-compile/appTests.o -Xlinker -rpath -Xlinker @executable_path/Frameworks -Xlinker -rpath -Xlinker @loader_path/Frameworks -L /Applications/Xcode.app/Contents/Developer/Toolchains/XcodeDefault.xctoolchain/usr/lib/swift/iphonesimulator -F /Applications/Xcode.app/Contents/Developer/Platforms/iPhoneSimulator.platform/Developer/Library/Frameworks -F /Applications/Xcode.app/Contents/Developer/Platforms/iPhoneSimulator.platform/Developer/SDKs/iPhoneSimulator.sdk/System/Library/Frameworks -framework XCTest -framework Foundation -framework UIKit -Xlinker -filelist -Xlinker /Users/remirobert/dev/Dog-project/buck-out/bin/appTests#apple-test-library,iphonesimulator-x86_64,mach-o-bundle,no-linkermap__filelist.txt
[2017-12-22 14:25:13.808][debug][command:2b6aebd9-1f98-4b75-adb1-3ffaf3d32a67][tid:308][com.facebook.buck.shell.ShellStep] Command: /Applications/Xcode.app/Contents/Developer/Toolchains/XcodeDefault.xctoolchain/usr/bin/clang++ @/Users/remirobert/dev/Dog-project/buck-out/bin/appTests#apple-test-library,iphonesimulator-x86_64,mach-o-bundle,no-linkermap.argsfile
[2017-12-22 14:25:13.809][debug][command:2b6aebd9-1f98-4b75-adb1-3ffaf3d32a67][tid:308][com.facebook.buck.shell.ShellStep] Environment: PATH=/Users/remirobert/.nvm/versions/node/v6.11.4/bin:/Users/remirobert/.cargo/bin:/usr/local/bin:/usr/bin:/bin:/usr/sbin:/sbin:/usr/local/go/bin://Users/remirobert/go/bin NAILGUN_TTY_2=1 NAILGUN_TTY_1=1 NAILGUN_TTY_0=1 BUCK_CLASSPATH=/Users/remirobert/dev/Dog-project/.buckd/resources/v2017.11.16.01/buck_server TERM=xterm-256color NAILGUN_FILESEPARATOR=/ LANG=en_US.UTF-8 COMMAND_MODE=unix2003 ITERM_SESSION_ID=w0t0p0:EE64A840-2578-458D-BE97-3AC358615841 COLORTERM=truecolor BUCK_BUILD_ID=2b6aebd9-1f98-4b75-adb1-3ffaf3d32a67 LOGNAME=remirobert XPC_SERVICE_NAME=0 PWD=/Users/remirobert/dev/Dog-project TERM_PROGRAM_VERSION=3.1.5 _=/usr/local/bin/buck NAILGUN_PATHSEPARATOR=: NVM_CD_FLAGS=-q SHELL=/bin/zsh NVM_DIR=/Users/remirobert/.nvm TERM_PROGRAM=iTerm.app PAGER=less LSCOLORS=Gxfxcxdxbxegedabagacad BUCK_PYTHON_SPACE_INIT_TIME=15 GOPATH=/Users/remirobert/go SECURITYSESSIONID=186a8 OLDPWD=/Users/remirobert/dev USER=remirobert CLASSPATH=/Users/remirobert/dev/Dog-project/.buckd/resources/v2017.11.16.01/bootstrapper_jar ZSH=/Users/remirobert/.oh-my-zsh BUCK_TERM_COLUMNS=238 ITERM_PROFILE=Default TMPDIR=/Users/remirobert/dev/Dog-project/buck-out/bin/appTests#apple-test-library,iphonesimulator-x86_64,mach-o-bundle,no-linkermap-tmp SSH_AUTH_SOCK=/private/tmp/com.apple.launchd.TBrwwWW0Rh/Listeners XPC_FLAGS=0x0 TERM_SESSION_ID=w0t0p0:EE64A840-2578-458D-BE97-3AC358615841 BUCK_TTY=1 LC_ALL=en_US.UTF-8 __CF_USER_TEXT_ENCODING=0x1F5:0x0:0x0 Apple_PubSub_Socket_Render=/private/tmp/com.apple.launchd.zKe0LZA76i/Render LESS=-R LC_CTYPE=UTF-8 COLORFGBG=7;0 NVM_BIN=/Users/remirobert/.nvm/versions/node/v6.11.4/bin SHLVL=1 HOME=/Users/remirobert
[2017-12-22 14:25:14.257][debug][command:2b6aebd9-1f98-4b75-adb1-3ffaf3d32a67][tid:308][com.facebook.buck.shell.ShellStep] [/Applications/Xcode.app/Contents/Developer/Toolchains/XcodeDefault.xctoolchain/usr/bin/clang++, @/Users/remirobert/dev/Dog-project/buck-out/bin/appTests#apple-test-library,iphonesimulator-x86_64,mach-o-bundle,no-linkermap.argsfile]: exit code: 0. os load (before, after): (1.816406, 1.816406). CPU count: 4. (no output)
[2017-12-22 14:25:14.259][debug][command:2b6aebd9-1f98-4b75-adb1-3ffaf3d32a67][tid:308][com.facebook.buck.rules.CachingBuildRuleBuilder] Build completed: cxx_link //:appTests#apple-test-library,iphonesimulator-x86_64,mach-o-bundle,no-linkermap (453896869ns)
[2017-12-22 14:25:14.265][debug][command:2b6aebd9-1f98-4b75-adb1-3ffaf3d32a67][tid:309][com.facebook.buck.rules.CachingBuildRuleBuilder] Building locally: //:appTests#apple-debuggable-binary,apple-test-library,dwarf,iphonesimulator-x86_64,mach-o-bundle,no-linkermap
[2017-12-22 14:25:14.265][debug][command:2b6aebd9-1f98-4b75-adb1-3ffaf3d32a67][tid:309][com.facebook.buck.rules.CachingBuildRuleBuilder] Build completed: apple_debuggable_binary //:appTests#apple-debuggable-binary,apple-test-library,dwarf,iphonesimulator-x86_64,mach-o-bundle,no-linkermap (37925ns)
[2017-12-22 14:25:14.280][debug][command:2b6aebd9-1f98-4b75-adb1-3ffaf3d32a67][tid:308][com.facebook.buck.rules.CachingBuildRuleBuilder] Building locally: //:appTests#apple-test-bundle,dwarf,no-include-frameworks,no-linkermap
[2017-12-22 14:25:14.422][debug][command:2b6aebd9-1f98-4b75-adb1-3ffaf3d32a67][tid:308][com.facebook.buck.apple.SwiftStdlibStep] [/Applications/Xcode.app/Contents/Developer/Toolchains/XcodeDefault.xctoolchain/usr/bin/swift-stdlib-tool, --copy, --verbose, --strip-bitcode, --platform, iphonesimulator, --toolchain, /Applications/Xcode.app/Contents/Developer/Toolchains/XcodeDefault.xctoolchain, --scan-executable, buck-out/gen/appTests#apple-test-bundle,dwarf,no-include-frameworks,no-linkermap/appTests.xctest/appTests, --scan-folder, buck-out/gen/appTests#apple-test-bundle,dwarf,no-include-frameworks,no-linkermap/appTests.xctest/Frameworks, --scan-folder, buck-out/gen/appTests#apple-test-bundle,dwarf,no-include-frameworks,no-linkermap/appTests.xctest/PlugIns]
[2017-12-22 14:25:14.422][debug][command:2b6aebd9-1f98-4b75-adb1-3ffaf3d32a67][tid:308][com.facebook.buck.util.ListeningProcessExecutor] Launching process with params ProcessExecutorParams{command=[/Applications/Xcode.app/Contents/Developer/Toolchains/XcodeDefault.xctoolchain/usr/bin/swift-stdlib-tool, --copy, --verbose, --strip-bitcode, --platform, iphonesimulator, --toolchain, /Applications/Xcode.app/Contents/Developer/Toolchains/XcodeDefault.xctoolchain, --scan-executable, buck-out/gen/appTests#apple-test-bundle,dwarf,no-include-frameworks,no-linkermap/appTests.xctest/appTests, --scan-folder, buck-out/gen/appTests#apple-test-bundle,dwarf,no-include-frameworks,no-linkermap/appTests.xctest/Frameworks, --scan-folder, buck-out/gen/appTests#apple-test-bundle,dwarf,no-include-frameworks,no-linkermap/appTests.xctest/PlugIns, --destination, /Users/remirobert/dev/Dog-project/buck-out/bin/__swift_temp__appTests#apple-test-bundle,dwarf,no-include-frameworks,no-linkermap, --sign, -], directory=/Users/remirobert/dev/Dog-project, environment={PATH=/Users/remirobert/.nvm/versions/node/v6.11.4/bin:/Users/remirobert/.cargo/bin:/usr/local/bin:/usr/bin:/bin:/usr/sbin:/sbin:/usr/local/go/bin://Users/remirobert/go/bin, NAILGUN_TTY_2=1, NAILGUN_TTY_1=1, NAILGUN_TTY_0=1, BUCK_CLASSPATH=/Users/remirobert/dev/Dog-project/.buckd/resources/v2017.11.16.01/buck_server, SDKROOT=/Applications/Xcode.app/Contents/Developer/Platforms/iPhoneSimulator.platform/Developer/SDKs/iPhoneSimulator.sdk, TERM=xterm-256color, NAILGUN_FILESEPARATOR=/, LANG=en_US.UTF-8, COMMAND_MODE=unix2003, ITERM_SESSION_ID=w0t0p0:EE64A840-2578-458D-BE97-3AC358615841, COLORTERM=truecolor, BUCK_BUILD_ID=2b6aebd9-1f98-4b75-adb1-3ffaf3d32a67, LOGNAME=remirobert, XPC_SERVICE_NAME=0, PWD=/Users/remirobert/dev/Dog-project, TERM_PROGRAM_VERSION=3.1.5, _=/usr/local/bin/buck, NAILGUN_PATHSEPARATOR=:, NVM_CD_FLAGS=-q, SHELL=/bin/zsh, NVM_DIR=/Users/remirobert/.nvm, TERM_PROGRAM=iTerm.app, PAGER=less, LSCOLORS=Gxfxcxdxbxegedabagacad, BUCK_PYTHON_SPACE_INIT_TIME=15, GOPATH=/Users/remirobert/go, SECURITYSESSIONID=186a8, OLDPWD=/Users/remirobert/dev, USER=remirobert, CLASSPATH=/Users/remirobert/dev/Dog-project/.buckd/resources/v2017.11.16.01/bootstrapper_jar, ZSH=/Users/remirobert/.oh-my-zsh, BUCK_TERM_COLUMNS=238, ITERM_PROFILE=Default, TMPDIR=/var/folders/lh/n146krrx0fb8mcsklb88c5540000gn/T/, SSH_AUTH_SOCK=/private/tmp/com.apple.launchd.TBrwwWW0Rh/Listeners, XPC_FLAGS=0x0, TERM_SESSION_ID=w0t0p0:EE64A840-2578-458D-BE97-3AC358615841, BUCK_TTY=1, LC_ALL=en_US.UTF-8, __CF_USER_TEXT_ENCODING=0x1F5:0x0:0x0, Apple_PubSub_Socket_Render=/private/tmp/com.apple.launchd.zKe0LZA76i/Render, LESS=-R, LC_CTYPE=UTF-8, COLORFGBG=7;0, NVM_BIN=/Users/remirobert/.nvm/versions/node/v6.11.4/bin, SHLVL=1, HOME=/Users/remirobert}}
[2017-12-22 14:25:14.424][debug][command:2b6aebd9-1f98-4b75-adb1-3ffaf3d32a67][tid:308][com.facebook.buck.util.ListeningProcessExecutor] Successfully launched process com.zaxxer.nuprocess.osx.OsxProcess@49ff829e
[2017-12-22 14:25:14.425][debug][command:2b6aebd9-1f98-4b75-adb1-3ffaf3d32a67][tid:308][com.facebook.buck.util.ListeningProcessExecutor] Waiting for process com.facebook.buck.util.ListeningProcessExecutor$LaunchedProcessImpl@2ead4774 timeout 0 SECONDS
[2017-12-22 14:25:18.164][debug][command:2b6aebd9-1f98-4b75-adb1-3ffaf3d32a67][tid:308][com.facebook.buck.util.ListeningProcessExecutor] Wait for process returned 0
[2017-12-22 14:25:18.517][debug][command:2b6aebd9-1f98-4b75-adb1-3ffaf3d32a67][tid:308][com.facebook.buck.rules.CachingBuildRuleBuilder] Build completed: apple_bundle //:appTests#apple-test-bundle,dwarf,no-include-frameworks,no-linkermap (4236428818ns)
[2017-12-22 14:25:18.769][debug][command:2b6aebd9-1f98-4b75-adb1-3ffaf3d32a67][tid:309][com.facebook.buck.rules.CachingBuildRuleBuilder] Building locally: //:appTests
[2017-12-22 14:25:18.774][debug][command:2b6aebd9-1f98-4b75-adb1-3ffaf3d32a67][tid:309][com.facebook.buck.rules.CachingBuildRuleBuilder] Build completed: apple_test //:appTests (72502ns)
[2017-12-22 14:25:18.796][info ][command:2b6aebd9-1f98-4b75-adb1-3ffaf3d32a67][tid:303][com.facebook.buck.event.listener.LoggingBuildListener] Build finished at 2017-12-22 14:25:18.789
[2017-12-22 14:25:18.890][debug][command:2b6aebd9-1f98-4b75-adb1-3ffaf3d32a67][tid:283][com.facebook.buck.cli.TestRunning] Running test //:appTests in parallel
[2017-12-22 14:25:18.893][debug][command:2b6aebd9-1f98-4b75-adb1-3ffaf3d32a67][tid:316][com.facebook.buck.cli.TestRunning] Test steps will run for //:appTests
[2017-12-22 14:25:18.897][debug][command:2b6aebd9-1f98-4b75-adb1-3ffaf3d32a67][tid:316][com.facebook.buck.apple.XctoolRunTestsStep] Running command: ProcessExecutorParams{command=[/usr/local/bin/xctool, -reporter, json-stream, -sdk, iphonesimulator, run-tests, -logicTest, /Users/remirobert/dev/Dog-project/buck-out/gen/appTests#apple-test-bundle,dwarf,no-include-frameworks,no-linkermap/appTests.xctest], directory=/Users/remirobert/dev/Dog-project, environment={PATH=/Users/remirobert/.nvm/versions/node/v6.11.4/bin:/Users/remirobert/.cargo/bin:/usr/local/bin:/usr/bin:/bin:/usr/sbin:/sbin:/usr/local/go/bin://Users/remirobert/go/bin, COLORTERM=truecolor, BUCK_BUILD_ID=2b6aebd9-1f98-4b75-adb1-3ffaf3d32a67, LOGNAME=remirobert, PWD=/Users/remirobert/dev/Dog-project, TERM_PROGRAM_VERSION=3.1.5, NVM_CD_FLAGS=-q, SHELL=/bin/zsh, DEVELOPER_DIR=/Applications/Xcode.app/Contents/Developer, PAGER=less, GOPATH=/Users/remirobert/go, SECURITYSESSIONID=186a8, OLDPWD=/Users/remirobert/dev, ZSH=/Users/remirobert/.oh-my-zsh, ITERM_PROFILE=Default, TMPDIR=/var/folders/lh/n146krrx0fb8mcsklb88c5540000gn/T/, XPC_FLAGS=0x0, TERM_SESSION_ID=w0t0p0:EE64A840-2578-458D-BE97-3AC358615841, BUCK_TTY=1, LC_ALL=en_US.UTF-8, __CF_USER_TEXT_ENCODING=0x1F5:0x0:0x0, Apple_PubSub_Socket_Render=/private/tmp/com.apple.launchd.zKe0LZA76i/Render, LESS=-R, LC_CTYPE=UTF-8, COLORFGBG=7;0, SHLVL=1, NAILGUN_TTY_2=1, NAILGUN_TTY_1=1, NAILGUN_TTY_0=1, BUCK_CLASSPATH=/Users/remirobert/dev/Dog-project/.buckd/resources/v2017.11.16.01/buck_server, TERM=xterm-256color, NAILGUN_FILESEPARATOR=/, LANG=en_US.UTF-8, XCTOOL_TEST_ENV_FB_LOG_DIRECTORY=/Users/remirobert/dev/Dog-project/buck-out/gen/__apple_test_appTests_output__/logs, COMMAND_MODE=unix2003, ITERM_SESSION_ID=w0t0p0:EE64A840-2578-458D-BE97-3AC358615841, XPC_SERVICE_NAME=0, _=/usr/local/bin/buck, NAILGUN_PATHSEPARATOR=:, NVM_DIR=/Users/remirobert/.nvm, TERM_PROGRAM=iTerm.app, LSCOLORS=Gxfxcxdxbxegedabagacad, BUCK_PYTHON_SPACE_INIT_TIME=15, USER=remirobert, CLASSPATH=/Users/remirobert/dev/Dog-project/.buckd/resources/v2017.11.16.01/bootstrapper_jar, BUCK_TERM_COLUMNS=238, SSH_AUTH_SOCK=/private/tmp/com.apple.launchd.TBrwwWW0Rh/Listeners, XCTOOL_TEST_ENV_FB_LOG_LEVEL=debug, NVM_BIN=/Users/remirobert/.nvm/versions/node/v6.11.4/bin, HOME=/Users/remirobert}, redirectOutput=PIPE}
[2017-12-22 14:25:20.605][debug][command:null][tid:317][com.facebook.buck.apple.XctoolOutputParsing] Parsing xctool event: {timestamp=1.513923920602775E9, event=begin-action, name=run-tests}
[2017-12-22 14:25:20.606][debug][command:null][tid:317][com.facebook.buck.apple.XctoolOutputParsing] Parsing xctool event: {message=Collecting info for testables..., timestamp=1.513923920603062E9, level=Info, event=begin-status}
[2017-12-22 14:25:20.701][debug][command:null][tid:317][com.facebook.buck.cli.TestRunning] Test status did begin: TestStatusMessage{message=Collecting info for testables..., level=INFO, timestampMillis=1513923920603}
[2017-12-22 14:25:21.765][debug][command:null][tid:317][com.facebook.buck.apple.XctoolOutputParsing] Parsing xctool event: {message=Collecting info for testables..., timestamp=1.5139239217650871E9, level=Info, event=end-status}
[2017-12-22 14:25:21.766][debug][command:null][tid:317][com.facebook.buck.cli.TestRunning] Test status did end: TestStatusMessage{message=Collecting info for testables..., level=INFO, timestampMillis=1513923921765}
[2017-12-22 14:25:21.773][debug][command:null][tid:317][com.facebook.buck.apple.XctoolOutputParsing] Parsing xctool event: {bundleName=appTests.xctest, deviceName=iPhone 5s, event=begin-ocunit, targetName=/Users/remirobert/dev/Dog-project/buck-out/gen/appTests#apple-test-bundle,dwarf,no-include-frameworks,no-linkermap/appTests.xctest, testType=logic-test, sdkName=iphonesimulator11.2, timestamp=1.513923921772544E9}
[2017-12-22 14:25:21.777][debug][command:null][tid:317][com.facebook.buck.cli.TestRunning] Tests for rule //:appTests began
[2017-12-22 14:25:22.193][debug][command:null][tid:317][com.facebook.buck.apple.XctoolOutputParsing] Parsing xctool event: {event=begin-test-suite, suite=Toplevel Test Suite, timestamp=1.513923922193295E9}
[2017-12-22 14:25:22.197][debug][command:null][tid:317][com.facebook.buck.apple.XctoolOutputParsing] Parsing xctool event: {test=-[appTests testExample], className=appTests, timestamp=1.513923922197027E9, event=begin-test, methodName=testExample}
[2017-12-22 14:25:22.199][debug][command:null][tid:317][com.facebook.buck.cli.TestRunning] Test rule //:appTests test case appTests test name -[appTests testExample] began
[2017-12-22 14:25:22.200][debug][command:null][tid:317][com.facebook.buck.apple.XctoolOutputParsing] Parsing xctool event: {result=success, exceptions=[], test=-[appTests testExample], className=appTests, event=end-test, methodName=testExample, succeeded=true, output=, totalDuration=0.004424989223480225, timestamp=1.5139239221981611E9}
[2017-12-22 14:25:22.221][debug][command:null][tid:317][com.facebook.buck.apple.XctoolOutputParsing] Test result summary: PASS <100ms appTests#-[appTests testExample]()
[2017-12-22 14:25:22.222][debug][command:null][tid:317][com.facebook.buck.cli.TestRunning] Test rule //:appTests test did end: PASS <100ms appTests#-[appTests testExample]()
[2017-12-22 14:25:22.223][debug][command:null][tid:317][com.facebook.buck.apple.XctoolOutputParsing] Parsing xctool event: {suite=Toplevel Test Suite, testCaseCount=1, event=end-test-suite, totalFailureCount=0, totalDuration=0.005013942718505859, unexpectedExceptionCount=0, timestamp=1.513923922198309E9, testDuration=0.004424989223480225}
[2017-12-22 14:25:22.279][debug][command:null][tid:317][com.facebook.buck.apple.XctoolOutputParsing] Parsing xctool event: {bundleName=appTests.xctest, deviceName=iPhone 5s, succeeded=true, event=end-ocunit, targetName=/Users/remirobert/dev/Dog-project/buck-out/gen/appTests#apple-test-bundle,dwarf,no-include-frameworks,no-linkermap/appTests.xctest, testType=logic-test, sdkName=iphonesimulator11.2, timestamp=1.51392392227865E9}
[2017-12-22 14:25:22.292][debug][command:null][tid:317][com.facebook.buck.cli.TestRunning] Test rule //:appTests tests did end: [PASS appTests]
[2017-12-22 14:25:22.293][debug][command:null][tid:317][com.facebook.buck.apple.XctoolOutputParsing] Parsing xctool event: {succeeded=true, event=end-action, duration=1.6761162990005687, timestamp=1.513923922278903E9, name=run-tests}
[2017-12-22 14:25:22.359][debug][command:2b6aebd9-1f98-4b75-adb1-3ffaf3d32a67][tid:316][com.facebook.buck.apple.XctoolRunTestsStep] Finished running command, exit code 0, stderr 
[2017-12-22 14:25:22.360][debug][command:2b6aebd9-1f98-4b75-adb1-3ffaf3d32a67][tid:316][com.facebook.buck.cli.TestRunning] Test steps did run for //:appTests
[2017-12-22 14:25:22.366][debug][command:2b6aebd9-1f98-4b75-adb1-3ffaf3d32a67][tid:316][com.facebook.buck.cli.TestRunning] Transforming successful test results com.facebook.buck.test.TestResults@458825be (success=true) [PASS appTests]
[2017-12-22 14:25:22.367][debug][command:2b6aebd9-1f98-4b75-adb1-3ffaf3d32a67][tid:316][com.facebook.buck.cli.TestRunning] Parallel tests completed, running separate tests...
[2017-12-22 14:25:22.367][debug][command:2b6aebd9-1f98-4b75-adb1-3ffaf3d32a67][tid:316][com.facebook.buck.cli.TestRunning] Done running serial tests.
[2017-12-22 14:25:22.368][debug][command:2b6aebd9-1f98-4b75-adb1-3ffaf3d32a67][tid:283][com.facebook.buck.cli.TestRunning] Checking result com.facebook.buck.test.TestResults@458825be (success=true) [PASS appTests] for failure
[2017-12-22 14:25:22.370][info ][command:2b6aebd9-1f98-4b75-adb1-3ffaf3d32a67][tid:283][com.facebook.buck.cli.Main] Awaiting termination of HTTP Write executor service. Waiting for all jobs to complete, or up to maximum of 1800 seconds...
[2017-12-22 14:25:22.371][info ][command:2b6aebd9-1f98-4b75-adb1-3ffaf3d32a67][tid:283][com.facebook.buck.cli.Main] Awaiting termination of CounterAggregatorExecutor executor service. Waiting for all jobs to complete, or up to maximum of 20 seconds...
[2017-12-22 14:25:22.371][debug][command:2b6aebd9-1f98-4b75-adb1-3ffaf3d32a67][tid:298][com.facebook.buck.util.perf.ProcessTracker] shutDown
[2017-12-22 14:25:22.371][debug][command:2b6aebd9-1f98-4b75-adb1-3ffaf3d32a67][tid:297][com.google.common.util.concurrent.ServiceManager] Service PerfStatsTracking [TERMINATED] has terminated. Previous state was: STOPPING
[2017-12-22 14:25:22.372][debug][command:2b6aebd9-1f98-4b75-adb1-3ffaf3d32a67][tid:298][com.google.common.util.concurrent.ServiceManager] Service ProcessTracker [TERMINATED] has terminated. Previous state was: STOPPING
[2017-12-22 14:25:22.381][debug][command:2b6aebd9-1f98-4b75-adb1-3ffaf3d32a67][tid:283][com.facebook.buck.event.listener.SuperConsoleEventBusListener] Stopping render scheduler
[2017-12-22 14:25:22.381][debug][command:2b6aebd9-1f98-4b75-adb1-3ffaf3d32a67][tid:283][com.facebook.buck.event.listener.SuperConsoleEventBusListener] Stopping render scheduler
[2017-12-22 14:25:22.381][debug][command:2b6aebd9-1f98-4b75-adb1-3ffaf3d32a67][tid:283][com.facebook.buck.event.listener.SuperConsoleEventBusListener] Stopping console output (stdout dirty true, stderr dirty false).
[2017-12-22 14:25:22.381][info ][command:2b6aebd9-1f98-4b75-adb1-3ffaf3d32a67][tid:283][com.facebook.buck.cli.Main] Awaiting termination of CPU executor service. Waiting for all jobs to complete, or up to maximum of 60 seconds...
[2017-12-22 14:25:22.381][info ][command:2b6aebd9-1f98-4b75-adb1-3ffaf3d32a67][tid:283][com.facebook.buck.cli.Main] Awaiting termination of NETWORK executor service. Waiting for all jobs to complete, or up to maximum of 60 seconds...
[2017-12-22 14:25:22.381][info ][command:2b6aebd9-1f98-4b75-adb1-3ffaf3d32a67][tid:283][com.facebook.buck.cli.Main] Awaiting termination of PROJECT executor service. Waiting for all jobs to complete, or up to maximum of 60 seconds...
[2017-12-22 14:25:22.381][info ][command:2b6aebd9-1f98-4b75-adb1-3ffaf3d32a67][tid:283][com.facebook.buck.cli.Main] Awaiting termination of ScheduledExecutorService executor service. Waiting for all jobs to complete, or up to maximum of 60 seconds...
[2017-12-22 14:25:22.381][info ][command:2b6aebd9-1f98-4b75-adb1-3ffaf3d32a67][tid:283][com.facebook.buck.cli.Main] Awaiting termination of Disk IO executor service. Waiting for all jobs to complete, or up to maximum of 10 seconds...
[2017-12-22 14:25:22.381][warn ][command:null][tid:287][com.martiansoftware.nailgun.NGInputStream] Nailgun client read future was interrupted
java.lang.InterruptedException
	at java.util.concurrent.FutureTask.awaitDone(FutureTask.java:404)
	at java.util.concurrent.FutureTask.get(FutureTask.java:204)
	at com.martiansoftware.nailgun.NGInputStream$1.run(NGInputStream.java:91)
	at java.util.concurrent.Executors$RunnableAdapter.call(Executors.java:511)
	at java.util.concurrent.FutureTask.run(FutureTask.java:266)
	at java.util.concurrent.ThreadPoolExecutor.runWorker(ThreadPoolExecutor.java:1149)
	at java.util.concurrent.ThreadPoolExecutor$Worker.run(ThreadPoolExecutor.java:624)
	at java.lang.Thread.run(Thread.java:748)

[2017-12-22 14:25:22.382][debug][command:null][tid:287][com.martiansoftware.nailgun.NGInputStream] Nailgun client read shutting down
[2017-12-22 14:25:22.384][debug][command:2b6aebd9-1f98-4b75-adb1-3ffaf3d32a67][tid:283][com.facebook.buck.event.listener.SuperConsoleEventBusListener] Stopping render scheduler
[2017-12-22 14:25:22.384][debug][command:2b6aebd9-1f98-4b75-adb1-3ffaf3d32a67][tid:283][com.facebook.buck.event.listener.SuperConsoleEventBusListener] Stopping render scheduler
[2017-12-22 14:25:22.384][debug][command:2b6aebd9-1f98-4b75-adb1-3ffaf3d32a67][tid:283][com.facebook.buck.event.listener.SuperConsoleEventBusListener] Stopping console output (stdout dirty true, stderr dirty false).
[2017-12-22 14:25:22.384][debug][command:2b6aebd9-1f98-4b75-adb1-3ffaf3d32a67][tid:283][com.facebook.buck.event.listener.ChromeTraceBuildListener] Writing Chrome trace to buck-out/log/2017-12-22_06h25m11s_testcommand_2b6aebd9-1f98-4b75-adb1-3ffaf3d32a67/build.2017-12-22.14-25-11.2b6aebd9-1f98-4b75-adb1-3ffaf3d32a67.trace
[2017-12-22 14:25:22.402][debug][command:2b6aebd9-1f98-4b75-adb1-3ffaf3d32a67][tid:283][com.facebook.buck.io.WatchmanTransportClient] Closing Watchman transport.
[2017-12-22 14:25:22.410][debug][command:null][tid:283][com.facebook.buck.cli.Main] Done.
[2017-12-22 14:25:22.411][info ][command:null][tid:283][com.martiansoftware.nailgun.NGSession] Server cleanly exited with status 0
com.martiansoftware.nailgun.NGExitException: ExitException: status 0
	at com.martiansoftware.nailgun.NGSecurityManager.checkExit(NGSecurityManager.java:56)
	at java.lang.Runtime.exit(Runtime.java:107)
	at java.lang.System.exit(System.java:971)
	at com.facebook.buck.cli.Main.runMainThenExit(Main.java:432)
	at com.facebook.buck.cli.Main.nailMain(Main.java:1855)
	at sun.reflect.NativeMethodAccessorImpl.invoke0(Native Method)
	at sun.reflect.NativeMethodAccessorImpl.invoke(NativeMethodAccessorImpl.java:62)
	at sun.reflect.DelegatingMethodAccessorImpl.invoke(DelegatingMethodAccessorImpl.java:43)
	at java.lang.reflect.Method.invoke(Method.java:498)
	at com.martiansoftware.nailgun.NGSession.run(NGSession.java:329)

[2017-12-22 14:25:22.411][debug][command:null][tid:283][com.martiansoftware.nailgun.NGSession] Tearing down client socket
[2017-12-22 14:25:22.412][debug][command:null][tid:283][com.martiansoftware.nailgun.NGSession] Flushing client socket
[2017-12-22 14:25:22.412][debug][command:null][tid:283][com.martiansoftware.nailgun.NGSession] Error shutting down socket I/O (this is expected if the client disconnected already)
java.io.IOException: com.sun.jna.LastErrorException: [57] Socket is not connected
	at com.martiansoftware.nailgun.NGUnixDomainSocket.doShutdown(NGUnixDomainSocket.java:74)
	at com.martiansoftware.nailgun.NGUnixDomainSocket.shutdownInput(NGUnixDomainSocket.java:60)
	at com.martiansoftware.nailgun.NGSession.run(NGSession.java:375)
Caused by: com.sun.jna.LastErrorException: [57] Socket is not connected
	at com.martiansoftware.nailgun.NGUnixDomainSocketLibrary.shutdown(Native Method)
	at com.martiansoftware.nailgun.NGUnixDomainSocket.doShutdown(NGUnixDomainSocket.java:71)
	... 2 more

[2017-12-22 14:25:22.412][debug][command:null][tid:283][com.martiansoftware.nailgun.NGSession] Closing client socket
[2017-12-22 14:25:22.412][debug][command:null][tid:283][com.martiansoftware.nailgun.NGSession] Finished tearing down client socket
[2017-12-22 14:25:22.412][debug][command:null][tid:283][com.martiansoftware.nailgun.NGSession] Waiting for next client to connect
[2017-12-22 14:25:22.413][info ][command:null][tid:283][com.martiansoftware.nailgun.NGSession] NGSession shutting down
[2017-12-22 14:25:38.785][debug][command:null][tid:286][com.martiansoftware.nailgun.NGSession] Client connected
[2017-12-22 14:25:38.785][debug][command:null][tid:320][com.martiansoftware.nailgun.NGSession] Waiting for first client to connect
[2017-12-22 14:25:38.788][debug][command:null][tid:286][com.martiansoftware.nailgun.NGSession] Tearing down client socket
[2017-12-22 14:25:38.788][debug][command:null][tid:286][com.martiansoftware.nailgun.NGSession] Flushing client socket
[2017-12-22 14:25:38.788][warn ][command:null][tid:321][com.martiansoftware.nailgun.NGInputStream] Nailgun client read future was interrupted
java.lang.InterruptedException
	at java.util.concurrent.FutureTask.awaitDone(FutureTask.java:404)
	at java.util.concurrent.FutureTask.get(FutureTask.java:204)
	at com.martiansoftware.nailgun.NGInputStream$1.run(NGInputStream.java:91)
	at java.util.concurrent.Executors$RunnableAdapter.call(Executors.java:511)
	at java.util.concurrent.FutureTask.run(FutureTask.java:266)
	at java.util.concurrent.ThreadPoolExecutor.runWorker(ThreadPoolExecutor.java:1149)
	at java.util.concurrent.ThreadPoolExecutor$Worker.run(ThreadPoolExecutor.java:624)
	at java.lang.Thread.run(Thread.java:748)

[2017-12-22 14:25:38.788][debug][command:null][tid:286][com.martiansoftware.nailgun.NGSession] Error shutting down socket I/O (this is expected if the client disconnected already)
java.io.IOException: com.sun.jna.LastErrorException: [57] Socket is not connected
	at com.martiansoftware.nailgun.NGUnixDomainSocket.doShutdown(NGUnixDomainSocket.java:74)
	at com.martiansoftware.nailgun.NGUnixDomainSocket.shutdownInput(NGUnixDomainSocket.java:60)
	at com.martiansoftware.nailgun.NGSession.run(NGSession.java:375)
Caused by: com.sun.jna.LastErrorException: [57] Socket is not connected
	at com.martiansoftware.nailgun.NGUnixDomainSocketLibrary.shutdown(Native Method)
	at com.martiansoftware.nailgun.NGUnixDomainSocket.doShutdown(NGUnixDomainSocket.java:71)
	... 2 more

[2017-12-22 14:25:38.788][debug][command:null][tid:286][com.martiansoftware.nailgun.NGSession] Closing client socket
[2017-12-22 14:25:38.788][debug][command:null][tid:321][com.martiansoftware.nailgun.NGInputStream] Nailgun client read shutting down
[2017-12-22 14:25:38.789][debug][command:null][tid:286][com.martiansoftware.nailgun.NGSession] Finished tearing down client socket
[2017-12-22 14:25:38.789][debug][command:null][tid:286][com.martiansoftware.nailgun.NGSession] Waiting for next client to connect
[2017-12-22 14:25:38.789][info ][command:null][tid:286][com.martiansoftware.nailgun.NGSession] NGSession shutting down
[2017-12-22 14:25:38.795][debug][command:null][tid:320][com.martiansoftware.nailgun.NGSession] Client connected
[2017-12-22 14:25:38.796][debug][command:null][tid:323][com.martiansoftware.nailgun.NGSession] Waiting for first client to connect
[2017-12-22 14:25:38.797][debug][command:null][tid:320][com.martiansoftware.nailgun.NGSession] Tearing down client socket
[2017-12-22 14:25:38.797][debug][command:null][tid:320][com.martiansoftware.nailgun.NGSession] Flushing client socket
[2017-12-22 14:25:38.797][warn ][command:null][tid:324][com.martiansoftware.nailgun.NGInputStream] Nailgun client read future was interrupted
java.lang.InterruptedException
	at java.util.concurrent.FutureTask.awaitDone(FutureTask.java:404)
	at java.util.concurrent.FutureTask.get(FutureTask.java:204)
	at com.martiansoftware.nailgun.NGInputStream$1.run(NGInputStream.java:91)
	at java.util.concurrent.Executors$RunnableAdapter.call(Executors.java:511)
	at java.util.concurrent.FutureTask.run(FutureTask.java:266)
	at java.util.concurrent.ThreadPoolExecutor.runWorker(ThreadPoolExecutor.java:1149)
	at java.util.concurrent.ThreadPoolExecutor$Worker.run(ThreadPoolExecutor.java:624)
	at java.lang.Thread.run(Thread.java:748)

[2017-12-22 14:25:38.797][debug][command:null][tid:320][com.martiansoftware.nailgun.NGSession] Error shutting down socket I/O (this is expected if the client disconnected already)
java.io.IOException: com.sun.jna.LastErrorException: [57] Socket is not connected
	at com.martiansoftware.nailgun.NGUnixDomainSocket.doShutdown(NGUnixDomainSocket.java:74)
	at com.martiansoftware.nailgun.NGUnixDomainSocket.shutdownInput(NGUnixDomainSocket.java:60)
	at com.martiansoftware.nailgun.NGSession.run(NGSession.java:375)
Caused by: com.sun.jna.LastErrorException: [57] Socket is not connected
	at com.martiansoftware.nailgun.NGUnixDomainSocketLibrary.shutdown(Native Method)
	at com.martiansoftware.nailgun.NGUnixDomainSocket.doShutdown(NGUnixDomainSocket.java:71)
	... 2 more

[2017-12-22 14:25:38.798][debug][command:null][tid:324][com.martiansoftware.nailgun.NGInputStream] Nailgun client read shutting down
[2017-12-22 14:25:38.798][debug][command:null][tid:320][com.martiansoftware.nailgun.NGSession] Closing client socket
[2017-12-22 14:25:38.798][debug][command:null][tid:320][com.martiansoftware.nailgun.NGSession] Finished tearing down client socket
[2017-12-22 14:25:38.798][debug][command:null][tid:320][com.martiansoftware.nailgun.NGSession] Waiting for next client to connect
[2017-12-22 14:25:38.798][info ][command:null][tid:320][com.martiansoftware.nailgun.NGSession] NGSession shutting down
[2017-12-22 14:25:38.799][debug][command:null][tid:323][com.martiansoftware.nailgun.NGSession] Client connected
[2017-12-22 14:25:38.799][debug][command:null][tid:326][com.martiansoftware.nailgun.NGSession] Waiting for first client to connect
[2017-12-22 14:25:38.805][debug][command:null][tid:323][com.facebook.buck.cli.Main] Rotating log.
